<?xml version="1.0" encoding="UTF-8"?>
<testsuite xmlns:xsi="http://www.w3.org/2001/XMLSchema-instance" xsi:noNamespaceSchemaLocation="https://maven.apache.org/surefire/maven-surefire-plugin/xsd/surefire-test-report-3.0.xsd" version="3.0" name="com.jsonplaceholdertest.app.COMMENTS.CommentsTestRunner" time="57.058" tests="3" errors="0" skipped="0" failures="1">
  <properties>
    <property name="java.specification.version" value="14"/>
    <property name="sun.jnu.encoding" value="UTF-8"/>
    <property name="java.class.path" value="/Users/user/Desktop/Projects/Karate Project/JSONPlaceholderProject/target/test-classes:/Users/user/Desktop/Projects/Karate Project/JSONPlaceholderProject/target/classes:/Users/user/.m2/repository/junit/junit/3.8.1/junit-3.8.1.jar:/Users/user/.m2/repository/com/intuit/karate/karate-core/1.2.0/karate-core-1.2.0.jar:/Users/user/.m2/repository/org/graalvm/js/js-scriptengine/21.2.0/js-scriptengine-21.2.0.jar:/Users/user/.m2/repository/org/graalvm/sdk/graal-sdk/21.2.0/graal-sdk-21.2.0.jar:/Users/user/.m2/repository/org/graalvm/js/js/21.2.0/js-21.2.0.jar:/Users/user/.m2/repository/org/graalvm/regex/regex/21.2.0/regex-21.2.0.jar:/Users/user/.m2/repository/org/graalvm/truffle/truffle-api/21.2.0/truffle-api-21.2.0.jar:/Users/user/.m2/repository/com/ibm/icu/icu4j/69.1/icu4j-69.1.jar:/Users/user/.m2/repository/org/thymeleaf/thymeleaf/3.0.14.RELEASE/thymeleaf-3.0.14.RELEASE.jar:/Users/user/.m2/repository/ognl/ognl/3.1.26/ognl-3.1.26.jar:/Users/user/.m2/repository/org/javassist/javassist/3.20.0-GA/javassist-3.20.0-GA.jar:/Users/user/.m2/repository/org/attoparser/attoparser/2.0.5.RELEASE/attoparser-2.0.5.RELEASE.jar:/Users/user/.m2/repository/org/unbescape/unbescape/1.1.6.RELEASE/unbescape-1.1.6.RELEASE.jar:/Users/user/.m2/repository/org/slf4j/slf4j-api/1.7.25/slf4j-api-1.7.25.jar:/Users/user/.m2/repository/com/linecorp/armeria/armeria/1.13.4/armeria-1.13.4.jar:/Users/user/.m2/repository/com/fasterxml/jackson/core/jackson-core/2.13.0/jackson-core-2.13.0.jar:/Users/user/.m2/repository/com/fasterxml/jackson/core/jackson-annotations/2.13.0/jackson-annotations-2.13.0.jar:/Users/user/.m2/repository/com/fasterxml/jackson/core/jackson-databind/2.13.0/jackson-databind-2.13.0.jar:/Users/user/.m2/repository/io/micrometer/micrometer-core/1.7.6/micrometer-core-1.7.6.jar:/Users/user/.m2/repository/org/hdrhistogram/HdrHistogram/2.1.12/HdrHistogram-2.1.12.jar:/Users/user/.m2/repository/org/latencyutils/LatencyUtils/2.0.3/LatencyUtils-2.0.3.jar:/Users/user/.m2/repository/io/netty/netty-transport/4.1.70.Final/netty-transport-4.1.70.Final.jar:/Users/user/.m2/repository/io/netty/netty-common/4.1.70.Final/netty-common-4.1.70.Final.jar:/Users/user/.m2/repository/io/netty/netty-buffer/4.1.70.Final/netty-buffer-4.1.70.Final.jar:/Users/user/.m2/repository/io/netty/netty-resolver/4.1.70.Final/netty-resolver-4.1.70.Final.jar:/Users/user/.m2/repository/io/netty/netty-codec-http2/4.1.70.Final/netty-codec-http2-4.1.70.Final.jar:/Users/user/.m2/repository/io/netty/netty-codec/4.1.70.Final/netty-codec-4.1.70.Final.jar:/Users/user/.m2/repository/io/netty/netty-handler/4.1.70.Final/netty-handler-4.1.70.Final.jar:/Users/user/.m2/repository/io/netty/netty-codec-http/4.1.70.Final/netty-codec-http-4.1.70.Final.jar:/Users/user/.m2/repository/io/netty/netty-codec-haproxy/4.1.70.Final/netty-codec-haproxy-4.1.70.Final.jar:/Users/user/.m2/repository/io/netty/netty-resolver-dns/4.1.70.Final/netty-resolver-dns-4.1.70.Final.jar:/Users/user/.m2/repository/io/netty/netty-codec-dns/4.1.70.Final/netty-codec-dns-4.1.70.Final.jar:/Users/user/.m2/repository/org/reactivestreams/reactive-streams/1.0.3/reactive-streams-1.0.3.jar:/Users/user/.m2/repository/com/google/code/findbugs/jsr305/3.0.2/jsr305-3.0.2.jar:/Users/user/.m2/repository/io/netty/netty-resolver-dns-native-macos/4.1.70.Final/netty-resolver-dns-native-macos-4.1.70.Final-osx-x86_64.jar:/Users/user/.m2/repository/io/netty/netty-resolver-dns-classes-macos/4.1.70.Final/netty-resolver-dns-classes-macos-4.1.70.Final.jar:/Users/user/.m2/repository/io/netty/netty-transport-native-unix-common/4.1.70.Final/netty-transport-native-unix-common-4.1.70.Final-linux-x86_64.jar:/Users/user/.m2/repository/io/netty/netty-transport-native-epoll/4.1.70.Final/netty-transport-native-epoll-4.1.70.Final-linux-x86_64.jar:/Users/user/.m2/repository/io/netty/netty-transport-native-unix-common/4.1.70.Final/netty-transport-native-unix-common-4.1.70.Final.jar:/Users/user/.m2/repository/io/netty/netty-transport-classes-epoll/4.1.70.Final/netty-transport-classes-epoll-4.1.70.Final.jar:/Users/user/.m2/repository/io/netty/netty-tcnative-boringssl-static/2.0.44.Final/netty-tcnative-boringssl-static-2.0.44.Final.jar:/Users/user/.m2/repository/io/netty/netty-handler-proxy/4.1.70.Final/netty-handler-proxy-4.1.70.Final.jar:/Users/user/.m2/repository/io/netty/netty-codec-socks/4.1.70.Final/netty-codec-socks-4.1.70.Final.jar:/Users/user/.m2/repository/com/aayushatharva/brotli4j/brotli4j/1.6.0/brotli4j-1.6.0.jar:/Users/user/.m2/repository/com/aayushatharva/brotli4j/native-osx-x86_64/1.6.0/native-osx-x86_64-1.6.0.jar:/Users/user/.m2/repository/org/apache/httpcomponents/httpclient/4.5.13/httpclient-4.5.13.jar:/Users/user/.m2/repository/org/apache/httpcomponents/httpcore/4.4.13/httpcore-4.4.13.jar:/Users/user/.m2/repository/commons-codec/commons-codec/1.11/commons-codec-1.11.jar:/Users/user/.m2/repository/ch/qos/logback/logback-classic/1.2.9/logback-classic-1.2.9.jar:/Users/user/.m2/repository/ch/qos/logback/logback-core/1.2.9/logback-core-1.2.9.jar:/Users/user/.m2/repository/org/slf4j/jcl-over-slf4j/1.7.32/jcl-over-slf4j-1.7.32.jar:/Users/user/.m2/repository/org/antlr/antlr4-runtime/4.9.2/antlr4-runtime-4.9.2.jar:/Users/user/.m2/repository/com/jayway/jsonpath/json-path/2.7.0/json-path-2.7.0.jar:/Users/user/.m2/repository/net/minidev/json-smart/2.4.7/json-smart-2.4.7.jar:/Users/user/.m2/repository/net/minidev/accessors-smart/2.4.7/accessors-smart-2.4.7.jar:/Users/user/.m2/repository/org/ow2/asm/asm/9.1/asm-9.1.jar:/Users/user/.m2/repository/info/cukes/cucumber-java/1.2.5/cucumber-java-1.2.5.jar:/Users/user/.m2/repository/info/cukes/cucumber-core/1.2.5/cucumber-core-1.2.5.jar:/Users/user/.m2/repository/org/yaml/snakeyaml/1.29/snakeyaml-1.29.jar:/Users/user/.m2/repository/de/siegmar/fastcsv/2.0.0/fastcsv-2.0.0.jar:/Users/user/.m2/repository/info/picocli/picocli/4.6.1/picocli-4.6.1.jar:/Users/user/.m2/repository/io/github/classgraph/classgraph/4.8.108/classgraph-4.8.108.jar:/Users/user/.m2/repository/com/intuit/karate/karate-junit5/1.2.0/karate-junit5-1.2.0.jar:/Users/user/.m2/repository/org/junit/jupiter/junit-jupiter-api/5.7.2/junit-jupiter-api-5.7.2.jar:/Users/user/.m2/repository/org/apiguardian/apiguardian-api/1.1.0/apiguardian-api-1.1.0.jar:/Users/user/.m2/repository/org/opentest4j/opentest4j/1.2.0/opentest4j-1.2.0.jar:/Users/user/.m2/repository/org/junit/platform/junit-platform-commons/1.7.2/junit-platform-commons-1.7.2.jar:/Users/user/.m2/repository/org/junit/jupiter/junit-jupiter-engine/5.7.2/junit-jupiter-engine-5.7.2.jar:/Users/user/.m2/repository/org/junit/platform/junit-platform-engine/1.7.2/junit-platform-engine-1.7.2.jar:"/>
    <property name="java.vm.vendor" value="Oracle Corporation"/>
    <property name="sun.arch.data.model" value="64"/>
    <property name="java.vendor.url" value="https://java.oracle.com/"/>
    <property name="user.timezone" value="Africa/Johannesburg"/>
    <property name="os.name" value="Mac OS X"/>
    <property name="java.vm.specification.version" value="14"/>
    <property name="sun.java.launcher" value="SUN_STANDARD"/>
    <property name="user.country" value="ZA"/>
    <property name="sun.boot.library.path" value="/Library/Java/JavaVirtualMachines/jdk-14.0.1.jdk/Contents/Home/lib"/>
    <property name="sun.java.command" value="/Users/user/Desktop/Projects/Karate Project/JSONPlaceholderProject/target/surefire/surefirebooter17048211002575802985.jar /Users/user/Desktop/Projects/Karate Project/JSONPlaceholderProject/target/surefire 2023-05-11T15-18-22_978-jvmRun1 surefire2202032193611605269tmp surefire_010937533623432831099tmp"/>
    <property name="http.nonProxyHosts" value="local|*.local|169.254/16|*.169.254/16"/>
    <property name="jdk.debug" value="release"/>
    <property name="test" value="CommentsTestRunner"/>
    <property name="surefire.test.class.path" value="/Users/user/Desktop/Projects/Karate Project/JSONPlaceholderProject/target/test-classes:/Users/user/Desktop/Projects/Karate Project/JSONPlaceholderProject/target/classes:/Users/user/.m2/repository/junit/junit/3.8.1/junit-3.8.1.jar:/Users/user/.m2/repository/com/intuit/karate/karate-core/1.2.0/karate-core-1.2.0.jar:/Users/user/.m2/repository/org/graalvm/js/js-scriptengine/21.2.0/js-scriptengine-21.2.0.jar:/Users/user/.m2/repository/org/graalvm/sdk/graal-sdk/21.2.0/graal-sdk-21.2.0.jar:/Users/user/.m2/repository/org/graalvm/js/js/21.2.0/js-21.2.0.jar:/Users/user/.m2/repository/org/graalvm/regex/regex/21.2.0/regex-21.2.0.jar:/Users/user/.m2/repository/org/graalvm/truffle/truffle-api/21.2.0/truffle-api-21.2.0.jar:/Users/user/.m2/repository/com/ibm/icu/icu4j/69.1/icu4j-69.1.jar:/Users/user/.m2/repository/org/thymeleaf/thymeleaf/3.0.14.RELEASE/thymeleaf-3.0.14.RELEASE.jar:/Users/user/.m2/repository/ognl/ognl/3.1.26/ognl-3.1.26.jar:/Users/user/.m2/repository/org/javassist/javassist/3.20.0-GA/javassist-3.20.0-GA.jar:/Users/user/.m2/repository/org/attoparser/attoparser/2.0.5.RELEASE/attoparser-2.0.5.RELEASE.jar:/Users/user/.m2/repository/org/unbescape/unbescape/1.1.6.RELEASE/unbescape-1.1.6.RELEASE.jar:/Users/user/.m2/repository/org/slf4j/slf4j-api/1.7.25/slf4j-api-1.7.25.jar:/Users/user/.m2/repository/com/linecorp/armeria/armeria/1.13.4/armeria-1.13.4.jar:/Users/user/.m2/repository/com/fasterxml/jackson/core/jackson-core/2.13.0/jackson-core-2.13.0.jar:/Users/user/.m2/repository/com/fasterxml/jackson/core/jackson-annotations/2.13.0/jackson-annotations-2.13.0.jar:/Users/user/.m2/repository/com/fasterxml/jackson/core/jackson-databind/2.13.0/jackson-databind-2.13.0.jar:/Users/user/.m2/repository/io/micrometer/micrometer-core/1.7.6/micrometer-core-1.7.6.jar:/Users/user/.m2/repository/org/hdrhistogram/HdrHistogram/2.1.12/HdrHistogram-2.1.12.jar:/Users/user/.m2/repository/org/latencyutils/LatencyUtils/2.0.3/LatencyUtils-2.0.3.jar:/Users/user/.m2/repository/io/netty/netty-transport/4.1.70.Final/netty-transport-4.1.70.Final.jar:/Users/user/.m2/repository/io/netty/netty-common/4.1.70.Final/netty-common-4.1.70.Final.jar:/Users/user/.m2/repository/io/netty/netty-buffer/4.1.70.Final/netty-buffer-4.1.70.Final.jar:/Users/user/.m2/repository/io/netty/netty-resolver/4.1.70.Final/netty-resolver-4.1.70.Final.jar:/Users/user/.m2/repository/io/netty/netty-codec-http2/4.1.70.Final/netty-codec-http2-4.1.70.Final.jar:/Users/user/.m2/repository/io/netty/netty-codec/4.1.70.Final/netty-codec-4.1.70.Final.jar:/Users/user/.m2/repository/io/netty/netty-handler/4.1.70.Final/netty-handler-4.1.70.Final.jar:/Users/user/.m2/repository/io/netty/netty-codec-http/4.1.70.Final/netty-codec-http-4.1.70.Final.jar:/Users/user/.m2/repository/io/netty/netty-codec-haproxy/4.1.70.Final/netty-codec-haproxy-4.1.70.Final.jar:/Users/user/.m2/repository/io/netty/netty-resolver-dns/4.1.70.Final/netty-resolver-dns-4.1.70.Final.jar:/Users/user/.m2/repository/io/netty/netty-codec-dns/4.1.70.Final/netty-codec-dns-4.1.70.Final.jar:/Users/user/.m2/repository/org/reactivestreams/reactive-streams/1.0.3/reactive-streams-1.0.3.jar:/Users/user/.m2/repository/com/google/code/findbugs/jsr305/3.0.2/jsr305-3.0.2.jar:/Users/user/.m2/repository/io/netty/netty-resolver-dns-native-macos/4.1.70.Final/netty-resolver-dns-native-macos-4.1.70.Final-osx-x86_64.jar:/Users/user/.m2/repository/io/netty/netty-resolver-dns-classes-macos/4.1.70.Final/netty-resolver-dns-classes-macos-4.1.70.Final.jar:/Users/user/.m2/repository/io/netty/netty-transport-native-unix-common/4.1.70.Final/netty-transport-native-unix-common-4.1.70.Final-linux-x86_64.jar:/Users/user/.m2/repository/io/netty/netty-transport-native-epoll/4.1.70.Final/netty-transport-native-epoll-4.1.70.Final-linux-x86_64.jar:/Users/user/.m2/repository/io/netty/netty-transport-native-unix-common/4.1.70.Final/netty-transport-native-unix-common-4.1.70.Final.jar:/Users/user/.m2/repository/io/netty/netty-transport-classes-epoll/4.1.70.Final/netty-transport-classes-epoll-4.1.70.Final.jar:/Users/user/.m2/repository/io/netty/netty-tcnative-boringssl-static/2.0.44.Final/netty-tcnative-boringssl-static-2.0.44.Final.jar:/Users/user/.m2/repository/io/netty/netty-handler-proxy/4.1.70.Final/netty-handler-proxy-4.1.70.Final.jar:/Users/user/.m2/repository/io/netty/netty-codec-socks/4.1.70.Final/netty-codec-socks-4.1.70.Final.jar:/Users/user/.m2/repository/com/aayushatharva/brotli4j/brotli4j/1.6.0/brotli4j-1.6.0.jar:/Users/user/.m2/repository/com/aayushatharva/brotli4j/native-osx-x86_64/1.6.0/native-osx-x86_64-1.6.0.jar:/Users/user/.m2/repository/org/apache/httpcomponents/httpclient/4.5.13/httpclient-4.5.13.jar:/Users/user/.m2/repository/org/apache/httpcomponents/httpcore/4.4.13/httpcore-4.4.13.jar:/Users/user/.m2/repository/commons-codec/commons-codec/1.11/commons-codec-1.11.jar:/Users/user/.m2/repository/ch/qos/logback/logback-classic/1.2.9/logback-classic-1.2.9.jar:/Users/user/.m2/repository/ch/qos/logback/logback-core/1.2.9/logback-core-1.2.9.jar:/Users/user/.m2/repository/org/slf4j/jcl-over-slf4j/1.7.32/jcl-over-slf4j-1.7.32.jar:/Users/user/.m2/repository/org/antlr/antlr4-runtime/4.9.2/antlr4-runtime-4.9.2.jar:/Users/user/.m2/repository/com/jayway/jsonpath/json-path/2.7.0/json-path-2.7.0.jar:/Users/user/.m2/repository/net/minidev/json-smart/2.4.7/json-smart-2.4.7.jar:/Users/user/.m2/repository/net/minidev/accessors-smart/2.4.7/accessors-smart-2.4.7.jar:/Users/user/.m2/repository/org/ow2/asm/asm/9.1/asm-9.1.jar:/Users/user/.m2/repository/info/cukes/cucumber-java/1.2.5/cucumber-java-1.2.5.jar:/Users/user/.m2/repository/info/cukes/cucumber-core/1.2.5/cucumber-core-1.2.5.jar:/Users/user/.m2/repository/org/yaml/snakeyaml/1.29/snakeyaml-1.29.jar:/Users/user/.m2/repository/de/siegmar/fastcsv/2.0.0/fastcsv-2.0.0.jar:/Users/user/.m2/repository/info/picocli/picocli/4.6.1/picocli-4.6.1.jar:/Users/user/.m2/repository/io/github/classgraph/classgraph/4.8.108/classgraph-4.8.108.jar:/Users/user/.m2/repository/com/intuit/karate/karate-junit5/1.2.0/karate-junit5-1.2.0.jar:/Users/user/.m2/repository/org/junit/jupiter/junit-jupiter-api/5.7.2/junit-jupiter-api-5.7.2.jar:/Users/user/.m2/repository/org/apiguardian/apiguardian-api/1.1.0/apiguardian-api-1.1.0.jar:/Users/user/.m2/repository/org/opentest4j/opentest4j/1.2.0/opentest4j-1.2.0.jar:/Users/user/.m2/repository/org/junit/platform/junit-platform-commons/1.7.2/junit-platform-commons-1.7.2.jar:/Users/user/.m2/repository/org/junit/jupiter/junit-jupiter-engine/5.7.2/junit-jupiter-engine-5.7.2.jar:/Users/user/.m2/repository/org/junit/platform/junit-platform-engine/1.7.2/junit-platform-engine-1.7.2.jar:"/>
    <property name="sun.cpu.endian" value="little"/>
    <property name="user.home" value="/Users/user"/>
    <property name="user.language" value="en"/>
    <property name="java.specification.vendor" value="Oracle Corporation"/>
    <property name="java.version.date" value="2020-04-14"/>
    <property name="java.home" value="/Library/Java/JavaVirtualMachines/jdk-14.0.1.jdk/Contents/Home"/>
    <property name="file.separator" value="/"/>
    <property name="basedir" value="/Users/user/Desktop/Projects/Karate Project/JSONPlaceholderProject"/>
    <property name="java.vm.compressedOopsMode" value="Zero based"/>
    <property name="line.separator" value="&#10;"/>
    <property name="java.specification.name" value="Java Platform API Specification"/>
    <property name="java.vm.specification.vendor" value="Oracle Corporation"/>
    <property name="surefire.real.class.path" value="/Users/user/Desktop/Projects/Karate Project/JSONPlaceholderProject/target/surefire/surefirebooter17048211002575802985.jar"/>
    <property name="sun.management.compiler" value="HotSpot 64-Bit Tiered Compilers"/>
    <property name="ftp.nonProxyHosts" value="local|*.local|169.254/16|*.169.254/16"/>
    <property name="java.runtime.version" value="14.0.1+7"/>
    <property name="user.name" value="PEACE"/>
    <property name="path.separator" value=":"/>
    <property name="os.version" value="10.13.6"/>
    <property name="java.runtime.name" value="Java(TM) SE Runtime Environment"/>
    <property name="file.encoding" value="UTF-8"/>
    <property name="java.vm.name" value="Java HotSpot(TM) 64-Bit Server VM"/>
    <property name="localRepository" value="/Users/user/.m2/repository"/>
    <property name="java.vendor.url.bug" value="https://bugreport.java.com/bugreport/"/>
    <property name="java.io.tmpdir" value="/var/folders/0d/plr00hz53bdbmv524xthfxb80000gn/T/"/>
    <property name="java.version" value="14.0.1"/>
    <property name="user.dir" value="/Users/user/Desktop/Projects/Karate Project/JSONPlaceholderProject"/>
    <property name="os.arch" value="x86_64"/>
    <property name="java.vm.specification.name" value="Java Virtual Machine Specification"/>
    <property name="java.library.path" value="/Users/user/Library/Java/Extensions:/Library/Java/Extensions:/Network/Library/Java/Extensions:/System/Library/Java/Extensions:/usr/lib/java:."/>
    <property name="java.vm.info" value="mixed mode, sharing"/>
    <property name="java.vendor" value="Oracle Corporation"/>
    <property name="java.vm.version" value="14.0.1+7"/>
    <property name="sun.io.unicode.encoding" value="UnicodeBig"/>
    <property name="socksNonProxyHosts" value="local|*.local|169.254/16|*.169.254/16"/>
    <property name="java.class.version" value="58.0"/>
  </properties>
  <testcase name="[1:6] Retrieve all comments" classname="com/jsonplaceholdertest/app/COMMENTS/retrieve-comments" time="27.707">
    <failure type="org.opentest4j.AssertionFailedError"><![CDATA[org.opentest4j.AssertionFailedError: 
SyntaxError: Unnamed:1:5 Expected ; but found {
each {id: #number, postId: #number, name: #string, email: #string, body: #string} == _
     ^
Unnamed:1:82 Expected an operand but found ==
each {id: #number, postId: #number, name: #string, email: #string, body: #string} == _
                                                                                  ^

classpath:com/jsonplaceholdertest/app/COMMENTS/retrieve-comments.feature:10
]]></failure>
    <system-out><![CDATA[15:19:30.868 [main] DEBUG org.apache.http.client.protocol.RequestAddCookies - CookieSpec selected: karate
15:19:30.961 [main] DEBUG org.apache.http.client.protocol.RequestAuthCache - Auth cache not set in the context
15:19:30.978 [main] DEBUG com.intuit.karate - request:
1 > GET https://jsonplaceholder.typicode.com/comments
1 > Host: jsonplaceholder.typicode.com
1 > Connection: Keep-Alive
1 > User-Agent: Apache-HttpClient/4.5.13 (Java/14.0.1)
1 > Accept-Encoding: gzip,deflate


15:19:31.032 [main] DEBUG org.apache.http.impl.conn.PoolingHttpClientConnectionManager - Connection request: [route: {s}->https://jsonplaceholder.typicode.com:443][total available: 0; route allocated: 0 of 5; total allocated: 0 of 10]
15:19:31.080 [main] DEBUG org.apache.http.impl.conn.PoolingHttpClientConnectionManager - Connection leased: [id: 0][route: {s}->https://jsonplaceholder.typicode.com:443][total available: 0; route allocated: 1 of 5; total allocated: 1 of 10]
15:19:31.102 [main] DEBUG org.apache.http.impl.execchain.MainClientExec - Opening connection {s}->https://jsonplaceholder.typicode.com:443
15:19:31.330 [main] DEBUG org.apache.http.impl.conn.DefaultHttpClientConnectionOperator - Connecting to jsonplaceholder.typicode.com/172.67.136.251:443
15:19:31.331 [main] DEBUG org.apache.http.conn.ssl.SSLConnectionSocketFactory - Connecting socket to jsonplaceholder.typicode.com/172.67.136.251:443 with timeout 30000
15:19:31.651 [main] DEBUG org.apache.http.conn.ssl.SSLConnectionSocketFactory - Enabled protocols: [TLSv1.3, TLSv1.2, TLSv1.1, TLSv1]
15:19:31.651 [main] DEBUG org.apache.http.conn.ssl.SSLConnectionSocketFactory - Enabled cipher suites:[TLS_AES_256_GCM_SHA384, TLS_AES_128_GCM_SHA256, TLS_CHACHA20_POLY1305_SHA256, TLS_ECDHE_ECDSA_WITH_AES_256_GCM_SHA384, TLS_ECDHE_ECDSA_WITH_AES_128_GCM_SHA256, TLS_ECDHE_ECDSA_WITH_CHACHA20_POLY1305_SHA256, TLS_ECDHE_RSA_WITH_AES_256_GCM_SHA384, TLS_ECDHE_RSA_WITH_CHACHA20_POLY1305_SHA256, TLS_ECDHE_RSA_WITH_AES_128_GCM_SHA256, TLS_DHE_RSA_WITH_AES_256_GCM_SHA384, TLS_DHE_RSA_WITH_CHACHA20_POLY1305_SHA256, TLS_DHE_DSS_WITH_AES_256_GCM_SHA384, TLS_DHE_RSA_WITH_AES_128_GCM_SHA256, TLS_DHE_DSS_WITH_AES_128_GCM_SHA256, TLS_ECDHE_ECDSA_WITH_AES_256_CBC_SHA384, TLS_ECDHE_RSA_WITH_AES_256_CBC_SHA384, TLS_ECDHE_ECDSA_WITH_AES_128_CBC_SHA256, TLS_ECDHE_RSA_WITH_AES_128_CBC_SHA256, TLS_DHE_RSA_WITH_AES_256_CBC_SHA256, TLS_DHE_DSS_WITH_AES_256_CBC_SHA256, TLS_DHE_RSA_WITH_AES_128_CBC_SHA256, TLS_DHE_DSS_WITH_AES_128_CBC_SHA256, TLS_ECDH_ECDSA_WITH_AES_256_GCM_SHA384, TLS_ECDH_RSA_WITH_AES_256_GCM_SHA384, TLS_ECDH_ECDSA_WITH_AES_128_GCM_SHA256, TLS_ECDH_RSA_WITH_AES_128_GCM_SHA256, TLS_ECDH_ECDSA_WITH_AES_256_CBC_SHA384, TLS_ECDH_RSA_WITH_AES_256_CBC_SHA384, TLS_ECDH_ECDSA_WITH_AES_128_CBC_SHA256, TLS_ECDH_RSA_WITH_AES_128_CBC_SHA256, TLS_ECDHE_ECDSA_WITH_AES_256_CBC_SHA, TLS_ECDHE_RSA_WITH_AES_256_CBC_SHA, TLS_ECDHE_ECDSA_WITH_AES_128_CBC_SHA, TLS_ECDHE_RSA_WITH_AES_128_CBC_SHA, TLS_DHE_RSA_WITH_AES_256_CBC_SHA, TLS_DHE_DSS_WITH_AES_256_CBC_SHA, TLS_DHE_RSA_WITH_AES_128_CBC_SHA, TLS_DHE_DSS_WITH_AES_128_CBC_SHA, TLS_ECDH_ECDSA_WITH_AES_256_CBC_SHA, TLS_ECDH_RSA_WITH_AES_256_CBC_SHA, TLS_ECDH_ECDSA_WITH_AES_128_CBC_SHA, TLS_ECDH_RSA_WITH_AES_128_CBC_SHA, TLS_RSA_WITH_AES_256_GCM_SHA384, TLS_RSA_WITH_AES_128_GCM_SHA256, TLS_RSA_WITH_AES_256_CBC_SHA256, TLS_RSA_WITH_AES_128_CBC_SHA256, TLS_RSA_WITH_AES_256_CBC_SHA, TLS_RSA_WITH_AES_128_CBC_SHA, TLS_EMPTY_RENEGOTIATION_INFO_SCSV]
15:19:31.652 [main] DEBUG org.apache.http.conn.ssl.SSLConnectionSocketFactory - Starting handshake
15:19:32.371 [main] DEBUG org.apache.http.conn.ssl.SSLConnectionSocketFactory - Secure session established
15:19:32.371 [main] DEBUG org.apache.http.conn.ssl.SSLConnectionSocketFactory -  negotiated protocol: TLSv1.3
15:19:32.371 [main] DEBUG org.apache.http.conn.ssl.SSLConnectionSocketFactory -  negotiated cipher suite: TLS_AES_256_GCM_SHA384
15:19:32.371 [main] DEBUG org.apache.http.conn.ssl.SSLConnectionSocketFactory -  peer principal: CN=typicode.com
15:19:32.371 [main] DEBUG org.apache.http.conn.ssl.SSLConnectionSocketFactory -  peer alternative names: [*.typicode.com, typicode.com]
15:19:32.372 [main] DEBUG org.apache.http.conn.ssl.SSLConnectionSocketFactory -  issuer principal: CN=E1, O=Let's Encrypt, C=US
15:19:32.398 [main] DEBUG org.apache.http.impl.conn.DefaultHttpClientConnectionOperator - Connection established 192.168.88.248:61235<->172.67.136.251:443
15:19:32.398 [main] DEBUG org.apache.http.impl.conn.DefaultManagedHttpClientConnection - http-outgoing-0: set socket timeout to 30000
15:19:32.398 [main] DEBUG org.apache.http.impl.execchain.MainClientExec - Executing request GET /comments HTTP/1.1
15:19:32.398 [main] DEBUG org.apache.http.impl.execchain.MainClientExec - Target auth state: UNCHALLENGED
15:19:32.399 [main] DEBUG org.apache.http.impl.execchain.MainClientExec - Proxy auth state: UNCHALLENGED
15:19:32.421 [main] DEBUG org.apache.http.headers - http-outgoing-0 >> GET /comments HTTP/1.1
15:19:32.421 [main] DEBUG org.apache.http.headers - http-outgoing-0 >> Host: jsonplaceholder.typicode.com
15:19:32.421 [main] DEBUG org.apache.http.headers - http-outgoing-0 >> Connection: Keep-Alive
15:19:32.421 [main] DEBUG org.apache.http.headers - http-outgoing-0 >> User-Agent: Apache-HttpClient/4.5.13 (Java/14.0.1)
15:19:32.421 [main] DEBUG org.apache.http.headers - http-outgoing-0 >> Accept-Encoding: gzip,deflate
15:19:32.422 [main] DEBUG org.apache.http.wire - http-outgoing-0 >> "GET /comments HTTP/1.1[\r][\n]"
15:19:32.422 [main] DEBUG org.apache.http.wire - http-outgoing-0 >> "Host: jsonplaceholder.typicode.com[\r][\n]"
15:19:32.422 [main] DEBUG org.apache.http.wire - http-outgoing-0 >> "Connection: Keep-Alive[\r][\n]"
15:19:32.422 [main] DEBUG org.apache.http.wire - http-outgoing-0 >> "User-Agent: Apache-HttpClient/4.5.13 (Java/14.0.1)[\r][\n]"
15:19:32.422 [main] DEBUG org.apache.http.wire - http-outgoing-0 >> "Accept-Encoding: gzip,deflate[\r][\n]"
15:19:32.422 [main] DEBUG org.apache.http.wire - http-outgoing-0 >> "[\r][\n]"
15:19:32.444 [main] DEBUG org.apache.http.wire - http-outgoing-0 << "HTTP/1.1 200 OK[\r][\n]"
15:19:32.444 [main] DEBUG org.apache.http.wire - http-outgoing-0 << "Date: Thu, 11 May 2023 13:19:32 GMT[\r][\n]"
15:19:32.444 [main] DEBUG org.apache.http.wire - http-outgoing-0 << "Content-Type: application/json; charset=utf-8[\r][\n]"
15:19:32.444 [main] DEBUG org.apache.http.wire - http-outgoing-0 << "Transfer-Encoding: chunked[\r][\n]"
15:19:32.444 [main] DEBUG org.apache.http.wire - http-outgoing-0 << "Connection: keep-alive[\r][\n]"
15:19:32.444 [main] DEBUG org.apache.http.wire - http-outgoing-0 << "X-Powered-By: Express[\r][\n]"
15:19:32.444 [main] DEBUG org.apache.http.wire - http-outgoing-0 << "X-Ratelimit-Limit: 1000[\r][\n]"
15:19:32.444 [main] DEBUG org.apache.http.wire - http-outgoing-0 << "X-Ratelimit-Remaining: 999[\r][\n]"
15:19:32.444 [main] DEBUG org.apache.http.wire - http-outgoing-0 << "X-Ratelimit-Reset: 1683654837[\r][\n]"
15:19:32.444 [main] DEBUG org.apache.http.wire - http-outgoing-0 << "Vary: Origin, Accept-Encoding[\r][\n]"
15:19:32.445 [main] DEBUG org.apache.http.wire - http-outgoing-0 << "Access-Control-Allow-Credentials: true[\r][\n]"
15:19:32.445 [main] DEBUG org.apache.http.wire - http-outgoing-0 << "Cache-Control: max-age=43200[\r][\n]"
15:19:32.445 [main] DEBUG org.apache.http.wire - http-outgoing-0 << "Pragma: no-cache[\r][\n]"
15:19:32.445 [main] DEBUG org.apache.http.wire - http-outgoing-0 << "Expires: -1[\r][\n]"
15:19:32.445 [main] DEBUG org.apache.http.wire - http-outgoing-0 << "X-Content-Type-Options: nosniff[\r][\n]"
15:19:32.445 [main] DEBUG org.apache.http.wire - http-outgoing-0 << "Etag: W/"26831-8L/dCHuriTuxj+1OR5biYTSa5Yo"[\r][\n]"
15:19:32.445 [main] DEBUG org.apache.http.wire - http-outgoing-0 << "Content-Encoding: gzip[\r][\n]"
15:19:32.445 [main] DEBUG org.apache.http.wire - http-outgoing-0 << "Via: 1.1 vegur[\r][\n]"
15:19:32.445 [main] DEBUG org.apache.http.wire - http-outgoing-0 << "CF-Cache-Status: HIT[\r][\n]"
15:19:32.445 [main] DEBUG org.apache.http.wire - http-outgoing-0 << "Age: 3740[\r][\n]"
15:19:32.445 [main] DEBUG org.apache.http.wire - http-outgoing-0 << "Report-To: {"endpoints":[{"url":"https:\/\/a.nel.cloudflare.com\/report\/v3?s=zV6SupZCz5%2BTc7%2B1bXFWfzHardn3CWMvsRnwX7lV9NTcwwPwrgEzZOiFT3%2FCbKqgMSvJgSM2sKK13TMj2YS0UXfH2E%2Bku%2BwEkeKCz%2F%2Bppmyd5cAzPTn1v7N5oIJw6JdEHuWHFATYTaBq204GsHmi"}],"group":"cf-nel","max_age":604800}[\r][\n]"
15:19:32.446 [main] DEBUG org.apache.http.wire - http-outgoing-0 << "NEL: {"success_fraction":0,"report_to":"cf-nel","max_age":604800}[\r][\n]"
15:19:32.446 [main] DEBUG org.apache.http.wire - http-outgoing-0 << "Server: cloudflare[\r][\n]"
15:19:32.446 [main] DEBUG org.apache.http.wire - http-outgoing-0 << "CF-RAY: 7c5ab6d3b99906fb-CPT[\r][\n]"
15:19:32.446 [main] DEBUG org.apache.http.wire - http-outgoing-0 << "alt-svc: h3=":443"; ma=86400, h3-29=":443"; ma=86400[\r][\n]"
15:19:32.446 [main] DEBUG org.apache.http.wire - http-outgoing-0 << "[\r][\n]"
15:19:32.446 [main] DEBUG org.apache.http.wire - http-outgoing-0 << "7bfb[\r][\n]"
15:19:32.447 [main] DEBUG org.apache.http.wire - http-outgoing-0 << "[0x1f][0x8b][0x8][0x0][0x0][0x0][0x0][0x0][0x0][0x3][0x9c][0xbd][0xd9][0x92][0x1c]G[0x92]%[0xfa]>_[0x91][0xd2][0xcf]#)][0xb][0xc9][0xaa][0xfb][0xe4][0xdc][0x8a],[0x82](RHNQ[0xa6][0x87]")[0x96][0x11][0x86][0xc]GF[0xb8]'}[0x1][0x18][0xb8]r[0xff][0xfd][0x9a][0xee]j[0x8b][0x7][0xbc][0xe7]a[0xa6]Y@"2\[0xdd]L[0x97][0xa3]G[0x8f][0xfe][0x9f][0xff]qw[0xf7][0xff][0xa6][0xff]ww[0xf7][0x1f]/[0xe3][0xbc][0xfc][0xf3][0xf8][0x1f][0xff][0xcf][0xdd][0x9f][0xfe]'[0xfd]A[0xef][0xff][0xc7][0x10].1[0xfd][0xcf][0xf4][0x87]w[0xe7][0xf0]8N[0xf1].[0xfe]q[0x17][0x97][0xbb][0xdf][0xd7]p[0xa1]?Y/[0xff][0xc1]?[0x1b]/[0xa1]?[0xc3][0xf]}[0xee][0xe7]8vOa:[0xe]q[0xba][0xec]?[0xc8][0x8f]<[0x8e][0xc7]+[0xfc][0xc4]9[0xac][0xc7]0,[0xfd]z[0xb9][0x8b]C[0x81][0x8f][0x9b][0xfb][0xbb]8[0xc3][0x7][0xf7][0xc7]x[0xb9][0xbb][0x84][0xa7][0xf4][0xab][0xef][0xde][0x8d][0xe7][0xf5]e[0x9]K[0xbc][0xeb]_[0xe6][0xf4][0xbf][0xe3]8[0xff]6,[0xf1][0xf2]2N![0xfd][0xe8]x7[0xc4]C[0x9c][0xe7]>[0xfd]H[0xff][0xb8][0xa6][0xbf];[0x8e][0xe7]q[0xa2]o[0x17][0xd6][0xf4][0x83][0xf4][0xc9][0xbf][\r]S[0xec][0xf]}[0x1c][0x8e][0xfd][0xc][0xdf][0x1e]>z[0xe]/[0xe9][0xf][0xd2]'[0x87][0xc3]a[0x9d][0xe9][0xcb][0xfc]G[0xfa][0x96][0xff][0xdf][0xff][0xfc][0x98]m[0xfe]\[0xd8][0x6][0xbe][0xc7][0xbb]8[0x8d]w[0xee][0x97][0xbc][0x8b][0xe7]~[0xb9][0x9b][0xfb]K[0xee]_[0x93][0xd5]B[0xcb]P[0xdf][0x85][0xeb][0x10][0x1f]^[0xad][0xa7][0xfe][0xd0][0xcd][0xd7]d[0xac][0xeb][0xfd]a[0xbc][0x94][0xc6][0x2][0xb3][0xc]aYg[0xb2][0xd5][0xd0][0x9f][0xfa]3[0xda][\n]"
15:19:32.448 [main] DEBUG org.apache.http.wire - http-outgoing-0 << "[0x1f]6[0xde][0x8d][0x97][0x1]~[0xa3][0x98]*[0xfd][0xc4]z[0x1][0xb][0xfc]6[0xa4]G[0xa5]"
15:19:32.452 [main] DEBUG org.apache.http.headers - http-outgoing-0 << HTTP/1.1 200 OK
15:19:32.452 [main] DEBUG org.apache.http.headers - http-outgoing-0 << Date: Thu, 11 May 2023 13:19:32 GMT
15:19:32.452 [main] DEBUG org.apache.http.headers - http-outgoing-0 << Content-Type: application/json; charset=utf-8
15:19:32.452 [main] DEBUG org.apache.http.headers - http-outgoing-0 << Transfer-Encoding: chunked
15:19:32.452 [main] DEBUG org.apache.http.headers - http-outgoing-0 << Connection: keep-alive
15:19:32.453 [main] DEBUG org.apache.http.headers - http-outgoing-0 << X-Powered-By: Express
15:19:32.453 [main] DEBUG org.apache.http.headers - http-outgoing-0 << X-Ratelimit-Limit: 1000
15:19:32.453 [main] DEBUG org.apache.http.headers - http-outgoing-0 << X-Ratelimit-Remaining: 999
15:19:32.453 [main] DEBUG org.apache.http.headers - http-outgoing-0 << X-Ratelimit-Reset: 1683654837
15:19:32.453 [main] DEBUG org.apache.http.headers - http-outgoing-0 << Vary: Origin, Accept-Encoding
15:19:32.453 [main] DEBUG org.apache.http.headers - http-outgoing-0 << Access-Control-Allow-Credentials: true
15:19:32.453 [main] DEBUG org.apache.http.headers - http-outgoing-0 << Cache-Control: max-age=43200
15:19:32.453 [main] DEBUG org.apache.http.headers - http-outgoing-0 << Pragma: no-cache
15:19:32.453 [main] DEBUG org.apache.http.headers - http-outgoing-0 << Expires: -1
15:19:32.453 [main] DEBUG org.apache.http.headers - http-outgoing-0 << X-Content-Type-Options: nosniff
15:19:32.453 [main] DEBUG org.apache.http.headers - http-outgoing-0 << Etag: W/"26831-8L/dCHuriTuxj+1OR5biYTSa5Yo"
15:19:32.454 [main] DEBUG org.apache.http.headers - http-outgoing-0 << Content-Encoding: gzip
15:19:32.454 [main] DEBUG org.apache.http.headers - http-outgoing-0 << Via: 1.1 vegur
15:19:32.454 [main] DEBUG org.apache.http.headers - http-outgoing-0 << CF-Cache-Status: HIT
15:19:32.454 [main] DEBUG org.apache.http.headers - http-outgoing-0 << Age: 3740
15:19:32.455 [main] DEBUG org.apache.http.headers - http-outgoing-0 << Report-To: {"endpoints":[{"url":"https:\/\/a.nel.cloudflare.com\/report\/v3?s=zV6SupZCz5%2BTc7%2B1bXFWfzHardn3CWMvsRnwX7lV9NTcwwPwrgEzZOiFT3%2FCbKqgMSvJgSM2sKK13TMj2YS0UXfH2E%2Bku%2BwEkeKCz%2F%2Bppmyd5cAzPTn1v7N5oIJw6JdEHuWHFATYTaBq204GsHmi"}],"group":"cf-nel","max_age":604800}
15:19:32.455 [main] DEBUG org.apache.http.headers - http-outgoing-0 << NEL: {"success_fraction":0,"report_to":"cf-nel","max_age":604800}
15:19:32.455 [main] DEBUG org.apache.http.headers - http-outgoing-0 << Server: cloudflare
15:19:32.455 [main] DEBUG org.apache.http.headers - http-outgoing-0 << CF-RAY: 7c5ab6d3b99906fb-CPT
15:19:32.455 [main] DEBUG org.apache.http.headers - http-outgoing-0 << alt-svc: h3=":443"; ma=86400, h3-29=":443"; ma=86400
15:19:32.465 [main] DEBUG org.apache.http.impl.execchain.MainClientExec - Connection can be kept alive indefinitely
15:19:32.520 [main] DEBUG org.apache.http.wire - http-outgoing-0 << "[0xbf][0x1c][0xf][0x87][0x10][0xf][0xc9]H`[0xb4][0xe3][0xdd]z>[0x83][0x81][0x96][0xdf][0x6][0xf7][0xaf][0xe2]4%[0xd3][0xc5]?^[0xe2]1[0xd9][0xf3][0xee]%L}[0xfa][0xa5][0xd3]o[0x3][0xfd][0xc2][0xb9][0x1f][0xd2][0xd7]H[0x6]I[0xf][0xe2]Yf[0xd9]}[0x6][0xfc]Ka[0xc0][0xf1][0xd8][0x8f]w[0xe1][0xd8][0xbf][0xf4][0xf3][0xa1]O[0x1f][0x8][0xbf]![0xbd][0xbd][0xbb][0x90][0x1e][0xb7][0xaf][0x8c][0xf6][0xaf][0xfe]9}?8]o[0xfa]x>[0xb6][0x8e]W:D[0xe1][0xee]2[0x9e][0x93][0x91][0xfa][0x10][0xd3]'[0xbe]L[0xf1][0x94][0xbe]c[0x9c][0xfa][0x85][0xcf]Z[0x98]_[0xe2]4[0xd0][0x3][0xc2][0xef][0xd2][0xe7]6S[0x5]xup[0xe8][0xde]%[0xbb]'S[0xda][0xa1][0xfd]m [0xb3][0xa6][0xdf][0x93]N[0xdd]1[0xfd][0xcc]1[0x9e][0xe3][0x1]^[0xd1][0x1c][0xe2]K[0xbc][0xc3]/@[0x7][0xeb][0x92][0xfe]0}[0xf5][0xf4][0xa2]f<w[0xe9];[0xfd]6[0x1c][0xe0][0xe0][0xa7][0x17][0xb8][0x1e]z[0xf8][0xfb][0xf4][0x9f]x[0x80][0xd4][0xac][0xe9][0x8f][0xfe]8[0xc4][0x97][0xf4][0xed]z[0xfc][0xe8][0xa1]O[0xdf]gJ_j[0x1c][0xe2]>[0x1b][0xff][0xb5][0xb0]qz[0x98][0x90][0xce][0x1]X:][0x97][0xca][0xa8][0xdf][0xc7][0xf7]]8_[0xe7]S[0xb8]_[0xde][0x95][0xe6][0x1c][0xc6][0x1][0xbe]bX[0xd2]IN[0x8f][0xae][0x6]:[0xc6]9[0xbd][0xab][0x81]L[0xea][0xef][0xd1][0xdd][0x9a]l[\r][0xbf][0xc]N[0xcc]#[0x19][0xca][0x9d][0x99][0xdf][0x6][0xb4][0xf][0xff][0xc1]|w[0x18][0x87]9[0xfe][0xbe][0xa6]OZ[0xa7][0xbb][0xf4][0xe][0xe0][0xc2][0xe0][0xd9][0xc6][0x13][0xc][0xff][0x96][0xce][0x84]Z"[0xbd]/[0xfd][0x16][0xfb][0xcc][0xf1]Ia[0xe]4w[0xc4][0xdf][0x84][0xaf]9[0xf9]7[0xfc][0x8d][0xf0]>[0xe1]Y[0xf][0xeb][0xf9]%TV[0xfa]6\[0x8f]qH[0x86]ZN1[0xb4][0xe][0xde][0x9][0xae][0xf9][0x1d][0xd8][0x8b]=[0xda]"oM[0xdc]V[0xf2]d+yQ[0xf7][0xb2][0xfb][0xc1]~[0x8c]>"L[0x87]S[0xbf][0xa4]#5[0xde][0xbd]Y[0x9f][0x92][0x1d][0xfb]![0x9d][0xc2][0x5][0xfe][0xfd]a}[0xe9][0xe1][0xa4].[0xd1]][0xdf][0x19]=&^[0xef][[0xd7][0xf0][0xcf][0xde]&[0x9f][0x16]6I_[0x96]~W[0xf2]]Op[0xa3][0xcd][0xe0][0xec][0x95][0xe1]U[0x90][0x1f]@[0x97][0x80][0x1e][0xb6]2[0xd2][0x8f][0xe9][0xa4][0x9f][0x93]'{[0xbd][0xc6][0xf3]9N[0xdd][0xe5]:[0x9d][n[0xcd][0xec][0x1d][0x92][0xa7][0x8c]G[0xf8][0xf4][0x99][0xc]o'[0xb][0x8f][0xc6]a[0x89]p2[0xe0][0xb7][0xbf]L![0xfd][0x15]_B[0xbb]`[0xf0][0xbd][0xd3][0xa7][0x1c][0xfb][0xc3][0x12]2[0xa7]F[0x7]'[0x9d][0x17][0x8b]$[0xf8][0xad][0x8b][0x1f]z[0x81][0xaf]:[0x1c][0xe1][0xbb][0xa8]_`[0xf7]zI[0xa6][0xdf]g[0xcf][0xcf][\n]"
15:19:32.521 [main] DEBUG org.apache.http.wire - http-outgoing-0 << "{[0xd2][0xc7][0x86]E[0xce]7~[0xa8]{[0x0][0x8][0x12]w[0x97]~[0x0][0x7][0xc1][0xbe][0xca][0xdc]x#Z|[0x15][0xd2][0xa7][0xcd]][0xfa][0xd1][0xfb][0xf4][0xb][\n]"
15:19:32.521 [main] DEBUG org.apache.http.wire - http-outgoing-0 << "k[0x8a][0x8b][0x1]C[0xd2][0x17][0x9f]][0xf8][0x91][0xd8][0xed][0xcf]Q\[0xe0][0x1e][0xc2])[0xa5][0x93]IG[0x9e][0xe3][0xdd][0xc][0x96]O7[0x2]~"E\[0xef][0xed][0xd9]'&[0xdb][0xf3][0xad][0xe1]s[0x9b][0x9e]q[0x82][0xcf][0x98][0x9d][0xdb]M[0xff][0x95][0x82]`[0x1f][0xc8][0x1b][0xa6][0xdf][0xcd]A[0x1d][0xbf][0xde]>[0x93][0xfe][0xad]>[0xa2][0xe4]y[0xf9][0xdd]T6z[0x9d]l4N[0xd7][0x14]S[0x87][0xf][0xb1][0xbb][0xa4][0x18][0x16][0xef][0xc7][0xe9][0xa9][0xb4][0x96]?[0x10][0x17][0xf8][0xee]S[0xfa][0xef][0x9e][0xa2]vz[0xb6][0xa3][0xff][[0xb6],[0xfa][0xa2][0xf4][0xab][0xf9][0xa7][0xc8]aW.>[0xbb][0x92][0x14][0x5][0xd8]P[0x14]s[0xd1][0xe5][0xec]{[0xf6][0xbf][0x17][0xcf][0xfe]2[0x8d][0xef][0xd2]-[0xa4]W#[0xbe][0xb3]6@|:[0x85][0xe1][0xe1][0xfb]~Y[0xe2][0xb9][0x9b][0xe2][0x10][0xef][0xd7][0xb9]||[0xcb]}[0xe6]y[0xbd][0xa4][0x83][0xef][0xa3]%[0xbb]y[0x8d][0xc7][0x9c][0xe5][0xa5][0xcb][0x95][0xfe]~8,[0x10][0xab][0xd3][0x1d][0xe9][0x3][0x86][0xb0][0xf0][0x88][0xde][0x18]^[\n]"
15:19:32.521 [main] DEBUG org.apache.http.wire - http-outgoing-0 << "[0xe5][0x1b][0x16]>[0xed]&a$Ha[0xe7][0xe][0xae][0x93]DZ:}[0x94][0xd3]Pv[0x87]wa[0x9f]q[0xfe][0xf4][0x9f][0xe5][0xc9]@_[0xe]1U|[0x16]>G:[0xdb][0x3]:[0x8f]uA[0xdf][0xb8][0xd6][0xa1][0xef][0xcb]0%[0x13]<[0xbc][0x8a][0xe9][0xb5][0xe]O[0xdd]!Lc[0xfa][0x8f]x[0x8f][0x9f]\[0x18][0xce][0xe5][0xa3][0xeb][0x9c]|3[0xba],[\n]"
15:19:32.522 [main] DEBUG org.apache.http.wire - http-outgoing-0 << "qy[0x92][0x91][0x1e][0x8][0xbc][0xf8][0x5][0xce][0xc][0xbc]y[0xe]y[0xf8][0xc4]r=[0xe9][0x1c][0xc1]O[0x8c][0x3]%![0xf8]3eJ+9W[0xfa][0xb7]1[0xdd]6[0xfa]<4[0xbd][0x1e]><[0x96]o[0xc2]![0xdd][0xf6]m[0xfb][0xfd]%[0xb3]_[0x99][0xe0][0x93][0xe7]g?![0xf9][0x93]\_[0xf8][0xd2][0xe2][0x91][0xe5][0xeb][0x80][0x93][0xa8]l[0xf9][0xef]t)[0x86][0xfe][0x10][0x1e][0xbe][0x19][0xc7][0xe3][0xfb]~[0xe8][0x96][0xfe]r[0x19][0x97][0xd3][0xf5]>[0xbd][0x85][0xc6]%DS`[0xc4][0xa4][0xf][0xed][0x8f]|i #[0x83]D)}[0xad][0x80][0xb9][0xae][0xf9]-[0xf0][0x9a][0x1a][0xa1][0xd2]a:[0xa7][0xdf][0xf7][0xc8][0xaf][0xc2][0x85][0xb][0xb2][0xa8][0x1d]G[0xf5][0xc6][0xe9]wP6[0x8d][0xb1][0x12]~I[0xfa][0xb9][0xc7]sH[0x1f][0xb7][0xf4]=[0xdf]Zp[0x10][0xe9][0xf7][0xac][0x8b][0xe6]n1[0xec][0xb4]lY[0x1e]\[0xd2][0xe9][0x87][0xf][0x2]O*[0xaf][0xbe]?[0x9f][0xe1][0xa9][0xd5][0x19][0x96]v[0xfc]a~[0x1f]Rj[0xfb][0xef][0x0][0xc7][0xe9][0xdd]8-[0xdd]9[0x86]ah[0xfa]2[0xcd]\[0xe5][0x9b][0x1e][0xfb][0x94][0x9][0xa4][0x13]tI[0xbf][0x90][0xf][0xc5]o[0x3][0x1d]H[0xb0]$[0xde][0xc1]Yb=[0x17]*)<[0xa5]*)[0xa6][0x1f][0xc1][0x14]Q[0xbe]'[0x95]S[0xcb][0xb8][0x80][0xcb]w[0xb6]d[0xa7][0x1f][0xd3]-[0xc0][0xcf][0xc3]O[0xd9]i[0x9f]2[0xfb][0x87][0xd7]do[0x17]r')=[0xd0]e[0xbc]K[0x8f][0x16][0xbd]?[0x16][0xe7]U[0x19][0xed][0x15][0xfc][0xb3]!vo[0xc3][0xf1]:4[0xd2]X:K#e[0xa3][0xf4]d[0x98][0x1e]$[0xe3]Xr%a,[0xfe][0x11][0xa7][0x3]^[0xc2][0xf4][0xa0][0xe9]G[0xf4]/,[0xfd]"o[0xc3][0xd7]b[0x8a][0x98][0xfd][0x1e][0xd3]w[0x5][0xe3][0xe6][0xf9][0xc]YV[0xde][0x8f][0xfd][0x8e][0xbd]&+[0x93]y[0xf0][0xb3]o[0xde][0xa4][0xba]+}H:[0xce]>[0xa7]H[0xa5]$[0xde][0x1e][0xf0][0xa8][0x9a][0xc1][0xa4][0xb3][0xbf][0x1e]{[0xfc]vu9[0x15][0x96][0x14]0[0xba]9[0xfd][0xe8]p[0xdf][0x8f][0x95][0xc7]K[0xb7][0x0]<[0x8f]e[0xeb]`[0xbd][0xd2]:[0xf2]z0[0x87][0xc0][0xe4]?[0x19][0xe0][0xb7]!9[0xf4][0xfe][0x12][0xee]8[0x89]''[0xef][0xb]/wt13[0xf0][0xb0][0xc0][0xc2]0[0x3][0xfa]<[0xf2][0x8d][0xe2].vZ[0xad][0xcc][0xf9][0x8f][0xf1]1[0xdd][0xf0]Y~"
15:19:32.524 [main] DEBUG org.apache.http.wire - http-outgoing-0 << "[0x19]X[\n]"
15:19:32.524 [main] DEBUG org.apache.http.wire - http-outgoing-0 << "[0x3][0x13][0x98][0x8b][0xa2][0xb3][0xb8]![0xe][0x1a][0x8d][0xec][0xe2]:[0x84][0xe9]x[0xff][0xed]x|[0xee][0xe3][0xfb][0xfe][0xf0][0xa1][0x9b][0xc6][0xc7]8-[0xa1][0x95][0xe0]R[0x92][0xec]S[0x8d][0xd9][0xfb][0x19][0xc2]'[0xe8][0xba]A[0xde]*[0x87][0x11][0x8e][\r][0xd6][0x9d]TJF[0xf6][0x84][0xb3][0x14]Z}[0x8a][0x10][0x97][0xd1][0xdb]J[0xe]a2[0xb8][0xe6][0x91][0x1e]$[0x1][0x8f][0xb6]i[0xb3][0xbf]f6+k[0x82][0xf4][0xae][0xde][0xc4][0x89][0xca]{[0x97]&j[0xb9];[0xbe]@>[0x10][0xd3];N[0xdf]C[0xdc][0x82][0xbc][0xa6]*[0xd2][0x9e]&[0xcc]!b[0x17][0xae]a[0x8][0xf7][0xfd][0xf0][0xa6]:o[0xe9][0x7]"[0xd8]L[0xb2][0xe]I[0x9f][0xc8]O%w[0x16][0xa1][0x84][0xc2][0x1a][0x11]L[0x5][0x11][0xfd].[0x9d][0xdd]5[0xd9][0x8f][0xac][0xa8][0xc6]N[0xc7][0xb][0x11][\r][0xa9][0xbb]0[0xa6][0x80]!#U[0x94][\n]"
15:19:32.524 [main] DEBUG org.apache.http.wire - http-outgoing-0 << "[x[0xa9]'2[0xab]I[0xcf][0xfd]#d{p[0xa9][0xb9][0xd2][0xf8]X[0xb0][0xcd][0xad]ZV[0x6][0xe0][0x84][0xc0]K [0xc0][0x81]~[0xa2]YE-[0xe3][0xf0][0xf0][0xed]z[0x9c][0xc7][0xa1]K[0xe7][0xa6][0x9f]c[0xc3][0xa9][0xf9][0xda]"[0xcf][0x1c][0xc8]m[0xe3][0x97][0x6]?[0xca]/[0x5][0xa0]0[0xf5]Tx[0xb1][0xf1][0x4][0x1a][0xdc]`[0x5][0xc8][0x1d][0x95][0xa2]r[0xf1][0xfd][0xc9][0x84][sT`DN[0x3][0xc3]o[0xf8][0xcb][0xf1]S[0xc1][0xd0][0xe0][0xd0])[0xad][0xd8]i[0xac]2[0xe7][0xa7][0xf7][0xa6][0x89][0x9c]`&[0x14]B[0xe1]/)![\n]"
15:19:32.524 [main] DEBUG org.apache.http.wire - http-outgoing-0 << "[0x8f]u6[0x92][0xd2][0xd5]8|[0x8][0xf][0xaf][0xce][0xe3][0xe1]yLu;[0xdc][0xd5]Sh[0xa7]v[0x90][0xb7][0x85][0xc5]#isiQ[0xe7][0xc1][0xb1]`H[0xc9]Y[0xe4][0xb4]3[0xf7][0x88][0x94][0xf9][0xcd]=[0x9d]8r.[0x2][0x9].[0xe6][0xed][0x1e][0xe9][0x8d]P[0xe9][0xe][0xb9][0x86]\[0xdf][0x9d][0xa6]*K[0x4]x[0xd7][0xfd][0x5]O0W[0xbe]Rze[0x95][0x1f][0xa1]3[0x1c]@[0x1a]N.[0xbd][0xcf][0xeb]0[0xdc]3N[0x87][0xf]a[0xb8]v[0xc7][0x14]XSph[0xe0][0x1d][0xe]3[0x81][0x1c]-[0xd5]^x[0xde][0xd8][0xef]s[0x99][0x80][0x9][0x96][0xbf]d[0x1e])[0xd2][0xdb][0xb9][0xb0]![0x83][0xb3]Ct[0xb6][0xb1]l[0xd7][0xe5][0x2][0xc9][0x1][0xcc][0xb9][0x87]u[0xa7]4}._Z[0x87][0xa6][0xac][0xdb]17[0xb3][0xed][0x9f][0xcb][0x2][0xc3]\[0xab][0xfa][0x8][0xf4]U[0xea][0xa0][0xf4]+4,[\n]"
15:19:32.526 [main] DEBUG org.apache.http.wire - http-outgoing-0 << "[0x89]Ix[0xf8]a[0x1a][0xba][0x17][0xba][0xd7][0xad]D[0xe]n[0xb]]9[0xa9][0xc9][0xe1]`m[0xa5]Y[0xaf][0xf7][0xca][0xc1][0x99]+[0xfd][0xc3][0xb][0xa6][0x9b]|I[0xf8]B[0xc6][0xb][0xe2]\[0x10]x[0x19][0x87]$[0x80][0xf8][0xe][0x93][0xbe][0x95][0xe][0xa5]Ay-[0xc3][0xaf]h[0xd3]n[0x9f]dv+[0xb][0xb][0x5][\n]"
15:19:32.529 [main] DEBUG org.apache.http.wire - http-outgoing-0 << "[0xf0]<zL[0xe0].d[0xf0][0xe]D[0x90][0xf4][0xb2][0xea][0x4]e[0x8c][0x97][0x1e]k[0xf9][0xf4][0x14]s[0x3][0xfa][0xb0][0x8a]o[0xa5][0xc4]+{UT[0x1e]@[0x2]G[0xa6]A[0xc7]$[0x91]j[0x88][0xa9][0xc2][0xc5][0xc8]i[0x95][0x9d]3[0x19][0x6][0xde]A{[0x9][0x14]O[0xc4][0xdb][0xed][0xb4]GY[0xe][0xd0][0xa9][0xcc] [0xa7]UmL9c[0xca]L[0xea][0xe4][0xf6][0x94][0xc]y[0xee][0x92])[0xce]1%[0x1b][0xf7][0xeb]s[0xeb][0xf8]`[0xd6]GQEr[0x99][0xc]p[0xf2]i[0x1a][0xe4]>x[[0xd0]E[0x8b][0xdb]8[0x90][0xd3][0xd0].[0xaf][0x8f][0x92]g3[0xa7][0xbb][0x84][0xc][0x1a]f[0xc1][0xa2][0xf4][0x87]>wp[0x7][0xcd]0[0x85]t[0xc0][0x1]z2'U[0x82][0xf6][0x8]@b[0xa9]p[0xe8][0x8f][0xab]b[0x90][0x85][0x87][0xc6]S[0xb6][0xf3][0xcd][0x94][0x85][0x8][0xda][0xde][0xf2]&[0xfc][0x85][0xf4]K[0xe0][0xa2]Wo[0xe4][0xe7][0xf1][0xe5][0xd4][0x87][0xe][0xef][0xf6][0x10][0xda][0xef][0xc4][0x85][0x12][0x83]o[0xfc][0xbb]'[0x18]!][0xcc][0xf9]%yc[0xc]?[0xf1][0xf]I2V[0xaa]M[0xa9]T[0xc1]c[0xc8]/#[0xba]~[0x85][0xcb]w0E[0xa4]z[0x9]]1][0xb9]~@7[0x99]^YV8s[0xdb]-[0xca]/Kg}[0xa7][0xdd][0xca]j$[0xfd][0x2]9[0xbe][0x90][0xd8]<[0xc6][0xb0]P[0x15]T[0xf7][0xbb][0xe2][0x9b][0xe4][0xb7][0xae][0xdd][0xdb][0xf5]}[0x18][0x1a][0xb8][0x94][0xab]S[0xac]^[0x87][0x10]&Y[0x9b][0xeb]zY[0xe5][0xcf][\r]1[0xf2][0x91][0x12]s[0xd3][0xfa][0x93]O[0xae]z)[0xfc][0xa0][0xe4][0xf9][0xfb][0x9e][0xbb][0xac]'[0xc8])[0x84]GH1#[0xc2][0x16][0xb][0x94][0x15][0xf6][0xae][[0xbd][0x96][0xce]![0xfd] [0xb7][0xfd][0xde][0x86]i[0x8a][0xcb][0xd2][0xc2]G[0xf0]u[0x12],[0x14][0x18][0xc2][0xed][0xc7][0x99][0xd3]/[0xb8][0x9]te[0x1d]TG[0xd1]CRg[0xca][0xff][0xd4];[0xea][0xd5][0x1c][0x8f][0x82][0xc4][0x5]@[0x97][0x6][0xea]H8xo[0x15]X@[0xc3];[0x81][0x9f][0xd0][0x6][0xfa]c[0xd3]X[0x9f]f[0xc6]*[0xb][0x89]tH[0xf4][0x9b][0xe0][0x83]9[0x1b]Q[0xfa].>[0x19][0x92]J[0x8c]M!s^[0x95][0x19]Z[0x93][0xc3]8[0xdf][0xff][0x18][0xa6][0xe7]8u[0xcf][0xe9][0xf7]L[0xcd][\n]"
15:19:32.529 [main] DEBUG org.apache.http.wire - http-outgoing-0 << "V[0x1d][0x86][0xa2][0x9e][0xd1]:L[0xd4]Q[0x86]\vv[0xe9][0x17]C[0x93]3[0xc3]st[0xbe][0x8a][0x4][0xf]]%|[0xe]fw[0xd2]%[0xe5][0xd4][0xee]Fe[0x9f][0x9b][0xa9][0xac][0xc],[0xa1][0xb2][0xde][0xa2][0x83]f![0xab][0xc4][0xc4][0xb7][0xb2][0xc6]?[0xa6][0x90][0x92][0xdd]9y[0xa1]o[0xce]1@[0xc9]0[0xc0][0xf5]i\2[0xc1][0xb0][0x9][0xd7]s[0xa5][0x96][0xb6][0xa0]8Tc[0xe6][0x15]!A[0xc5][0x84]1.9[\n]"
15:19:32.529 [main] DEBUG org.apache.http.wire - http-outgoing-0 << "[0x93][0xee][0xa7][0x86][0x81][0xd9][0xe3][0xff][0xc9][0xbb][0xd0][0x17][0x95][0x96]=W[0xb2][0x18][0xf9]v[0xda][0xa5],[0x2][0xb0][0xc7]n[0xce]T-?[0x8c][0xa4][0xee]Yla[0xc]k][0xb6]s[0xdd][0x9f][0xc6]![0xe5][0xb7][0xd3]8[0xf7][0xc9][0x83]7R[0xb2][0x8d]&[0x11]|[0x1b][0xba][0xed]!o[0xb][0xfb][0xf4][0xe6][0x88]8[0xdb][0xac][0x9d]?|[0xab]YYI[0xae][0x9a][0xbd]4[0xbc][0xd5][0xdf][0x86][0xe4][0xdc][0xd5][0x92]p[0xfc][0x92]5[0xf6][0x19][0xac],[0x5]b[0x81][0xd8][0xc3][0xb]ic[0x8d][0xdf][0xc5]tv[0x87][0xa7][0xf9][0xe1][0xc7]qM[0x96][0xe8][0x92]1[0xf][0xcd][0xe6][0xa6][0x84]F[0xcf][0x19][0x80][0x4]I[0xda]:[0xee][0xb7][0xad][0xfc][0x97][0x92]L[0xa1][0xff][0xc0][0xe4][0xc4][0xe][0xf3]hU[\n]"
15:19:32.529 [main] DEBUG org.apache.http.wire - http-outgoing-0 << "[0xf7]|[0xf5][0xc9]9[0xb4]#[0x85][0x1][0xff][0x86]~[0xc][0xf3][0xaf]}[0xf6][0xf8]K[0x99][0xbe]3r[0x82][0xa5][0xa2][0x94][0x90]\[0xc4][0xa3]c[0xd3][0x13][0x15][0x1a]-[0x82][0xef][0xd7][0x9]Z[0x2][0x90][0x83][0xbe][0xeb][0x9b][0x85]P[0xf6]^}w;k[0xb2]@`"[0xdb][0xb4][0x9][0x14][0xdc]5[0xc0][0xfc][\r][0xac][0xa7]>[0x12][0xec][0x80][0xd9][0x18]7^[0xac][0x81]s[0x94]"
15:19:32.531 [main] DEBUG org.apache.http.wire - http-outgoing-0 << "[0x80]?C[0x6][0xe0]++m[0xd2][0xf4][0xab][0x83]<3([0xf5][0x86][0x9b][0xfa],[0xb3]f[0x99][0xd4]C[0xfb][0x1a]#[0xc4]J[0x19]#[0xfe][0xe][0xa6]q[0xdc][0xbd][0x9c][0xc3]![0xe5][0x0][0x95][0x15][0xbf]X[0xdf][0x8c][0xd3][0xb1][0x9b]O[0xe1]z[0x8e]q[0x93][0xb7][0xa1][0xfe][0x1a][0xd2][0x1f][0xcd]xf[0xfc]][0x5][0xf][0x80]Z[0xe9]p[0x6][0xc9]rT[0xed][0x6][0xea]Q[0xc7][0x9c][0xde]"P[0xa2][0x1c]([0xcb]4[0x4][0xc6][0x8]7j[0xc3][0xdc][0x1c]eN/8kVg[0x1a][0x8c][0x8d][0xf1][0x1b]{[0xe7]k[0x8a][0xd2]/[0x8d][0x94][0x0]+[0xc4].y[0x92])E[0xb4][0x16]:[0xc1]1([0xc8]UaD[\n]"
15:19:32.537 [main] DEBUG org.apache.http.wire - http-outgoing-0 << "[0xd2][0xbc][0xdf][0x6][0xc5][0x82][0x9][0xec][0x13]<[0xd1][0xa3][0xda]VO[0xea]A[0xf7]|[0xc][0xf3]9[0xa9]|*Rjz[0xd1][0x9c][0xe1]Ip[0xd0][0xde][0x95][0xf9][0xb6][0x9d][0xb6]+[0xb3]n[0x87]7Q[0xc2][0x2][0xa1][0xc9].[0xf]v[0x16][0x1b][0xc4][0xa9][0x98][0xae][0xc5][0xfd]/[0xe3]{[0x0][0x13][0xa7]3[0xb4]9[0x9b][0x80][0xfa][0x92][0x94][0x14][0x11][0x86][0x9d]l[0xf6][0xdb][0xc0][0xb6][0xc3][0xa0][0xa6][0x8f][0xc5]I[0x8][0x9d][0xe]"!P[0xca]iq[0x98][0x9c]G[0xa4]Z|)[0xec][0xb4][0xf3][0xf1][0xcb][0xe4][0x99][0xda][0xd9][0x88][0xe8]R[0xbe][0xf7][0xb8]A[0xab][0xf8]z9[0x1],s[0xff][0xf3][0xe1]4[0xc4][0xe4][0x14][0xa6]T[0xb][0xa6][0x97][0xb0]Qx[0xd0][0xc7][0xba][0xc0][0xc3][0xac][0xa7]Gi[0xd5][0x8a][0xef][0xd3][0x8e]:[0xe1]i|T[0xf1]g[0xe1][0xfe][0x11]=A(+[0x13][0x95]`Yi[0x6][0xdd][0x13][0xf4][0xa0]h[0xed][0x9d]V(Si[0x1f]\[0xd5][0xb7][0xd1][0xf7][0xf2]Y[0xbc]0[0xb2][0xe8][0xb6][0xf7]G[0x1f]M[0x9a][0xe7][0xe4][0x9b][0x98][0x82]:[0xd6]g[0xdd][0x1b][0xb8][0xa2])Ejd[0x88][0x94][0x9][0x96][0xb1][0x9b][0xb1]ft#[0xf1][0xcc][0x1e][0x8][0xb][0xb2][0xcc]y[0x18]gQ[0xbc][0x0]"N[0xd4]D[0x9f][0xe2][0xc5][0x1a][0x9a][0x9a][0xa6]c[0xeb]t[0xcb]P[0xcb][0xc]U[0xa6][0xd1][0x9c][0x92]6![0xe3][0x9f][0xc2])[0xc6][0xcb][0xc3][0xb7]1[0xc][0xf1][0xda]=[0xa5][0xb2][0xe2][0x90]^R[0xcb][0xcf][0x86][0x95][0xf9][0xb][0xe8];[0xb9][0xbe]L[0xaf][0x90][0x88]pJ<s[0xc9][0x14][0xd6][0x93][0x98]lqA2SUXG[0xd0][0xb7]V[0xc0]A[0x12]{N[0xc]0[0xcf][0xc4][0xb4][0xf0][0x12][0xfe][0xe8]/1g[0x1d]:[0xf8]j[0xa7]M[0xca][0x9c][0x99][0xb]N[0xae][0x1b][0xf0]*[0xb1][0x93]R/B[0x84]P[0xed]<5[0xfc][0xc9][0xe1][0xf9][0xda][0xbd]Kn3][0x97][0xd0]*[0xc6][0xa8]g[0xc0][0xc0].^[\r]N[0xff][0xad]?[0xcc]L#4[0x6][0xbc]'b[0xfb][0xcd][0x91]`6[0xaa][0xf4][0x1d])[0x2][0xe1][0x6][0x3][0xd7][0xe5][0xf4][0xb8]4*[0xdd]8w[0x83][0x81][0xee][0xb2][0xcf]@e[0xf2][0xac][0x8d]a[0xce][0x88][0x5];[0xa8][0x9b][0xe]}[0xfa]v]Ju[0xde][0x8f][0xe3][0xb1]Q:[0xa0][0xcb][0xcc]bj[0xaf][0x9c][0xab]tER[0xec][0xf][0xdc][0xe8]&[0xa8][0xac][0x11]w0[0xdc][0xe8]M[0xc8][0xca][0x1d]j[0x9c][0xf6]l^[0x8a]0[0xc][0xfe]G+[0xf]%Z[0xa3]O[0x2]Tj[0xa7]Q[0xca][0x4][0xb9][0x4][0x8e][0xf8][0xe3][0xb1][0x19]h-[\r]r[0x88][0x8d][0x94][0xf0][0x9b][0x94][0xc4]@63a[0x15]zn[0x1d][0x19][0x82][0x1b][0xbc][\r][0xd4]C [0xe4][0xa8]V[0xe0]ty)[0xfa][0xa8][0xdc][0xff]lB\[0xc2]][0xe4][0x1c]O[0xee][0x1e][0x1c][0xfe][0x14][0x9e][0x4][0xe4][0x1]O[0x94]>E[0x10][0x19][0xd7][0x3][0xd8]g[0xb4][0xbf][0x96]Y48[0x9][0x6][0xf7][0x99][0x87]%[0xa9][0x98]&;[0xec]6-l62[0xc1]/[0xcf]a[0x8a][0xf7][0x9f][0xaf]oR[0x4]I[0xe1][0xb9][0x1b][0xfa][0x3][0xb0][0xda][0xe][0xa1][0xbe]u[0xe3][0x91])rTo[0x11][0x92][0xe5][0xf1]o[0xa6][0xac][0x18][0xe6][0xcb]o[0xc]SSIk[0xb4]M[0x8f][0xc9]2[0xd3]J[0xb5][0xb5][0x1c][0xa5][0xff][0x8b][0xe7][0xdb][0xf0]![0xe2][0xe9]z[0xa2][0x18]^[0xf9]M[0xdb][0xfd]=[0xb3]][0x99]3k[0xe2][0xe5]h[0xac][0x8d]J[0xe3][0xd0][0x8f][0xdd][0xd3]9[0x1c][0xaf]s+[0xa3]![0xe3][0xfa][0x0]D[0xe9][0xc][0x8a]~sS[0x14][0x8e][0x13][0xff]x[0xab][0x11][0xdd][0xf])[0xe7][0xc1][0xb2][0xdc][0x11][0x1a]|[0xf9] =[0x2]v[0x1a][0x9e]$[0x81][0xe9][0xb5][0x86]K[0xf5][0xf7];[0xed]R&[0xcf][0x14]"[0x80]+[C[0xac][0xa7][0xf4][0x9f])[0xd1]y[0x8f]7[0xac][0x91][0x16][0x87][0x95][0xa9][0xba][0xfa]:[\r][0xb]@[0xbe][\r][0xb5][0xfc])V)[0xa2][0x88][0xd5][0x8a][0xe1][0x87]`[0xa9],[0x85][0xc6][0xe7][0xb][0x12][0xdc][0xd4][0xf1][0x90][0xcf][0x1]Cp[0x81][0x82]?+IbP2[0x13]_[0xb7][0xf4]g;-R[0xa6][0xc4]v[0x96][0xa9][0x90][0x99]3[0xe4][0x5]"i3[0x80]E[0xac]Q[0xe3][0xbb][0x16][0x85][0xdb][0xfd]{[0xa8]LF[0x8][0xeb][0xeb][0xac][0xd0][0x8f][0xdc][0x19][0xed][0x1f]iG[0xb7]G[0xea][0xb7]sb[0xf8]Gz[0x96][0xf9]Y][0xc3][0x8e](F[0x1e][0x87][0xa4]lY[0xda][0x9f][0x83][0x90][0xe3][0x84][0xc2][0xb9][0xcf]Fe[0xde][0xc]0[0xab]eD][0xc6][0xda][0x8f]r[0xc][0x9c]s[0xd8]h[0xc4][\r][0xe1][0xe1][0xd7][0xfe][0xfc][0xdc][0xf][0x80][0x92]Mk[0xba][0xed]K#)[0xa4]zmP[0x9b][0xa4][0xeb][0x2][0xdf][0x1d][0xe2][0x1c][0x91][0x1e][0xe8][0xe2]a[0x14][0x97]&[0x8a]og [0x95][\r][0xf2]h2(EI8[0x93]2N[0x91]qqa[0xc4][0x83]/[0x9c][0x82]U[0xfb][0xc][0xd3]F[0xa5]1_[0x13][0x92]B[0xc3][0xc][0x87]Tn[0xc2][0xbf]he[0x87][0xf4]z[0xb0][0x9a][0xcf][0x18][0x0][0xb]G.[0x1]>[0x5]Q[0x2][0xe7]@[0xf][0xe5]0jj[0x8c][0xcb]y[0xe2][0xe8][0x8e][0x8c][\r]k?Z[0xe9][0xe7]*P[0xb8]Tp[0xc2][0xd0][0xba][0xc6]`[0xe6][0xdf][0xf9][0xb1]^[0xa4][0xf2]B[0xc9]8e[0xfa][0x9c]Q=[0x96][\n]"
15:19:32.538 [main] DEBUG org.apache.http.wire - http-outgoing-0 << "[0x1b]'NW[0xf3][0xe8]|[0x97][0x1c][0xe9][0xe5]z[0xff]m[0x98][0xd2][0x1][0xea][0xde][0x87]~[0x18][0x1b][0xad][0xc8][0x2]$[0x8e][0xb]1[0x1a][0x3]~)[0xbd][0xb2] [0xef]]n[0x94]R[0x2][0xab][0xc][0x82]O[0xe1][0xd0]em\|[0xb3])3[0xa4][0xec][0xa2][0xc8][\r][0xa0][0xba][0xd3]45[[0x9d]:[0xcf][0xf4][0xc2][0xf0]@[0xc2][0x89][0xa6][0xda][0x80][0xdb][0xa4][0xad][0x88][0xf5]cJ|[0xcf]}[0xbc][0x85][0xec]Y [0x96]4[0x87][0x98][0x8c]<[0xe8][0x88]K[0xda][0x86]M[0xbf][0x89]^[0xb0][0x0]][0x18][0xf8][0xb1][0xe1][0x0]}*.[0xce][0x1d][0xfb][0xda][0xe][0x86][0xb7]&7[0x11][0xdd]ohg[0xa0][0xdc][0xfd][0xf0][0xff]<^8[0xf5][0xd3].[0x12][0x1c][0xd1][0xbd][0xc6],3n[0xff]k[0x9][0xce][0xd3][0xd4][0xf]c[0xae][0xaf]w[0x99][0x99]L][0xe0]-[0xde][0xd9][0xb0][0xc6]sx"
15:19:32.539 [main] DEBUG org.apache.http.wire - http-outgoing-0 << "[0xf8]y[0x89][0xa7][0xa9]KU[0xdd]y[0xee][[0x80][0x7][0xd5][0xf0]q[0xd1]dIg[0xe9][0xfa][0xec][0xb2][0x85][0xc7];[0xc5];[0x8][0x98][0xa2]L@x[0xf0][0xe0]\#[0x8f])Y[0xd4]D,[0x9b]rtv[0x84][0x16]l[0xc9]i[0x15][0xb4][0xa9][0xc3][0xad][0x89][0xba][0xdc][0x80]evN[0xa7][0x91][0x91]D[0xba]A[0x2]E@[0x19]%[0x19]n[0x83][0xcc]}[0x99][0xae][0xc3][0xfd][0xaf]1[0xa5][0xa8][0xe9][0x9e][0x1e][0xc1][0xa5][0xb4]zB[0x84](b[\r][0xe1]g[0xe3][0xf0][0xc2][0xe9][0xcc]^zqh+[0x9f]n!W[0x9b][0xed],-X[0x9a][0x12][0xd3][0xba][0x99]M[0x8b][0xe3]*[0xf4][0x0][0x98][0xb1]Z[0x87][0x97][0xe2][0x87][0xe][0x85][0xc9]5c[0x9a][0x6]\}|H%[0xba][0xee][0xb3][0xe1]'e[0xb2].[0xf9][0x88]}[0x1f]lI[0xfc][0xc1][0xb4]/[0x1b][0xe3]B[0xb4]0[0xac][0xae][0xdf]W[0xd3][0xf][0x90][0xc0][0xf2][0xe3][0x14][0x8f])[0xd9];t[0xd7]0[0xa7][0xd7][0xd1]0,[0xb4][0x1d][0x8c][0xa9][0x13]VO[0xe]s[0xe8]hI[0xb7][0xa6][0x82][0x88]^:[0xc5][0x1c][0xba][0x81][0xa3][0xc]QX[0xd9][0xc][0xe7]N[0xf][0xaa]F[0xd0][0xf4][0xe9]t[0xcd][0x88][0x3]H?[0x83][0x1]e[0xdb]z[0xf9][0x80]X[0x99][0xae];[0x12][0xc9]B[0xc1][0xd0][0xe5]GT[0xfc][0xc4]?[0xea][0xfc]=[0xa4][0x13][0x10][0xa1][0x84]N[0x15]M[0xab][0xc5][0xed]K[0x17][0xfe][0x14][0xbc]W[0x16][0x81][0x90]!&[0xc9]5$[0xf4][0xee][0x9f][0x0][0xe1][0xec]2[0xde][0xd9]H@O[0x95]7[0xcd]![0x80]{tSUh[0x10][0xfc][0xe6][0x9c][0x8b][0xec]5E[0x99][0xa1][0xa3]S[0xa5][0xbc]b[0x8b][0xda][0xf9][0xf9]c[0xff][0x94][0xfe][0xf3][0xfe][0x87]/[0xc7][0x1][0x1a][0x8f][0xdd][0xdb]u[0x83][0xad][0xbe][0x90]Kw~[0x97]`_[0xdf]F[0x13]2[0x8a][0xb2][0xe4]r[0x8f][0x89][0x1f][0xc0][\r][0x11]Db[0x1c][0x8b]H-G[0xe0]/[0xc1]6[0xe2][0xc1][0xe4][0xc2]r[0xfd][0xbd].B~[0x0][0x1b]b`[0xc5]#[0xe7]g[0xc0][0xa8]U[0xb4][0xd7]rU&[0xcf]w[0x9c][0xfc]q[0x11][0xac][0x91][0xbb]8[0xe][0x8d]3[0x94][0xfc][0xea][0x10][0xd3]m[0xeb][0xf][0xb1][0x9b][0xf][0xe3][0xb2]\[0x9b]\[0xd9][0x0]E[0x8a]"[0xd8]Eg[0xcd]:>~[0xbc]L[0xc2][0x10]xw[0x97][0xad]y[0xf]gN[0x97]xt[0xd2][0xb2][0x12][0xac]![0xb3]6?[0x9f]O[0xfc][0xe8]l[0xee][0xb5]X[0x99][0xd7]S5[0x87][0x15][0x9a][0xf4][0x1b][0xe1]B[0xe4]4W[0xcc][0x83][0x90][0xb4][0xc0]u}[0xed][0xaf][0xc0]-[0xc][0xf]n[0x80][0xe2]M[0xba][0x97][0xc7]d[0xd1]Ss[0xc4][0x9a][0xbb][0x93][0x8]p#[0x14][0x0][0xa1][0xcf][0xcd]!HL 2[\n]"
15:19:32.540 [main] DEBUG org.apache.http.wire - http-outgoing-0 << "[0xfc]%w[0xb7][0x99][0xeb][0x9f][\r]1$wo[0xe4][0x6][0xac][0xf]5[0xad][0xc2]a'M[0xfb][0xad]3[0x88][0xf8]0[0x9c]eyh-[0xd1][0xcc]{[0x87][0xcc][\n]"
15:19:32.540 [main] DEBUG org.apache.http.wire - http-outgoing-0 << "[0xf8]ypf[0xf7]Z[0xba],[0x14][0x10][0x96]u=*p[0xb3]7"[0x0][0xcd][0xbe]>[0xfc]p[0x86][0xaa][0xe9]"[0xac][0xa7]:[0x5][0xf6][0xe][0x8e]R,[0xbe][0xc1].+[0xf3][0x14]O[0xcd]D[0x10][0xf3][0x9b]F[0xf2]X[0x98][0x11][0x8a][0x97]'0Q[0xbf]jF[0x1a][0x84]|[\r][0xa7][0xe2][0xc3]%[0xef][0xbb][0xd2][0x1c][0xae]k[0xc9][0xd3][0xc9]bHD[0xb]Xi[0xc9]1|[0xbc]m[0xcc]l[0xfc][0xec][0x93][0xc6][0xec][0xac]\-[0xfd][0xda][0x19][0x15][0xb1]MN~[0xf8][0x12][0x18][0xf1][0xdd])[0xf6][0xc7][0xbe][0xd9]V^[0x19]B&[0xa3]`[0x91][0xe5][0xfb][0xc5][0xda][0xb3][0x99][0x90]":/[0xe]~[0xb]~b[0x7][0xee][0x10][0xf9]Y[0xf6]x[0xa9][0xc4][0xa2][0xda][0x1d]k[\r][0xfb]A[0x82]x[0xb1][0xf8][0xa2]_[0xc7]i[0x83];z{mTV[0x18][0xc][0x94][0x1c]c[0x9b][0xe7][0xf9]U[0x98][0x80][0xc0][0xf3][0xaf][0xfe]yLGe[0xee][0xe2]z[0xe][0xa7][0x16][0xdd][0x93][0xed][0x9c][0xcd][0x2]P[0xf9]/[0xe3][0x1c]PA[0xf9]s[0xa8][0x94]`[0x1e][0x12][0x93]s[0xd5]#[0x1d][0x11]+[0xf3][0xac][0xa7]CJ[0x8][0xc8]G[0xa4]O[0xe7]0#/[0xb6][0x1f]r[0x8f][0xc4]][0xea][0xbd][0x86])[0xab][0x5][0xc2][0xd3]0[0xbd]u/[0x17][0xf3]G[0x9f]6[0xf6][0xb5][0xcd][0xbe][0xfe]0[0x85][0x87][0xcf][0x1f][0xe7]S?[0xa5][0xa4][0xe3]zl[0xf1]},IG[0x98][0x2]^*O#[0xe6][0x14]K[0xb8]r2[0xa4]J[0x19]h[0x1e]Y[0x9d][0x1e][0x7][0x16]-[0xae]5![0xf4]?s{hB[0xc2];dl[0xd6][0xf3][0x87][0xf6]Z[0xaa],[0xb][0xf0][0xfd][0x9]}[0xc3]uJ\[0xd2][0xce][0x4])[0xe5][0xa0]?r[0xaf][0xbc][0x1][0x99]]"[0xf8][0xb2][0x14]'[0xda][0xe1]U[0x1a]<[0x16]W[0xb9][0xc8]q[0x89][0x3][0xa6]c2Q[0x8e][0x13][0xc1]L[0xb][0x82][0xc9]C`Z[0xe6][0xd2][0xa5][0xd4]t[0x4][0xbb][0x8a][0x1]'[0x0][0x92][0xc5][0x9d]{[0x14][0x97][0xb5][0xd3]J[0x9f]V[0xb3][0xb0][0x92][0xe7]p[0xa7][0x1b][0x93][0x9a][0x83][0xab][0xee]C}[0x92]>[0xbf][0x0][0xef]g[0xec][0xd2][0xa3]NH[0x1c]k44[0xf8]^[0xac][0x85][0xa7][0xd5][0xfc][0xc6][0xdd][0xa1][0x9c][0x8a]bGP[0x13]"[0x89]|[0x8][0x9][0xd9][0xd4][0x2]%[0xad]r[0x9e][0xf4][0xdf]IzOP[0xa2][0x82][0xb5][0x1c]Y[0xe4][0x1f][0xbb][0xaa][0xc2]O[0xbc]mZ1[0x1b][0x17][0xfb][0xb4],[0x0][0xd8]Uy=[\n]"
15:19:32.540 [main] DEBUG org.apache.http.wire - http-outgoing-0 << "[0x9c][0xe9][0x1e][0x8f][0xd5]p[0x92]u0+[0xb3][0x2][0xa3][0xa3][0x1f][0xef]|[0x83][0xd4][0xd7][0xee]i[0xea][0xd3][0x97][0x1f][0x1a][0xad][0xe][0x93]<[0xa0]c[0xe7][0xf3]a~lN[0xeb][0x98][0xdf][0xc2][0x3][0xc5][0x84][0x17]y%[0x12][0x9a]rC[0x87][0xa8][0xd4][0xdc][0xa0]X[0x97]e[0xd7][0x19]6B[0xcd]S[0xe7]~([0xe9]#[0xb6]:[0xdd][0xa5][0xbd][0x86],[0xcb][0x7]>[0x85][0xc][0x15]g[0x8][0x1][0x8f][0x8f][0xa5][0xb8][0xd5][0xe2][0xbc][0xff];[0xfd]EH!r[0x1c][0x9f]g([0xe5][[0xde]M[0x8e][0x8a][0x14][0xbb][0xea][0xa4]u[0xf2][0xd5][0x13][0x8]H[0xd9][0x0][0xb8][0xc0]6[0x5][0xc5][0xf4]F7[0xdc][0xc4][0xbe][0x4][0xd9]G[0xa5]<[0x89]'![0xde][0x1c]z-[0x8c]Ri[0xde]X[0xf9][0x8d][0x10][[0x85][0x3]"[0x5][0xc3]*fl[0x84]r[0xeb][0x93]|O[0xb][0xd6]}[\n]"
15:19:32.540 [main] DEBUG org.apache.http.wire - http-outgoing-0 << "@&~xu[0x8e]}J[0xd2][0xfa][0xe7]&[0xbe][0x8b][0x1f][0xa5]<p[0x9f][0x8a]y.[0xe][0x1d][0x1b][0xe9][0x8c][0x4][0x7][[0x17][0x90][0x99][0x1d],[0xe9][0xc1][0xf8][0x83][0x15]iROI[0x1d][0xf2][0xbe][0xc4][0x15][0xc9]X[0x97][0x8e]+[0xc1][\r][0xdb]k[0xd4][0xaa]x[0xf0]1Y[0xa7]:[0xad][0xf1][0xc6]g[0xc4]=&[0xd3][0xca]kc[0xfe]#][0x85]c[0xe8][0x1e][0xa7]tF[0x96][0x6][0xd4][0x86][0xa3]V[0x9c]~[0xc1])[0xa3][0xfc][0x9d][0x93]L[0xf6]K[0xae][0x8e]$[0xa2][0x96][0xa4].[0xe4]>1[0xc9]Z[0x85][0xe2][0x9d][0xcf][0x84][0xc0][0x95][0x10]Q[0x5][0xac]"
15:19:32.543 [main] DEBUG org.apache.http.wire - http-outgoing-0 << "[0xbe][0xa9][\r][0xc4][0x97]{[0xaf]}[0xca][0x94][0x9f]jf[0xd7]Lg$[0xbe]>J[0x10][0x81]b[0x17][0x9e]V[0x8][0xb1][0xed][0x81]9,0[0xd9][0xd9]0[0x93]5[0x97][0xba][0x9][0xe6][0xd5][0xb9]tdo[0xa2][0xe7]MJM[0x8c][0x9c]Y9j[0x97][0xd3]_[0xdf]l.J[0xe8]9[0xe2][0xa1][0x5][0xdf][0xa2]K[0xa2][0xb4]T[0x9a][0xf5][0xf7][0xb9][0xc2]Ga[0xb5]l[0x10][0xec][0xd3]*[0xd5][0x87][0xac]q[0x8][0x97][0xcc]/4[0xb2][0x8b][0x1][0xaa][0xf7]pN9Y[\r][0x93][0x15]H[0x0]{H[0xf5][0x9][0x9c]KX[0xa1]H[0xe3][0xb]Z-[0xfa][0xb8][0xe8][0xa6][0xba]R[0x2]g[0xfc] [0xe9][0xd0]K[0xf][0x18][0x12][0x15]7[0xbf][0xc3][0xc1]dd[0xf5][0x8a][0xdb][0xdc][0xec][0xc2]"ebO[0xbf](+[0xd1][0xb][0xa3]7[0x92][0xfd][0xf9][0x14][0xde][0xf][0xa0][0xe2]55[0xfb][0x5]D[0xb6][0xc3]f[0x10][0xbd]^[0xe][0x1f][0xe1][0xe8][0x9a][0xb5][0x94][0x14][0x10]k)k[0xbc][0xb8][0x1b][0xae][0xbc][0x1a][0x83]Xu[0x84]t[0xc8][0xa6]a[0x9b][0x18]6S[0x9d]JU [0xba][0xa1]x5Mm[0x87]' [0xdd]Af[0x8f][0xb8][0xd7][0xb0][0xd5][0xe8]k[0xc6]'[0xcd]E[0x91][0xd8][0xd2][0x9c]-l[0x8a]"|[0x15][0xdf][0x85]TT[0x5]$[0xc].K[0xdf][0xd2][0xe][0xc2]B[0x15][0x9b][0x4]-[0x2][0x0][0xdf]+[0x6]+3[0xf7]/[0x15]$&[0x98][0xac] [0x82]G[0x99]PI[0x84]Tt[0x80][0xc2]+$[0xa4][0xb8][0x82]G[0x1a]O%8[0x12]J[0x4][0xf0][0xf4]B5[0xbf][0x9a][0xce][0x8][0x1c][0xd4][0xbd][0xf6]+[0xcb][0x85][0xc0][0x4][0xa2]@hQ[0x96][0x92]:[0x98][0x80]f[0xbc][0xa0][0xeb]Y_[0xe3][0x11][0x6][0xd5]>[0x9c][0xc6]8t[0xe7][0x8]9[0xc8][\r][0xbe]%[0x87][0xf2]U[0xb8]Q[0xaa][0xdc][0xa7][0x18][0x1a][0x8d][0xe6][0xc1]S[0xbb]/[0x80]@ [0xde][0x18][0xff][\r][0x85]l[0xa0][0xac][0xb]x[0xf5][0xe9]Q$bJ[0x4]U[0x4][0x83]o[0xba];4Y[0xdb]^.[0x2]=[0xae][0xa5][0xe4]y[0xcb][0xe6][0xa3][0xa8]yf[0xf1][0xcf][0xaa][0xd2]C[0x7]G[0xfc][0xa3]H<[0x14][0xb6][0xf8][0x8d]NW?[0xc4][0xe9]][0xb8][0xff][0x1c][0x8a]R[0xa8][0xce][0x8e][0xf1][0xdd][0x98][0xce]u#a&[0x93][0xb]%4[0xa3][0x89]f[0xfa]M[0xa7][0x8c]9[0xef]^[0xd1]o[0x3][0x8a]e[0x98][0x3][0xd5][0x14][0x10][0xf]n[0xd9]Ze3[0xe7][0x11][0x9]=[0x8b][0xdc]KG[0xb9])[0xe7];E:`[0x91]s[0xb1]m[0xe0]l[0xe8][0xec][0xb3][0x8a]E[0x94][0xee][0x95]"a[0x1e][0xe3][0xa0][0xea][0x13][0xd9][0xc3]>I[0xe5][0xd1][0xfb][0x6][0xc6][0x9c]rz[0xa0][0x9c][0xbf][0x9][0xd7][0xe4][0x17][0x9a][0x92]b[0x82][0x9c][0xe9]P[0x93][0xf0][0xec][0xb3][0x4]o^[0x9c][0xa4][0x13][0xf1]l[0xf0][0x2][0xc7]?[0x8a]QZ[0xa1]*[0xcd]F[0x9e][0xa4]f[0xae][0xf3][0xc][0xe2]t8"[0xd2][0xdb][0xc2]R[0x86][0xac]w[0xa3][0x8][0xc9][0xed]V[0x8b]tr[0x9b][0x89]?[0x93][0xfe][0xbd];[0xae][0x97][0xd7] L[0xfc][0x1c][0x1e]'H[0x83]R[0x86][0x9d]*[0x91]9$[0x97][0x1a]N[I[0xd1][0xec][0xb9][\r]3v[0x94][0xf5][0x85][0x1][0x1e]B[0xa2]P#[0xc6][0x1e][0x8f][0xbf]x[0xd9][0x1][0x11][0xf0][0x4][0xf6]M[0xce][0xfe]aj?[0x1c]P:I35*[0xf7][0xda][0xa5][0xac]C[0x84][0xb0][0xca][0xf0]7C[0x13][0xe4]k[0x4][0xbd]f5[0xa6]Fl[0x99]/[0xe3]p|[0xf8]f[\n]"
15:19:32.543 [main] DEBUG org.apache.http.wire - http-outgoing-0 << "[0xa7]p[0xe9][0x9e][0xd3][0x1f][0xb7][0xe7]:[0x84][0xe2][0xa5][0xa0][0xb6])[0x96][0x98][0xf3][0xdc][0xc][0x89][0x18]L[0xa9][0xcd]+[0xd5][0xb3]sq[0x90]kJ[0x1][0xa1][0x87][0xc8][0x8d][0xc4]*[0x8b][0xcd][0xcb][0xf][0x88]"[[0xc1]d[0xcf][0xa8][0x4]{[0xed]Y[0x96] [0xd4][0xd3][0xe1][0xd2]@[0xdf]{{[0xf2][0xea][0x9b]5}#[0xd0]M[0xbf][0x1f][0xc6]b[0xa6][0xb6][0xc8][0x2]2[0xb3][0xb5][0xa7][0x1a]9`[0x88].L6[0xf2][0xc3][0xe1][0x85][0xd9][0x1a][0x9e]J[0xcc]2^[0xd6][0xd4][0xe1]![0xd2][0x82]X[0xc6]q[0x88]X':#@[0x1c]w[0xd7]F[0xf2]76[0x5][0xb3][0xbd][0xc6]*[0xeb][0x11][0xc2]<][0xbe]t3[0xa5][0xfe][0xa9]?$[0x1b][0x1d][0x95][0xff][0xd0][0xc][0xc4][0xf4][0xfd][0xe5][0xb5]c2[0xe1]<[0xbc]sH[0xc]u2l^t[0xc8]hV[0xcf][0x88][0x91][0x1c][0xc0][0xc8][0x81]e[0x1e][0x16].[0xa9][0xd4][0x1f]#[0xb1][0x97]2[0xd0][0x94]r[0xb]<[\r][0x84][0xb1][0x98][0xa0][0x9b][0xcb][0x0]<[0xfa]|c[\n]"
15:19:32.543 [main] DEBUG org.apache.http.wire - http-outgoing-0 << "[0xe9]O[0xd9][0x8c][0xdb]g[0x95]X[0xf][0x96]W&[0x88][0x93]MU[0x8][0xaa][0xd1]`2?[0xc5][0x87]_[0xd6])[0x5][0xde][0xee][0x14][0xd2][0xcf]7[0x1d][0x1b][0xcb][0xf][0xf5][0xd9]]4[0xd8][0xd5][0x1d][0x8][0xff][[0xbd][0xa0]-B[0xc1]\[0xd9][0x88][0x9][0xc8][0xa9]s|Qm[0xc9][0x12][0x97]~[0xcc][0xe5][0x8d][0xe1][0x93][0xbc][0x8d][0xc5][0xab][0xd0][0xd0]w[0xe][0xfb][0xc3][0xc1]g[0xa8]VEp[0xe2]M[0x12]oa[0xe3][0xe6][0x80]ndr[0xf6]Xj/[0xd7][0xa1][0xe3][0xf3][0xf3][0x9b])[0x1e]S[0xcc]8^[0x9b][0xae][0x11][0x1e][0x86][0x8e][0xa2][0xca][0x8d]r[0xd1]l[0xc4]f[0x8c][0xc2]B[0x8f]0[0xba][0xc8][0xec]{[0xbe][0xde][0xc1][0xe1]]%[0x1a]$[0xe4][0x1d]F-h[0xe5][0x83][0xf0][0xf6]|F[0xc3]/[0x83]x[0x3][0xf3][0xc2]"A[0xd4];[0xba]5!W[0xd8][0xad],e[0xca][0xb1][0xb3]9[0xf3][0xb6][0xe][0xba]mPz[0x96]t[0xed][0x81][0xda][0xfa]v[0x9c]@[0xd9][0xad]Q-b[0x94][0x12]:[0xbd][0xc0]d[0xc6][0xc8]!>[\r][0xf]4K[0xc7]P[0xaa]@[0xe7][0x1e][0x1c][0x80]LLz[0xc9][0xb1]e[0x4][0x9c][0xff][0xa9][0xce][0xc0][0xf1][0xe1][0x94][0xe3]L[0x81]}[0xaf][0x89][0xca]j[0x85]+\[0x9c][0x14]rpd<[0xe6][0xc8]P[0x1d][0x87][0xbf][0x9e][0x97]S[0x9c][0x1e]~[\n]"
15:19:32.543 [main] DEBUG org.apache.http.wire - http-outgoing-0 << "[0xcb]3[0xc6][0x91][0xeb][0xd0][0x9c][0xdf][0xcd]4[0x80][0x14][0x90]C[0xa1]6[0xbc][0xdd]v[0x9b][0xf9][0xc6]HA[0xec][0xc4][0x0]<[0x7]Q D*[0x91][0xe9]{[0xaa][0xe0][0x4][0xd6][0x8c][0xfe]2rb[0xec]f[0xec]y[0x1e][0x95]21[0x9b][0xe8][0xe6][0x11][0xc0][0x9b][0xa2]e[0xb9]%[0xff]VU![0x8a][0xa2]'K[0x12]$[0xe7]1[0xcf][0x16][0xe9][0xe2][0xeb][0x94][0xd3]=[0x11][0x83]:E[0x99]c[0xab][0xfd][0x91][0xcd]Cq_[0xf0][0xd1]f [0xb9]I[[0xaa][0xb1]k|[0xf0][0xc6][0x98][0x8a][0x81]rIb4t[0xb3][0x12]-:\[0xb]C[0x1e][0x17][0xa3]V[0x18][0xe3]o[0xe2][0x95][0xa4][0x1a][0x1a]nu[0xb2][0xb3]Q[0xbc][0xbf]Uz=[0x9c][0xc1]de[0xa1][0xf4][0xec][0xde]*[0x9f][0x4][0x8b],[0x17][0x5][0xb6][0x4]z[0xff][0x15][0xdf][0x83][0xfc][0xd1][0xab]8-[0x1f][0x90][0xa2][0x17][0x86][0xb7][0xe9][[0xb7]8zBf[0xcc][0x7][0x8e][0xe6]b[0x12][0x1f][0xf][0x9a]$[0xae][0x1b]9[0xf5]\0"
15:19:32.544 [main] DEBUG org.apache.http.wire - http-outgoing-0 << "'[0xc4][0xa3]z[0xbf][0x87]=J[0x1e][0xa0]%[0xe9][0xe3]R;[0x94][0x15][[0xf0][0xec][0x3][0x6]H[0x85][0xa5][0xcd][0x11]8[0xf1]3[0xba]8{_A[0xc5][0xb7][\n]"
15:19:32.544 [main] DEBUG org.apache.http.wire - http-outgoing-0 << "9[0xff]V[0xf4]KT[0xf9][0xbf][0xe1]#[0xcf][0xf1][0xf1][0xe1][0xdb]8}[0x18][0x9f]@[0xce] @^[0xde]:[0xc3][\n]"
15:19:32.544 [main] DEBUG org.apache.http.wire - http-outgoing-0 << "[0x9d][0xc9][0x8b][0xb3][0xb9]w[0x99][0xb4]f[0xef][0xe9][0x84]p[0xb0]?[0xe9][0xda][0xbd]R[0xce]kNJ[0xe9][0xe2][0xca]uC9?[0xec][0x80][0xe][0xcc]O[0x85][0xe9][0x1b][0x96]lc[0x82][0xbd]e[0x2]kL[0xeb][0xc6]S[0x99]n[0xed][0x18][0xc8][0xad]ZV:Jgp_[0xdc][0xcd]vd|?R"[0xae][0xcb][0xc0][0x94])[0x89][0xac][0xf9][0x1][0xce][0xf9]!6[0xfb][0xa4]E[0xc5][0x92][0x8b][0xb4][0x7]I{[0xe6][0xb5][0x10][0x3][0x92]!ol[0x9][0x1b][0xc8][0x89][0xa8][0x89]i[0xbe][0xc7],[0xb1][0xb7][0xe4][0xd9]g[0x3][0xae][0xd0][0xb5][0xf3]i[0xb7]s[0xaf][0x9][0xcb][0xe2]&k[0xfb][0xb2]"^[0xbe][0xa7][0xe3]"[0xc3][0x11][0x0]S8[0xf2]B-[0x6][0x10][0xa7]t[0xcc][0xee][0xd3][0xff]I[0x1f][0xb0]^[0xba][0xf3][0x1a][[0x81]]^[0x90][0x8e][0x9a][0xda][0xc0][0xa4][0x13][0x0]b9[0xdf][0x82]![0xa5][0x12]VP[0x82]3|I[0xfc]+<[0x5][0xac][0xb8][0x81][0xcc][0xab]EyJT[0x87][0xc8][0xe1][0xcb]y[0xaa][0x14][0x90][0xa3]*[0xa6][0xec]5cY[0xf6]dz[0x13]D[0xf1]![0xba][0x1d][0xbd][0xeb][0x9c]s[0xd1][0xc8]([0xe3][0x1f][0x1f][0x90][0xd7][0xf6][0xf0]Ux[0xd7][0xcf]]<[0xae][0xa9],[0x1a]o[0xe3][0x11]:[0xb4]dp[0xf5][0xe0]n[0x16][0xbe]L'7[0x81][0xc]Z[0xb]<&[0xb1]v[0xee]3[0xe9][0x0]m[0xe1][0x0].[0xbf][0x1a][0x9][0x8a][0x9c]76V[0xf1]6[0xe3][0xd3]1[0xa8][0x83][0xfc]=[0xf4])[0xf9]Q[0xbe]E[0xa0][0xc9][0xc6][0x12][0xff]VME+[0x8c]3[0xf3][0xb5]bB[0xe7]J[0x3][0x14][0xad]q[0xa9][0xf4][0x1d][0xce][0xd7][0xa1]{[0x6][0x2]V[[0x8a][0x14]*mYG@a[0x96][0xfc]\[0x94]vS[0xe0]3[0xe9][0xa8][0x1b]H[0xb1][0x89]n[0xb0]`.D(z[0xdf]n[0x15][0x2][0x8][0xe9]2[0x8b]/[0x92][0xb4][0x95]jt^N[0xa2][0xb3]jE[0xad][0x98][0xdf][0xb2][0x9d][0xf6]k[0x16]5>[0x11][0x96][0x89][0xd4];[0xd9]s[0x82][0xe2])[0x90][0xeb][0xd6][0xe5]c:4[0xe9]([0xfe]{<?[0xa7]x[0xde][0x1d][0xc6][0xe5][0xda]h[0x97]Z[0xef]J[0x7]}[0x1c]N[0xed][0x1f]I7[0xab][0x8][0xe5]![0xa7]r[0xb1][0xf0][0x4]R[0xf3][0xa5][0xd1][0xe5][0xa2][0x8][0xbd]![0xef][0xa7]f[0xa2][0xe7]+H+[0xa0][0x6]Go[0x19]$[0xd8]i[0xb9][0xb2][0xac]1/[0xcd][0xf8]2K[0xdd][0xf3][0xd8]^+[0xd3][0xfc]nL[0xa9][0xe6]p[0xed][0x2]P[0xa6][0x9b]S[0xaf][0xd9][0xfc][\n]"
15:19:32.545 [main] DEBUG org.apache.http.wire - http-outgoing-0 << "[0xd3][0x19]X[0x1f]3osaiFlh!0[\n]"
15:19:32.573 [main] DEBUG org.apache.http.wire - http-outgoing-0 << "[0x9f][0x8d][0xe9][0x1b][0x9e]?f[0x5][0xf0][0xac][0xd2][0xcc][0xde][0xd9]H[0x12][0x8a][0xb9][0x6][0xa5][0xeb][0xbf][\r][0x88]V[0xe2][0xa3][0xc4][0x9b]Usn[0xa6][0xb2][0xb4][0xb1][0x91]A[0xe2]ef[0x0][0x8][0xeb]K`[0x2][0xc6][0xc3][0xcd][0xa0]}[0xb3][0xa1]"[0xf3][0xcf]9[0x1c][0x1e]~>[0x9c].[0x11][0xa2][0xf0]c[0x98] [0x9d]l[0x97][0x84][0xcc][0x88]qJ[0xa8][0xf2][0x9b]Y[0x95][0x9b][0xc9][0xc6][0xba]_IJo[0xea][0xc6][0xe7][0x2][0x2]0w[0xcc]3R[0xf8][0xaf][0x82][0x8c][0x18];[0xc5]y[0x82]M[0x8b][0x11][0xa4],^f[0xc9][0xfc][0xcd][0x10][0x92][0x19][0xf4][0xef][0xad]>K[0xce]k[0xc8]h[0xde]$[0xc5]s[0x89]Y~[0xd1][0xc8]g`X[0xeb][0xeb][0xe9][0x8][0x17]wN[0xe7]qC[0x93][0x99]`//|[0xae][0x95]uT\[0xcb]?[0xb2]k[0x97]Z[0x4][0xcd][0xba][0xa8][0xbf][0xb3][0xc8][0xbe][0xd7]F[0x92][0x2][0x1d][0xce]3[0xe5][0x15]~[0xd6]T[0xb9]#,Z[0xf7]{[0xb6]R[0xa8]@r[0x9][0x9][0xf3]?r[0x1b][0xd3][0xcd]F*[0xff]^[0x96]D%1[0xc3]%[\n]"
15:19:32.575 [main] DEBUG org.apache.http.wire - http-outgoing-0 << "[0x86]fH?[0xad][0x19][0xaf][0x93][\r][0xa6][0x91][0x9b][0xdd][0xed]QS[0xd2][0xd6]X[0x4][0xb7]q[0x9b]w`[0xa0][0xff][0xf]Bo[0xb5]L[0x4][0xd3]d[0xb2][0xa7][0x1e][0xe3]tD2[0xdc][0xd6]&[[0x8e]H[0xd1][0xe][0xdd]&[0xbf][0xb2]T[0xbe][0x16][0x85][0xd1]G[0x84]8[\n]"
15:19:32.576 [main] DEBUG org.apache.http.wire - http-outgoing-0 << "C[0x95][0x85][0xcb][0xc6]"[0x1d]+[0xa4][0xa4]Rvy[0x95]>[0x86]9[0xfe][0x1b][0xbc][0x81][0xf7][0x87][0xe7]>[0xc2][0xfd]_[0x93][0x97][0x2][0xc0]r[0x82]]C[0x8d]$[0xbc])[0xf][0xca]=C[0xcf][0x99]x,4f[0x88][0xa4][0x99],#A[0x1f][0x5][0x95]r[0x89]YG[0xe9][0xc7][0xac]'s[0xb3]T?[0xce]%[0xac]yG?M[0xec]I[0xd7][0x85][0xa0]bo[0xaf][0xc5][0x1b][0xa3][0xe2][0xd4][0xa3][0xe3][0xae][0x96]J,[0x2]=i[0xcd]X[0xf7]5[0x9e]>^[0xc2][0xc3]W[0xe3][0xf5][0xc]4[0x95][0xbe])a[0xbf]r^J[0x83][0xac][0xda][0x1e][0xa2][0x2][0x10][0xee]!XO[0xf1]o(<H[0xb3]~[0x16][0xee][0x15][0xe6][0xde][0xf4][0xdd][0xa8][0xe3]Bl)[0xe2][0xe1][0xad]^[0x8d]l[0xae]$M=[0x16]O[0x9d]n[0xfc]p[0x92]G[0xda]i[0xaf][0xb2][0x82][0xe1]=}N>[0xc1]\H;[0xbf][0xf9][0x5]B[0xd6][0x3]u[0xfe][0xde][0x82][0xe8][0xc7][0xd0]L[0xb4][0xbd][0x9e][0xbc]h[0x87][0x8][0x87][0xc5]oO[0xa0]ciDi=n&~'[0x18]P^|p0[0x3][0xad][\n]"
15:19:32.577 [main] DEBUG org.apache.http.wire - http-outgoing-0 << "Rc[0x14]ml[0x85][0xb5]l@[0x87]s[0x86][0xe2]X[0xe2]"D7<[0x93][0x17]r[0x1f][0xe5][0x1c][0xe7][0x86][0xad][0x16][0xaa]9[0x81][0x1][0xa2]S[0x8e]^[0xf3][0x96][0x10]M[0xa1]'i[0xfc][0xa8][0x93][0xa3][0x15][0xd5][0xb1]Z[0xe3][0x1]T=a[0xf8][0xa9][0x95]M.w6-{7[0xf1][0xc0]4[0xb6][0x89][0xe9][0xb8][0x6]w[0xf9]D[0xaa]H|[0xf][0x83][0x9b][0xce][0x89]k[0xb4][0x8]Z[0xac]d[0xd3][0x8a][0xd8][0xe2][0xbe][0xd5]c[0xfd]s6[0x88][0xf9][0xf7][0xb2]<[0x11]b[0x96][0x82][0x91]m[0xf9][0xa6]>[0x1d][0xce][0xfb]o[0xa6]p[0xbc]v[0xe7][0xf0].[0x1c][0xdb] [0xae][0xc9]%R[0xb3][0xc4][0xeb][0xc2][0xa2]c[0xa2][0x8b]G[0x83][0xf6]p[0xa2][0xa5][0xf6][0xcd][0xfa][0xab]^[0xd8]C[0x6])[0x8e][0xd6][0xe][0x17][0xe7]D_W[0x13][0xa8][0x1b][0xcb][0x99]r[0xb][0xd4][0xc3][0xe5]z;[0xe8]#[0xe9]+[0xf9][0xba][0xad]%[0x12][0x3][0xb7][0x14]%[0xaf][0xc1];Ui2[0x12]"[0x19][0xc4]w[0xe3][0x93][0xe8]$[0x8][0xf1][0xcf][0xf5][0x84][0x8d]~[0xb4][0xb0][0x98][0x3][0xaf][0xc0]Q[0xcd]j[0xb5]-[0xf3][0xe3][0x0][0xde][0x1d]][0xcb][0xc2]J[0xb7]"[0xae]P[0x15][0xa7][0xed]m[0x8f][0xfe]:![0x9c][0x95][0x9]b&[0x10]b[0xbe]"[0xac][0x1e]o[0x97]\b[0xa7][0xb9][0xcb][0xaa][0xc4][0xc7]3Ch3[0x95][0x83][0xda][0xcf]"
15:19:32.633 [main] DEBUG org.apache.http.wire - http-outgoing-0 << "[0xa5]K[0x10][0xaf]4[0xb7]Y[0xdf]8[0xda][0xfa]j[0xdb]12U[0x88][0xac][0xc4][0x5][0x9b]y2[0x85]L[0x9c][0xb0][0x12][0x96]L1[0xf9][0x9a]._[0x88][0xa5],Z[0x17];8+[0xda]@[0x16]o[0x84][0x83][0xc2]Pe][0x92]-Q[0x11][0xaf][0xdd][0xc0]\[0xbe][0xed][0xcf][0xc7][0x8][0xfb]l[0x9d]h[0xd1]i|[0xf][0xd0][0x88][0x9a],[0x91]v)z[0xa5]D[0x10][0xd2] [0x9a][0xcd]N[0xae]~[0xf0][0xdc][0xc7][0xa4][0xfc][0x89][0xc5][0x96][0xca][0x4]&.[0x99]%X[0x1e]($[0xe1][0x11][0x6][0x90]g[0x15][0xba][0x9d][0x96][0xfa][0xd3]6z*6v[0xc0][0xd0]"U[0x86][0xe9]dQ[0xa4];4[0x92][0x8c][0xef]c[0xaa]T[0x1f][0xfe][0x11][0xae]]:_}[0xb3]Rs[0x9e]V[0x85]4[0x1f]s[0xcc][0xc3][\r][0x16][0xf1]*[0x4][0xd1][0xa4]#G[0xa2]i[0x10][0x8]c[0xe8][0x8a]B,[0x99]W[0xd1][0x9b][0xa1][0xef]h[0xf3]O[0xee]^[0x13][0x8d][0x9d][0xe7]&>[0xb2][0xd9][0xe5][0xcf][0xf9][0x9e][0xe4][0xff],[0x8b][0x85],[0xe8]r[0x14][0x2][0x8]g[0x95]-[0x2]nV[0xc9][0x1e]qK[0x91][0xed][0xfb]u[\n]"
15:19:32.634 [main] DEBUG org.apache.http.wire - http-outgoing-0 << "[0xdd]4[0x1e][0x1b]W[0x92][0x99][0xe3]|5[0xc4]w[0xe0]0[0xaa],[0xae][0x95][0x92]J[0x7][0x94]x[0xc8][0xc3][0xcb][0x19]([0xcb]rd$a[0x15][0xc][0xd7][0xe1][0xa6]<[0x1b][0x1d]f[0xaf][0x87][0xe9][0xe4]k[0x8c]W[0x9c][0xd7]a[0xcc][0xb2]b[0xf9]g[0xf6][0x8e][0x1f]/3J[0x1b][0x97]u[0x86]<,[0xab]v18[0xc1]^XX[0xa7][0xa8][\r]W[0xd9]sD[0xe][0xec][0xf5][0xf1][0x12][0xbb]i}[0x8c][0xad][0x19][0xfd][0xe0][0x80]L[0xd9]0B;[0xfa][0xd8][0xb0][0x86]k2[0x8c][0xe2][0xb6]*c[0xf2][0xc0]9[0x86][0xc5][0x8b]J;[0x19][0xc1]?[0xc9][0xa3]9[0xb1][0x95][0x11]'[0x1e][0xbf]d[0xe][0xb]<[0xcf]nK[0x95][0xf5][0x1]+[\n]"
15:19:32.634 [main] DEBUG org.apache.http.wire - http-outgoing-0 << "[0xb7][0x84][~[0xed][0xd3]3[0x5][0x9e]2[0xb]4[0xcb][0x6][0x7][0x90][0xfa][0xfe]q[0xd5][0xb9]QW[0xe2][0xd1][0xc0][0x87][0xaa][0xcb][0xb9][0xc3][0x9c][0xf7][0xdd]3[0xaf]Guh[0x99][0xfa]g[0x8e][0x12][0xb3][0x18][0xec][0xc0]PW[0x99]O8[0x18]}[0xb7][0x1d][0xaa][0xf5][0xc7][0xe]i[0xc0]gj[0xd0]`[0x1e][0xa7]>[0x9e][0xbb][0xf1][0x0][0xfa][0x99][0x1b][0xea][0xc4][0x9a]cK[0xb][0xc]_[0x99]Q&[0x16]]([0xc8][0x8]*m[0xa5][0x14][0xa0][0x18][0x8b]x[0x1f]7[0xad][0xc0][0xc9]To[\r]"s[0x8e]I76[0xe0][0xac][0xef][0xca]@[0xd3][0x1e][0xf1][0xe2][0xd2]87rw[0xa7][0xf6]R[0x9f][0x98][0xcf][0xd3][0xd7]}9[0xdd][0xff]0[0xc0][0x1c][0xfd]s[0xe8].[0xe3][0x7][0x10]fk[0xf2][0xb0]T[0xac][0x99][0xdb][0xb8]8:[0x18]<[0x3]![0xf9]x[0xaa][0x1f][0x9d]x[0x18][0xed]/[0xb1]x[0xe0][0x9a][0x8e][0xc8][0x82][0xe3][0xfb][0xe7][0xb1][0x5]A[\r][0x8e]Q[0xdb]6<[0xb7][0xaa]m[0xa0][0xa1][0xcc]][0xb2] ;[0xf3](?Ub[0xae][0xe8][0x12][0x8d]e[0xca][0xb6][0xa9][0xa2]F[\r][0xcf][0x1b][0x96].[0x96][0x94][0x96][0x95][0x80][0xc4]|[0xe9][0x9a][0xe8][0xb4]v0[0xb2]`[0x3]@J[0xf7][0xad][0x9b][0x88][0xfd][0xb6][0xb9][0x85])[0x1a][0x1b] [0xcf][0xc6]N[0xfd]A[0x87]aT[0x17]H;%D[0x9a][0xc2][0x2]H5[0x9d]=[0x8c]c[0xa9][0x5]m[0xa1]3[0xb9];[0xda]\[0xa7]R[0xdc][0xb8][0x95]`[0xaf]][0xca][0xfa][0xa0][0x1f][0xf8]%`[0xdf][0xc6][0xc6]A5fdk[0x88]kRA[0xb2][\r][\r][0x8d]_[0xfa][0xe7]T[0xa3]7[0xab][0x5]7<[0xb7][0x90][0x97][0xa6][0xc7][0x8e][0xd9]|'2t3y[0xd2]H[0x1c]^[0xfa]w>m[0x95][0x17]f,[0xd3][0xe8]D[0x6][0xdd]"\[0xcc]C8[0x9][0xb9][0x89][0xa2][0x97]f*[0xf3][0xfa]u[0xc9]x[0xfb][0xc][0x18][0xc8]a[0xd2]j[0xca][0x9f]~[0x99]@)M[0xf6][\n]"
15:19:32.635 [main] DEBUG org.apache.http.wire - http-outgoing-0 << "[0xcc][0xd4][0xcd]P[0x12][0xb5]W[0x1f][0x80][0xaf][0xc6][0xd7]A[0xaf][0x9c][0x1d][0x92][0xec]'[0xc7][0xc9]*J[0xa5][0x84]i[0x83][\n]"
15:19:32.635 [main] DEBUG org.apache.http.wire - http-outgoing-0 << "[0x18]"2[0xcf]w[0x1f][0xae]3[0x90][0xec][0x8b][0xd5][0x12][0x7][0xa7][0xfd]e[0xa9][0x9d][0xf8]TG~[0xca][0x0][0xc5][0xdd]f[0xab]v![0xf0][0xab]_=[0xc7][0xc9][0xf3]f[0x9]t[0xd4][0xf2][0xb8][0x8e][\r][0xe9][0xb][0x8e]C[0x17].[[0xb3]pR/[0x1b]S[0xc1]u[0x9c]T[0xa4][0x15]{[0xc][0xb6][0xfd]S[0xe9]HQ[0xe8][0x10][0x91][0xbb][0x97][0xbc][0xb]X[0x84][0xa6][0xfc]*[0x1c][0x17]][0xa5]p[0x90][0x8e][0x16][0x96][0x90][0xe5]([0x16][0xde]o[0xfc][0x1b][0xcc][0xe9]h[0xb2][0x1][0xc7][0xf1]o[0x2][0x1a][0xb9]E[0xab]m[0xcb][0xda][0xe0][0xc2][0x98][0xa7]M0g]R_%[0x1c][\n]"
15:19:32.636 [main] DEBUG org.apache.http.wire - http-outgoing-0 << "[0xc3]^[[0xd5][0xfc][0xcb][0x14][0x96][0xfb][0xe3][0x15][0x5]E[0x1e][0xe3][0xb9][0x1][0x8e][0x1f]tJ[0x13][0xc8][0xf0]b3[0x4]N[0xd1]lJ}RR[0x87]V[0xbc][0xdc]I*[0xf8]Cx[0xb0]T5[0xc7][0x8b]Y[0x96][0xc2]D[0xe]'.T[0xe6][0xfa]U[0xc5][0xf6][0xa5];j[0x9f]"B[0xd0];[0xf5][0xe1][0xff]\,f[0xae][\n]"
15:19:32.636 [main] DEBUG org.apache.http.wire - http-outgoing-0 << "[\n]"
15:19:32.637 [main] DEBUG org.apache.http.wire - http-outgoing-0 << "[0xf1][0x81][0xf2][0x9e][0xd5][0xe7][0x92][0xf8][0xc0][0x92]E[0xb3][0xba][0xc9][0xb3][0xc4]7a[0xb8]'[0xa1][0x91][0xe3][\n]"
15:19:32.637 [main] DEBUG org.apache.http.wire - http-outgoing-0 << "[0xb9]M[0xed][0x1c][0x15][0xac]ei[0xa0][0xfc]r[0xa4][0xdc][0x96][0xde][0x80][0xbd]_[0x11]m[0xd1][0xa4][0xf][0xe][0x16][0x1b][0xc6][0xc9][0x1d][0x18][0x85]1[0xe3]c[0x9a]o4[0x1f]j[0xb9][0xf2][0x9a][0xf1][0x82][0xe2][0x9a][0xb]P[0xde]P8,-[0xd9]^[0xd3]`[0xfd][0x92]A[0x7]X|[0xa3][0x8f][0x87]![0x1a][0xc4][0x8b][0xa1][0xbf][0x86][0x94][0xfe]LK[0xff]![0xe5]>Cshf][0xaa][0x89]{<)N[0xab][0x94][0xbd][0x91][0xab]i[0xf1][0xc4][0xb8][0xe9]O[0xea][0xb7][0xaa][0xe6][0xa2][0xcd][0x11][0xe0][0xf5]mlp[0xb0]U[0x8b][0x2]*[0xf1]/[0x96]Z[0xad][0x1]a[0xc9]q[0xea]%[0xaf]q[0x83][0xef][0xf2][0x8][0xec][0x88]v[[0xbc],?[0x18]1[0x18][0x8d][0xa8](_M|[0xda][0x86][0xfa]U[0x80]|gl%;[0xfe],([0x1e]A[0xaa][0x16]~[0x12][0x82]p[0xdf][0x8c][0x96]^H[0x99]b+[0x87][0x12][0x9e]u[0xd1][0x86][0xa3][0x1a][0x8a]~[0x9e][0xd7][0x98][0x8e]:[0x1]`[0xff][0x9e]s7[0xcf][0x93][0xd4]e[0x8a][0xae][0xd9][\r][0xe1][0xcf]5[0xb4][0xf6]Z[0xb2][0xda][0x13]AJ[0x9]B[0xb1]k[0xf0][\n]"
15:19:32.637 [main] DEBUG org.apache.http.wire - http-outgoing-0 << "[0xbe]J[0xdf][0xe6][0xb9];)R[0xb5][0xd9][0x13][0xb3]%[0xef][0xc2]"%4G[0x84][0xd5][0x91]j([0x13]H>5[0x14][0xe]Q[0x6]:{[0xd6][0x8][0xa7][0xe7]z[0xb2][0x6]G[0xdf][0x9c][0xf5][0x17][0xa0][0xbf][0xdc]m[0x88][0xb2]X)[0x84][0x13][0xd8][0xcf][0x83][0x1b][0x97][0xbd]a}[0xe0][0x6][0xbe][0xf8][0x90][0x1a][0xeb][0xbc][0x82][0xc6]I[0x17][0x1e][0x8f][0xe0][0xf8]N[0xb7])[0x18]n0[0xe4][0xd1]9hg3}[0x9a]}[0xc1][0xb][0xc7][0x93][0xa9]a[0xd1][0xd6][0xc5][0xea][0x1f][0x19][0xca][0xc2][0xe9]"
15:19:32.638 [main] DEBUG org.apache.http.wire - http-outgoing-0 << "[0x13]6/<[[0x9f][0x86][0xe][0xed]J:[0x15]4[0xe2][0xe4]f[0x82][0xad][0xdb][0xe6][0xcc]7[0xc6]V[0xb][0x9e]-[0x9f][0x9c]{O[0xfa][0x84][0x90][0x86][0xdf]I[0xc1][0x90]V[0x7]1^[0xe3][0xdc][0x9d]`[0xee][0xeb][0xba]E?[0xcb][0x88]8[0xbd]+[0xc3][0xd5][0xc1]QF[0xc9][0x8a]C[0xe0][0xfa][0x8c][0xf4][0xe2][0x16][0xc8]"[0xdf][0x2]p[0x17][0x86][0x3][0xb2][0x19]DN[0xb][0x14][0xe2]"q[0xb4]#[0xbd][0x7]8#|[0xe6][0x9]h!v[0xe7]^[0x8b][0xd5][0xb5][0x8a][0xca][0x3]][0x9]_"[0xa3][0xbd][0x9c][0xd9][0xe1][\r][0xb2][0x96]q.[0x84][0xd3][0x9a][0x85][0x1f]R[0xd5]r[0xff][0x15][0xb4][0xb6][0xbb]K|>5[0xa5][0xc0][0xfc][0xaa][0xdd][0xb9][0x82][0xc2]13$[0xb1][0xa5][0x95]ip[0xb4][0xa0][0xcd]h[0xf9][0xba][0xa3][0x91][0x17][0x99]xB[0xa3][0xf5][0x10][0xed][0xcb][0xba][0xe9][0x7]!"[0xdf][0xce]c[\n]"
15:19:32.639 [main] DEBUG org.apache.http.wire - http-outgoing-0 << "[0xbb][0xd5]+[0xdc][0xf8][0xf7][0xe9][0xbe][0xb9]Ll[0xa6][0xc5][0x9b][0x98][0xc1]wO[0xe1][0xfe]_[0xfd][0xf2]a>[0x9c]b[0x97][0xc][0xfb]rJ[0xe6]j)[0xc1]xXS{[0xee]|V[0x8c][0xba][0xe2][0x8f][\r] [0x5][0x98][0x9b][0x12]:[0x91]A[[0x4]|[0x9][0xd0]([0xae][0x86][0xb1].[0xce][0xe4][0x91]_[0xe1][0x9]Y[0x99][0x1c][0x3]{[0xd5][0x1b]eKa[0xb0][0xb2]l[0xa1][0xe9]8[0x8d][0xfd]8[0x8]_[0x1a][0xe9]uX[0x96]8[0xd2]r[0xdc]~[0xde] #[0xd7][0xfa][0xc]+[0xad][0xed][0xb1][0xfe][>[0xd1][0xc6][0xba][\n]"
15:19:32.639 [main] DEBUG org.apache.http.wire - http-outgoing-0 << "tN[0x9c][0xf2][0x11]kVJ[0xb5][0xb][0xe7]0[0x9b][0xbb]^[0x95][0xb6]us[0x2][0xa1]x[0xf0]j[0xd5]2S[0xf3][0xf0][0xa5][0xb4][0x16]h~7[0xce][0xa7]5[0xdc][0xff][0xfc][0xd2][0xf][0xcf][0xa1][[0xc6][0xc7][0x16][0xa9]Fr[0x9a]![0x9b]/V[0xba][0xea]R[0x8e]d[0x90][0xd5]%[0x86][\n]"
15:19:32.639 [main] DEBUG org.apache.http.wire - http-outgoing-0 << "I[0xa9]v[0x4][0x91][0xfe][0x93]S[0xd1]NQ[0xe4]*[\r][0xee][0x98][0x9c][0x10][0x9f][0xb9][0xe2][0x3][0xb0][0x9c][0xa4]m[0xa2][0x10]9\[0xcb][0x9d][0xb5]{1[0xea][0xdc][0xd7]JY[0xb3][0x88]OI)[0xe9][0x84],[0xb6][0xad][0xfb]In[0xdd][0xb2][0x9e][0xc8][0xd2]R[0xfd]^[0xf4]5[0x9][0xa6][0xcc][0xc6][0xc1][0xb6][0xa5][0xad][0x86]!<[0xc2][0x85][0xe9]hyG[0xdd][0xd8][0xe1]"A[0x1f][0xcf][0xed][0x18]F[0xed]r[0xc6]8][0x80][0xd5][0xf7]c[0x3][0x1d]4[0xc2]Y"2[0xcc][0xbe][0x93]R#[0x13][0x9e]/[0xb7][0x97]a[0x9][0xec]p=T~[0x9e][0x17]7[0x3][0x85][0x81]i[0xe1][0xbd]p[0x6]8P[0xe][0x19][0xfd]Jn[0xb7][0xe0]O[0xdb]!7nx[0xf1]*[0xaa][0xd5][0x17][0x98][0x8f]I[0xd0][0x8d]Y[0xdd][0x83][0x9e][0x97]E)k[0xf0][0xe6][0x0][0xad][0xda]p[0x9][0xe7]&a[0xcf][0xc3][0xca][0x12][0xde][0x83][0xec][0x8d][0xf2][0xea][0xc9][0x1c][0xc9][0x10][0xda][0xa3]['[0x9][0x8e][0xbc]+[[0x1f][0x83]l:[0x81][0x8]1[0x19][0xb2][0x5][0xeb][0xd9][0xde]M9[0xac]&[0xc][0x15]M[0xbb][0xca]8[0x9f]P[0xca][0xa8]s[0xc3][0x83][0xfd][0x11][0xad][0xdd][0xd2][0x9a]e[0xb1][0x1][\G[0xbf][0xd8][0x3][0x93]wR[0xe9][0xaa][0xfc]f[0x9f]J[0x8c]d>P[0xae]o%.[0xba][0xcc][0xca]w[0xf3][0xfc]:\[0xfd]%|[0xc8][0x93]_p;[0xf9][0xe8]|a%[0xed][0xda][0xe1][0xc][0x82]Kw[0x8e][0xc9][0xe9][0x84][0xc]r[0xbb][0xd6][0x0][0xcf][0x1b] sa[0x87][0xb2]T[0x90][0xef]nl[0x8e]b[0x84][0x9e][0xc1]`[0xac]$0[0xc7][0xc3]sX7[0xbd][0xd7][0xe3]<[0xe][0xf7]_[0xa4][0x7]}[0xe6]^Y#/[0xa1][0x8b][0xa8]K&[0xcd]0[0xc4][0xf4]"[0xe5]"[0x4][0x16][0xa8][0x1][0xcb][0xa7]I[0xc8];,[0xb2]n4P[0xfd][0xf7][0xfe][0x1b][0xcb][0xa8]U[0x1e]l[0xb9]*[0x91][0xe5][0xa1]^[0x15]V[\r][0xb9][0xdb][0x8a]e[0x9d][0xc1][0xe0][0xf0][0x92][0xb1]&r[0x9a]i[0x9d][0xc9][0x8d][0xe9]![0xfa][0xc3][0xfd]W[0xeb][0xf4][0x14][0x86][0xee][0xed][0x98][0xbe]Y[0xdf][0xe6][0x8b][0xb9]!rA[0xac][0xa4]M[0x9b][0xb7]P[0xed][0xf4][0x88][0x90][0x8e][0xa9]I[0xc8][0xae]w\[0xf9]Ck[0x88]Q[0xd2][0xdf]W[0x1e][0xe8][0xde][0x19][0x99]qe[0xe9]a5[0x9d]I[0xf9][0xfd][0xa2][0xdf][0xa6]P[0xda][0xb6][0xf1]>[0xcd][0x8d]WV[0x15]x[0xaa][0x94]O[0xae]C\[0x9c][0x85]K[0xc]lReAv[0xec][0x8c]#[0xac]-[0xf5]pV"pt.[0xd7]"2][0x14]O[0xaf]+*[0xf4][0x8a][0xf7][0x95]ON[0xdb][0xd2] [0xbc][0xd2][0xb6][0xc2][0x6][0x13]Bb[0x92][0xa1]-[0x9][0x11][0x13]z[\n]"
15:19:32.639 [main] DEBUG org.apache.http.wire - http-outgoing-0 << "[0x17][0xc0][0x97][0xa8]2[0xf6]Y[0x1d][0x87][0x18][0x9a][0xe1]b[0xa3][0xce][0xd0]Q[0xd9]wC[0xe1][0xa8][0xb4]tY[0x8d][0xd4][0xb7][0x84]nw}[0x9b]C[0xf2][0xc0][0xf]_[0x80][0xc8][0xee][0xfb][0x19]u[0xed][0x96][0x96][0x85][0xeb]\1[0x1b]{][0x15][0xdb][0x7][0xe7]*[0xc][0xfa]|[0x0]&[0x14][0x88]*[0xa2]Y=[0x90][0xf][0xdd][0x8]q![0xd5][0x17]m[0xef]M[0x19][0xc1]u{[0x19]-[0x11][0xe6][0xc1][[[0xaa][0x91]-[0x9][0xdf]k[0xc6][0xb2]8[0x91][0xde][0x83][0xb5][0x1e][0xe5]2[0x14][0x9d][0xfb]B/[0x9][0xbf]G#+GylX[0x18][0x9c][0xea][0x8f][0xb1]Q[0xac][0x94][0x8b]bz[0xa6][0x80][0xb1]b!JhI[0x8]6[0xd4][0xd5]v[\r][0xd2]27&Ji[0xd0][0x10][0xc5]@;_[0xa2]EU[0xf4]R[0xac]c({[0xd1]\[0xf6][0xef][0x84][0x80][0xc7][0xf9][0xff][0xc2][0x19][0x94]u[0x8c]&[0x9c][0x8c][0x98]i!Z[0x10][0xa7]=N[0x90][0x91][0xbb]J[0xf3][0xfe][0x3][0xe7]g[0x8e]P[0x7][0x9e][y'[0xab]J[0x10]5[0xc3][0xb]G[0xcc][0x8b][0x8a]19[0xca][\n]"
15:19:32.640 [main] DEBUG org.apache.http.wire - http-outgoing-0 << "][0x1b][0xcd],[0xb9][0xcd]B[0xdd][0x5][0x1e]:[0x14]b[0x1a][0x1c][0xc2][0x81]Y[0xb8][0xa2][0x92][0xa3][0xa8][0xb6][0xb6]ih|[0xfa]#[0xb8]Ln[0xb4][0xc6][0xbe]jf[0x91][0xf3][0xac][0x83][0x93]f[0x97][0x81]&[0xb6][0xea][0x86][0xbc][0xf1]/S|[0x97][0xe][0xd7][0xc3][0xab]5U[0xcc][0xe7][0xee][0x11][0xe6]-[0xf][0xed]d[0x87]4[0x85][0xb0][0x0][0xc2][0xf3]d[0x18]1[0xcb][0x90]fApt[0xcb]*}[0x1][0xe5][0xa6]j#[0xf]FS[0xe0][0xd2][0xdd][0xcc][0xb3]`[0x8e][0xe3][0xcc]j[0x96][0xa2][0x2]D[0xff]B[0x8][0xbc][0xb6][0xe7]u[0xc8][0xfd][0x84]-[0xf0][0xdc]4[0xeb]g[0xb9]Y7[0x97][0xf0][0xd1][0x93][0xe1][0x1b][0xb4][0x88]P[0xab][0x2]\[0x92]G[0xef][0x9e][0xd6]k+[0xf3][0x99][0xa2][0xaa]e[0x84][0xa2]~v[0xdd][0x5]Z[0x15][0xcc])[0x19]>g2[0x9f]_CE[0xb6]![0x9c][0xfe][0xb7]A[0xf0][0xa4][0xf1]h-[0xe9][0x1b][0xd1][0xa1]x[0xdc][0xb2][0xc0][0xe0][0x1d][0xc7][0x14][0x87]i[0xe3][0xab]@m[0xb5][0xd3][0x8a]O[0xd0][0x1c][0xfa]GJ:[0xe6][0xc3][0xa9];[0x80]So[0x9f][0x17]r[0xe]'_[0x17]i'E[0x7][0xb8][0xe4][0xee][0xc8]o[0xd7]u[0xe4]K"
15:19:32.641 [main] DEBUG org.apache.http.wire - http-outgoing-0 << "![0xb6]^[0xaa]0[0x9]c[0xd1]w[0xe3][0xb4][0x1e]q[0xcb]-[0x89]\[0x9a][0xc7][\n]"
15:19:32.641 [main] DEBUG org.apache.http.wire - http-outgoing-0 << "@[0x9c][0xdb]J[0x90][0xd4][0xfc][0xdb]m[0xc8][0xb2][0xb6]@[0xd7]!E[0xa8][0x9f]t[0xa2][0x19]+[0xf][0x83][0xd7]Y[0xcd][0xe5][0x1a][0xba][0xe3]:[0x11]][0xb4][0x82][0x9a]EY[0x87][0xa3][0xab]_d[0xd9]S[0x95][0xa4][[0xf9]8MDv[0xf2][0xc8][0xfc]a&[0x7][0xd1][0xd0]8[0xbe][0xef]U[0xa5]c[0xb3]x[0xab][0x83][0x84][0xb9][0x9c][0x8]e[0xd6][0xb7]Bga[0x9a][0xb2][0xdc][0xc8]$[0xeb]G'[0xf4][0xe6]O[0xb9][0xec][0xdc]v[0xa8][0xf8][0x86][0x8a][0xf1]w![0xc5][0xf2][0x87][0x9f]R[0x8c][0x88][0xe7][0xee]}*[0xa6][0xfa][0xb9][0x95][0xa7][0xb4][0x87][0x1c][0xc][0x8]V[0xd8]K[0xe2]7q[0x8d][0xe4]N!)F[0xf5][0x80][0xf1][0xeb][0xd2][0xac][0xa9][0x9f]%[0x85][0x17]#[0xa2][0xdb][0xbb][0xcd]S[0xd6][0x11]Fxb[0x6][0xdd]-[0xa2][0xc1][0xb7]a[0xba][0x8c])[0xb6]M[0xf1][0xe9][0xa9]oc*[0x82]Y[0x88]K[0x11]WL[0x84]u[0x2][0xa3]X[0x7][0xc][0x18]S[0x15][0xb7][0x16]9[0xb1][0xe9][0x98]P [0xb][0x82][0xac]/&[0x98]M[0xc1][0x8d]2[0x87],[0x94]Rt[0xb0][0x7][0xba][0xa5]u[0xf3][0xe7][0xbf][0xe5]fi,[0xcc][0xb0][0xca][0x86][0x89][0x4][0x8d][0x9]%[0xa4][0xa7][0x80]B[0xda][0x87][0x88]n[0xb8][0x1]p[0x1e][0xd6][0x8b])[0x0][0xe4]r[0xaf][0xeb][0xc5]v[0x9f][0xe][0xbe][0xeb]O[0xb0][0xb6]4 (@[0xe1][0x91][0x90][0xed][0xbc][0xae][0x10]wI[0xb5]'8[0x98][0x8b]G[0x5][0x1d][0xc2][0x8b]3[0xb9]%v[0xb4][0xd8]`%![0xa5][0x1b][0xa7][0xa8]0W[0x99][0xe6]S[0xe3]B[0xeb]4[0x9b][0xa4]S6[0xbd][/[0x86][0xe7][0x9e][0x89][0xd1][0xe0][0x83][0x1b]}[0x1b][0x10][0x9e][0xbb][0xff]b[0x8c][0xa7][0xb],F[0x9f][0xe7][0xf6]a[0xf3]p[0x94][0xe0]BG[0xd7]#[0xd5][0xc3][0xa8]y[0xa4][0x8c]O([0x15][0x85]8fu[0xb7]B[0xd4][0xea]s[0x19][0x12][0xd3][0xeb]D[0xac]d[0xb7][0xb9][0xca]t[0x1e]j`[0xc][0xa4][0xfa][0x8e]s-#[0x8c]-[0xd2][0xa6][0x94]Tm[0xab][0x9a][0xff]u[0x85]Y[0xa4][0xa5]{[0x1b]>\[0xae])B[0xd6][0xd9][0xbc][0xed]u[0x16][0xc4]EW;[0x1f][0xb1][0xd2][0xa6][0xd3][0x81]i[0x1c]y[0x1]][0xdb][0x15][0xd4]%9[0x86][0xc0][0xa8]C;[0xf2][0xb5][0x99][0xe0][0xa8][0x15]:[0xc9]0[0xa4][0x8f][0xf0]+G1[0xc0]{[0xaa][0xbc][0x1b][0xb6][0x97][0x89][0xdb][0xdd]&-[0xb3]xOC[0xb0]lP[0xaf][0x9]5u[0xab][0x83]v[0x8a][0xcb]r[0xff][0xc3][0xab]qH[0x15]g[\n]"
15:19:32.641 [main] DEBUG org.apache.http.wire - http-outgoing-0 << "[0xf8]M[0xb4]R[0xdf]C[0xe][0xb];?[0x99]E2[0xba][\n]"
15:19:32.641 [main] DEBUG org.apache.http.wire - http-outgoing-0 << "4[0xcf] f[0xa6]SFy[0xac]M<[0x8c][0xbc][[0x8d][0xfd][0x16][0xdc][0xc1]|T[0x16]^[\r][0xe7]%{[0xed]R[0xad][0xc4][0xce]'[0xe8][0xb9][0xb2]Y?"e[0xf8]:,[0xa7][0xf4][0x6][0x91][0xd4][0x89]R=[0xcd][0xb1]k[0x82][0xb7] [0x3]p[0x12]v[0xc][0xc3][0xda][0xc9][0x96]K[0x98][0xa7]U>3'[0xed]o[0x81]72_[0xa1][0x1d]V[0xaf][0xee]%[0xb0]p[0xe][0xd0][0xd3][0xfc][0xba][0x84][0xdd]z[0x5]5[0xaf]lb[0xbc][0xc9][0xb5][0xdc][0xf4]V0[0x93][0xe8]h[0x1d]$[0x9b]#[0x87][0xb][0xc9]Z[0xb5][0x9b]o[0xe2][0xef][0xf9][0x9b][0xa8][0x1a][0x1b].[0xdf]h[0x15][0x96]<[0xc6][0xc7][\n]"
15:19:32.641 [main] DEBUG org.apache.http.wire - http-outgoing-0 << "[0xfc][0xfe][0xb1][0xb6][0x7][0x12]X[0xd2]'t[0xe7]q[0x9d][0x92][0x8f][0xdb]XhG[0xf9]0[0xc0]\[0x92][0x9b][0xa2]3[0xe8]3[\r][0xa9][0xe8][0x96][0xca][0xa7]4[0x95][0xf4][0xe5]B[0xc6][0xe8]4[0xc6]`!7^[0xe4][0xc2][0xb4][0xcf][0xc5]s[0xfc][0xca]A[0x3]z[0xa8][0xdb].[0xb4][0xb0]fY:[0x1c]4[0xb7][0x90]c7[0xb3][0xd0][0xb2][0xf8][0x17][0x95]q[0x80][0xd7][0xdf][0x12][0xa5]K[0x9][0xdc]@r_u[0xd6][0x9b][0xb3][0xb0]9u[0xd4][0xbd][0xf5][0xfd][0xc2][0x9b][0xe])5[0xd1]q#[0xbf][0xab][0x9c]W[0xb5][0xe6][0x9]~[0xe0][0x99][0x18][0x11]t[0xe][0xc5][0x86]]7[0x99][0x6]do[0xd6][0x94]7[0xc9]=[0x7][0xe7][0xb][0xe9]a[0xaf][0x1][0xcb][0x92][0x81][0xae][0xaf][0xbd][0x19][0xc3][0xb8]3=[0x13][0x85][0xca][0x4][0x90]hI%-[0xa7][0xd0][0xa5]c[0xf2][0xdc][0xe6][0xda][0x13]*[0x8a][0xbb][0xa6]e[0xa7](iiX+[0x12]Qv[0x8d]4[0xd8]X[0x16][0xb7][0xeb]g[0xe0][0xbc][0xcb][0xf5][0xff]\[0x99][0xea]%[0xfb][0x86]4=][0xd7][0x82]Dm([0xa9]$6[0xff][\r][0xbe]^a[0xc1][0xb2][0xb2][0xd0]y[0x9e][0xf5][0xe2][0x5]l[0xfd]F&[0xc][0x92]8[0x19]R7[0x89][0xe3][0xfc]r[0xea].[0xd8] o[0xfb][0xd7]bd[0xb9]^`[0xa0]'<[0x9e][0xef]t[0xd1]d6[0xa6][0xe2][0xdc][0xa6][0x93][0x80][0x8f][0xc2]<[0x10][0xb1][0xa0][0x1c])B29![0x1d][0xb6][0xb1][0xf7][0xe3]0[a[0xad]JL[0x17][0xcb]mi{[0xb7][0xf8][0x14][0xef]Bw[0x8][0xc4][0xa9]h[0xea][0x96]9n[0xe])[0x91]-TNP[0xe3][0xc6]6[0x13][0x2]j[0x8e][0xd1]T[0xdf][0xbb]p[0xe9]8]QR[0xb8][0xe6]=[0xa6]][0x81]\[0xa9][0x88]@P6[0xfc][\n]"
15:19:32.642 [main] DEBUG org.apache.http.wire - http-outgoing-0 << "&[0xda]|[0xf6][0xbf][0xe4][0xc3][0x89][0xd5]^o[0xe9][0xb][0xc8]~[0x94][0xf2][0xd9][0xff][0xdd][0xbf]KGy[0x88]7[\n]"
15:19:32.642 [main] DEBUG org.apache.http.wire - http-outgoing-0 << "J}[0x96]:W[0x9d]Yt[\r][0xb2][0x8b]R[0xde][0x91][0xf5][0x1b]@[0xd2]@[0xb8][0x14][0xab][0xae][0xdc][0xed][0x19][0xba][0xcb][0x16]+[0xfb][0xd5]j[0xe]8a[0xaa]%[0xd7][0x1b]x[0x81][0x8d]W[0x1d]y[0x14]{[0xb7][0x81]n[0xc]`[0xc7]\bL[0x89][0xee]g[0xca][0xc9]W[0x8d][0xbe]?[0xe8]d.[0x1]D#>[0xb4]6@[0xd2][0xe1]q1lc[0x9]7[0xbb][0x14][0x91][0xc6][0xf][0x8b][0xf4][0xb0][0xc4]-[0x9b][0xe6]5[0xf7])[0x99][0xce]C[0xf0]8[0xbd][0x89][0xc6][0xdb][0x92][0xa9][0xb9]5[0xdf]U[0xaa]i[0x8d]-`3-9[0xec][0xcc]b[0xc][0xc2][0xa9]o.[0xf7][0xe4][0xd3]v[0x9b][0xbd][0xac]Ct[0xc][0xbd][0xa5][0xf3]N4[0xb5][0x1a][0xb8][0xed]S9[0xb2][0x9c][0xae][0xf]?<[0xaf]C|[0x7]v[0xbe][0x1e]Z3[0xd9][0x18] 5[0xc3][0xe7][\n]"
15:19:32.642 [main] DEBUG org.apache.http.wire - http-outgoing-0 << "A;[0x9]:[0xde][0xcf][0x1d][0x13][0x19][0xe2][0xf7][0xd3][0xc2][0xc6][0xcc]Pf's[0xc0][0x85]@&S[0xb3][0x8][0x9e][0x4][0xac][0xfe]8)[0x90][0xf0]![0x8c][\r][0xc3][0xad][0xd2][0xa9][0xe7][0xf7][0xa9][0xad]nM[0xaf][0xf6][0x1a][0xb2][0xac]>[0xa8][0x9a][0xb3][0xed][0xb5]w[0xf9][0x81]v[0xc][0x1f][0xb2]C[0x9d]q'#[0x85][0xd3][0xc3][0xaf][0xf1]|8Y[0xda][0xdd][0xf0][0x3][0xcc] D|[0xda][0xd5]V[0xaa][0x1e][0x19]0[0x93][0xc6][0x9a][0xdf]i[0xd7][0xc1][0xc5]^yBZ[0xf7][0x13]f[0xe2][0xac][0x99][0xde][0xb7][[0xa7]j[0xc5]a[0x9f][0x94][a[0xa9]j[0xeb]7[0xb0][0x1e][0xf9][0xcd][0x9]M[0xcb]D[0xcf]hn#K&o[0xf4]Y~[\n]"
15:19:32.642 [main] DEBUG org.apache.http.wire - http-outgoing-0 << "[0x97]"
15:19:32.643 [main] DEBUG org.apache.http.wire - http-outgoing-0 << "~[0x1a][0x1f]^[0xad][0xa7][0x1][0x84]v.myziR[0xb0]B[0x99]2[0x9]3[0xb1][0xa7][0xa3]j[0xc4][0x9a][0xfa]*[0xa3]J4[0xbb][0x8b]][0x95][0x1c][0xba]u[0x95],[0xf2]#[0xe8][0xf2][0xf3]%]e[0xcf][0xa3][0xad](@[0x17][0x91][0xed] [0xf4]"[0xc7]``[0xf7][0xc2][0xdc]q[0xc5][0x8f][0xf1]>J[0xd7]&[0xe2]I[0xda]|[0x11][0xf9]Te[0xb5]@[0x9c]D[0x0]|[0x9e][0xf5]Xn[0x1f][0xf3][0xbf][0x94][0xc8]*[0xb7][0x14][0x1a][0xbe][0xc][0xd3][0xb5][[0xc2]:[0xc5][0xd0]|[0x11][0xd4]W[0x19][0xf9]-[0xb7]y[0xc4][0x9c][0x1f][0xd4][[0xc8][0x9d]/[0xa4][0x0]$[0x13][0xfd]n[0xc8][0xa6][0xf8][0xc2][0x12]8[0x98]T[0xd4][0xea][0xd3][0x8][0xfc]fZ[0xfb][0xd8][0x10][0xc6][0x15]?[0x90]re[0x84]t[0xa4][0x99]~[0x84][0x3]T[0x1a][0xbd]^[0xf3][0xa1][0x8d][0x13]K[0xca][0x1a].[0xf6]|[0xbe][0x84][0xe1][0xe1][0xd5][0x18][0xcf]/[0xfd][0xd0][0x9d][0xd3][0x13]4[0xf5][0x8f][0xd8]wZ[0x89][0xe6][0xda][0x86]E[0x97][0xd2][0xed]l[0xd7][0x12][0x2][0x87][0xc6][0xad]oG^[0x14][0x8f][0xa9][0x93][0xda]t[0x85]<[0x92][0x93]m;[0x9a][0xa3][0xe1][0xb9][0x1e][0xd5]^[0xd3][0x94][0xf5][0x88][0xf6]Ul[0xb8][0x9d]g[0xc2][0x6][0xfb]:-JF[0x1c][0xd2][0xa9][0x3][0xce]m[S[0x9c]S[0xbd]|I3v[0xf9][0xfc].[0x5][0xc9]*[0xdc][0xd8]m[0xbe][0xa6][0xa7][0x91]$[0xcc][0x16][0xc4][0x14]z[\n]"
15:19:32.643 [main] DEBUG org.apache.http.wire - http-outgoing-0 << "|[0xab]x[0x89][0xa3]L+/[0xbc]l[0x15]5[0x8e]p[0xde][0x9a][\n]"
15:19:32.644 [main] DEBUG org.apache.http.wire - http-outgoing-0 << "![0x8a]z[0xb4][0x4][0xea]V1W[0x1a][0xaf][0x1a][0xbf]8[0xca]v/[0x1e][0xc4][0xe0][0x99][0x93][0xbe]1[0x87]A[0x9d][0x9e][0xee][0xd0][0x83][0xba]^S[0x99]p[0x94]}[[0x99]z`yv[0xa9][0x80][0xa4][0x80]L[0xd3][0xb1][0x98][0x15][0xfa]c[0xb1][0xe6][0xb3][0x18][0xf4][0x9]J[0xbb]3[0xa3]q[0x1c]&[0xf7][0xaf][0xa0]K.[0xff]HL[0xe8]q[0xff][0xdd]+[0xb][0x10][0xd7][0x1f]k.[0x96]gG[0xa3]w[0x9][0xf2][0x4]N[0x1][0xdd][0x1e][0x89][0x96][0x84][0x8]J[0xbd][0x1d]Na[0x1d][0xe][0xf1][0xda][0x0][0x13][0x98][0xaf]l[0xc0][0x1e]-[_\[0xeb][0xf3]L[0x16]O[0xe9][0x90][0x8e]q[0xf3][0xcc]&([0xd7][0x92][0x1f]*{[0x7]9:c'WrO[0x87]FH[0x2][0xb5]m[0xbc]|[0xa2][0xb2]Z n4o[0x12][0xdc][0xa8][0xcf][0xd5]/[0xe9][0xa8]_[0x1f][0xbe][0xbf][0xe])[0x81]y[0xe][0xd3][0xc6][0xdc]}[0xb1][0xe3]2[0xdb][0xae][0xa2][0xc9]qx[0x94][0x86][0x85][0x92]k[0x8][0x4]a[0x93][0xb0][0xfe][0x87]%)N[0xe6][0xd0]Q[0xee]8[0xae][0xbb]K[0xac][0xdb]=[0x9d][0xc][\r][0xcc]v[0xf3][0x8]}[0x86][0x87][0x10][\n]"
15:19:32.644 [main] DEBUG org.apache.http.wire - http-outgoing-0 << "[0xa1][0x98][0x4]6*[0xf6]Z[0xaf],oH[0xb4][0xfe][0xd1]U7[0xe4]I[0x1a][0xc0][0xeb]s[0x1c]>[0xf4][0xb1]K1[0xfe][0xb1][0x8f][\r][0xde][0xb8]g[0xa1][0xd0] [0x11][0x1c][0x10]*'\[0xe8][0xb6][0xe4][0x84][0x81][0x8e][0x8b][0xac]I[0xf0][0x9b][0x86][0xbc][0xc2]%5E[0x18][0xcf][0xf7][0xdb]}[0xad][0x1b][0x82]j[0x17][0xb7]w[0xed][0x96][0x96][0xa8]:[0x1f]&[0xc3]1g[0xe8]Sk[0xc2][0xe2][0xd2]_C[0x97].[0xcd]tmQ[0x94][0xa8][0x1e][0x5]/[0xcd][0xd9][0xd0][0xec][0x86]Fx[0xb9]$[0xc4]2[0x6]}[0xe8][0xe]qR[0xe7]v-[0xf0][0xdc]8[0xd2][0x84]=[0x8f][0xdd]G[0x82]U[0xa4][0xb2][0x82]'j[0xd3][0xe8][0xef]6~T[0xda][0xa2],[0x1a][0xf4]Ufr[0x93][0xfc][0x15][0xf8][0xf5]6[0xb2][0x83][0xd7][0xf1][0xe9][0x14][0x86].[0x9d][0x94]xi[0x94]][0x15][0xbf][0xd9]2[0xa1][0xf6][0xea][0xbd]|[0xe6]2[0xca][0xca][0x8b]L5[0x8b][0xdb]R#[0x9b]T[0xe3][0xde],+[0x9f][0x11]"[0xb0]_[0x89]S[0x85][0x88][0x8a][0xfa]Yy[0xcb]|Mo[0x90][0xab][0x0][0xdf][0x95]$*[0xc5]^[0xb3]V[0xeb][0xc5][0x9d]t[0x1a][0xf4]W[0x1a][0xdc][0xea][0x5]V4[0xdd][0xff][\n]"
15:19:32.644 [main] DEBUG org.apache.http.wire - http-outgoing-0 << "XK[0xb8][0xc0][0x16][0xbf]7[0xe7][0x8]6[0xb5]V[0xa1][0xa6][0xac]//[0x90][0x85][0xa2][0xa5]<![0x97]([0xe0]6[0xec]Y[0x87][0x9c][0xfc]e[0xb3][0x9a][0xb7]`|J[0x1d][0xb6][0x81]H zC[0xa0][0x16]%[0xbd]y[0xf8]r[0x8b]W[0xac][0xe7][0x82]*[0xb0]T%[0x88]N[0xf1][0xa6]5[0xf3]y[0xc6]j[0xcd][0xb8]~[0xa6]xSc[0xec][0x9f]Y[0xca][0x97][0xe8][0x93][0xb9]<[0xcc][0xd0]Vh[0x99]O)_{[0xf8].[0xcc][0xb][0xe8][0xe6]5el[0x10][0x8b]d[0xef][0xef][0xc4]yU[0x98][0x94][0xdf],[0xe2] [0xbc]r[0x8]{[0x15][0xe0][0xe7](p[0xba][0xed]k[0xbc][0x88]L[0xc7][0xf2][0x81][0xc1]"[0x88][0x0][0xe5][0xde]{[0xed]Rf[0xf2][0x14][0xd3][0xa9][0xb5]$[0x15][0x9e]f[0x91]T3[\n]"
15:19:32.644 [main] DEBUG org.apache.http.wire - http-outgoing-0 << "[[0xad][0x1][0xa2]|>,[0xef][0xd3][0x1d][0x86][0xf4][0xb3][0x91]/[0xd0]{6[0x91][0x11][0x4]4[0x7]*[0xea][0xb][0xb5]v[0xc3][0xe7][0xb9]p[0x96][0x9d][0xa7][0x1a]n[0xe6]^[0x2][0x0][0xb6]$[0xfc][0xa5][0xf6]%[0x98][0xf3]A[0xd6][0xd4][0x1d]id[0x81][0x97][0x13]8[0x1e][0xe2][0x8d]L[0xb5][0xb0][[0xb5]X[0x9c]`hYn[0xf4][0x98]k[0xe8][0xe8][0xae]_Y[0xd1][0xcb][0xe][0xa5][0xdd][0xbe]9[0xc7][0xee]]8C[0xae][0xb9][0xa1][0xc][0xed][0xf6]O[0xa9]^[0x16][0xce]Z[0xb3][0xd2][0x89]1[0x4][0xbc][0xfc][0xb7][0x9c][0xf8][0x3][0xdc][0xe6]^[0xe6][0x13]C5[0xa4][0x93]un[0xe0][0x96][0xaa][0xea][0x1b]=B8r[0xd2][0x9c]M[0xed][0x1c]uCC[0xe4][0xb3][0xfc][0xb1]NNi[0xd2][0xaa][0xf][0xd1][0xfb][\n]"
15:19:32.644 [main] DEBUG org.apache.http.wire - http-outgoing-0 << "&[0xd6][0xaa]b[0xdf][0x86]+[0xac][0xcb]~[0xea][0x87][0xf6][0x16][0x6][0xd7]gRf[0x8d][0x83][0xcb][0xe5][0x9a]I[0xa8][0xb4][0xdc]B([0xe3]4cc[0xf8][0xb3],[0xa6]'^X[0xce][0xb7]$[0x2]/[0xbd]j5[0x86][0xf8][0xc2][0xa1][0x97][0x9d][0xf7]>[0xb9][0x83][0xb6]$[0x6][0xf1][0x8c][0xfe]][0xae][0xcc]S,[0xe0][0xbf]a[0xd1][0xb2]T`T[0x9c][0xbe]~[0xb3]E[0xa6]&[0x98][0xdd][0xe0][0xf9]-5[0xe3]/[0xce])`?[0xf0]L[0xe0]4>^[0xdb]d[0x3][0xb0]d&[0x8f][0xc9][0x17][0x85][0xf3][0x16]z7nZ[0xf]C[0xc7]o[0x83][0xb2][0x17]WzsV[0xe7][0xaa][0x17]a[0xaf]GE"[0x92][0xe3][0x89][0x92][0xd5]n?[0x8e][0xfc][0xd6][0x98][0xad][0xbf]i[0xc8]|T[0xb2]ZF[0x8e][0xb1][0x98]N[0x83]g[0xed][\n]"
15:19:32.644 [main] DEBUG org.apache.http.wire - http-outgoing-0 << "5>[0xa5][0x15][0xb5]k[0xec]/1[0xde][0xd1][0xf]8[0x5][0x10][0x93][0x91][[0x1e][0x92][0x96]W[0xcf][0xac][0x8e]D[0x84]1[0xfa][0xcc]<A#}3[0xeb]ac[0x87][0x1f][\r]5[0x9b]{[0x99][0x94][0xb6][0xa6]12[0xbb][0x88]`[0x8c]/[0xd8];[0x4]K[0x93][0x1f]![0xf5][0x91][0xe1][0xb6][0xce]Yi[0xac][0xb2]J[0x0][0xa1][0xca][0xc0][0xbb][0x94][0x88][0xab][0xaa][0x19]S[0xed][0xff][0xce][0xe3][0xb5]{wN5[0xed][0xa5][0x9f]ZU[0xbc][[0xe3][0x91]E[0xc]"
15:19:32.645 [main] DEBUG org.apache.http.wire - http-outgoing-0 << "[0xf4]h[0xb2]t[0x9d][0xfb][0x87]L[0xa3][0xb6][0xfa][0x94]y[0xc0]6[0x82]=[0x17][0xca]z[0x9a][0xe8][0xc5][0xd1][0x16][0x8]#[0xe0][0x8b]tW[0x1a][0xa0]5[0x82][0xcd][0xfc]*[0xdf][0xc1]b[0xde][0xf7][0x96]$^[0x8a][0x2]oA[0x8d][0xb8]Yo[0xba][0x1a]X[0xd1]$QcSv[0x8e]*AB[0xff][0xc0][0x95][0xe5]p[\r][0xd0][0xf]"[0xf5]R[0xee][0x18][0x1][0xb2][0xf4]i[0xd6][0x88][0xf1]$[0x7][0xcd]7[0xe8]Y|s`[0xd6][0xb4][0x98][0x98]R[0xfc][\n]"
15:19:32.646 [main] DEBUG org.apache.http.wire - http-outgoing-0 << "v[0x9b][0xac][0x1a]^[0xb0]m[0xc1][0x1e][0xa7][0x90]BW[0xf0][0xca][0x1a][0xb3][0x88][0xdd]1[0xbc][0x1f]ZmVB>E[0xce][0xae]o[0xed]^[0xf7][0xe2][0xd3]J[0x8f][0xe7][0xd6]L6[0xe2][0x88]{[0xca][0x0]9V[0x84][0x1f]r[0x18][0x9][0x8]4[0xa2]m[0xf3][0x9b]7[0xca][0xca][0xdc][0xc][0xd5]^[0xef]z[0x17]j5([0xb4][0xa1][0x9a]u[0xff][0xed]5,@[0x9e]K[0x7][0xba]%[0xe5]}!myc[0x10][0xbe][0xe0].+[0xbf]|[0xc8]P{J[0xdc]<[0xd5][0x1e]j[0xc4]ZwY[\n]"
15:19:32.646 [main] DEBUG org.apache.http.wire - http-outgoing-0 << "v>[0x89][0xd9]|[0x92][0xac][0x17][0xde][0xb6]E>[0x19]X[0xaf][0xe0][0xce]'[0xbb]HK[0xaf][0x81][0xd7][0x13][0xa7]tk~[0x8a][0xd7]a<[0x1f][0xe7].E[0x87]9L[0xed][[0x84][0xb7];[0x9d][0x8]~U[0x12]Kpf[0x8e][0x97]&[0x5]Q[0x93][0x14][0xdd][0x96][0xc0][0x9b]"-@[0x8b]<[0x9f][0xc4][0xf6][0xec][0x12]j[0x15][0xb4]j[0xbd][0x99][0x89][0x9c]k[0x84][0xd3][0xf5][0xcb][0xb4]%S[0xb5][0x99][0xa5],[0xe1]d[0xf5][0x8f][0xdd][0xf6][0xab][0x98]E[0xf9][0xcc]yz#[0x95][0xe9][0xfe][0xf9].[0x9c][0x88]184[0x99][\n]"
15:19:32.646 [main] DEBUG org.apache.http.wire - http-outgoing-0 << "[0xc4][\r][0xc2][0xce]4[0xd3]^[0x90][0xd0][0x9c][0xfa][0xe6]&[0x8f]5[0xbd][0xca][0xa6]/tH[0x85][0xba][0xf2][0xd6][0x1b]E[0xb]s[0xf9]M[0xf0][0xcc][0xee][0x7][0xae]6[0xcf][0xe1][0xa9]u[0xeb][0xf2][0x88][0xcc][0xcb]/[0xa4][0xa5][0x9a][0xfc][0xf5]r[0xba][0x9e][0x1f][0xbe][0x18]a[0x8a]T[0x16][0xcd]5[0xf][0x8e][0x8b])[0x0][0x9]H[0xdf][0x95][0xca]2[0x97][0xf9]ks[0x82]T[0xcb][0xe8][0x86][0x11][0xdd]R6[0xae][0xab]*[0x90][0xae]+[0xce][0xf7][0x14][0x8c]G[0x87]([0xf3][0xbe][0x1c]m[0x1b][0x13][0xc1][0x5][[0x0][0xd9][0xf5]p[0xb2][0xa6][0xc6]![0xc6][0x11][0x1][0xac][0x9d]?6[0xa4][Z[0xb6][0xcc][0xcc][0xa9][0xde],[0xd2][0x86][0xda][0x9c][0xdf][0x85][0x1][0xc2][0xd8][0xc3]7+n[0x9c][0xbc]D[0x14][0x97]j[0xa6][0x87]}[0x85]"H[0xb][0xd3][0x9e][0x83]u3[0x3]W-d[0xb]J[0xc2][0xc]\[0xb7]MK[0xa2][0xf9][0xe9]Z[0x18][0xd6][0xbd][0x96][0xac][\n]"
15:19:32.646 [main] DEBUG org.apache.http.wire - http-outgoing-0 << "=5[0x6][0xb2][0xdd][0xc6][0xa8][0xf0]w[0xbc][0xd9]T[0xd9][0x13][0x9e][0xa4][0xc0][0x94][0xdf][0xb2]!|[0xc5][0x16][0xd4][0xfe][0xf9][0xf9][0xcd]8|[0x18][0xef][0xbf][0xc0][0xb5]J[0xdd]3X[0xed][0xba][0x15][0xf8][0xa1][0xf8]F "[0xe0][0x8a].7[0x85][0x91][0xf7]q[0xd1][0xb9][0xf1]Zqi[0x1][0xba]rPj[0x9c],[0xa0][0xd0]t[0xa5][0x1d]?[0xa9][0x15]x[0xb0][0x85][0xa4]w [0xee][0xe1]^[0x5][0x9d][0xd2][0xdc][0xb6]]]]><![CDATA[>nW[0xad][0xce][0xa6][0x2][0xde][0xd4]L[0x1d]W[0xa4][0xb5]*[0x84]{[0xd1][0x9e][0xb][0xa9][[0x99][[0xa5][0xf4])N[0xdd][0x9b]q:6[0xd8]2$[0x1d][0x84][0xc6][0x14]j8[0x8b]gra![0xf6]Ai[0xd4][0x17]B[0xa5][0x9c]8[0xf][0x9c]LV[0xc1]R[0xae][0x87][0xbe]w[0xae][0x16]o@[0xa8][0x85]]*`[0xfd][0xd1]w9|}[0x1e][0x88][0xb1]U>[0xec][0xbf][0xc2]x[0xe9][0xe3][0xc3][0x97][0xd3]8[0xf4](Z[0xbb][0xc1]Y\[0x1d])A[0x9][0xcc][0xbf][0xd3]67[0x91][0x8a][0x96]%t$[0xcf][0xce]\1[0xda][0xf0][0xe6][0x15][0x5][0xb4]Hk[0x9c][0xa0][0xdb]z[0xab][0xe5][0xd3][0x97][0xf9][0xb2][0xe6]Q[0xb6]L[0xbe][0xf9][0xd0]_[0xc1]b[0xa7]3L[0xed][0xf4]C8[0x1f][0x1b]`:[0xb6]>[0xe8][0xd0] &![0xa1][0x9a][0xb7]a[0x90][0x12]X[0x9b]&[0xa5]k<[0xb9][0xba][0xa7][0x1d][0x96]+[0xd3][0xcc][0x1b][0xb3]sT[0xac];[0xb4][0x93]6[0xf][0xf9]^+[0xdf]][0xa9]N[0xc6][0xa3][0xca][0x9f]L[0xa2]J[0xe1]P[0xd0][0x1b][0x3][0x88][0xa5][0x5]+[0xe9]U^[0xf3][0x93]l[0xa8][D[0xea][0xce][0xd6])[0x86][0xe]x[\r][0xe7]~lQrp[\n]"
15:19:32.648 [main] DEBUG org.apache.http.wire - http-outgoing-0 << "[0xad][0xf5]@[0xfd]C[0xf4]m[0xe4][0x84][0xc9][0xdb]Q[0xb2][0xc7][0x9b]G[0xfd]$[0xb3][0xc3]V[0xb9][0xec][/[0xbc]>[0x81]o:[0xfa][0xc2][0xbd][0x8f]W-[0x9a]f[0x97]+j[0x89]"x.[0xbd]Cur-.[0xc7][0x8][0xeb]'[0xe3]y[0x4][0xea]As[0xba]T)M[0x1e][0xc1][0xa3][0xad]VT<[0x84][0x82][0x5][0xce][0xa9]b[0xae][0x96])t[0x4]M?@#[0x82][0x9c][0x86]2[0xa8][0xac][0x81]q[0xe4]K(d[0x15][0xfe][0xc8]([0x83][0x9d][0x16][0x3][0xe3][0x91][0x6][0xa2][0xb7]m[0x97][0xf][0xc6]U[0x8b][0xa6][0xad][0x98]ZyFv[0xf0][0x87][0xce][0xab][0xbd]6[0x92][0xeb][0xd7]}[0xf2]E[0xf7]?[0x1f]Nc[0x84][0xa5][0x93][0xd3]2[0xc4][0x96][\n]"
15:19:32.649 [main] DEBUG org.apache.http.wire - http-outgoing-0 << "[0x14][0x97][0x9d][0xeb]d[0xc4]F[0x92][0xa3]1[0xf1]][0xd9][0xb8][0xed][0xd8]Y[0xd4][0x8e][0xca][0xa4][0xc2][0x6][0xe7][0xa6][0x8a][0x8d][0xe5][0x92]/pN[0x84]G[0xe0]w[0xda]_[0x9][0xd4][\n]"
15:19:32.649 [main] DEBUG org.apache.http.wire - http-outgoing-0 << "[0xcb]Fw[0x9b][0xaa][0xcc][0x98][0xf9][0x15][0x9a]t[0xb0]f[0x19][0xfe];[0x16][0xeb][0x9e]z_(U[0xf6][0xfb][0x19]j{[0x90][0xd9][0xc]Wd[0xc2][0xdd]P[0xda][0xcc][0xd1][0x2]lEd[0xfd][0x13][0xdd][0x12]A[0x98]#[0x86]eBm@[0xfc][0x6][0xa3]=r[0xea][0xb4][0x9b][0x95]/[0xcb][0xac][0x18][0xa1][0xee][0xde][0xb2][0xd4][0xdd][0xe5]FRT[0x98][0xae][0xcc][0xbd][0xf3][0xd5]n[0xe3]Q[0xea]"r[0x16][0x8a]Y[0xd5][0x90][0xae][0xe8]hv[0xe1][0x8c][0x91][0xbb][0xc6][0xc8][0xe4][0xda][0xf3][0xdb][0xb1][0xf3][0xa0]c[0xed]p[0xa4]utG[0x95][0x1c]m[0xdf][0xa4].[0xdc][0xa0][0xcc][0x99]p[0x0][0xfa]8c[0xeb][0xcf][0x99]_[0xdf]m[0x88][0xc6][0xe6]3!2[0xa0][0xff][0x14][0xf9][0xaa]\[0xe3]FNs[\r]h[0x8c][0xef]A[0xeb][0xff][0xc7][0xf0][0x14][0xe][0xdd][0x8]r[0xcd][0xad]#C)[0x19]m[0xb3]8[0xca]S[0x11][0xb2][0xaa][0x8b][0x95][0xac]q[0xec][0x4][0xa2]Yp![2[0x9][0xae][0x9a][0xfa]?[0xa6][0x18][0xc8][0xd2][0xca]E[0xc3][0xd0][0xaa]X4[0x16][0x17]V"[0xe9]J[0x1a]0[0xfc][0xab][0xe][0x86][\n]"
15:19:32.649 [main] DEBUG org.apache.http.wire - http-outgoing-0 << "H[0x6][0xa5]B[0xae]t[0xbb]v[[0xb8]Z[0xeb]Lu[0x80]b[0xd8][0x8d][0x8e];[0xf0][0xd0]Q[0x18]$Y[0xa4]5G[0xa8][0xca][0xce][0xb4][0xb3]@[0xbf][0xb5]I[0xce][0x85][0x8c][[0x11]D[0x13][0x88][0xb9][0x8f]X[0xdf][0xba]pa[0x4],[0xc4][0x4]x9[0xc][0xb0][0xfc][0x4][0xf7][0xae][0x9d][0x86].[0xc2][0x81][0xfd])[0x9b][0xb6][0xc8][0xa7][0xe2][0xaa][0x8d][0xcc]v[0x19][0xc][0xbc][0xf9]=S"
15:19:32.654 [main] DEBUG org.apache.http.wire - http-outgoing-0 << "[0x90][0xce]T[0xb3][0xa5][0xa7][0xd9][0x9a][[0xf8][0xdf]aNG[0xe8][0xfe][0xc7]i<[0x85][0xf9]9t'T[0xac][0xff]X5[0xcc][0x9b]7HC[0x90]e[0x94][0xf9][0xd2][0xe9]x|![0xcc][0x85][0x9][0x2][0x1e]8[0xde][0xbc][0xec]w][0xe7][0x12][0xe0]d)u[0xf5][0x1]k [0x19]*[0x8d],[0xb2][0xc9]h[0xf7]n[0x1b][0x96][0xb9][0xb7][0x8e][0xdc][0xa2][0x9c]([0x5]2[0xca][0xef][0x11][0xfe][0x90]/V[0x19][0xec]M[0xf3]z[0xe][0xf7][0xaf][0xfa][0xe9][0x9c]R[0xf0][0x8]M[0xa9][0xf6][0xdc][0x1a]~[0xe1]Z/OIg[0xe5][0xc6]u[O[0xea][0xec][0xca][0x8d][0xa6]^wu1[0x86]E[0xd0][0xac][0x1e]I[0x2]|[0xd9]:[0xa6]`[0xb5][0xb4][0x87][0xa1]l[0x8e][0x9][0x81][0xa8]p[0xd3][0xf1][0x15]f[0xdc][0xd4][0x1d][0x15][0xf7]/[0xe3]-[0xbc][0xbc][0x85][0xdc][0x93][0xcc]7[0x1d]7[0xb6][0xd1][0xd1][0x8a][0x89][0xf8][0x80][0x95][0xf1]9.K/[0xeb]O6J:[0x6]u[0x5]~c[0xf9][0xa8][0xca]w9%+[0xcc][0xea]|[0x8f][0xc0]55+[0x9c][0xae][0x80][0xb1]x[0x80][0xc4][0xef][0xd9]s[0x1d]?[0xa3][0x15]s[0x8f][0xf6][0xab]-[0x1e]Sw[0xf8][0xcf][\r][0xcd][0xd2][0xd2][0xd8][0x8d])a&[0x9][0xf8][0x85][0xb4][0x1b]r_[0xb4][0x8c][0xe9][0xe1][0xd7]+[0xec][0x1f]~[0xb][0xba][0xf][0xad][0x98]"e[0x8a][0x83]V[0xc]9[0xcb] L[0xfa][0xcd][0xe][0xec][0xa5][0x6][0x9c][0xe][0x10][0x96]lS[0xb6][0xe]V[0x91]h[\n]"
15:19:32.655 [main] DEBUG org.apache.http.wire - http-outgoing-0 << "[0x82][0xc8][0xac][[0x1b][0xa5]u[0x83][0x17][0xce][0xbf][0x10]$[0x94][0x92][0xc0][0xdf][0x9a][0x5] [0x8c][0x80][0x7]I6>[0x2][0xe8][0xe4][0xc6][0xac][0x96]<[0xfb]7[0x9c]y[0x9f][\r][0xc9][0x9f][0xaf]F8[0xcc][0xe9][0xae]<|[0x1b][0xa7][0xb]@]/![0xa5][0xb9][0xb7][0xe5][0xad][0x11][0x88]s;[0xc9][0x10]F[0x80]|[0x19][0xdd][0xe][0xb]LY[0x12]eGf[0xce][0xaa]MB[0xbf][0x10][0x8b]q2[0x89][0xf9][0xea][0xb][0x14][0xde][0xa4]Mb[0xa3][0xed][0xff] [0x9d][0xbd][0x8f]O[0x88][0xe4][0xe3]o[0xd5][0x92]f[0xdc][0x19][0xee][0x91][0xdf][0xd1][0x93][0xb][0xd1]kmW[0xa0]_[0xaf][0xa9][0x1a][0x88][0xe9]F[0x9f][0xc2][0xe5][0x12][0x9b][0xda][0xe9]([0xeb][0xe][0xb6][0xf2][0x95]][0xd4]Q/[0xb][0xd5]x[0xd4][0xf0]h2[0xcd][0x4][0xa7] [0x15][0xfc][0xa5]Y7[0x9e][0x15][e[0xac][0xc][0xd7]E\[0x94]P[0x93][0xcb][0xc8][0xcf]\[0xc1][0xf3][0xc0][0x83][0xe][0x9a][0x5][0xf][0xea][0xdf]9U[0x9e][0xdd]F[0xac][\n]"
15:19:32.656 [main] DEBUG org.apache.http.wire - http-outgoing-0 << "[\r][0xac][0x84]4S[0xcc][0xfa][0x93][0xba]'[0xc8][0xb2]sc[0x12][0xb7] W[0x90][0x8d]L[0x89][0xe2]rm[0xb8]Hn[0xa8][0xf9]h[0xe3]_[0x1e]jq[0xf8].![0xc7][0x11]U%[0x15]m`[0xe9]O[0xc3]E<[0x92][0xfc][0x8f][0x93]KTf}[0x9f][0xcd]T[0xfb][0xbe][0xef]^K[0x95]u[0x5][0xd5]W[0xf8][0xf5][0xd5]AIMi[0xd9]t[0x8b]N[0x9f][0x8a][0xae][0xe4][0xfa]7[0xd6][0x8][0xbb][0x8b][0x99][0xf][0x9b][0x1e][0x9d][0xa6][0x4]3[0xb]([0x94]U[0xf3]on[0x1d][0x91][0x17]X[0xf1][0xed]Em[0x85][0xb8]E[0x1c][0xd9][0xda]B[0xdb]s[0xca][0xcf][0x86][0xf0][0xd0]nc[0xd5][0x8a][0xa4][0x83][0xea][0xa5][0x89]~[0xa2][0xf1][0xda]if[0x85][0xab][0xeb][0x86][0xc5]^N[0xc9][0x12][0xe3][0xc3]OcrA[0x8f]a[0xbd]('i#[0x9]\[0xfd][0xe4][0x96][0x84]#[0xe5][0xdc]0[0xa2][0xe1][0xc4]ia[0xd6][0x8d].1|O[0xc][0xc1]Y[0xd9][0x84][0x96]1[0x80][0xe6][0xc5]x[\r][0xc4]l[0x9d]s[0x11][0xbd][0xdd][0x96]*k[0x8][0xc9][0x5][0x0][0xec]-7[0x14][0xc9][0x18][0x15][0xd4][0xc4]D#[0xaa][0x8c][0xf5][0x8f])[0xc][0xcf][0xdd]4[0xce][0xc9][0x1f][0xa7][0xa2][0xbe]u[0xc2][0xc8][0xa3]{[0x96][0xf3][0x91][0xbb][0xca][0xc8][0xe]pC[0xca][0x14][0xfa]l[0xcd][0x94][0x8d]c[0xe1]4[0xb9][0xfd]o&[0xaf][0xfe][0xe1][0xa7][0xc3][0xd5][0xbc][0xc0][0xb0][0xb7][0xab][0xc7][0xd5][0xb0]\[0x95]M;[0xfd]5[0x9f]r[0xab]V*k[0x97][0xc3][0x96][0x82][0x8b]2[0x6][0x8b][0x15][0xd4][0x1e])}[0xa1][0xf4]f[0x1f][0xa0][0x92][0xed][0xa6][0x88]z[0xb6][0x8d]5a[0xab][0x9][0xd4][0xb]T@[0x15]+%[0x88],[0x16](#~[0xaa][0x8d][0xce]k[0xf9][0xca]qL[0xdd]HG +[0xab]-[0x5]S9[0xcb][0xdc][0x92]5[0x85][0x8a][0x16][0x8a][0xbc][\n]"
15:19:32.656 [main] DEBUG org.apache.http.wire - http-outgoing-0 << "KZ[0xfc]n"8[0xcf][0x9e][0xe2][0xc][0x1f][0xbd][0xdb][0xb2]e[0xd5][0xc1]w[0xa0][0x94][0x13][0xe2][0xc7]o5[0x8d][0xbe]L.([0x85][0xff][0x7]U[0xe9]'[0xa7][0xbf])[0xcc][0xb8][0x9a][0xc6][0xb9][0x1b][0x83]*[0x16][0x86][0x17][0xd5]V[0xb8][0xd0]0[0x15]:[0xc2][0x9c]Q[0xc5]L[0x8][0xd3]F[0xca][0xe6][0xfc][0xb2][0xcf][0x89][0xc5][0xc]?[0x9f]z][0xe5][0xb9]J[0xdd][0xb8]GR[0xb4]4d]w[0x8c]GRC[0xc0][0xbe][0x81]8l[0xf4]x:[0x1c][0xd5][0x8][0x11]_[0x9e]`U[0xd3][0xf8][0xf2][0xf0][0x8f][0xa9][0x87]/[0xd1][0xbd][0x1d][0xa7][0x14][0x13][0x1a]A[0x94][0xfb][0xa8][0x1c][0xac]5%([0x9f][0xd8][[0xec][0xa8]d[0xe6]K[0xc4][0xbd],[0xc5][0x15][0x99]>[0xa3][0xbc]I[0xc3][0xdf][0x1b][0x8e][0xc9]8F[0xc0][0x81]Gb[0x83][0xcd][0xb9]j[0x1a][0x1f][0x14]+9[0xa6]X[0xec]Q <b[0x1b]8.[\r][[0xd6][0x18][0xd6]Hus[0x86][0xe1][0xa2][0xcf][0xdd][0xb8][0xfb]_[0x8e]c[0xfa][0xd1][0x7][0x12][0xbc]:[0x86]K[0xdf][0x9e][0xa0][0x94][0xd9][0xdf][0x11][0x89][0xb3][0x9e]2[0xaf]8[0x9e][0xee][0x8a][0x9c][0xdd]6[0x17][0xd6][0xe8]4ZF[0xf4][0x90][0x1a][0xa4][0xc5][0xce]x[0xd6][0xb9]s[0xc2];|Jxt[0x90][0xd3][0x1c][0xd7][0xe5][0xda]i[0xad]?W{[0x9b]MwQ[0x4][0xf1][0x9a][0xeb]O?[0xbf][0xf4]S[0xf7][0x1c][0xfa][0xe5]|[0x1d]Zp[0x1][0xbf]V[0xce][0xa4])[0xdd]w[0xf6]O[0xe6][0xb2]1[0x96]<'I[0xa7]CX[0xac]Ve`[0xfe]Fq[0x84][0x87]^[0xf8]zf[0x8b][0xb1][\n]"
15:19:32.656 [main] DEBUG org.apache.http.wire - http-outgoing-0 << "[0x9][0xd7][0x9b][0xeb]G[0xfe][0xfa][0xa7][0xdc][0xe]U}[0xe0]U[0xb9]d[0x8f][0xa8]"[0xd1][0xab][0xe4][0x0][0xf5][0xd1]9[0xa7][0xf8][0x9f]B[0xea]5[0x9c][C2[0xb3][0xeb][0xb2]3m[0x7]c^[0x94]Bx[0x95]Y[0x9]][0xa9]$[0x94]>[0x8d][0xc1][0x81]a[0x9][0x9][0xfe][0x1c][0xec]s[0x89]4[0x4]O[0xab][0xa6][0x10][0xb6]rv[0xdb][0xa4]L[0xf7]][0xd0][0x0]G[0x85] [0xa2]HK6[0xaa][0xcb][0x1]X[0x14][0xdd]K[0xf2]3M!>[0xea]hz[0x89][0x1d]~[0x2][0xea]X[0x12][0xaf]K<[0xcf][0x11]qo[0xb5]X[0x9]C[0x12][0x19][0x19][0xeb]'[0xde]@[0xe5][0xc7][0xb2]x[0x9b]|[0xdc]C[0xce])mPm[\r][0xe0][0x1e]EK[0xdd]S[0xee]!i[0x96][0x1c]k[0xce][0xf1][0x8][0x1d]w[0x9a][0xc6]k[\r][0xc7][0xae][0xd9][0x94]S[0x94]4T[0x96][0xa8]*[0xe7][0xe1][0xc2]-Z[0xf6]?K&1[0xca]BGVw"
15:19:32.657 [main] DEBUG org.apache.http.wire - http-outgoing-0 << "[0xe3][0xc3]{[0xac]s[0xb1][0x4][0xc4][0x18]:[0xc9]'[0xa9][0xe8][0xdd][0xff][0xcd][0x5][0xaa]V([0xaf]~[0xa6]!:[0xb4][0xae][0xbd]>[0xe0]g[0xec][0xea][0xa2]X[0xc8][0xd0][0xec]pf[0x11][0xc6]V[0xdc]a[0xce]-[0xe0][0xb][0xb]:Qm[0x9b][0xd3][0xf8]L[0x9d]]Ug[0x9c][0x90]q[0xce][0xdd]1[0x10][0x8a][0x16][0x82][0x90][0xdd]][0xb7]Q[0x87][0xf3]q[0x83][0x83][0xdf][0xb2][0xb7][0xdb]^e*[0x9f][0x8b]T[0x8][0xd7][0xad]A5[0xfe][0x1][0xba])[0x1d][0xfc][0xe6]T2[0xb7][0xda][0x2]~i[0x9d]m[0xb9][0x94][0x7][0x12][0xed]K[0xa4][0x18]K[0xba][0xc9][0x3][0x12][0x8f][0xb4]([0xb3][0xda][0x0]Qh[0xde][0x1f][0x9][0xc9]r[0x92][0x96]:7[0x80][0x85][0xa8]4NM[0x0]P[0xb3][0x8e][0x9b][[0xb9][0xff][0xfa][0xe7][0xdc]De[0x16][0xaf][0xa4]O[0xb7][0x1a]N[0xe4]X[0xdb]{;~[0x1e]_N[0xb0]!`X[0xc6]>][0x8a][0xa5][0x5]n![0xc7][0x1b]}/[0x87][0x15][0xf1]H[0xe6][0x81]1BS[0x10][0xcf]N![0x7][0x1c][0xb2][0x9e][0xee][0xdb][0xe4][0x8c][0xc8]Mq [0xdc][0xcd]5GPDf[0xb7][0x1d]*[0x96][0x8d][0xdd][0xe5]LA[0xb4][0x89]D[0x7][0xb1][0xf5]9t[0x87][0xe9][\n]"
15:19:32.657 [main] DEBUG org.apache.http.wire - http-outgoing-0 << "3:[0x9b][0xe3]M[0x98]P[0x8b]H3;[0x18][0x9]w[0xdc][0x9e][0xde][0xd2][0xfb]Z[0xdd][0xd0][0xa1]m[0x8b][0xe1][0x6][0x9e][0xbb]5[0x2]?[0xfd][0xb7][\r]PO[0xad]*[0x92][0xb4]j[0x89][0xae]$,[0x8f]36d1[0xe2][0x1c][0xa6][0x87][0x8f][0xe7]g[0x80][0x91][0xcf]q[0x81]$[0xb8][0xe9][0x8e][0xd1][0xcd][0xaf][0xd9][0xe7]i[0xd2][0xec][0x92][0x8e]B][0x8c]B[0x8d][0x95][0xc5][0x1a][0xee][0xb5][0xff][0x1b]sQ2[0xf6][0xe2][0x9e][0x88][0xe2][0xe2][0xb6]W%[0xe6][0xa2][0xc4]i[0xb9][0xfb][0xdd]O[0xb8]Q[0xd5][0xe5][0xdc][0x14][0xb]v[0xdb][0xb8]L[0x9b]=[0x95][0xcd]W[0x92][0x1b][\r][0xdf][0xd7]@[0xc8][0x89][0xc3][0xc3][0xeb][0x15]@[0xef][0xa9]K[0xa9][0xc2][0xa1][0xa5]}[0xea]e@[0xfc][0x9a]n[0x13]<[0xc1]d[0x8f])[0xa2]~[0x95]1[0xcb][0xd4]ag[0x92][0xf9][0xc8][0xd6][0xe7]\/.[0xe0][0xb9]\'0[0xf4][0x91][0x17]r[0xae]m[0x8c][0x1f]L{u[0x86]|y[0xec][\r]W[0x9e][0x9b][0xae]Zwl[0xa9][0x8c][0x1d][0x13][0xf3][0xc4][0x14][0xd7][0x99]x[0xa9][0xc8]F[0x5]1[0xc3][0x82][0xe3]i[0x19][0xbb][0xa7]8[0xbe][0xb]CK[0xc6][0xc0]s[0x15][0x18][0xe1][0xa3][0x95]~[0xba]![0xaa][0xa0]b@E[0x8c]][0xa3]U[0x80]P[0xff]b[0xf3]F[0x13][0xcd]e[0x10][0xbd];\X^1[0x6][0x12][0x9b][0x8d]n[0x1d]c[0xce][0xed][0xd8][0xb6][0xd9]_r[0x9b][0x95][0xf9]v[0xb1]o[0x95]Q[0x89][\n]"
15:19:32.658 [main] DEBUG org.apache.http.wire - http-outgoing-0 << "[0xb0][\n]"
15:19:32.658 [main] DEBUG org.apache.http.wire - http-outgoing-0 << "+[0x94][0xea][0xe3][0xfd][0xab][0x8]y[0xc2]SwI[0xee][0xa6][0x9f][0xdb][0xc8][0x1e][0xa6][0xa6][0xfe][0xe6][0xd0] p W[0xac][0xe3]d[0xe4][0xc3][0x9d][0xcd][0xd0][0xe1]Sr[0xeb][0xa6][0xe7][0xaa][0xb5][0x14][0xf8][0xfe]h[0xd2]I[0x12]??[0xfd][0xa9]S[0x6][0x99]N`[0xbd][0x86][0x91][0x2][0xd7]^[0xb3][0x95])y4[0xf5]Jp[0x2]^z5S[0xcc]\D[0xa8][0xba]R[0xc0]o[0x90][0xe][0xc6]s[0xca][0xc4][0xa6][0xfe][0xb0][\r][0x98]r[0x17][0x88][0xf1]Y[0x7]e[0xf2][0xbd][0x15]0[0x3][0xe][0x92]%[0xc5][0xa1][0x98][0xd3][0x80][0xec][0x8b][0xe0][0x84][0x95][0xa7]5][0x85][0xe1][0x86][0xfb]4G[0xc5]38[[0xb][0xf4][0xbf]g[0xbb]2[0x95][0x97]:[0xd3][0xb7][0x4][0x87][0xc6][\n]"
15:19:32.658 [main] DEBUG org.apache.http.wire - http-outgoing-0 << "p)K[0x1a][0xf8]i</[0xe3][0xf0][0xf0]m[0xf2]y[0xdd][0x92][0xfc][0x16][0xf4]w[0x1b][0x91]$x[0xc2][0xaf]_[0x16]Hi+[0xf3]w[0x8f]4[0x9d]b[0xda][[0xd5][0xcb]2[0x1f][0x82][0x9e]M\)[0xd0][0xf]p-4[0xfd][0x1b][0xcc][0xef]t[0xaf][0x2][0x19]-[0xe7][[0xdf]@[0x7][\n]"
15:19:32.658 [main] DEBUG org.apache.http.wire - http-outgoing-0 << "[0x93][0x95]I=K&K[0x1e][0xc6][0xef][0xa1]a[0x97]i[0x88]<[0x8f][0x90]R[0xfa]un[0x92][0xe7][0x87][0xe0][0x86]{[0x89][0x1e][0xef]T2[0xfd]=[0xb4][0xa9]@?LN[0xfb][0x82][0xa3][0xe9]i`[0x1c][0xb5][0xe9][0x95][0xf3][0x81][0xc6][0xbd][0xb4][0xc3][0xbc]?[0x80][0x0][0xaf][0x86][0xda]m[0x93]2q[0xc7]/G0[0xb9];[0xdd][0xab][0xc8]/[0xb3][0x8][0xa9]/H[0x1b]h[\n]"
15:19:32.658 [main] DEBUG org.apache.http.wire - http-outgoing-0 << "h[0xf8]_/[0xc9][0x9b][0xb4][0xc9][0x17]X[0xc1]=[0xf2][0x16][0x14][0xf6]C[0xf4].[0xd0][0xa9][0x9b][0xc6][0xbe]e[0xda][0x9e][0xf7]cJ[0xb9]\sk[0xfa][0xa4][0x97],p[0xee]'S[0x93][0xb2][0xd1]Ff3U[0xfe][0xec][0xe8][0xfe][0xb9][0xa0][0xd6][0xb7][0xd2][0x8c][0xbf][0xe6][0xd6][0xdb]`[0xfe],[0xd2][0xa9][0xb0][0x9][0xd5]F[0x8f][0xf0][\n]"
15:19:32.658 [main] DEBUG org.apache.http.wire - http-outgoing-0 << "$[0xce][0xd7][0xe1][\n]"
15:19:32.658 [main] DEBUG org.apache.http.wire - http-outgoing-0 << "[0xf2][0xea][0xc3]8A[0x80]l[0xdd]7v[0xe9]2[0xd3][0x97][0xa5][0xec]L[0xb9][\r]2P[0xe9][0xc5]KYbF7[0xf1]Z[0x81][0x93]}[0x84]x[0x1f][0xaf]O3g[0xcc][0x2][0xf6]|G[0x15][0x18][0xdd]k[0x9d]j[0x4]u[0x14][0x8a][\r]7M[0xf0] [0x10][0xdb]&[0x3][0xbb][0x1a][0x18][0xe6][0x84][0xa8]v[0xb8][0xff][0xea][0xf3][0x14]$cw[0x84][0xef]94ix[0x92][0xe6][0x9b][0xfa][0x95][0x9b][0xa4](&[0xf9]0[0x93]g[0xf2][0x92]nG][0x17][0xaf]t[0xe6][0x88][0xa0]^[0xa9][0x9][0xef]Y[0xf0][0xa2][0xa2][0x8a][0xb0][0xd1]V[0xa4][0xf8]r[0x93]p][0xda][0xaf],[0x14][\n]"
15:19:32.658 [main] DEBUG org.apache.http.wire - http-outgoing-0 << "u[0x6][0xd3]b[0xe1]v[\n]"
15:19:32.659 [main] DEBUG org.apache.http.wire - http-outgoing-0 << "[0xec][0x1]7[0x84][0xc2][0x1][0x8e]K[0xbb][0xef][0x8f][0x4][0x94]/[0xc2]|[0xea]a[0xd8],%[0xb9][0x97][0xad]3([0xaa][0xe1][0x88]w[0x8b]Ow[0x8e][0x80][0xbf][0x92]L7[0xf1].[0xf2][0x90]ux[0xf0][0x86][0xab][0x82]&*5[0x8a]@!v[0xb1]267[0xbe][0x11][0xec]N[0xe8][0xda]TpI8[0x8d][0xe0][0xdc][0xcf]G[0xba]=[0x85]=[0xcb][0xa2]@[0xc7][0x5][0xab][\n]"
15:19:32.660 [main] DEBUG org.apache.http.wire - http-outgoing-0 << "[0xc5][0x1f][0x1][0xa6][0xf3][0xca]2[0xac][0xe6]N[0xd2][0xef][0xfb][0xf]q9[0xd1][0xc8]P[0x13]Af[0xe]A[0xd1]_ ([0xd4]5[0x9c][0x19][0xe7][0xf5][0xd5][0xd6][0xc2]&[\r]hUi[0xb0][0x80][0x90][0x3][0xe0][0xac][0xa0][0x1f] [0xa3][0x11][0xac][0x81][0x8a][0xf8]J[0xd9]q[0xe8][0x11]|X6*[0xb7][0xd7]~[0xd5][0xaa]b[0xec][0xd3][0x1a]V[0x95][0x8e][0x1f][0xef]mm[0x81][0x17][0xff][0xe6]q[0xf2][0x87][0x9f][0xf][0xa7][0xf5]r[0xe9][0xe6][0xe4][0xa1][0xc7][0xd6]P,[0xab]B[0x7]Y[0xe][0x15]2}~[0xda][0x5][0xc4][0x1d]Hw7[0xe9].[0xca][0xdd]w[0xea][0xb9][0xa3][0xa0][0xa6][0xb6][0xc]\~J[0x92];,[0x1],[0xd6]0_g[0xac]7[0xc4]![0x5]U[0x8f][0xfc][0xb6][0xdd]>[0xc9][0xed]VW[0x7][0xbe]6)6[0x80][0xf8][0xde][0x91][0x9e]J[0xbe]4[0xd6][0xda]kT[0xac][0xc7]q[0x18][0x2]j<[0xb7][0xb7][0x99]L~X[0xd8][0x81].nzK[0xb3]o[0xdd][[0xf5][0xe8][0xb4][0x9d][0xdd][0x19][0xb2][0xcf]y[0xc4][0x93][0x98][0xc9][0xc1]Z[0x18][0xa6][0xfd][0xa7][0x82]"
15:19:32.661 [main] DEBUG org.apache.http.wire - http-outgoing-0 << "-[0xb3]x[0xe0][0xcc];[0xe8][0xd4]m[0xfa]%[0x96][0x8e][0xa0][0xa7][0x9d]Z[0x13]{[0x8d]][0xd6][0x14][0xfc][0xca][0xb9][0xe9]!'gc[D[0x1d]w[0xfa]T[0x1e][0x8d][0xf][0xdf][0x8c][0xe7][0xe3][0x10][0xa7][0xe][0x82][0xe9]85[0xe][0xed]au;[0x1c][0xc5]g[0xf1][0x1c][0xc0][0x9d][0xae][0xc8]^[0xb3][0x93]))[0x89],[0xce][0xb][0xa2][0x6].[0xc5][0x9c][0xd3][0x9a][0xca][0xea]}[0xdd]3[0xe1][0xce][0xbf]|>[0xe5]DY[0xe4][0xf1][0xeb][0x8d][0x14]c[0xd0]2$[0xd3].%[0x97][0xe0]^[0x88]44q[0xcb][0xc1][0xde]WPu[0x19][0xfc]p?[0x8f][0xfd]g[0x83]j[0x94][0xaa]`JLQ[0x84][0xbb][0xd5][0xeb][0xf8]/0U[0xf7]64[0xa5][0x5]t[0xd6]4o[0xa7][0x8c]R[0xf2][0xba]V[0x12][0xf9][0x18][0x96][0x83][0x95][0xb3][0xac][[0xd6]8Gq[0xc0][0xb3]Uo[0xfc][0xc3][0xc8]U[0xb3]t[0x9f][0x95]E%[0xd7][0xb2][0x4]Sv[0xf7]~[0x8c][0xe0]W[0x9a][0xb0]R[0xe1]q[0xaf]Xg"[0x11]*[0x96] Q[0xd9][0xea][0xa7][0x94][0x8d][0xc][0xf][0xdf][0x85]C[0xfa][0xbf][0x0][0xb0][0x1f][0xfb][0xe6]4[0xb9][0xbf]r[0xf8][0x6]([0x84][0xeb][0xf6][0x15]r[0xf0]z[0x89]e[0x96]-[0x1b][0xa9][0xb3][0x94][0x87][0xfe]a[0xb6][0x19]qU[0xc9][0xb][0xaf][0xec][0x11][0x8c][0x6]/[0xe][0xc6]v[0x92]Q"[0xe5][0x96])`[0xf8][0xbc][0xa1][0xce]Y[0x9a][0xaf][0xac]j[0xb2]M$Fe[0xda]2[0xdd][0xf7][0xe1]=[0x8][0xb7][0xa5]j [0xa5][0xc1][0xe3][\r][0xad]IJ[0xc2]])[0x16][0xd4][0xd3]T[0xd7]Pz[0xdd]n[0xa4][0xb5][0xa7]l[0x8a][0xd4]RXQ[0x8b]C3A[0xd6][0xb2]5[0x8d]w[0xdf]-6[0xba][0xe0][0xb7][0x10]M[0xa4]P[0x98]1q[0xd1][0xd7]br[0xa3]*W[0x9b][0xc6][0xfb]47^Y[0xd4][0xd8][0xe9]7[0xed].$[0xd8][0xb1][0xcb][0xe2][0xdc][0x9d][0xcb][0xda][0xbe]6[0xe7][0x17]P[0xce][0x1][0xc9][0xf9]zlI[0xb9];[0xb9]# [0x93][0xb9]Y!M[0xc1][0xd8][0xe]|^0][0xcc][0xf8][0xcc][0xba][0x97]G"[0xa6][0x13]v[0xf2][0xae]^^[0x15]E7S[0xe3]V[0xc8][0x14]g[0x92][0xc2]G[0x8b][0xe8][0xc2]be[0xa1][0xc3][0xd8]9m<[0xcf]1w[0x9a][0xd6][0xdc]RNy[0x1d][0xcf][0xc9]([0xdd]yLW[0xa1][0xcd][0x91][0xa4][0xd9][\n]"
15:19:32.661 [main] DEBUG org.apache.http.wire - http-outgoing-0 << "^[0x92])g[0x8e]d[0x13]e[0x12][0x18]|[0x5][0x8f]J[0xa2]fN9[0xb3]F!B[0x9d][0x97]I#[0xab],[0x82][0xaa][0x8d][0xe7][0xff][0xd0]Vfc[0xb1][0xae][0xe4]B^[0xbe][0xe5][0xf2][0x15]{[0xe6]-V[0x93]f[0x15]`[0xfa][0xdd][0x86][0xae]W[0x9d]a}#y[0xb2][0xb]\[0x98][0x1f]s[0x99])x[0x81]l[0xe0]v[0xfd]?[0xcd][0xbd][0xab]W[0x81][0xc4][0xfc][0xfb][0x9f][0xdf][0x83][0xf8][0xf3][0xfb][0xf9][0xb9][0x7]b[0xd7][0xdb][0xf4][0xe1][0xed][0xad][0xa0]%cav]=Ae[0x85]m[0x94]y[0x5][0xd3][0xd2]r[0x2]cD[0xee][0xfd][0xc3]U[0x6]J[0x8][0xe0]ze[0xca][0xb5]Smv*[0xbd][0xec][0xdd][0xd6],[0xeb]![0xdd]0A[0xd0]Sc[0xd4];&[0x3][0x86][0x93])Z[0xb6][0xa7][0xdb][0xe1]+[0xea][0x16][D[0xb3]T[0xbc]%[0x13][0x98],x~<[0xce][0x8c]-p[0x9e][0x1][0x93]b[0x11][0xbb]An[0x1f][0xb9][0x96][0x8e][0x94][0x1d][0xf9]nS[0xb4][0x19]8[0xc2][0x15])[0xeb]T>M[0xfc][0xb8],Ra[0xa7]j=1[0xd2][0xf8][0x99][0xea][0xee][0xa6][0xf8][0x1c][0xb6][0xdb]R[0xc6]N7v[0x8f][0xa8]-[0xd1][0x6][0x10][0xa3][0xc9][0xcc]!K[0x86][0xf6][0xa9][0xd7][0xb0][0xae][0xdf][0x85][0xdc][0xbb][0x5][0xe3][0x16][0xe4][0xf0][\r][0xe8][0xad][0xc8]w[0x9e][0xe1][0xdc][0x8f]z@[0xea][0x11][0xf3]Q[0xb5]b=[0x99][0xb1][0xd7][0x81]kc[0xe][0xdd]B[0xc6]>[0xcb]mV[0xd6]<[0xbc][0x91][0x91][0xde][0x1][0xf9][0x8f]zAFi[0xb3]W[0x84]H[0xbf]>[0xbc]"[0xdd]b[0xde]z[0xdd] [0x9]h[0xf1][0xe6][0x8a][0x14]w[0xd2]V[0x1d][0xde][0xca]Z[0xcc][0xc5][0x98]3[0xeb]GX2[0xe3][0xca]K[0x0]>V[0xdb][0xc0].[0xbc]2][0xf8]@2[0xc0]hO[0xa1]b[0xe8][0xf2]U[0xda]R)gC[0xa6][0xca]o[0xc5][0x97][0xc2][0x98]eM[0xe3]aF[0x85]/[0xe7][0xde]I[0xc1][0xf7][0xba]x:dd[0xfa]Zlh[0xf9][0x10][0xcf][0xdd][0x9b]d[0xbe][0xf][0x8d][0x9]r:[0x8d]X[0x8c][0xd4][0xdb][0xf][0x98][0xd1]H[0xf3][0x9a][0x99]([0x17]60[0x9]~[0xb4][0xad][0x84]q[0xae]x[0xba][0xaa]$j)[0x6][0xb][0xb4][0xd1][0xce]q[0xde][0x9c][0x90][0xa3][0xbf]V[0x1f][0xd1][0xaf][0xe7][0x14]{[0xe1]EA[0xa5]*[0xc4]m![0xd6][0xd2][0xd2][0x8d]I[0x87]r[0x90][0x86][0x95]9[0x8]n7[0x84]%[0x97][0x95][0xb8][0xb9][0x0]1[0xe5][0xe4][0xe9][0x10][0x9d][0xaf][0xb0][0x9f]|AA[0xf3][0xeb][0xd6]L[0xa7]R[0x16]D[0x83][0x9a][0xf3]D[0xa2][0x10][\n]"
15:19:32.661 [main] DEBUG org.apache.http.wire - http-outgoing-0 << ",[0xa6][0xc7][0x9f][0xc5]a[0xdc][0x9e][0xdc][0xc7]\[0x99]9[0xf3][0x1d]![0x7]A[0xe7][0xb2][0xfd][0xe9]#:f[0xe0][0xfd]-[0x6]Ua[0xc9]j[0xc]B[0xe6]O[0xcb]6[0x10]8[0xa4][0x6][0xf]8^Q[0xff][\n]"
15:19:32.661 [main] DEBUG org.apache.http.wire - http-outgoing-0 << "D[0xe][0xde][0x87]3h[0xe0][0xc3]*[0xa0]6[0xb9]A6UT([0x8a][0xe0][0xcd],[0x19],[0xcd])Un[0xa2][0x12]*[0xac][0xaa][0x99][0xea]K[0xd5][0x9e][0xd7][0xba][0xe4][0xbb]%IC[0xad] y[0xf2][0x99][0x8]{*[0xbd][0xc2]NU[0xa9][0x82]S[0xe4][0x5][0xd3][0x1b][0xb3][0x99]l[0x9d][0x80]`[\r]*[0xa9][\n]"
15:19:32.662 [main] DEBUG org.apache.http.wire - http-outgoing-0 << "A[0xa9][0x81][\n]"
15:19:32.662 [main] DEBUG org.apache.http.wire - http-outgoing-0 << "[0x1d][0xe2][0xb5][0xb][0xa8][0xf6][0xde]B%[0x83][0x8e][\r][0xaa][0xab]DvO[0xce][0xb][0xc2][0xac]E[0x2][0x91][0xb4][0x94][0xe9]~[0xbb]J[0x8f]c[0x6][0xab][0xa8]HzG[0xf6][0xe7]%[0xa4]PO[0xb2]Z[0xb0]8[0xd0][^[0xf0]o[0xb9][0xa5][0xca][0xba][0xc4][0x81][0xf9]e[0xbf][0x1d][0xee][0x8b][0x92][0xf6][0xb7]u.[0xff]1[0xc5]x[0xb4]a[0xe1]#[0x94][0xc8]53[0x81]O[0x17][0xdd]9[0xbf][0x84][0xd1]0[0xb4]5[0x1b][0xb1]R[0x0][0xbc][0xf7][0xb]Px[0xaa][0x1a][0xd1][0xf][\r][0x6][0xd2][0x82][0xe4][0xf4][\r][0xab]8B+rv[0x92][0xdd]C[0xde]g[0xe5][0xa4][0xb9]=[0xb4]L[\r][0xf]l[0xa3][0x99]K6[0xf4]rV[0xf6];D+K[0x97]w[0xbf][0x83]z[0xb5][0x9a]a[0x94][0x2][0x96]V[0x8a][0x84][0x94][0x90][0xe3]{[0xa7][0xb9][0xca][0xc][0xcc][0xda][0x8e]M[0xdf][0xc5][0x1][0xa7]V[0xee][0x82][0xa9][0x95][0xf]c[0xf3][0xc]#`[0x86][0xc7][0xb][0xa1]#[0xaa][0x9b]9[0xc6][0xaa]P[0xbc]W[0xab]*[0x19][0xcb][0xda]{[0xc2][0xc5]j[0xd0][0x80][0xd5][0x91][0xf3][0x98]q[0x95][0x91]u[0x80][0xb5]'[0xf1]$[0xb0][0xe8]q%[0xc7]L[0x4][0x92]r[0xd7][0xcb]n[0xdb][0xde]h[0xf7][0xc][0xe][0xba][0x4]_[0xb6]][0xb6][0xfc][0xc8][0xcf]y[0xe8][0xef][0xbf]e[0xee]R[0x1c]6[0x4][0xac]-[0x15]"
15:19:32.663 [main] DEBUG org.apache.http.wire - http-outgoing-0 << "[0xf6][0xc7][0x9a][0x17][0xf5][0xf0]([0xff][0xa2][0x83][0xab]y[0xb2]T[0x9][0xa9][0xf2][0x8c]w[0xa5][0xc][I[0xc9]q[0xc9]B[0xe3][0x17][0xb8]FF[0xe1][0xd2],0DV~[0xd7]BU[0xf2][0xd0][0xdd][0x6][0xdd]X[0x89][0x80]p[0xa9][0x95][0x8]9[0x1d][0x9d][0xfb][0x5][0xdb],[0x89][0xaf]/q[\n]"
15:19:32.663 [main] DEBUG org.apache.http.wire - http-outgoing-0 << "[0xe7][0xe3][0xc3][0xeb]u[\n]"
15:19:32.663 [main] DEBUG org.apache.http.wire - http-outgoing-0 << "[0x1f][0xfa][0xe7][0x94][0x93]n2%[0xb0][0xbf][0x9]wr][0xf2]&[0x92][0x9b][0xad]8[0x92][0x9b]`ul[0xeb][0xa8][0xf0]T[0xc5][0x1d][0xaf][0xae]Y[0x8c][0x96][0xc3][0x1c]/Y[0x1][0xc6]U[0x11][0xcf]b[0xf3][\n]"
15:19:32.664 [main] DEBUG org.apache.http.wire - http-outgoing-0 << "R[0x95][0xb1][0x4]}[0xc9][0x9d][0xe6][0xaa][0x96];c^[0x6]4f[0x13]y[0xce][0x85][0xdf][0xda][0xfc][0xe7][0xef][0xc6]9[0xbe][0x9c]@[0x9b]h[0xea][0x87][0xe6]z[0xf5][0xe2]m3[0xdd][0xdd][0x3][0x87]0[0xd2]*L[0x0][0x96][0x87]g[0xf4]Z[0x2]7[0x16]b(j[0xed][0xc3][0x90]#[0xe5][0x8d][0x8d][0xb9][0xd4][0x8b][0xd4]@Xn[0xfa][0xe2][0xc8][0x81][0xf1]T[0x98][0x18]I?#[0xea][0xd0][0xdd][0xd8][0xb6][0xeb][0xdf]s[0xbb][0xde]n[0xff][0xd8]3[0xf2][0xfc][0x8b][0xac][0xa2]i[0xb5][0x19][0xe3][0x5][0xc8]9[0xd0][0xe3][0x19][0xdf]o[0xe1][0x10][0xb3]5^[0xfb][0xac][0xd9][0xc8][0xd7]M[0x9e]"[0x13][0xe2][0xb7][0x95][0x1a][0xcc][0x12][0xd3][0x9e][0xeb][0xa4][0xf2][0x19][0x95]9[0x9][0xfa]][0xbc][0x80]\[0xfc][0xbf][0xcc][0xf1][0xc0][0xf1][0xdc]m[0xa4]z[0x97][0x19][0x9f]r%h![0x92][0xaf][0x8b]bK[0xd3][0xfc][0x9c][0xac][0xd8]=[0xad][0xc7][0xf4][\r][0x9a][0xbe]._[0xff]K[0x10][0x98]o[0x8a]:}[0x5]][0xd3][0x92]{8[0xc7][0x0]'[0xe7][0xc7][0xb2][0x8e][0xd2][0xdc][0x89][0x9c][0xa1][0xe7]k[0xa5]F[0x8a]3Y9[0xc8]/3[0xd1][0x10]CuD[0x14][0x9f][0x94][0xca][0xdc]v[0xc7][0xd1][0xa2][0x17]"[0x1f][0xbb][0xcd][[0xd7]5[0xac][0x10]M[0xb2]][0xf8][0xaa][0xb6][0xc2]/[0xb4]ja[0x3]Z[0x9d][0x19][0xb1]o[0x93]}[0xb7][0xd2][0xb0][0x3][0x15]f[0x9d]-[0x2]([0xc2][0xda][0x89][0xda]a4[0xd5]5[0x92][0xe4][0x9],[0x2] [0xc9][0x93][0x8][0x83][0xf2]JY[0xf4][0xff]<[0xf9]"[0x99][0xa8][0x11][0xe8][0xf7][0xdb][0xa1][0xac]J8[0xed][0xf7][0xc0]!6=[0xb2]u[0xc][0xed]^[0xd4][0xd7][0xe7]c[0xaa][0xee][0xbb]K8>5[0x1d][0x1c][0xe7]e[0xb6].[0xca][0xbf]~z[0xbc]u1[0xd4]V[0xe4][0xe4][0xb3]yEJ<[0x11][0x94]^2[0xb6]Xd[0x92][0xba][0xe3][0xad][0xe3][0xec][0xdf]^;4[0xe7]5&b[0x6]dk[0x88][0xdc][0xe0][0xb3][0xee]9A-[0xc1][0xb1]!i[0xd2]/[0x1f][0xae]P[0xcd][0x9e][0xdb][0xcb][0xa5]`OR[0xa0][0x8d]*[0x84][0xc3][0x90][0xdc][0x90]u@[0xf3][0x90][0xa0][0x9a][0xe6][0x5][0xcf]E[0x97]gb[0xad][0xcb][0x18][0xaf]HH[0x10]r*3[0xf][0xd5]B[0x7]GW[0xe0][0x93][0xb8]i[0xb2]O[0xf2][0xd9][0xc2]j[0xed]2[0xab][0xb3]Sd2[0x11][0xaf]|[0xdb]u[0x8b][0xf6]u[0x88][0xf1][0xfe][0x97]u[0xc2]~[0xf2][0x9a]R[0xb3][\r]?[0x1e][0xac]U>[\n]"
15:19:32.664 [main] DEBUG org.apache.http.wire - http-outgoing-0 << "n[0xe7][0xc4][0xde][0xd7]B[0xa4][0xcf][0xef][0x84][0xcd]qUB[0x82][0xc8][0x16],[0xfe][0xc4][0x1e][0x7][0x11][0x13][0xd5][0xd5]c[0xca][0xcd][0xac]c"[0xee][0x18]`[0xc7][0xe0][0xa6]pxi[0xae][0xb2]R[0xe0][0xd4][0xc6][0xa8][0x97]~[0xd7][0x81][0xf2][0xad]Q[0xc4]_[0xfb]3[0xb0][0x93][0xba][0xc3])^a[0x9b]uk|[0xdd](;A[0x1e][0x98][0xe6]b[0x85][0x7]Hzh[0xe4]VsY[0x1d][0xe]Z[0xdc]~[0x96][0x99]3jwxJ[0xb0]T[0xb][0xf8][0xe9]D*[0x11]_[0xca].[0xb][0xcf][0x83][0xf8][0xc2]h[0xd8][0xc3][0xe][0x81][0x84][0xd2][0x86][[0x15][0x81]0[0x1b][0xa9]z[0xcc][0xc8]D[\r]][0x84][0x9f][0xe2]c<[0x1c][0xc2][0xc3][0xb7][0xe0]=[0xcf][0xa9][0xcc][0x85]3wk[0x1]:[0xcf][0xf6]d*L[0xb2]&[0xd0][0xf8]XV0[0xe8][0xc5][0xab][0xc2]j[0x96]Z[0xf][0xda][0x1d]Qu:Y<[0xe2]kg[0xe0]b[0x8b][0x1e][0xc6]^C5[0x98]][0xd2][0x19][0xf1][0x1b][0xe9][0x84][0xf7][0xd3][0x9b][0xa8][0xf2][0xc6][0x4]z[0x1f][0x86][0xd0][0x9d][0xc3][0xfb][0x94]S[0x1e]b[0x1b][0xae][0xa7][0xd5]][0x8a][0xc8][0xd0][0xbb]0t[0x92][0x9b][0x8a][0xe2][0xc4][0xa4][0x9e]B[0xf0]H[\n]"
15:19:32.664 [main] DEBUG org.apache.http.wire - http-outgoing-0 << "[0x1a]uF)[0xb7]P[0xd5]{Y[0xdd]0hY[0xb]M[0xcf][0x92]9f[0xcd]r[0xf9][0x97][0xb6][0x86][0x98][0xab]_[0x11][0x80]b[0xb2][0xfc]^cVK[0x95]}R[0xce]N[0x8f][0xc1][0xbc][0xdc][0xcf]H[0x1b][0xa1][0xa9][0x12][0xfc]s[0xb8][0x84][0x14]-g[0xd8]c[0xd9]*[0xe3]][0x8b][0x94][0xb6](q[0x90][0x97]%[0xbc]vS5[0xe])[0x97]E[0x5][0xd3]J57[0x12][0xde][0x14][0xd9][0x8d][0xfc][0xdb]f[0x12]aP39[0x12]-[0xd6][0x15][0xe6]M[0x8a][0xd1][0xdc][0x92]i[0xb9][0xc7]G[0x10][0xe6]O[0xf2]I[0xc9]jS[0xb2][0xb5].[0x88][0xf7][0xde]7[0x92][0xdb][0xcf][0xaf])[0x2]?|[0xdb][0x1f][0x9e][0xcf][0xb1]K[0xd1][0xf7][0xe5][0x4]34u'[0xdd]d[0x9a][0x96][0xa2]?N.^*h[0xd9][0xf9].[0xf9]5]mr[0x89][0xee]E([0xaf][0x14][0x2][0x8][0xa1][0xfa][0xab][0x8e]r[0x1b][0xc8][0xcc][0xeb]Y[0xb3][0x95]jw[0xbc][0x0][0xba]7[0xba]([0xc5].Kl[0xb3]Y[0x16]?e[0xf6][0x11][0xc9][0xbb][0xd2][0xa0][0x8d][0xca][0x81]14[0x8e]r[0x4]qR]#[0x97]%[0xeb]U[0xd7]> %[0xfa][0xf3][0x1c][0xee]_M[0xe1][0xed]![0xd5][0xf8]oa[0xe9]t[0xb3][0x1b]_*[0x95]HE[0x4])0[0xc2][0xa1][0xb4]#[0xd8]Gg[0xaf]sY[0xcc]~[0xe7][0xba][0xc9]NK[0x95][0xbd]}[0xae]y[0x87] [0xb1]S[0xff][0xbc][0xb1],[0xb2][0xb4]YY[0xe]Xx[0xa3]d[0xc1]+[0xb9][0xb4][0x84]IX4[0xc7][0xaa][0xc4]V[0x9e]s[0x8c]<[0xee]54[0xc5][0x89]eA|[0xbe][0xc5][0x10]K[0x11]![0xea][0xbb]_[0xc7][0x12]7[0x94][0xaf][0xa7][0x1a][0xff][0x85]D5[0xc9]Y[0x12][0x5][0xd1]c[0x8b]"[0xa1]o3e[0xa5]PL[0x86]D[0xed]6\-,{[0xce]j[0xf8][0xc8][0x2]O[0x88][0x13][0xd6][0xf7]x:"[0x81][0xed][0xf9][0x94][0xe]hSv[0xd8][0x95][0x8]YX[0xb7]ok[0x9b][0xb6]I[0x80]r0[0xb1]\[0x2][0x84][0xd4][0xdd][0xd1]#c[0xb6]-[0x91]O[0xb8]B[0x98][0xe0]y[0x81],[0xb7][0xaa]B[0xb4][0xa2]J[0xfc][0x8e]LJ[0x9][0x92]r7ya[0xef][0x91][0xa0]:[0x81]([0xd5]5[0xf0] [0xdf][\r][0xce]{i[0xe0][0xb2]0Q[0xd1]3[0xd7][0xf4][0x8f][0x6][0xc5][0xb8][0xc][0xa5][0xc1]V8/[0xe1][0xe1][0xd7]x>[0x9c][0xba]C[0x98][0xce]qi[0xf2][0x8d]yb[0x82]g[0x11]lc[0xa6]@[0xa3]fp%[0xd4][0x13][0x88][0xe0][0xb2][0x16][0xa3][0x5][0xca]6CT*[0x85][0xcc]O([0xda][0xe6][0xf8][0xb0][0x99][0xb3]c"
15:19:32.665 [main] DEBUG org.apache.http.wire - http-outgoing-0 << "[0xa7][0xf9]'[0xf9]`f[0xb5]5Y[0xd7]0y[0x95][0xd9][0x6]j[0xf4]%<;[0xc8]"[0x86][0xe5]t[0x18][0x97][0xd8][0x9d][0xe0][0xf]Z[0xf1][0x3][0xcf][0x8a][0xfa]'<`[0xb9][0x84]t[0xcf]rDYb[0x98][0x8d][0x4]r[0xb2][0x9b]N[0x9f]p[0xd7][0x1c]1X[0x1b][0xfe]:][0xe1]l[0xc8][0xbb][0x1b]e[0xaa][0xba][0xcf][0xa7]1i[0xa7]:c[0xa3][0x81][0xb4][0xc]8p[0xee]6`Y[0x92][0xd0]}![0xa4][0x95][0xe5][0x8a][0xdc]`S[0xa3][0xc0]M'*[0x85][0xde][0x87]/[0xc7][0xe9][0xd2][0xa7][0xea]M[0xe4][0xc3][0xb7][0x15]cB[0xce]M[0xf1]m[0x1b][0x8e]G[0x19][0x17]H&P[0x9c][0xb4][0xf][0x82][0xf1]y\5y1[0x9a]#[0xc6]L[0x11][0x3][0xb6]NP[0xd3][0xbc][0x8e]_[0x9e][0x81][0xa9][0xb9][0xb2][\r]][0x90]w[0x83][0xfd][0xdc][0xe0][0xbe][0xb5]d[0xad]4iY[0xa1][0xa8][0xa6]x[0x10][0xe1][0x17][0xf0][0xb][0x6][0xf6][0xb8][0xd7][0xed]([0x99][0x95][0xa1][0xbf][0xc1][0xa6]E[0xba][0xb5]0[0xde][0xbe][0xdd][0xf5][0xb9]([0xe9]P[0xf2][0xeb][0xa2][0xba][0xc][0x97]" dh/[0xc1]x[0xba]j$[0x87]e[0xb5][0x9]d[0xdd]r[0xeb]*[0x92][0x8c][0xbe]&[0x88]Y[0x93][0xe8][0xce][0xb8][0x9][0xf4][0xce][0xa5]'[0xf7][0xc8][0xed]Z[0xbf][0xd0][0x97][0xe3]-[0x4]S[0xb2][0xfe]n[0xcb][0x97]%O&[0xe8]+[0x8e]8[0xc7]z[0xb7][0xd4][0xde][0xc7][0xeb][0xf2][0xf0]UJ.[0xe3]0wCxI[0xd9][0xee][0xd8]R[0x87][0xab][0xf8]1[0xaa][0xd9][0xcb][0x9c]![\n]"
15:19:32.665 [main] DEBUG org.apache.http.wire - http-outgoing-0 << "[0x86][0xbe]([0x9a]{[0xc1][0x95][0xd0][0xbf]Z[0x14]CX[0xd0][0x8d][0x9b][0x95]Rf[0x1c][0xaf]+%[0x93]([0x2][0x9][0x19][0xff][0xd8][0xb][0xe2]q[0x8c] O![0x19]lF[0xc7][0xd8]i[0xe1]j[0xf5][0xb3]qA[0x9c]$[0xf9]b2[0xfa][\r][0xcc][0x2]N[0xd3][0xf9]|[0xff]:L[0xef][0xfa][0xa1][0xbb][0x84][0xf8][0xd4][0xa6][0xae][0xeb]2<%[0x8e]S[0xd8]f[0xea]3[0x1d][0x8d]L}"_[0xf5][0x9e][0xad]T[0x17]z[0x8c][0xa3]:[0xcb]Y[0xa7]Z[0x92][0xf][0x89])S[0x81][0xf0][0x3][0xc9][0xef][0x8b][0xf9]n[0xa5]D[0xf9][0x4]i[0xb5][0xd3][0x99][0x1]{UQ-[0x94][0xce]m[0xb1][0x9a]`.[0xae][\r]][0x1a][0xf0][0xdf][0xfd][0xf4][0x4][0xfb][0xea][0xc3]uh6[0xf5][0xfb][\n]"
15:19:32.666 [main] DEBUG org.apache.http.wire - http-outgoing-0 << "[0x13][0x8e]6u[0xf9][0xee][0x1e][0x8a]T[0xf9][0x15]3[0xbc][0x18][0x9b]J[0x4][0xe8]{[0xe0][0x16][0xbe][0x95][0xb]h"Oe[0xd2]|[0x99]@F[0xb6]G[0x9b][[0xbd]z#v[0xdb][0xac][0xac]Y[0x8]t[0xe6]CP(0[0x96]c@<[0x15]U[0xd9][0xea][0x97]>%[0x96][0xfd][0x94][0xfc][0xd6][0xc6][0xf2]WM_[0xd8][0xef][0xcd]V[0xbb][0xb9][0x11] [0xd5]p[0x9f][0xc9][0xcb]q|[0xa0][0x82][0xb1][0xa8][0xb0][0xdd]y[0xe4]h[0xcf]cz[0xb8][0xcf]K[0xac][0x82][0xc4]9[0xb3][0xe0]j[0x8]76Q.n*[0xc5]i[0xbf]yW.)[0xed][0xbc][0xdc][0x96][0xdc])[0xcd]\[0x95]9$[0xae]c[0x87][0xd1]mH[0x1][0xe7][0xae][0x10]J[0x83]H3[0x1d][0xc6]T[0x7][0xa6]Z[0x6][0x8][0x9][0x8d][0xcc]][0xeb][0x19][0xf2][0x10]B[0x18][0xb4][0x99]W[0xb7][0x83][0xc6]v[0x14][0xe3][0x8b][0xc7][0xbb][0x8e][0xb3][0xd5]n[0xb4]2[0x90][0xe]pN[0xb9][0xaf][0xc9][0x15][0xb3][0x1c][0xad]?55[0x14][0xf5][0xf1][0xbd][0x16]+[0xeb][0x1b][0x88][0xb1]^[\r]pn*[0xaf][0xfe][0x12][0xae][0xa1][0xbb][0xe0]R[0x9a][0x86]e<[0xd2]"P[\r][0x8f]s[0xad]N[0x9c][0x18][0xa8]Mpwe[0x10]6[0x96][0x11][0xb5]([0x1c][0xb][0xe8]B[0xd2]X&[0xe7]C[0x9d][0xc2][0x9c][0x8b][0xc4][0xe2][0x8f][0xf0][0xf]w?}[0xc5][0xc5][0xa2][0xea]F[0xa4]x[0xd0][0x15][0x8b][0x87]n4g[0x7][0xe8][0x7][0xa5][0xf4][0x1][0x17][0xb5][0xf8][0x0][0xbe][0x8e]#&[0x89]P[0xd2]]<[0xd1][0x86]B[0xc1][0xae][0xd2][0xe4][0x8e]7[0xae][0x18][0xe7]/[0x9b]^[0x94])[0xf6]|}8[0xcd]Ac[0xf5][0xe7][0xdb][0x8c]%[0xe7][0xcf]SNt5[0xa2][0xa2][0xb9][0xbe][0xd8][0xda]4i>3Z[0xed]l[0xc6]Q)[0x1c][0xb7]6[0x97][0xba][0xb0][0xf6]z[0xab]r[0x19]Q@[0xed][0xf3]5[0xa5][0xdb][0xa4][0xbd][0xd7][0xe4]I2][0xdc][0xc0]Q[0x1e][0x7][0xa5]O[0xe6][0xd4][0xc3]EW[0xab][0x83]K[0xc1]"[0xe2][0xf3]q[0x84]\[0x85][0xbf][0xc6]|[0xd4]L[0xec][0xde][0xd2][0xf0]t[0x98][0x9][0xa0][0xa9][0x18]Px[0xa9][0xb5]C[0x15]o[0xf4][0xc3]K[0xbb]5[0xd6]7K\[0xf7][0xda][0xc3][0xba][0xd6][0xa6]1@[0xaa][0x80][0xf7][0x96][0xf6][0xc0][0x17]SXa[0xec]{hI[0x1b]q[0xfa]lQ[0x83][0x12][0xcc]|[0x3]/Vb^[\r][0x99][0xb][0x11][0xb7][0xf1][0x8d][0xc7][0x9c][0xec][0xab]b[0x87][0x11][0xdf][0x9][0xf3]wS[0x8][0x96]q[0x15][0x1][0xc6][0xa5][0x15][0x81]a[0x1a][0xbd][0x3][0xa6][0x83][0xf8][0xf8][0x14][0xb8][0xb9][0x8f][0xe3]UUoq[0x9]K[0xf3]V[0x83]$D![0xa6][0xa1][0xdf][0x8d][0x8d][\r][0xdf][0x85]w[0xa9][0xea][0xbb][0x87]L[0xb9]G[0x1d][0xd5][0xf6][0xa8]7[0xbf]n[0xbc][0xc5][0x85]R[0x89][0x8f][0xe5][0xae]7[0xc9][0xbe][0x91][0xf4]hY[0xac][0xdf][\n]"
15:19:32.666 [main] DEBUG org.apache.http.wire - http-outgoing-0 << "[0xc5][0xc6]F[0x1][0x1c]O[0xd7][0xfc][0x8d]o[0xf2][0xcc][0xf4]"[0x9b][0x11]c[0x10]-[\n]"
15:19:32.666 [main] DEBUG org.apache.http.wire - http-outgoing-0 << "[0xb4][0xab]U[0x80][0xb2]3[0x85]$t#s)[0xc]W[0xcd][0x8c][0x18][0xdf][0xb][0x83][0xab]p$j.?`^[0xe7][0x87][0x9f][0xc3][0xfb][0x94][0xcc]uK[0x18][0xae][0xcd].[0x14][0xd2]kq[0xbf][0x1a][\r][0xba]X-a[0x1e],[0x17][0xf0][0xcb]&[0x1f]t[0xc9][0xf][0xeb][0xab][0xba][0xcb][0x90][0x9][0xe2][0xaf]N[0x10][0x15]C[0xb5]S[0xee][0xc][0xb6].m[0xaf]Y[0xaa][0x95][0xd1]<u[0xac][0xbf]B[0xb7][0x1a][0xb8][0x1d][0xab]u[0x18][0x1d]/[0xf7]?[0xad][0xd8][0xa4]{[0x9] [0xce][0xd0]:^[0xe8]R[0xc][0xc6]v[0xf6][0xb1]("9[0xdc]f[0xc7][0xc3][0x8b]8[0x4][0xa1][0xc3]px[0xe3][0x91]8[0xdd]S[0xb][0xf7][0xd3][0x5][0x1][0x8e][0xe0]n[0xbb][0xcc]D[0x18][0x82]`[0x9c][0x10][0xbb][0xa2][0xb1][0x10]p[0xda]6m>[0xcb]Ym[0xa0]&[0x86][0x84]gj[0xcd][0xbc]3[0xca]At[\r][0xb1][0x8b][0x13]0[0xee][0xef]_[0x8f] [0x1f][0xf2][0x14][0x1e][0xdb]]=[0x9a][0x80][0x15][0x8e][0xad][0xe1][0x1]n[0xc]^,gs[0xad]>U[0xc5]@[0xe0]R[0xdf]B[0xaf][0x9b][0xce][0x18]m[0xbc][0xe6]5[0x4]B[0x98][0x6]4W[0xe6]F[0xf9][0xf5][0xee]T#+-V[0x8f][0xc0][0xdb])[0xd1][0x90][0x96]u[0x13][0xb4][0xad][0xc5]E[0x0][0xe0][0xb6][0xb5][0x9][0xdf][0xb1][0xa0]i|x[0xb5][0xbe]K[0xb7]l[0xee][0xf0][0xc9][0x86][0x16]5([0x9f][0xef]V'Q[0xee]'[0xa0][0x85]([0xbc]U Rc>3;[0x16]h63[0xef][0xe8][0xbb]9^[0x83][0x85][0x7][0x9d][0xda]h=*[0xec][0xe4][0xf7][0xc2][0xea]Qx[0x83]8U[0xda]"
15:19:32.667 [main] DEBUG org.apache.http.wire - http-outgoing-0 << "[0xb2],![0x80][0x87]#"[0x13][0xc4][0xbb]W[0xec][0x9f][0xd8][0xaa][0xc8]ct[0xed][0x9e][0xb6][0x1a][0xc6][0xf][0x13][0x1c][0x99][0x14]{[0xa7][0xe9][0xda][0xec],[0xe5][\n]"
15:19:32.667 [main] DEBUG org.apache.http.wire - http-outgoing-0 << "[0xb7][0x4]8[0x1b][0xd8]o[0xbc]L[0xd3]8g[0x8d]aYm[0x85]7[0x8f]Q?8o\[0xc7][0xf1][0xf6]#Kc[0xf0][S[0xbe][0xb3][0xdb]([0xd5]t:[0xbb][\n]"
15:19:32.668 [main] DEBUG org.apache.http.wire - http-outgoing-0 << "[0x81][0xcc][0xb7][0x94][0xb4]^[0xa7][0xac]![0x9e][0xc3][0xfd][0x8f][0xe3][0xfb][0xf3][0x88]C[0x95]sX[0xdb]K[0xa4]FZ@[0xd1][0x10]k[0x9c]3[0xdd]5'{[0xc5][0x2][0xb8]x[0x8a][0x98][0x8d][0xec]U][0x81]&[0xea]W[0xf9][0x10][0xf2][0xe6][0x2]D[0x16][0xac][0xdd][0xe2][0x1a][0xbe][0xbc]7yf[0xa5][0x85]*~[0x15][0x95][0xcf]x8[0xe0][0x8c]:[0x87][0xea]2[0xac]Zd[0xf9][0x9f][0x97]x>[0x86][0x87]W[0xe7][0x8][0xf8]Q[0xb2][0xdd]pmV[0x16]2[0xf]$[0x8b][\r]{uS[0xba]fQ[0x83][0x11][0x94]D[0xb8]1F^[0x17]c[0xed][0xda][0xf2][0xd3][0x15][0xda][0xe5][0xa8][0xe]_&K[0xb9][0x8]Xa[0xd0][0xc4]I[0xc1])%[0xa6][0xb1][0xc4]IW[0xf0]V[0xed][0x0][0xcd]p1[0xad][0xdc][0xb6]u>[0x9e]Y[0xaf][0xb3][0xd6][0x1b])[0xc8][0x8e][0xd4][0xe6][0xb2]AZ/g[0xe6][0x98]hel[0xa3][0xf4]_[0x96][0x14]6[0x80]^[0xda][0xa7]w[0xb1]M^0[0xa9]N[0xc2]#1[0xb4]J[0x16][0xdc][0x18]Mr[0xb2][0xaa][0x19][0xc9][0xb3][0xe7]5[0xa2]%[0x8d]k[0xc8][0xb9][0xa5][0x98][0xea][0xa0][0xd4]`M[0x8d][0xb0][0xee][0x89][0xc9]a[0xda]>5[0xae][\n]"
15:19:32.706 [main] DEBUG org.apache.http.wire - http-outgoing-0 << "[0xf6][0xda][0xb7],E[0xfc][0xa4][0x9]]"Y[0xff][0xe]![0x98][0xeb]O[0x99][0xb1]-[0xad][0xf9][0xd3]xx[0xbe]>[0xfc][0xaf][0xf3]9[0x15][0xc9][0xa7]n[0x1a][0xdf][0xc7][\r][0x6][0x1c]s[0x12]d[0xfc][0x95][0xcf][0x8a]3[0x14][0xde][0xd0]Yy[0x81][0x6]He[0xa2][0x84][0x82][0x9f][0x1c][0x9c][0xf6][0x88][0x8f][0x87]q[0x11][0x89]V;6\[0xfd][0x9]a[0xc1]6rc[0xa9][0x1d]5[0xcd])v$[0xde][0x1c][0x8f]+[0x8d]Z[0x15] @[0xb0][0x17]~[0xb1]_[0x14]9:[0x5]@[0x3]}y[0xc1]w[0xb8][0xdc][0x18][0x5][0xf9]Wr[0xf8][0xe9][0x1b]v[0x7]^l[0xd0][\n]"
15:19:32.708 [main] DEBUG org.apache.http.wire - http-outgoing-0 << "[0xd2][0xb2][0xde][0xc6]Q|T[0xf][0x0]}[0x8a][0xee][0x9f][0xc2][0xd7][0x8d][0xe7][0xd2]![0xf][0xb4]qT[0x14][0xe6]VG[0x12]%[0xb5][0x1d][0xa7]][0xbc][0x8a][0xb2]![0xed]0w[0xf2][0x19][0xc7][0xc][0x1e][0xa6][0x99][0x9][0x1f][0xda][0xed][0x92][0xfe][0x9e][0xef][0xf5][0x85]w[0xc6][0xd0][0xc][0xc6][\n]"
15:19:32.709 [main] DEBUG org.apache.http.wire - http-outgoing-0 << "[0xe]qRY[0x9][0xaf]Qy[0xab][0xc][0xf3][0xed]~G[0x1b][0xf3]#:[0x17][0xad][0xbb][0xf5][0xd4][0xb5]B[0xeb][0xac]J[0x9b][0x8e][0xd7][0x94]{v[0xb0]cm[\n]"
15:19:32.709 [main] DEBUG org.apache.http.wire - http-outgoing-0 << "[0xe7][0xe6][0x8a]oR[0xfe]YL[0x1f][0xc2][0x1b][0x4]V[0xe9][0x16]~x[0xd1][0xd4][0xda][0xa5][0x9][0xcc][0x10][0xc5]V[0x96]V[0x86][0xa8]o;/[0xd9][0xfd][0x17][0xd6]OV<[0xe0]?&i[0xe1]5#[0xf2]d[0xed][0x1c][0xc3][0xac]nA[0x19][0xb9][0x19][0xab][0xbd][0xe1][0xe4][0xfd][0x85]G[0x9][0xdd]K/N[0xd1][0x1b]/[0x8e]7m[0xe3][0xb1][0xa9][0xb9][0x14]O[0xe7][0x0]V[0x9d][0xc2]t[0x1c][0x9b][0x1e][0xc4][0x1f]jjFj[0x2]n[0xac][0xb2][0xcc][0xc5][0x92][0x15][0xe8]gI5[0x12]3t[0xad][0x92]y[0xa8][0x1][0xc3][0xa9][0xac][0xae][0xc3]`g[0xfb]to/=[0xfc]$[0x1f][0xfe][0xac][0xd6][0x82]7[0xb1][0xb8]B[0x17][0x9d]8[0xda][0xb5][0xc8][0xca][0x94]R[0xa2][0xd8][0xbd]D[0xd8][0xc7][0xd0][0xe0][0xc6][0xf6]k[0x16][0x82]yR=[0xba][0x99][0xc4]Z[0xad][0x10]J[0xf0][0x15][0xe9]G[0xe2][0x8f][0xd0][0x1][0xd0]\6[0xd5][0xfb]Z[0x5]B[0xa2][0x9e]"@F[0xb6][0x16]A[0xfe][0xf0]([0xba][0x94][0x1a][0xea][0xb9][0xe9][0xd4][0xeb][0x90][0x9d]S[0xc7][0xfb][0x98]>Ci[0xc5][0x86][0x8c]0}9[0xd6]1[0x95]b[0xbe]y[0x84]T[0xdb][0xeb][0x92]n[0xf1]|[0xdd][0xd8][0xab][0x86][0xf0][0x9b][0xdb]6.[0xab];p$[0x83]Pb<[0x19][0xde]9[0xe5]o[0xcc]/[0xe3]\[0xb3]@[0x86][0xf]o[0x1b][0xff][0x8a][0xbd][0x15]7BJa[0x86][0xb2]TA[0xcc]</[0xbd][0xe0]%U[0xef][0xb9].N[0xde][0x83][0xf4]9[0x16][0xca]o[0xd3][0x5][0xba]\[N[0xab][0xb1]&[0xcb][0x84]gt][0xa2]d[0xa1][0x8][0xfa][0xd1]@[0xac][0x84][0xb][0xda][0x13][0xc3][0xbd][0x11]q[0xa0][0xf8]s[0xd9][0xdc][0xa8][0xf5][0xca][0xad][0xaf][0xa7][0xed][\r][0xc9]D[0x16][0x95][0xff][0x96]j[0xb9][0x90][0xbd]@B^[0xc1]:[0xdc][0xb1]W[0xbc]4qY[0xf8]0[0x16][0xcf][0xe2][0x16][0xc1];[0xe2][0x1c]W&%sL[0xb]oQ[0x96][0xbe][0x83]a[0xc2]#[0xe8]\[0xa4]B[0xbb][0xed][0xd5]x[0xe6][0x6][0x1f][0xc8]Q?l[0xee][0x94][0xa7],4h[0xc3]Q[0xa4]f[0x93][0x98][0xab][0x8]'[0xa2]0'[0xaa]r[0x4][0xc1][0x11][0xe3]P+uH[0xee][0x16]U[0xf][0xa1][0xf2]n[0xaf][0xd5][0xaa]][0xe1]L[0x12][0x9a]K[0xc5]u[0xcb][0xcc][0x1b]$[0xf6][0xe4][0xb1][0x9e]P[\r]d<M[0xdd][0xbb][0xf4][0xb5][0xe2][0xf0]!l,[0x6]3[0xc4]@[0xf8][0x1a][0x5]Z`[0x8c]X[0x19]q%+`[0x8e][0xc0]eZ[0x96][0xa5]d[0x83]6[0xb8]m[0xc4]o[0x84][0x99][0xa9]ou[0x91][0x4]4[0xba]d[0xe][0x9b][0xb5][0x9b][0xa6][0xca]g0[0xab]U[0xe2]*[0xfc]hu[0xd4]M[0x11]H[0x90]+[0xfb]>[0x9d][0x9e][0xf7][0xe3][0xb4][0x9c][0xba][0xf]c[0x1b]C[0xf4]y[0x99][0xdf][0x8c]Y[0xa4][0x19][0x6][0x12][0xf8][0x6][0xae]Uw[0xac]:[0xda][0xb][0x9b][0x9][0xa9][0xd6]A[0xfb][0xd7][0xd4]f[0xa6]C[0xcf][0xbb]U[0xcf][0xb2]:[0x84][0xc6]a[0xed]5[0xdc][0xdc][0xb0]Y[0x1a][0xa9][0x1a]-q[0xbb][0xa4]dy7&[0xe8][0xfc][0x5]G;[0xfa][0x2][0x8d][0xb7]v[0x8b][0xfc][0x1c][0x8f][0x13][0xae]m[0x8d][0x13]`[0xaf]5=[0xce]9[0xf4][0xcc][0xb9]8:[0x8f][0xae]"[0x1a][0x9d][0x82]>[0xee]?B[0x8a][0xaa]FK[0xee][0xae][0xb8][0x1f]`[0x2][0x2]M[0x3][0xcb][0x8a].[0x9a][\n]"
15:19:32.709 [main] DEBUG org.apache.http.wire - http-outgoing-0 << "[0xc6]2[0xb6]\[0xec][0xe3]6[0xe9][0xee]6\Yt(L[0xd6][0xfb][0x86][0xb2][0xeb]Q[0x92]{[0xcb][0xb3][0xa4]F[0x97][0xee][0x1c][0xfb][0xa7][0x13][0x88]c[0x86]!YyK[0xff][0x16]s9[0xc8][0xd3][0x85][0xe9][0xc7]h5f[0x9d][0x8e]J`[0x82][0x8c][0xbe][0xf1]J#[0x80][0xb][0xef]npE[0xb4][0x0]_[0xb9][0xda][0x80][0xd3][0x10]?3[0xec][0xee]pA[0x1e]r[0xb5]-[0x16]7[0x18]o[0x85][\r][0xb7][0x86][0xca][0xb9] [0xa6]CO*[0x9e][0xb2]T[0xd0]]^[0xdf][0xa9][0xa0][0x16][0xd6]X#[0xe]?[0x86]tZ[0xbb][0x3]mB$[0x99][0xad]j[0xba][0xd0]>H@[0x7][0x12]%[0xd0] [0xc4]Y[0x1d][0xa0][0x6][0x90][0xa4][0xf0]L[0x88][0xf0][0xe5][0xb0]E[0xcc][0x8e][0x8f]C4[0xd6][0xd3][0xe2].[0xb3][0xd5][0xb7][0x1f]"
15:19:32.710 [main] DEBUG org.apache.http.wire - http-outgoing-0 << "[0xd9][0xab]\X[0xa8][0xda][0xe4][0xad][0xc8][0xb9][0x84]o[0x19][0x14]au[0x1a][0xe][0xde][0xb2][0x17][0x90]nH[0x1d][0x1a][0xd7]0[0x84][0x87][0x9f][0x93]3[0xb9]t[0xa7]x[0xbe][0xb4][0xcd][0xe2][0x96]4[\r][0xbd][0x6][^[0xb9][0x92]Q#X[0xb2]%[0xe3][0xb4][0xcb][0x96][0x9f]h[[0x8]3[0x15]6[0xc1][0xe5]![0x8d][0xa2][0x17]m[0x92]x[0xc2][0xf7]s[0xe8][0x93][0x97]=]Y[0xf2][0xdf]M[0xf7][0xca][0x82]C[0xde][0xcb]DQ[0xa7][0x9a][0xf9][0xd9]6{>[0xd2]Y[0xed][0x4][0xcf]4/9[0xed]l[0x1c][0xb5][0xf9][0x90][0xae]/*[0xba][0xb5]`|[0xa2]u[0x93]6?[0xdf][0x1d][0x9e]M[0xe5][0xb6][0x85][0x9b][0x83][0x80][0x89][\n]"
15:19:32.711 [main] DEBUG org.apache.http.wire - http-outgoing-0 << "[0x8e][0xb6][0xf6][0xc0]-l'[0xe1][0x1c]K[0xbf]~[0x1b]\[0x91]i[0xd2][0xc0]n[\r][0xe0][0xee]'/[0xf3][0xff]B[0xc5][0x88][0xbb]aV[0xc4][0x8][0xa5][0xc9]4[0xab][0x4]"[0xb8])[0xdb][0xf4][0x1a][0xf8][0x7][0xf][0xaf]Rt[0xf8][0x80][0xfb][0xe5][0x17][0xd2][0xa4]o[0xa5] [0xa3][0x1b]pf_[0xf3][0xa8]q[0x91]^4[0xd5][0xd2]E[0x1][0xda][0x10][0xb0][0xb4][0x91][0xc3][0x8c][0x9f][0x8f]S![0xe2][0x1b]3P[0x88] [0x9][0xaf][0xce][0x8a][0xa2][0xb6][0xa2][0xa6]V[0xf0]#L[0xe8][0x86][0xf6][0x9a][0xbb][0xa5][0x91][0x85]~%][0x8b][0xba][0xed][0x9b][0xfe]o[0x8c])'[0x99][0x9e][0xfb][0xa1][0xb][0x17][0xe8][0x16][0xb5][0xf8][0xd2]B[0x16]?,r[0xfa]3[0xce]k[0xdc]0[0xb7][0xcb]0}[0xdc]:L[0x99]/O[0xe5][0xc3][0xea]?*G[0xc6]Y[0x85][0x7]q[0xb8]DH/[0x8b]j[0x8b][0x14]c&[0xb3]gn[0xf4][0xb9][0xf0][0x8e][0xa3][0x1b]Q[0xb7]}[0xb7][0xbd][0xda][0xbb][0x4])/*R.[0xec][0x10][0xaf][0xb6][0xfc]S&1kP)L[0x80][0xeb][0xdc][0xff][0x1c][0x86]7[0xe3]t[0xdc]"q[0xb0][0xc9][0x8c]|A[0x9]<[0xe1]B[0x3][\r]*[0xc9][0x85][0x16]z/[0xda]N[0xfd]?[0xa5]S[0xd9][0x92][0x17][0xbe][0xad]*x[0xeb][0x94][0xfc]i";K[0x93][0x14][0x82][0x11]W[0xbc][0xdb]ne[0xd9][0xc0][0x2][0x99].[0x9a][0xca][0xfa][0xa7][0x8d]-^[0x9f]?[0xf6]O[0xe9]?[0xd3]E]Q[0xd9][0xa9][0xe][0x17][0x19][0xf0]X[0x90];[0x1d][0x12][0x3][0xeb]A90[0xae][0xba]I[0x96][0xcb]u[0xee]<[0xe3]&)'[0x1c][0x83][0xe0])[0xa0]%[0xc9]dV[0x9d][0xca][0xbc][0xa1][0xfb][0xb5][0x1f][[0x6][0xfe]i>[0x9d]Y-[0x3]G[0xdc]e[0xbd]x[0x1d][\n]"
15:19:32.714 [main] DEBUG org.apache.http.wire - http-outgoing-0 << "[0xd1][0xdc][0xca][0xd6][0x82][0xa1][0xef]^[0xdd][0xac]R[0x3]/[0xbe][0xc4][0xfb]_Ik[\r]+[0x87]V_[0xce]fQ[0x95]:[0x95]IU[0xd1][0xc3]jzFk[\n]"
15:19:32.715 [main] DEBUG org.apache.http.wire - http-outgoing-0 << "4[0xe5]`[0xb9]N&D[0xf1]bp[0xce][0x85][0x9]@[0xd1][0x1b][0x1a][0x98][0x8f]p[0xec]u[0xd9][0xa0]J[0x2][0xec]6V[0xd5][0xba][0xf0]u[0x14][0xfa]I[0xd6]r[0xa9]l1N[0x97][0xd0][0x85][0xc7])[0x9c][0xc2]e[0x3][0x12][0x1a][0xeb][0x9]X[0xda][0xc9]e[0xf5][0x88]_qd[0xfc][0xf8][0x9][0x7])[0xdd][0xf6]cw[0xf1]4[0x14][0x19][0x13][0x83]Yl[0xa1][0xd2][0xf1]s[0x8a]8N[0x19]e[0xaf]m[0xca]b[0x80][\n]"
15:19:32.715 [main] DEBUG org.apache.http.wire - http-outgoing-0 << "X[0x93][0xc2]+W{[0xf4][0xb2][0x3][0xab]9[0xdf][0xfb]/Z`3>[0xfc][0x1a]{[0x8c][0x8e][0xe0][0x96][0x1a]5[0x94][0xc3][0xa3]|zd[0x93][\n]"
15:19:32.715 [main] DEBUG org.apache.http.wire - http-outgoing-0 << "[0x9a][0xb5]`X[0x1]_[0xc8][0xc9][0xc1][0xd8][0xde][0xc]W [0x9b]2[0x82][0x95][0xcd][0xf7][0xc5]L[0x99][\n]"
15:19:32.715 [main] DEBUG org.apache.http.wire - http-outgoing-0 << "ALz[0xfd]Lq[0xd4][0xda]C[0xf3]9[0xda][0x18]'u[0xd0][0xad][0xf1][0xe9][0xd2][0xae]e[0x81] a[0xdf][0xaf]\[0x10]*[0x12][0xf9][0xdc][0xda][0x98][0xf1][0xc][0xfa][0xe3][0x7][0x1c][0xd4]J[0x8e][0xfd][0xc6][0xfe][0xd8]([0xc5][0x8c]-[0x6][0x87][0xca][0x90][0x92][0xb][0xe6][0x1][0xd0][0x5][0xc2][0xd2]+[0xac]<7*[0xfa]{[0x82][0x88][0xab][0xe][0x89][0xe6][0xc7][0x18])4[0xad][0xb5][0xcd][0x94]L[0x93]c[0x8d][0xd9][0x9d]f[0xf9]K[0xb5][0x9a][0xbb][0xd7][0x15]b\[0xa5][0xff][0xe1][0xf8][0x99][0xc0]&h[0x10]l[0x97]S[0xe8][0xce])}[0x9]M[0xf9][0x7][0xb9]N[0xe4]d[0xa4][0xc8][0xe1][0x80]Gu[0xed],[0xd3]k[0x9e]bR'[0xca][0x96][0xaa][0x89]T[0x9]~@&[0xa7][0xae][0xb3]Tzcu|[0x8b]K[0xaf],[0x9a][0xf0]F[0x7]|[0xe9][0xb2]g@A[0x10][0xca]_[0xa8][0x9d]h[0xc7][0x94]F28[0xcc]n[0xdb][0xf9]O[0xb9][0x9d][0xcb]2[0xc0][0xb5][0xd7]<[0x9e]:[0xe7]7[0x8d];[0xa9]R[0x99][0xc5][0x8d]A[0xf4]_P[0x17][0xe1]mJ[0xf7]/M[0x84]D[0xe5][0x1d]([0xd7][0xc4]S[0xc8]-2;[0xfd]^:[0xc2][0xb][0xbc][0x89][0xaa][0x97]$[0x16]*u[0xcf][0x8a]f[0x19][0x1b][0x9a]6[0xa9][0x91][0x92]9[0x17]&[0x19][0xb][0x8b][0xe1][0x6]7[0x98]Kc[0x8][0x92][0xdf][0x9][0x8b][0xba]h[0xe9][0xf1][0xab]C[0xd5][0x95][0x9b]Eoi[0xf6][0xc6][0x14]z[0x9e][0xb1][0xbb]52[0xb4]P[\r][0xfc]mCBg8[0xce][0xf1][0xaa]=[0xdb][0x6]C[0x12][0x9f]\[0x92]a#[0x8e]c[0xf2]K[0xae][0xd2]o[0xee]v$[0x3][0xba]g[0xd9]&[0xe4]B[0xb2][0x8b][0x84][0xbc]d[0xfb][0x6][0x81]t[0xc2]8R[0xaf][0xa2][0xca][0x88][0xb6][0xe6][0x5][0x90][0x83][0x8f]'2[0x85][0xc5]*f[0x95][0xd2][0x18]8[0x13][0xcd][0x98][0xe7]6>O[0xb7][0xbc][0x1e][0x19][0x9c][0xe2][0xd3]8][0xef]IRw>[0x85][0xf7][c0nqG[0xcf]"Dw&[0xed],[0xb9][0xac]\OT[0x81][0xdd][0x9e]"[0xe4][0x92][0xa5]H[0x17]{[0xb7]&[0xb][0xdb]0+[0xd3][0xc][0xa8]dI[0x9f]Y[0xec][0x8b]'[0x89][0xa9][0xbd][0xa6][0xab][0xa6][0xd0][0xb3]Pmn[0xf]Q/[0xd9][0x9a]h[0x85][0xd1]6e[0xe0][0xf5]:[0xbd][0x9c][0x92][\r]Se[0x9b][0x8e]`[0xba])qjd[0x81]<[0xfe][0xfc]Hy[0x81][0xeb][0x8e]z[0xd5][0xd7]B[0xda][0x0][0xcf]?AT[0xb6][0xd3][0x1c][0x81]){[0xcb]n[0xca][0xb1][0x17][0x84][0x81][0xb4]8([0x9d][0xf6]kF[0x9c][0x12][0xda]m9[0xbe][0xd2]x[0xad]n[0xc4]a[0xbd][0xe4][0x9d][0xcb][0xc5][0xf5][0xf8][0xa5]6[0x95][0xab][0xd6][0x9c][0xbe][0xfa][0xe7][0xdc][0x1f][0xa7][0xf1][0xe1]U[0x1f]O[0x3]Aw[0x1b][0x95][0xae][0xef][0xc4]c[0xb9][0xc4][0xe9][0x16][0x19]([0x1f][0xb8][0xc6][0xab]^H|a[0xc1][0xcb][0xa8]y[0x96][0x16]+[0xeb][0x97][0x9a][0xd6]ej[\n]"
15:19:32.715 [main] DEBUG org.apache.http.wire - http-outgoing-0 << "[0xb9][0x0][0x91]L[0xe9][0xc1][0x1c][0xbf][0x90][0xf][0xa1][0x88][0xbe]+[0xb]_[0x8][0xcb][0xdb][0xa6][0xfd]sn[0xda][0xb2]6[0xe1]Z[0x12][0x9c]<%[0xf]5<[0x80][0xab]A[0x1e][0xbe][0xc][0x13]T[0x1d][0xd7][0x11]\[0xf8][0x96][0x16][0xf6][0xa3][0xaf]c-[0xb6]:u[0x16][0x3]t[0x4]_[0xb1][0x94][0x82][0xa9][0x90]n[0xdc][0xb9][0xdc]|3[0xf1][0xfa]#[0xed][0xe7][0xca][0xde][0x11][0x87][0xdb][0xab]N"+#[0x93][0x5][0x5]7[0xb4][0xc4][0xff][0xe2][0x14]y-."
15:19:32.717 [main] DEBUG org.apache.http.wire - http-outgoing-0 << "[0xed]6d5[0xa9]~[0x84][0xeb][0xa6][0x83][0x9d]3[0xbf]w[0x4][0xb][0xeb][0xb2]7U7[0xf]?[0x8d][0xa7]0t[0x97][0xf1][0x3][0x1c][0xb6][\r][0xa9][0x18][0x95][0xe5][[0x17]^[0xb6][0x16][0x10][0x13]1_[[0xd4][0xda][0x88]\[0xe5]c[0xec][0xab]A[0xab][0x0]aR$v[0xa2]q9[0xf5][0xc4]:[0xc4]f[0x14]}'[0x14][0x9f]0[0xf4][0xf6][0xab][0xc5]p[0xd7][0xac]*[0xce][0xf4]mA[0xb2][0xd2][0xa6][0x15][0xe3][\n]"
15:19:32.717 [main] DEBUG org.apache.http.wire - http-outgoing-0 << "n[0x84][0xa2][0x19]em[0x15]g[0x19][0xcb]k[0xe8][0x0][0xfc][0x92],[0xb2][0x9c][0xae]NR[0xe1][0xed]8[0xb7][0x17][0x83][0xd8]R0[0xc][0x92][0x5][0xa5][0x8f][0x3][0xb5][0xae][0x6]R[0xae][0x99][0xf4][0xc3]){'f[0x10][0xd6][0xc7]&[0xad]A[0xe5][0xe2]"[0xf4][0x14][0xd2][0xd0][0xa1][0x17])[0xa1][0x7][0xd3]~[0xc9]6[0x85][0x9b]/[0xa2][0xfa][0x12]H[0xf7][0xda][0xaf][0xde][0x16][0xa2][0xf4][0xe4]M[0xd0][0xfe][0x87][0x5][0xb2][0xf5][0xfb][0xaf]R8[0x2][0xe5][0xb1][0xf3][0xbb][0xa6]0[0xa0][0xcf]WHL,[0xef][0xd6][0xf2]N3[0xe7][0x18][0x99][0x81][0xa2][0x8b]&[0xf1][0xee][0x8a]&L/[0x8c]>[0x7][0xd9]Y[0xf2]o[0xc2][0x92]^+@[0xdd][0x4]O[0xab]s[0x97][0xf3]Nu`IL[0xeb]Q[0xe0][0xbf][0xe5][0xd6][0x84]ta[0xb9]j[0xa3][0xba][0xac]hh[0x8f][0x9a][0xfe]2[0xe]}:Oq~9[0xb5][\n]"
15:19:32.717 [main] DEBUG org.apache.http.wire - http-outgoing-0 << "?[0xdb][0x92][0x86][0x1f][0xf1][0xc8][0xdf][0x18][0xae]'[0xe][0x8c][0xe6],[0x88][0xc9][0x9f][0x86]EvnI[0xe5][0x85][0xf1][0x85][0xdb]gt[0x8a][0xa8][0xc2][0x17][0xf0]S[0xb4]$[0x86][0xc0][0xdb][0x97][0x11][0xb9][0xd6][0x80][0xef]%[0x9b]nX[0xe3]/[0xb9]5[0xb6][0x5][0xb0][0xb8][0x3][0x92][0xad]*:2[0xc1][0xa1][0xc5]w[0x9a][0x81][0xdb]8[0xc1]J[0x9e][0x1a][0xf9][0x14][0x16][0x8d][0xb9]")_5HH[0x9d]Ql[0x9][0xaa][0xf5]^[0xbc])[0xa8][0xb3][0xe7][0xda][0xb0]x[0x12][0xc5][0x93][0xca]([0x3]i[0x89][0xdb][0xda]j[0xaf][0x16][0xc1]Ry[0xb4]&[0xba][0xf4][0x8][0x96][0x9a][0xed]5gYxX[0x95][0xee][0xd8][0x1b][0x9e][0xc4]W[0x8e]?7[0xc5][0x9b][0xd2]E[0xbb][0xd5][0x9f]`[0x7][0xda][0xbb][0xb1]9[0xd5]Kb[0xfe][0xc7];[0xbf][0x99][0xce][0x8d]g[0xa4][0xa7]$[0xc]b[0xcc][0xc1][0x19][0xcd].[0x10][0x93][0xd7][0x80]Y[0xd1]r[0xb0][0x99][0xcf][0xa3][0xaa]p[0xb6][0x8b]6[0xeb]m[0xf5][0xdb][0xd2]F[0x8d][0x8e]E[0x10]Y[0xd5][0x1a]Z3[0xc1][0xc3][0x8f][0xc3][0x98][0x9c]1-~"bX}[0xc8][0x1c]g~[0x14][0x18]s6[0xed]`[0xfc][\r][0x98][\n]"
15:19:32.718 [main] DEBUG org.apache.http.wire - http-outgoing-0 << "g$JI[0x92][0xb5][0xf0]_[0xc5][0xb3]xY[0xf2][0xa3][0xdb][0xba][0x97][0xad][0xd7][0xcc][0xab]y[0xac]^[0xdc]Bki[0x99];L[0x8b][0xb5]K[0x8][0x80][0x95]E[0x90][0xc4][0x1e][0xb5][0xa0][0xc7][0xc7][0x86][0x82][0xcc][0xca][0x9d][0x98][0xdd][0x6][0xae][0x6]B[0xf0][0xc9]}U[0xd2][0x8][0xe]_[0xc5][0x94]%%[0xeb][0xdd][0x11][0xa7]d[0xba][0xf5][0xd2][0xbd][0x9][0xad][0xf0]@4![0x3][\r]|[0x1a][0xe4]6.[0xf1][0x83][0x93][0xef][0xb2][0xf5]b[0x94][0x6][0xd2][0xbb][0xc1][0xb4][0x8c][0x6][0x3][0x11]y[0xa6][0xfa][0x85][0xaa][0xdc]H`[0xb3][0xf4]f[0x1d]\[0x91][0x11][0x94]2b[0xf2]G[0x14]dK+[0x95][0x95][0x87][0xe8][0xed][0x88][0xf4][0xb9][0x13][0x82];[0xde][0xd1][0xca][0x97][0x90][0xd3][0xda][0xc0]y[0xd7][0x98][0xc1][\n]"
15:19:32.718 [main] DEBUG org.apache.http.wire - http-outgoing-0 << "I[0xc3][0xfd][0x8f][0xe0][0xb7]R[0xe9][0xfb][0x4][0xd9][0xe9]V[0xe9]ar[0x95][0x92][0xe4][0xf0][0xa0][0x2]m>[0x10]#[0x12]BJ[0x8a][0x96][0xa2][0x9d]&[0x80])[0x9c]#[0xc3][0xae]5[0xae][\n]"
15:19:32.718 [main] DEBUG org.apache.http.wire - http-outgoing-0 << "[0xa5][0xd6]m3[0x8e]n[0x97][0x1c][0x8f][0xe8][0x8][0xe0]@[0xbd][0xa7][M[0xde]O[0xff][0x9a][0x1b][0xaf]R[0xbf][0xc2][0xfe][0x19][0xf6][0x8][0xa8]WF[0x0][[0xbe][0xf9][0x86]3[0x8b][0x9a][0xea][0x3]E[0xf9]t[0xff][0x1a].[0xef][0x1c][0x97][0x94][0xc0][0x85]T[0xde]%[0xab][0xd5][0xa7][0xaf][0x90][0xa0][0xf1][0xf3][0xc6][0x8b]8([0xb9][0xb6][0x7][0xd3]O[0xcc][0x96][0x91][0x10][0xaf][0xb1][0xe2]q[0xbb][0x1d]~[0xa4][0x81][0xef][0xfd][0x1c]kb[0xe7]e[0xcc][0x8d][0xb0]P[0x98][0xab][0xaa] h[0xd7][0xa9]\[0x97]X[0x97][\r]?[0x9f]p[0xe3]N[0x87][0xea][0x5][0x1b][0xb3][0x91][0xac][0x1a]Rl[0xad][0x16][0x97][0xce][0xcd][0x1a]N3[0xb2][0xd2][0xde][0xd6][0x8d][0xb0][0x94][0x85][0xb6][0xcf]"O[0x7][0xd0][0x1]$5[0xa4]U[0xe7]G[0xc8][0x87]:g&q[0xdd]$[0xe8][0xdc]_[0xb2][0x13][0xa3][0x98][0x8c][0x89][0xb]^-[0xa7]n[0xb8][0xcd][0xf3])[\r]Xi[0xef][0xd2]x3[0xb2]ZiE<[0xb5][0xde][0xdb][0xd9][0x9]l[0x96][0x81][0xfd][0x81]_[0x85][0x9][0xce]V{[0xc4][0xc5]9u[0x15]q[0xa5][0xae][0xb4][0x94][0x1][0x80][0xe2][0x10][0xa9]"[0x93]2[0xf4][0x9a][0xf4][0xb2][0x9f]`[0xcc][0xd7]k[0xa9][0xc8]$)[0xb5]2[0xae][0xeb][0x5]d[0xa4][0xe5][0xe2]t[0xed][0xc9][0xfb];[0xc0][0x96]*l[0x19]'p[0xf5][0xa2][0xca]J$[0x10][0x17]F-k[0x8][0xee]%[0xf8][0x87]#[0xb]gAN[0xd0][0xfb]c[0xf4][0xc3]b-[\n]"
15:19:32.718 [main] DEBUG org.apache.http.wire - http-outgoing-0 << "[0xdf]Wc:[0xc1][0xe7]s7[0xe2]xe[0xcb][0x7][0x16][0xa8][0xb7]d1[0xd4]30[0x96]"5.-[0xfe][0xd2][0x91]28[0x99][0xbf][0x8d][0x12][0x90][0xf3][0x1d][0xd7][0xdc][0xc4]d[0x81]6[0xfb][0xca][0x8c],[0xc0][0xef][0x84][0xfb][0x91][0xaf][0x96][0xd1][0x8d][0x89][0xf2]KL[0x1e]y5^[0x8c][0xdf][0xf7]&[0xb3][0xce];[0xad]_[0xed]o[0x17]Y[0x9d]q[0xd6][0x98]Z[0xb6][0xbd][0xa9]t[\n]"
15:19:32.718 [main] DEBUG org.apache.http.wire - http-outgoing-0 << "sM[0x9e][0xc7][0xf5][0xc2][0xdd]S[0xb8][0x9e][0xa1][0xd1][0xd7]H[0x10]k[0xf1][0xf5][0xca]5^[0xf2]e6[0xcc][0x9a][0xc4]aE:[0xf9]t[0xc6][0xc8]l[0xa6]([0xab]Y#b[0x5]L`[0xe9]E[0xe6]d[0xdb][0x1c][0x9f][0xe4][0xe6][0xa8][0xf7]r[0x18]?T[0x9b][0xa1]:[0x6][0xef][0xb9][0xd0][0x8d][0x83][0x17][0x86][0xeb]3[0xd2][0xd3]&[0x90][0x8b]=[0xa6]\%[0x9c][0xda][0x92][0xb1][0xa1]Zt[0x83][0x8d]&[0xf6][0xa1]F[0xc3]&[0x94][0x95][0xfa][0x90][0xb3][0xf9]^O[0x11][0xc2][0x82][0x99][0xa8][0xdd]:[0x84][0x95]/v[0xf7][0x8b][0xbd][0xc8]E[0x8b][0xd7][0x96][0x5]|[0x99]z[0xa4][0x93][0xea][0xd3].[0x8c]6[0xa9]w[0x1b][0xb6][0xa5]nuq[0xd2][0xd8]-[0xde][0xf2]S[0x80]*[0x10]@[0xe7][0xf4][0xfd][[0x18][0xc1][0xb1][0xfc][0xee]D"cv[0x15][0xb5][0xc8]{[0xd9][0xc2][0xc4][0x95][0xbf][\r]U[0xe0][0x8d]$_H[0xe7][0x92][0xaf][0xba][0x94][0x9e][0xf9][0x0]fp [0xab][0xe3][0x8b][0x96][0x94]~L'[0xd9][0x13][0xd0]N[0xd0][0x8f][0xad]Z.-[0xd5][0x9a].g"0M?[0x13][0xb9][0xdf]vG[0x9a]jhiCP[0xf9][0x1c]a[0xe1][0xce]2[0xc4]k[0xab]o[0xe4]$[0xf6][0x94]e[0x85][0x19][0xcb][0xef]$[0xf5]N#[0xd4]N[0x14]`[0xa1][0x85][0xb5][0x1c]JM[\r]_[0xd6][0x2][0xdd][0xf9]{(w5[0x1a][0xac][0x98][0x9f][0xd4][0x94][0xea][0x8][0x10]A"
15:19:32.719 [main] DEBUG org.apache.http.wire - http-outgoing-0 << "Q[0x99]0RN[0x8]w[[0xac][0xac]4[0xd6]R[0x96][0xe7][0x1d]/[0xd7][0xdc][0x18][0x1b]{[0xdd][0xf][0xa1][0x1b][0xfa][0xe7][0xf4][0xde][0x1b][0xa8]([0x9f][0xd4][0x15]w[0xf9][0xd9][0xcd]0I[0x15]+j[0x5]ur[0xde]+[0x3][0xe6]M[0xb8][0xb][0xb][0xbc][0xac]y[0xc9][0xad][0xa6][0x9a][0xe8][0xac]|[0xaf][0xbd][0xe6]hl[0xf]\8[0xf3][0xb9]p[0xaf]{[0xd2][0xa0][0xba][0xd5]:[0xfb]w[0x9f][0x9e][0x1][0x92][0xe0]![0x8c][0x97][0xbe]a[0x16]x[0x86]b[0xc5]s[0xca][0x1a][0xf0]3[0x11]v4[0xa5]{"_3[0x9e][0x97]I[0x90][0xb3]([0xbe][0xf3]O.=T[0xe][0x17][0x8a][0x9]Y2[0xe0][0x9c]S[0xc1][0x98]_o[0xeb]6[0xfa]in[0xa7][0xb2]zp_Mz[0xfd][0xf6][0x12]6[0x97][0xc]}[0x1f]V[0xc0][0x6][0xbe][0x1d][0x8f][0xcf]}|[0xdf][0x1f]>toa`gi[0xa6][0xcb][0xf9][0x88][0x0][0xca]#[0xd0][0xb9]/[0x10]$[0xd2]C[0x12][0xda]8[0xf3][0xdb][0xb5]~eiK[0x99][0xb5][0x83][0xce][0x14][0xbb]<[0xf8]Y+[0xd8]l1H[0x1e]`[0x11]~[0xb0]V-~[0xf]@m[0xcc][0x19][0xa8][0xdc][0xaf][0x87]$nv}[\n]"
15:19:32.720 [main] DEBUG org.apache.http.wire - http-outgoing-0 << "[0xdb][0x96][0xa5][0x86][0xc6][0xab]"[0xce]I[0x8e]A[0x9c][0xb0][0x6][0x19][0xf9]k[0xe4]4[0xc2][0x5]}[0xe9]_[0xda]*{[0xc5][0x4][0x4][0xb6]q[0x84][0x94][0xed][0x4][0xfc]3[0xdb][0x13]m[0xc3]I[0xb9][0x86]HR[0x1a]+[0x97][0xfc][0x81][0xd5][0x86][0xe4][0x92][0xb][0x5][0xf2]1[0x17][0xd6][0xe2]e[0xa0]|[0x10][0xeb][0x96][0xb4][0xe6]!b[0xdb][0xdd][0x16],k[\r]W[0x13][0xda][0xf6][0xab]F[0xe5][0xff]m[0x4][0x95][0xa0][0x87]T[0xc6][0x86][0x9][0xb6][0x82]%[0xc7][0xdf]:[0x89][0x8e]Rb[0x9]%[0xc3][0xc6][0x5][0xf7][0xa2][0xe6][0x8][0xf8][0xed]_z[0x8c]t[0x3][0x8d])G[0xba][0x15]P![0xa3][0xd1]Z[0xe4][0xe0]!![0xfa]M[0xe4][0xa9]nh[0xd6][0x97]F[0xaa]w|@[0xb7]J6[0xd9]H[0xdd][0xef][0xb8][0xbc][0x90]b[0xdf][0xd0][0x16][0xfd]r[0x9c]R[0x6]{[0xff]m[\n]"
15:19:32.720 [main] DEBUG org.apache.http.wire - http-outgoing-0 << "[0xb4][0xe7].[0x9d][0x83]d[0xa2][0xb1][0x99][0xc7]2*[0xcd]7[0xc3][0x18][0x17]s[0x86]J[0xd9][0x8d][0x12][0xaa][0xa8]c[0xc5][0x8e][0xbc][0xe8]ODMH[0xac][0x86][0xf]0v[0xe9][0xb1][0xc1][0xcd][0xb]q0[0x99]q[0x8e][0x92][0xd8][0x19][0x84][0x7]pF[0xe0][0xe9]_Z[0xd1][0xb0]c [0xe][0xcb]^[0xbb][0xb6][0xb7][0x9b]#[0x1e][0x19][0x8c][0xed][0xd4]j[0xdc]^[0xc3][0x92]2[0xb6][0xe4][0x10]c[0xb][0xb5]3M[0xc][0xc9][0x6][0x18]![0xe6]:[0x7][0x6][0xcd]a[0xd4]A[0x13]N[0x94]G[0xbb][0x8]jD[0xb3] [0xac]"[0xa2]{[0x10][0xc][0xe8]dE[0x1c]%r[0xe0][0xb9][0xd5][0xa1][\r][0x5][\r][0xd6]K[0x1e]y[0xa9][0xb8][0xe3]kP[0xaf][\r][0xa6][0x8a]h[0xdb]t[0x9f][0xe5][0xa6]++[0x8]t[0xdd][0x7][0xc6][0xfc]%[0x1][0x90]>[0x19][0x6]I[0xca]N[ukJ}/[0xe9][0xa2]o[0xcc][0x1f][0xcb]@[0x9b][0xf8]{[0xe9][0xd3][0xb0][0xec]1km3f[0xe2][0xa5]!Eu[0x1][0x81][0x85][0x96][\n]"
15:19:32.720 [main] DEBUG org.apache.http.wire - http-outgoing-0 << "I[0xb6][0xbc]-8n[0xae][0xeb][0xeb]ICM[0x1e]E[0x19]v"[0xe4][0xdb][0xbb][0xf0][0xbf][0xdb]ze[0x99][0xc0][0xdb][0x8c][0xe2][0xe4][0xc6][0xbb]l[0x83]kc"[0x8]vKt![0x9d][0xa7]k[0xaa][0xb5]6[0xc7][0xf5][0x98][0x81]c[0xbc]=L[0xe][0xf9][0xd5][0xe3][0xe2][0x97][0xc]<[0xe][0xde][0x85][0xe8][0x15][0x16]H[0x86]/a[0xb1];[0x86][0xce][0xac][0x98][0x90]S"[0x99][0xb3][0xa0]uxwV[0xab][0x19][0x1c][0x85][0xdc]m]gc[0xb4][0x2]c4[0xec]?[0x8b]e)[0xc1][0x94].2[0xaa][0x16][0x10]7&l[0xbf][0x8b][0xd0][0xa5][0xbd]}[0xf8][0xe6]|[0x1d][0x86].[0xe][0xe3][0xe1][0xd4][0x12][0x12][0xd0]EW[0xe8][0xb2][0xcc][0xf9]c[0xf5]Nk[0x1a]gn[0xf0][0x1c][0xd9][0xd8][0xb4][0xf2][0xd9][0xf8]b[0x83][0x94]R[0x4]8[0x9]6[0xcc][0x89][0x88][0xf1]QrK[0xa9]\[0x91][0x90][0x2]8[0xe0][0xee]6QC[0xb6]J[0x81][0x1b]/[0xad][0xcd][0xbc][0xf3][0x9a]b[0x16]R[0xae][0xb7]<|[0xb3][0xce][0xfd]3[0xc9]W[0x5][0x98]08[0xb7][0x98][0xf2]n[0xb0]L[0xc4])[0xef][0x9c]v[0x98][0xb8]6{B,^[0x93][0xcd][0xb4][0x13]+[0xa7]7[0x3][0x9c][0xa3][0x83][0xed][0x98]8[0xe4]B[0xb0][0xec]E[0xc9]z[0xc0][0xf3][0xc2][0xc1]'[0xe4][0xeb]gI[0x1a]j[0xb7][0xf1][0xca]J[0xc3]'F[0x8e][0xc9][0xad][0xeb][0xa5]3U[0xd5]H\/[0xf2][0xf8][0x9b]1[0xe5][0xab]q}[0xea][0xc2]9[0xc][0x1b][0xc] [0xbc].dF[0xb7]0[0xcc]n[0xab]>[0x18][0x15][0x85][0xa0]<[0xd1][0xd0]F[0xf2][0xdb][0x15]0[0xb4][0xd3][0x15][0x9][0x8f][0xae]kD[0xac]*+>x[0xdb][0x9b][0xcf][0xcb] a[0xa4][0x14][0xc4][0x16][0xa9][0xf8]M0y[0xdb][0x8][0xb3][0xfb][0xc7]mc[0xff]-7v[0xa5][0x9a]+[0xbc]\y[0x8]t[0xe7][0x14]L[0xf8]":[0xf0][0x17][0xcf]Ie[0xdd][0xff]=[0xce][0xa7]tn[0xbb]w[0xfd];$P[0xb7][0xc0])[0xa7]E[0xe6][0xc7][0xdb][0xf1]%?[0x92][0xed][0xf9][0x9a][0x13][0xc1][0xd0]s{[0x18]|/u[0xa9]g[0x6]T[0xf8][0xaf]e[0x18][0xf][0xeb]h[0xf4][0x87][0x5]e[0x81]i Dg[0x80][0xf3].][0xb2][0xdb]d[0x9f][0xc2][0x80]eM"#[0xe0][0x9a]3[0xda]S[0x3]Df[0x95][0xba][0x87]/[0xfa]a[0x96]a[0xf0][0xba][0xf7][0xcb][0xb3][0x1e]<[0xa2][0xcd]#[0xcd][0xe]1[0xd0]q[0x16][0x8a][0xa0]^[0xe] ;[0xbe][0xb4][0x3][0x93][0xfd][0x99]m[0x94][0xc8][0x0][\r][0x6][0xa9][0x88]B[0xb4][0xd8]Z[0x0][0x83][0x1e]t[0xae][0xdd][0xaf][0xc9][0x11][0xc2][0xe9]G6[0x94][0x95][0xb6]+[0xab][0x11][0x9a][0xef]C[0x87]n[0xc0][0x8a][0xea][0xf7]D[0xda]t[0xf3][0xd8][0x88]([0xdf][0x8f]W[0xd0]L[0x3][0xbe]~[0x8b]E[0xca][0xc9][0x84][0x88][0xa5][0x8d]R`[0x99][0x15]<C[0xf][0x83][0xb8][0xee][0x12][0xc3]#[0xf8]HN3[0xdb][0x12][0x83]B[0xe0][0xe]A[0x0]ml[0xaa]7[0xd0]3[0xb2][0xec][0x8d][0xb9][0xdd][0xa2]Fe[0x84][0xde][0x8f][0xc2][0xdd][0x8c]0[0x85][0xe9][0xaa][0xa5][0x1c][0xb9][0x80][0xe0][0xec]%wy[0xb6][0xc4][0x1][0x1a][0x8e]6G[0xc][0xbf][0x9a][0x1b]t[0x9d][0xe2][0xb9];[0xa5]{[0x9f][0xca][0xe3][0x6][0xc6]G[0xae][0xac][0x98][0xcf][0xc2]c[0xc3][0xe3][0xca][0xb6][0xfd][0xd8][0xcd][0xc9]dDu[0x9e][0x96][0xb1][0xb5][0x9]^[0x3][0xc3]n{t#[0xdb][0xa1][0x9e][0x84]ZY[0x8a][0xb2][0x0][0x15][0x9d][0x94]'[0x4][0xc4][0xa0]k[0xe6]n[0xeb][0xb0][0x14]v[0xae]V[0x95]kq[0x81]E[0x8b]\[0xf0][0x9c][0xe3][0x8f]C[0x97][0xdc]E[0x91][0xda][0x0]#`id&[0xad][0xfd]|8[0xad]//[0xb1][0x9b][0x0][0xef]:om[0xf8]-[0xd1][0x1c][0xba]tXCaO[0x13]*[0x11]z[0xe5][0xd4][0x2][0xd6][0x10]c[0x91][0xc2]([0x82][0xab]n"
15:19:32.722 [main] DEBUG org.apache.http.wire - http-outgoing-0 << ":Ww[0xe1]7[0x13][0xf]%[0xa5][0x8d][0x97][0x16]U{[0xf]1[0x85][0xaf][0xc7][0xd3][0x88].[0xba]i[0xe3][0xbf][0xe7]6.[0x8b][0x1b]!(g:[0x8e]Z[0xfe][0xb2][0x97][0x96][0xaa]O[0xa7][0x1]J[0xe3]~[0xfe]2[0xf5]g[0xd0]=[0xc5][0x5]{[0xcd]0[0xcf]f[0xb8][0x8b][0xe2]]H[0xa0][0x19][0x17]t=[0xa2]?[0xe3]D[0x80][0xfb][0xbc]:r[0x1e][0x8][0x8f][0x80][0xbf][0xd5]#[0x80]4+d[0xfa]@[0xc]r[0xb][0xbf][0xc3]GT&Ks[0xd4]C[0xe6][0xaa]][0x92]O[0x7][0xb8][0xd3]Pg[0x90][0xb8][0xd7][0xe8][0xe1][0xd7]d[0xb1]iN[0xa5][0xf3]rj)[0xd8]`[0xf6][0xc1][0x11][0xeb]w[0xd2]o[0xc5]Z[0xcb]`{[[0x11][0x8d][0xe3][0xa7][0xf0]|.[0xa6]X[0xd2]c@O[0xb6][0xd0]][0x6][0x94]0[0x86][0xb3][0xda][0x8d][0x8d][0xe0][0xdd][0x1c]n.[0xcd]R[0x96][0x1d][0xda][0xbb][0xa6][0xdd][0xc2][0x8e][0xca]'[0x7]k[0xb9][0xfd][0x97][0xe3]D[0x1c][0x8c][0x1f]R[0xa2][0xf0][0x98][0xea]}[0x10][0xe5]z[0x89][0xd7][0x5]k[0xe2][0xfa][0xf2][0x5][0x91][0x9d][0x1c][0xe7]|[0xd5]M[0x9e][0xb4][0xd8][0xe][0x89][0xf6][0x18][0x14][0x9e]2[0x1][0xc1]([0x16][0x99]r[0x7]Fe[0xd7][0x1b][0xb2][0xba][0xf4][0xf6]pPa[0xa4][0xb2][0xf0][0xc8][0xe4][0xf5][0x8a]E[0x87][0xd6]W@:[0xb][0xa4]I*[0x82][0xa9][0x15]T+6[0xfc]W[0x0]Z[0x12]K2[0x8f][0xad][0xe8]@ [0x89][0x4] [0xd9]8[0xaf][0xce][0xb0]~NV[0xc8][0xc8][0xfd][0xb][0xe2]VJ[0xe4]1[0x9d]o:[0xaa][0xbc][0x89][0x81][0x1b][0xfb]Z^9O[0xc1][0x90][0x81][0x97][0xb4][0x9b][\r]ZPr[0x17]g[0xbc][0xbb]67[0x95][0xf6][0xae]&[0xc7]s[0x95][0xca]x[0xb1][0xf9][0x93][0xa3][0x8b][0xba][0x9a]D[0xa1][0xbf]P[0x14][0xb7][0xee][0xb4][0xc1][0xaa][0x93][0x87][0x9f][0xd6]a<[0xbf][0x99][0x8f][0xe3][0xb2][0xf4]S[0xb7][0xa4]/?[0xb7]ZJ[0xc2][0xd3][0x16][0x9]B[0xd1][0xd6][0xa2]W[0xcb]}f[0x9c][0xa5][0x9c][0x17][[0xe5](R[0xf1][0xf6][0xca][0xad]@U[\r]hy$[0xaf]`r4L[0xc]ru[0x1][0xc7]%%[0xf0][0x8b][0xe2]\[[0xf8][0xd6][0xca][0xb7][0xcf][0xf2]A[0xce]j[0xf][0xba][0xb0][0xf7][0x7][0xea]d[0x14] qY[0x1e]f[0x9c]k[0x84][0x85]kh[0x11][0x96][0x18][0xf5]C[0x87][0x13]4[0x1b]D$[0xea]n[0xcb][0x1a]i[0xca]a[0xdc]p[0x88]|[0x5][0x83];[0xbc][0x88][0xa1][0x6])[0x88][0xdf][0x8f]y[0xc7][0x9][0x9f][0xe1]Fc[0xa9][0xb4]FYhH[0xe0]I/B[0x91][0xe2][0xd6][0xc5]"x[0xba][0xb5]L[0xe7][0xf3]a9[0x8d][0xc3][0xf5][0xfe][0xd5][0x18]_^[0xd2]u[0x86][0x5][0xaa]M|[0xcb][0xa3]P[0xac][0x95][0xcd]~[0xb]N[0xe][0xa3][0x3]BH[0x19]Y[0xff][0xce][0xd0]b[0x1a][0x5][0xe6][0x8b][0x1b]D)W2BU{[0xc5][0xaf]y[0x14]2[0xb3][0xaf][0x9d]X[0xa6][0x3][0x93][0xcc][0xdd][0xf6]*[0x8b][0xb][0xb7][0xf1],[0xb0][0x18][0x14];A[0xd5]*jP[0xbf][0xc3][0x11]z[0x1d] t[0xd6]]R*q[0x86][0xf5]`[0xb5][0x81]2U[[0x97][0x84]r^[0x98]m[0xa5][0x9a][0x19][0xf5][0xb4][0x97]&N7[0x93][0xb7][0xc8]8[0xef],[0x90][0xdb][0x13]l[0x83](?[0xbd][0x86][0x8b][0x1f]`[0xcb][0x15][0xa0]}Gi[0xb7][0xd1][0xca][0xb2][0x2]_[0x8c]*=[0xf9][0xee].[0xf5]R[0x1d]+vK[0xec][0xe1][0xfb][0xf4][0x87]C[0x97]~[0xee][0xd0]\f[0x85][0xa9][0x86][0xc0][0xe9][0xd8],[0x8b][0x8b][0x6][\n]"
15:19:32.722 [main] DEBUG org.apache.http.wire - http-outgoing-0 << "[0x97]F[0xa1]E0[0x8b][0xb7]Ua[0x12][0xe9]%o[0xd1][0x86][0x99][0xf1][0xa5]X[0xe9][0xc][0xe1]f[0xc7][0xb2][0xb2][0x8d]jr[0x16][0xdd][0xaf][0x12].[0xe7]N[0xa3]Uk[0xcc][0x19]`[0xeb][0xc3][0xf6][0x8e][0x92][0xcf][0xa7][0xb7][0xeb][0xd0][\r][0xa8][0x9b][0xdc][0x9a]0[0x97][0xc5][0x10]N[0xe3]>[0xab][0xf9][0x8b][0xb6].[0x90][0xab][0xb8][0x6][0xf3][0xe4][0xda]u[0x11][0xc9]O[0xff][0xf3][0xd5][0xe6]J[0xe5][0xd8]f=[0x8a][0x82][0xed][0xc0]p[0x8a][0xe][0xd3]_[0x18][0x1f][0xd8][0xb6]R>[\r]Y[0xad]#'[0xea][0xda][0x1f]w[0xf5][0xf0]f5dZ3H[0xd3]W[0x18][0xee]EO[0xf5]mzs[0xa7][0xf6][0x6][0x13][0xde]:[0xa0]<[0x1][0xd9][0x1b]isb[0x90][0xec]s[0x15].$[0xd8]"[0x81]s[0x8e][0xec]1+$g[0x1d]ub}nZw[0xc1][0xb1]][0x2]"[0xb9]H[0x8e][0x83];[0xce][0xf2][0xff][\r][[0x96]%[0x2][0xae]a}[0x99]C[0xd9][0x90]o[0x10][0x92][0xff][0x5]][0xef]q~[0xc][0xe7][\r]1c}[0xbd][0x85][0x8e]/[0x81][0x1b][0x92][0xd1]c"![0x1a][0x94][0xf3][0xe2][0xd9][0xd8][0xb2]iL[0x86][0x12][0x19][0xa7]u[0x13][0xea],[0xf6][0xb7]^[0x9c]b"[0x15][0xf1]"[0xc9][0xa4]Z;,V[0x84]Y5l[0xdd]T[0xb6][0x82][0x90][0xc6][0xc4][0x8b][0xd2][0x87][0xee][0xb6]`YMls[0xef]-[0x9a][0x93][0x5]$%B"v[0x83]`[0x96]J[0xf8]~[0x88][0x10]-[0xd2][0xff]m[0x8a]p[0xcb][0xc2]M[0xc5][0x6][0x4][0xd6]%[0xac][0x95][0xc4][0xb][0x1][0xd6]H[0xe7][0xcd]5g[0x9d].f[0x90][0xe1][0xf]/[0xed][0xcb]S[0xcc]t[0x96][0x91]M[0xe8]O1[0x3][0xcb]t[0xde][0x85]@[0xe5]o[0x2][0xb5][0x8c][0xb2]*a[0xbe][0xd5][0x16]*-Z[0xf5]<[0x4]A[0xd6]n[0x95][0xa3][0xe5]7[0xa0][0xd0][0xe7][0x98][0x12][0x91][0xf][0xf1][0xda]=[0x9d][0xc3][0xf1]zh![0xa1]yG[0xdc][0x83]q[0xb8][0x86]\kQ[0xb3][0x19][0xbd],[0x1b]4[0x6][0xf6][0xd8]Q[0xd5][0x9c][0x80][0x8e][0xb1]h%[0xb1]'\[0x16][0xcf]\[0xa6][0xff][0x8e][0xaa][0x1]z[0xaf]u[0xc6][0xf9][0xc3][0xf4].[0x9c][0xef][0x99]bJ>[0xce])([0xa6][0xc4][0xfe][0xd8][0xa8][0xcb][0xe1][0xa8][0xfb][0x4]:[0x96][0x1a][0xd8]B[0x97][0x8b]D[0xfa][0xf2][0xd7]OrN[0xf8][0xc][0x9e][0x9f]g[0xed]pS[0xc6][0xd2][0xe][0x17][0x95][\n]"
15:19:32.722 [main] DEBUG org.apache.http.wire - http-outgoing-0 << "n[0xb5][0x96][0xa6][0xb6][0xc][0xdd]15[0x17][0x89][0x87][0x8e]@[0x8b]Y[0xa7][0xdd][0xcf][0x1b][0xe4][0x8a][0xcf][0xf2][0x11][0xc5]j[0xb7]81[0xbe][0xce][0xdc]9j[0xc2][0xe4][0xc9]\[0xc3][0x92][0xf2][0xd3]K[0xdf][0x84]"ej[0x9e]%[0xa9][0xf2]A[0xaf][0x98][0xad]f10[0x14]<[0x13][0x2][0xbd][0xe0]:[0xf9][0x13][0x1c]5[0xd6][0x1d]-[0xab]"[0x99][0xf2][0xe6]v[0xb3][0x3].[0xed][0xf9][0x9b]$[0xe2][0xa0]YF>uK[0xe0][0x81][0x95][0xa7][0xbe]Z[0xd9]J 1[0xf3][0xdb]m[0xdb][0xb2]D[0xf0]y;[0x1][0xe]\[0x1a][0xba][0xc5]Q[0xca][0xd4]a[0xc7][0x8e]k[0x90][0xf8][0x9][0xea][0xb4]e>[0x91][0x2]+[0xcc]o,K3sa@P&[0xc7][0xa9][0x1d]h}[0xe6][0x99][0xcf][0xa2]n[0xd1]UI_[0xd6]fW[0xf9]Y[0xfe][0xe2]^[0x17][0x93][0xd0]b[0x94][0x15]Rx[0xd7]n[0xfb]n;[0x95][0xa5]A&MLc[0xc][0xd4]+0bk[0xfc][0x2]:[0x89]"
15:19:32.723 [main] DEBUG org.apache.http.wire - http-outgoing-0 << "[0xe7]0'[0x83][0x84][0xc7][0xd8][0xdc][0xb9][0x80][0x91]2y[0x3],[0x98][0x93][0xe7][0xa7]8[0xed]V[0x9b]D'[0xe6][0xdb]R[0xfb][0x9d][0x8d][0x12]d[0x0][0x8a][0xcc]{Z[0x86][0xc6][0xa2][\n]"
15:19:32.778 [main] DEBUG org.apache.http.wire - http-outgoing-0 << "hQ6[0xa5][0xe5]r%[0xb9][0xac]BZ[0xec]G[0xf9]2[0xe0]D7[0xe9]%-[0x1f]QM.[0xcd][[0xcd]^[0xf0]ZL[0x9d][\r][0xb4]Q.[0x17]uI[0x0]t[0xab]c[0xfb][0xfd][0xf8]>"{*}[0xe9][0xa6][0xc0]^[0xb6]&[0xdd]=.w[0xb0]xF[0x80][0x96][0x6]g["[0xb3]^[0x3][0xed][0xc4][0x90][0xd1]d7[0xaa][-[0xd7]![0x10][0x5][0xab][0x17][0xed][0x9][0xc4]EF[0xf9]q[0xaf][0x1d][0x3]K[0xbe][\r][0xcc]n[0xd7][0xf1][0xe4][0x84][0xb2]f[0xc4][0xd4];[0x91][0x96][0xba][0xc1][0xf]*L^m[0x10][0xcf]+[0x7][0xb7]H[0xe][0x81][0xa8][0xb9][0x91][0x17]~[0x17][0xe][0xe9][0x1d][0xa7][0xfa][0xb6]{FM[0x91][0xf6][0xfa]pV7&[0xb4][0xd7][0x18][0xba]z@[0x89][0xfc][0x83][0xc4]hT[0xf8][0xc8][0xa7][0xa2][0xe6][0xc]2[0xd5][0x81][0xa2]y1[0xc6]&{L[0xac];[0xd9]/x!Q[0x96][0xf5]][0xf2]`D[0xc8][0x17][0xed][0xba]#[0xac]f[0xbb][0x91][0xf6]Y>*Y-[0x15][0xcf]p[0x13]Ym[0x8e][0xe][0xbe][0x85][0x9f][0xbc][0x1f][0x87][0xee]8^[0xd2][0x8b]>[0x8c][0x8d]8[0x8e][0xbb][0x80][0x8e][0xb2][0xa1][0xc0][0x84][0xa4][0xb4]~[0xa0]F[0xab][0xa3][0xe4][0xa9]"[0xd1][0xa3][0x9][0xfb][0xe2]&g[\r]3[0x18][0x85][0xaa]u[0xf5][0xaa][0xaa]vX[0xbd][0xd6][0xb0]-z[0xf6]E![0xff][0x12][\r]K[0xb7][0x83]La[0xb0][0xa6][0xfe][0x94][0x80];M[0x14][0x5][0x18]|[0xc9]N[M[0x8]K[0xdc][0xe8]=:[0x9a][0xa1]2[0xf6]PS[0x86]pL[0xde]F[0x80]=[0xe2][0x8d][0xbd]_|[0x91]=[0x8b][0x8f][0xcb]W7LJM0;\[0x6][0xeb]S/H[0x89][0xf8][0xd4]I[0x10]~[0x8c][0x11][0xa8][0x5]e`[0xca][0xb1][0xf5]b[0xf6]Z[0xb2][0xac]A[0xea]9&[0xcd]Wjd*[0xe]]<[0x8f][0xe9][0xd5][0xc7][0xe6][0x8][0x6]4[0xed]I[0xd5]M[0xa6]Wma[0x9f]c[0xb7][0xcf].[0xe3][0xc3][0x9f]1[0x82]=[0x15][0xa5][0xa6][0x8c][0xbe][0xd0]f+[0xfa][0x18]e[0x87]P[0xd1][0xc0][0x8][0xd6]G[0x97][0x80][0x97][0x16][0xa8][0xe4][0xa5][0x0][0xa4]i[0xd1][0x80][0xa3][0xcd]@7*[0xae][0x1e]D[0x4][0xbe][\r][0xeb][0xe1][0xb9]{[0x4][0xb9][0xda][0x8d][0xdd][0xcd][0xee][0x93][0xf1][0xf4]`3[0xeb][0xc8]u[0x90][0xd7][0xe9]+G[0xda]u[0xe5][0xe][0x13]-1.[0xda]d[0xb2][0xf4]r|kN[0xd3]<[0x1f]j[0xdc][0x1][0xf5]M4<P<[0xef]Q[0xb5][0xb3]v[0xdb][0xb2][0xac]Ed[0xca]/[0x97][0x87]n$0[0x87][0xe7][0xfb][0x1f][0xc3][0xf4][0x1c][0xa7]n[0x1a][0x9b];[0xff][0xa8]ADK[0xe0][0xaa][0x10][0xae][0x82][0xda][0x94][0xc0][0x89][0xbb]![0x1a][0x7]9[0x4][0xbd]}[0x4][0xe]s[0x82][0xe1][0x8a]W[0xca][0xb6]l[0xfa][0xc][0xa3]0v[[0xfb][0xa5]![0xc5][0xd9]g[0xeb][0x8d][0xed]JCR[0xc9][0xf4]\[0x1a]|[0xbc][0xa9][0x16][0xf2]Y>[0xb3]X[0xed][0xf]w+[0x90][0xb5][0x7]E[0xf5][0x14][0x1c][0x1e]V*[0xef][0x1b][0xf3][0x8a]?[0x86][0xc7][0xf3]x[0xff]S[0xbf][0xa4][0xd3][0x16][0xbb][0xe5]:[0x81]{[0xd9]Pv[0xf5][0x4][0x14]K[0xfc][0x18][0x94]f[0x82][0x12][0xc6]P[0xbd][0x87][0xaa][0xab][0xe0]g[0xec][0x9b]K"[0xa2][[0x3][0xab]U[\r]'[0xd5]<[0xdf][0x98]rR[0xf3][0xb6]Z[0xfe]hn[0xda][0xda][0xd7][0xa4]%[0xa4]S<L[0xf9]][0xae]yX[0xbc]2~[0xfd]Hu[0xdc][0xfb]:[0xca]Z&[0xa3][0xda][0x8c]<-G[0x1b]A[0xe8][0x4]R[0xb6]UC[0x85][0xf1]1`:[0xf3][0xf0][\r]M[0x90]vo[0xa6][0xd8]^[0xae]h[0xd9][0xd9][0xb1][0xe7]tNB$[0xe7]B[0xb8]w[0xf1][0x80]E[0xc3]I4[0xca][0xe8]y[0xe]52[0xda][\r]W[0xed]xYL9[0xdc][0xf]YG[0xde][0x85][0xc5][0xf2][0xc5].k[0xdf]Q[0xe5][0x14][0x16],[0xab][0x1c]I[0xec]Ey[0xb2][0xb5][0x90][0xe9][0xfb][0xf0]!Lc7$[0x9f][0xda][0x12][0xe9][0xb7][0x89]<67[0x15]dt-$[0xdf][0xf5][0x89][0xa1]l[0xc2][0xa3][0x8a][0x4][0xb5][0xd1]u[0xd3][0xda]o[0x3]Q[0x85]4[0xa0][0xda][0x9]4[0xa6][0xe9][0xfe][0xc7][0xad][0xa7]6[0xfa][0x8c][0xc5].[0xd5][0x8c][0xb2]3y[0xa6][0xb2][0x9d][0xb3]|[0x97][0xe][0xf5][0xf5][0xfe][0x8b][0xf1]z[0x8e]]r[0xe0])[0xbf]k[0x8a][0xe3][0xb2][0xe2]B[0xbf][0xf8]T[0x8d]d[0xee][0xd9]*[0xc][0xe3][0xf8][0xb2][0x9a][0x89][0x8d]~+[0x81][0xb4]n[0xc9][0x8f]Z[0x9c][0x8a]nk[0x86][0x1b][0x9][0x7]Og[0x1d]%][0x8b][0xf0][0xc7][0xdd]-[0x99][0xad][0xc2]`[0xd5]&q[0xa1]U:n[0xe5][0xc2]~[0xd8]vxsq[0x99]C[0xa4][0x8d]u[0xb2][0xaf][0xc1][0xfd][0x1][0x83][0xc][0x9]M[\r][0xd7][0xc7][0xb0]0[0x12]l[0x88][0xb1]lk[0x2]zNx[0xa9][0xa6][0x10]=q[0x95][0xb6][0xed][0x99][0xb3]@[0x85][0x83][0x90]ch[0x8e][0x9b][0x8e][0xd4]*[0x96]d[0x1f][0xe][0xe7]I[0x16][0xf3]I[0xb2]IC;[0x83][0x81]#[0xdb][0x86][0xcb]G![0xab]=[0xe1]+[0x9f]#[0xca][0xed]UVN[0xd7][0xaa]U[0x97][0xc][0xa4]W[0xc3][0xb5]{[0xc6]9[0xaa][0xe6][0xe8][0xf6],[0x1b][\n]"
15:19:32.778 [main] DEBUG org.apache.http.wire - http-outgoing-0 << "([0xb7][0xc8]O[0x4][0xcf]k[0x1f]e[0x82][0x17]}[0xaf][0xf5][0xfd][0xd1][0x17][0xf1][0xea]C[0xd2][0x99][0xd1][0x2][0xd7][0x18]9<h[0xc9][0x89][0x89]y[0xb2][0x92]e[0xe6]&o[0x91][0xf8]dH[0x89][0x9b][0x8e]w[0xbb]f[0x88]F[0x92][0x9d][0x8e][}[0x8d][0xc2][0xb2][0x8d][0xda]B.[0x10]i[0x7][0x14][0xc3][0x8c][0x8d][0xa6][0xf6][0xd7]S[0xff][0x1c][0xee]_[0xaf]S[0xf8][0xd0]?wo[0x93][0x9b]o[0x91][0xe6]Y[0xa6]Z@[0x14]GYrL[0x15][0xcd][0x0]g[0x9b];[0x89]3[0xe7][0xd5][0xc][0x9b][0x11][0x13][0x81][0xe8][0xa4]2![0xce][0xc9][0x8c][0x8][0xf4][0x7]Bl[0xc0][0xbb][0x87])[0x1f]5[0xd5][0xd5]0[0x98][0x8b]2[0x82][0x99][0x9e]t[0xb7][0xc1][0xaa][0x12][0xc2][0xad],[0xa2]-Q#[0xf]s[0xb6][0xc0][0xab][0x1f][0xce]}[0xaa]"[0x8e][0x97][0x14]r[0x1a][0xce][0x9e][0x84])[0xdc]y[0xe1]lL.[0x90]i[0x9][0xd2][0xe0][0xaf][0xe8][0x1d]+[0xfd][0x8a][0x80][0xa6]~[0xee]u[0x82][0x80]i[0xcc][0xd9][0xdc][0xc1]B[0xf7]U[0x93][\r][0xbf]9[0xdb][\n]"
15:19:32.779 [main] DEBUG org.apache.http.wire - http-outgoing-0 << "[0x80]l[0x11][0x9f][0xf4][0xf1][0xb8][0xec]p[0x9c][0xac][0xdd][0x86]++[0xf]J'[0x8a]%[0x9d][0x18][0xe5][0xc9]7[0xd4][0x81][0xf2][0x10][0xaf][0xdd]0[0xbe]CE[0xa4][0xd6][0xa2]l[0x89]3%[0x8e][0xc8]-[0x9][0xe5]FMa[0xc9][0xbb][0x80][0x0]+9[\n]"
15:19:32.779 [main] DEBUG org.apache.http.wire - http-outgoing-0 << "[0x1][0x85][0xaf]A[0xdc][0x98]>4&][0x82][0x88]0[0x2]b[0xd8]tN[0x92][0x94][0x16]L[0x8e][0x1f]Z<r}[0xb]'{"[0xac][0x83]#"
15:19:32.780 [main] DEBUG org.apache.http.wire - http-outgoing-0 << "[0xf]U[0x94][0xec][0xcf]Z[0x1e][0xc]3[0xf7][0xdd][0xef][0xa0][0xac]X[\n]"
15:19:32.780 [main] DEBUG org.apache.http.wire - http-outgoing-0 << "[0xde][0xc]5_I[0xae]1H[0xaf]Z[0xf8][0xef][0xb2]e[0x8d][0xaf][0xcc][0x96][0xf0]R[0x97]>[0xf1][0xdc]f0[0xf3]:[\r]p[0xd7][0xb9][0xbf][0xf2][0xc6][0x10][0xc2][0x1][0x8b][0x7][0x19][0xb2][0x8f]K[0xdb][0x9d][0x92][0xa7][0xc4].y=[0x9a][0xca][0xc8][0xc1]u[0x9b]M-[0xe3][0x6][0xdf][\r][0x11][0x90][0xac]G[0x82][0xd1]N[0x6][0x10][0xc1]:[0xbd]f[0xee][0xc5][0xeb]tO[0xfe]J[0xb6]-[0x9f]ObV[0x8b][0xcc]=,[0xe2][0x9e]JS[0x8c]Z[0x93]%[0xbc][0x9c][0x2]D[0x15]1p[0x3][0x91][0x15]V[\r][0xb5][0xda][0x1c][0x8]Z@[0xcf][0xce][0xd7][0x92]?[0xf4][0x6][0xa2][0x8c][0x1c][\r][0xa5][0x85]lv[0x9d]h[0xe7]PTP[0x8b]f D ?[0x93][0x8f][0xa2][0xe0][0xc4]w[0xc9][0x9e]m[0xaf][0xd1][0xca][0x8a][0x4]}-[0xbc]=e[0xed][0xc8][0xaf][0xe5];[0xd3].[0xb8][0xbf][0xb]0[0xd9][0xff]s22[0x18][0xae][0xb][0xeb]S[0xca]K[0x9b][0xf5][0x8][0x1a]P:6X[0xac][0xc5]E[0xe7]Y<[0xfe][0x89][0xa8],[0xc5][0x16]7$[0xa7][0x14][0x18][0xf8][0x9e][0x12]z[0xcc][0xb1][0xd0]Vs[0x9e][0xdd][0x13][0x82][0x1f][0xed][0xeb]![0xb5]:[0xd9][0xc2]%8[0x18][0xe2][0x12][0x9e][0xaf][0xca][0xfb][0x82][0xb5]n[0xff][0xe8][0x96][0xc0][0xd2][0xa2]m[0xe5]+VL[0xf6][0xe5][0xb0][0x88](n[0xa6]T[0xff][0xea][0x9f][0x9f][0xc7][0x87][0x9f][0xe2][0x15][0x1a][0xaa]s[0xca]:[0xa7][0xe9][0xba][0xb1][0xb1][0xd3][0xc9][0x89]qV[0x18][\n]"
15:19:32.780 [main] DEBUG org.apache.http.wire - http-outgoing-0 << "[0xca][0xc9]H[0x80]-[0x1][0x1a][0xbe][0xee][0x94][0xf1]B=[0xca][0xc5][0xe2][0xe7]`[[0xe0]gL|[0xb2][0xe6][0xa3]6mv[0xdb][0xa7]n[0xa4],[0xc2][0x2]+k[0xec][0x1a][0x9c]~[0x3]t[0xe6][0xd7][0xf1]xZ[0xa7]y[0xe9].[[0x14][0xc7][0x12][0xeb]"[0xaa][0xf6][0xaa]]:,[0xdc][0x10]~[0xcd]V [0x98];+,([0xb7][0x15]i[0xb7][0xdc]HI^[0x8c]h8G[0xbe][0x1a][0xa4]m[0x0][0xf5][0x99]V[0x8d][0xb0][0xd2]k[0xa7]][0xaa]=[0xdf][0xd5][0x97][0x91][0xbc][0xde]O[0xdc][0xf2]7[0xaf][0xc][0xf5]k[0xf]+P[0xee][0xd3][0x9][0x1a][0xcf]a[0x9d][0x11][0x1e]@e[0xba][0xc6][0x8d][0xcc]2+[0x99][0x93][0xf2][0xcc][0x16][0x2][0xf1][0xa0][0xf4][0xe0][0xec][0x12]c[0xa8]b&[0x8e]=t'[0xf2][0xba][0xc9]yiD[0xe6]qV[0x9a]W[0x1d]][0xb7][0x84][0xf7][0x1a]k[0x92]E:[0xfb][0x98]C[0xb8]-[0xad][0x9b][0xf6][0xcb]',[0xab]e[0xe0][0xe8]h[0xa8]IA`[0x8a][0xa3]BT[0xcd][0xf8][0xf1][0x12][0xe6][0xd0][0xc1][0xaa][0xb5][0x96]L[0xa9][0xdb]\[0xad][0x9]ao[0x1d][0x7]K}mQ5[0x8f][0xef]Z[0xde][0x91]gaZep[0xe][0xc9]J[0x88][0xf4]uq[0xcd][0x94][0xfd][0x88]Nz[0xc9][0xc6][0xb0]F[0xb9][0xb2][0xf0][0x84][0x94]8[0xed]Y[0x12][0xc][0x92]P[>[0xca]3-[0x8c]Y[0xed][0x4][0x87][0xda][0xcf][0x18]e[0x2]E2[0x12]J[0xf]Q[0xdf]V\[0xf8][0x7][0xe9][0xee][0xf9][0x19][0x6][0x81][0xe6]Sh[0xa5][0xe4][0x9c][0x8f][0xc0]oP.[0x8c][0x13][0x9e][0x97][0xcc][0x9b] [0xc3][0xdf]U-[0x9d][0xa5]][0x90][0xca]A3[0xc][0x14]hq`[0xdc]'[0xaa]N[0xb5][0xd1][0xb7])5[0xf9][0xe2][0x91]-[0x89]s[0xdc]N[0x9d]U[0x18]M[0xdb]x[0xb8]J[0xe1][0x86][0xa3]+lX[0x96]1[0x86]m[0xe8][0xab][0xcd]5[0xf4][0xa5][0xb8][0xda][0x10][0xfb][0xff])[0x86][0xa7]0<[0xfc]W[0x1f]qC[0xd4][0x94][0x8e]bC8[0x82]\)o[0x18]>f[0x8d]`F[0xba]mZ[0x80]Cz&2[0xe7]W|I[0x0]5[0x10][0x83][0xfd][0x1a][0xa3]**f[0x1f][0x8c]![0xa8][0xf4][0xe7]L[0xfd][0x9e][0x1d]l[0xa6][0xf6][0xe4][0x86][[0xfa][0xc5][0xb1]eY[0xb9][0x92][0xd5][0x1e][0xa0]`[0xdb]m[0xf2][0xc6][0x88][0xba]o[0x1b][0xfa]&[0x8f]/X[0x1d]S[0xc2][\r][0x8c]5[0xa7][0xdb]>[0x87][0xd5][0xe2] [0xb5]6[0x87]t[0xba][[0xee][0xd4][0xcb]H[0xb2][0xbc][0xc3] [0xa7][0x97][0xf5][0xc2][0x8e][0xe][0x87][0xce][0xd4](=a[0x6][0xff]m[0x13][0xb5][0x88][0x8b][0xdf][0x1b][0xa0]~[0x81][0xe3][0x83][0xf2]7[0x99]'[0xc5][0x1b][0x9c]z[0x1a][0xe8]^[0xf3][0x81][0x82][0xa8][0xfb][0xc1]rAw[0xfc][0x84][0xdd]f/k[0x1e][0xc4]a[0xcc][0xcb];[0x92]z![0xdd]7[0xce][0xc6][0x92]'[0xec][0xa1][0xc1][0x91][0x18]>[0x8c][0x1d]$f[0xed][0x85] [0x8e][0xea][0xc4][0x3][0x85][0xd2]Na52[0xc]V0[0xa7][0xe0]CZ<[0xea]JQ'[0xf][0x8b]f[0xd2]~|[0xe6][0xb1][0x95]PG;[0xd5][0xa4]g[0x6].[0xc1]t[0xc8][0x80]z[0xa5]Q[0xda][0xcf][0xa3][0x98][0xe6]][0xb6][0xd7][0xea][0xf6]P[0xf6]g[0xf9][0xd4]f[0xb5][0xdc][0xdc][0x1d]Uz[0xd5][0xf2][0xcd][0xf5][0xde][0xea][0xe5][0xa4][0x9][0x99][0x8d]f[0xc2][0xe7][0xe7][0xf8]Gz[0xf3]S[0xec]R[0xa9][0x88]IB[0xbb][0xad]#[0xe8][0x9d][0x1b][0xb2][0xc9][0x1b]6@[0xb4][\n]"
15:19:32.780 [main] DEBUG org.apache.http.wire - http-outgoing-0 << "Sv[0x89][0x1c][0x9e][0x86][0xef][0xc4][0x9d]1[0xf1][0x9]A[0x16][0xad][0x5][0xbf][0xe1][0xdb]@[0x92]![0xf8][0x96][0xb4])[0xe1][0x92][0xda][0xb9][0x93][0x95][0xf4]"[0xad][0xb7] [0xf6][0xc2][0xac]e[0x5][0xc4]Q[0x81][0xf3][0x10][0x9]H[0xc]p[0xd0][0x90][0xc5]#[0xce]W6[0xe8]&[0xeb][0xf1][0xd8][0x9d][0x93]#[0xc4]-,U[0xa0][0x83][0xd3][0xe5][0x87]Y[0xa8]f[0xcb]F[0xb9]d[0xb4]J[0xb0][0xe9][0x8c][0xb4]'[0x16][0x13][0xc6]K`[0x1e]<2?i[0x98][0xef][0xf]J[0xb4]l[0xbe][0x84][0xda][0x8e][0x19][0xfe][0x94][0x17][0xae][0xb7][0xa4][0xca]JS[0x95][0xa5]M[0xce][0x0][0xe7][0xe8][0xe5]^[0xb1]F^[0x94]fF[0x19]P[0x9d]#[0xf3][0xb1][0xaf][0xc6];i[0x17]z[0xe8][0x9e][0xc3][0x4]yl[0x8b] [0xc9][0x16][0x8a],[0xf2]V[0xf0][0xdb]m[0x0][0xfb][0x0][0xcf]lX?%[0xff][0xb7]F[0x8][0xf3][0xa6][0x87][0x8c]y[0x83]1[0xb1][0xbb][0xb4][0xd7]XU[0x9d][0xa3][0x18][0xe3]@z[0xdf][0x99]P[0x8d]([0xd5]9m[0xd7]V[0x1b][0xf6][0xeb]!][0xd0][0xf1][0xe1][0x1f][0x11][0xa6][0x80]a[0x9b]\s[0xfc][0x84][0xf0]#:[0xc1][0x99]~[0x13][0x9d]b([0xef][0xb3]{;/RY[0xd3][0xc6]ir[0x8b][0xda][0x81][0xa9]uO)[0xff][0xf5]b[0xba][0xbc][0xf9],[0xae][0x1f][0x1f][0xa1][0xc8][0xed]T[0xed][\r][\n]"
15:19:32.781 [main] DEBUG org.apache.http.wire - http-outgoing-0 << "22c7[\r][\n]"
15:19:32.782 [main] DEBUG org.apache.http.wire - http-outgoing-0 << ";w[0xb7][0x9b][0xe]x[0x83]&[0x92][0xce][0xd2][0xf9][0xda][0xa5]G[0x9b][0x9a]![0x98][0x7]Oe[0x4][0xe9][0xb1][0x95][0x5]e[0x9b][0xa1](g[0x9c][0x17][0xbd]F[0xdc][0xcd]*[0x7][0xf][0x8][0xb9][0x93][0x80]K[0x6][0xe6][0x5]8[0x8c]][0xf9][0xc5]<lGJ[0xea]u[0xff][0xa7][0x80][0xbd][0xdc][0xa6][0xd8][0xb6]S>[0x95]Y-(G[0x8c][0xaf][0x4][0xe6]H[0x1][0x98][[0xb6][0xad][0x19][0xe1][0x14][0x9d][0x1e]^[0xa7];[0x9b][0xf2]qX[0xf7][0xd6]@[0xb8][0xb8][0x13]F[0x81]C[0xa2][0x99][[0x94]'D[0xfc][0x16][0xb1][0x7][0xb5]4LKWe[0x13][0x9d]$[0x14]Off[0xb3][0xef]2XM[0xf9][0xbb][0xee][0x1e][0xe8][0x7][0xf7][0x5][0xd0]jJ[0xce][0xa0][0xd2]UPm[0xa5][0xf8][0xee][0xb5]iY[0xe6][0x90]/[0xf0][0xa3]|z[0xb]r[0x88][0x96][0x86][0xec][0xe7][0xc5][0xdf][0xa3][0xfa][0xb2][0xa6][0x2][0xfe][0xfa][0xf0][0x8f]d[0xc7]s[0xbc]v[0xf1][0xe5]4[0x85][0xfe][0xd2]l[0x8d][0x5][0xee]![0xc4]@3[0xf]v7c[0xd8][0x18]b[0xe5][0xaa]:[0x93]^[0xa2][0xf8],[0xb0][0xb9]WC[0xb6][0xdc]qT[0xe1][0xdd][0xe0][0x9]/n[0x1b][0x1c]:J[0x6][0xd5][0xb][0xaf][0x9a]-[0x9d]}[0xcc][0xf6]=[0xf6]~[0xd5][0xd4][0xee][0x17]P[0xd6]H[0x98]P[0x11]R'+[0xb4][0xfd][0xaf][0xcc]:[0x86][0xc2][0x5][0xe2]K[0xd0]R[0x85][0x1b][0x2]"[0x1f][0xe9][0xae]=o[0xd0]ky`K[0x97][0xcb][0xac][0x8][0xda][0xe4][0xe2][0x1c]V[0xb8][0xc9][0xaf][0xe4][0xb9][0x13][0xee][0xf]d[0xeb]Ut|[0x91]Z[0xce][0xe4]5[0xd0]Ep'[0xed][0xff][0xaf][0xec][0xda][0x96][0x1c]9[0x8e][0xeb][0xbb][0xbf]b[0xbf]`[0xc2][0xb2]%[0x9b]|[0x3][0xb9][0xb4][0xb4][0xe2]r)Z[0xab][0x90][0xc2][0x8e]pL[0xd4][0x0][0xc5]Es[0x0][0xf4].[0xba]{[0xb9][0xe0][0xd7][0xab][0xf2][0x9e]YU[0x8d]i?[0xe9][0xc2][0xe1][0xc][0x90][0xdd][0x95][0x95]y[0xf2][0xe4]9[0xca][0xf1][0xd6]Y[0xf0][0x96][0x1d][0x8d]*nu[0xa3][0x13][0xc1][0xfe]H[0xc0][0xe8][\r][0x14][0xdf][0xde][0x88][0xf2]~][0x9e]rw[0x9f]'[0xae][0xab]U"<[0x11]12[0xa2][0xb7][0x8e]qs[0xd2]P[0xb1][0xed][0xb8],P[0xfb]zF[0x13]4.[0xad][0xd0][0x6][0x91][0x1a][0xeb][0xea]@N[0x85][0xe7]<R[0x87][0xaf][0x88]W53w[0x4][0xdc][0xad][0xdb][0x1a][0xc7][0xba]sq[0xeb][0xa9]0[0x91][0x90][0xd1][0xd2][0xc2]H@[0xd7]0[0xee][0xc7]1[0x9f]o[0xf]o[0xd2][0xf9][0x9c][0xa7]r)[0xa3]!F[0x9f][0xbe]8[0x91]d[0x9e][0xbb]x[0xd8]gCY[0x10]"[0xbf]L[0x84][0xb2][0xc0]G"[0xd1][0xfb][0xa0]-[0xba][0xcc][0x92]4[0x9b]QM[0xbd][0x7]%[0x93]9Z[0xf7]>[0xf8][0x14]F[0xff]L[0xf7][0xc9][0xd7]B[0xf7]U\[0x10]m[0x9c][0xd4][0x91][0x99]6[0xca][0xd0]L[0x9b][0xa2][0xf8]f[0xb6][0x12][0x8a][0xb3][0x1a][0xb7][0xe1]'[0xed]0!A[0xdc][0x1c][0x84][0xe3][0xbe][0xcf][0x97]g[0xd0][0x94]B[[0xe7][[0x7][0xa8][0xf3][0xed][0xb3][0xdb][0xf9][0xa1][0x1][0x89][0xe7]#[0xf9]e[0xb0]Odx[0x93][0xf][0xed][0x84]F[0x1e][0x2][0xb5][0xd0]t|%[0xbe][0xda][0xd3]n[0x8e]W[0xab][0xf3]K[0xea]g][0x3]+[0xf5][0x18]C[0xdf][0xc0][0xf1]B[0x4][0x8c][0x9e]eC[0xfe][0x2]bF?[0xa5][0xfd][0xb8][0x7]{g[0x92]X[0xee][0x14][0x85][0xcb][0xec]T[0xcf][0xea]ID[0xd4][0xf7]5[0xa1]Os[0x1b][0x9f][0x83][0xd7][0xb2][0x8e]L|X[0xf1][0xd5][0x96]#[0xcd][0xe7][0xd8]DQf[0xb2] 'x[0xc8]f[0x1e][[0xa3][0xd7][0xb6][0x1e]ON&[0x8e][0xa6]f[0xbc][0xd6][0xd5][0xca][0xc6][0x80]j[0xcc]u[0xdc][0xfd][0x92][0x16][0xd0][0xe][0xef][0xb7][0xb7][0x2]i[0x91]z[0xac]&i[0xf][0x8a][0x10]9[0xc2][0xa4]58[0x6]\7[0xc2][0xb1][0xb2][0x8e]?[0xd8][0x95][0xb3][0xc4][0x7]7HZW#2[0x81]Y[0x1][0x87][0xb][0xcc][0xcc][0xb7]y,[0x8f][0x13][0xe0]J[0x84]T[0xc7]t[0xf4][0xb8]JuWH[0xa5][0xe]b[0xdd][0x92][0x88]&Q[0xee][0x98]4~[0x9f]n[0xfb][0x9c]w[0xa5]bY[0x1][0xc5][0xcd]}+[0x1b]0[0xc8][0xd2][0xbc][0x8e]=[\n]"
15:19:32.783 [main] DEBUG org.apache.http.wire - http-outgoing-0 << "[0xcb][0x86]A[0x9a][0xca]*[0x3][0x9f][0x1c][0x8f][0x9e][0x9b][0x16]([0xe0]a[0x8c]/[0x92]yL<4[0x10][0xa7]r[0xac]GS[0xc5][0xc0]{}c\~[0xdf][0x98][0xab]+[0x86][0x19][0x15]x[0x0][0x8d]D[0xff][0x1e][0xb1][0x1a]a[0xc8][0xb2][0xb7]y[0xf2]m[0xf9][0xd8][0x17][0x94][0xa5][0xbd][0x9e][0xf3][0xa9][0xa7]lBX[0x2]fa[0xf6]L[0x91]_[0x7][0xb9]H[0xea]1[0xea][0xac][0xe2]x[0x8f]Xf8[0x8d][0x89][0x17][0x2][0xbd][0xa1][0x94][0xcd]l[0xb2][0xae]E[0xf4]z<~[0x17][0xe3]Q[0xb7][0x1a]{[0xdf] S][0xde]R[0xed][0x9b][0x10][0xfc][0x1d]Y$[0xef][0xd2]-_w[0xfb][0xf1]T>[0xc4][0xda][0xf2]MO[0xea][0x83][0x86]H[0xa1]Q`[0x8e][0xe5]r[0xd6][0x95]'[0xdd][0xeb]z[0xe2]h[0xf8][0xb3]![0x82]{[0x6]Qs[0xb3][0xc0]t[0x4][0xdf][0x95]d'S[0x1][0x85][0xed][0x12]L[0xe8][0xfc]7[0x9e][0xef][0x9d][0xb7]*[0x8e]u{[0xc1]tQ[0xf3][0x82]X[0xce]}[0xa3][0xf8][0xd7][0xe9][0x94][0x9f][0x1e][0xbf]K[0xfb][0xe3][0xee]9[0xcd][0xc7]S[0xce]=[0xff][0xbc][0xcc])[0x9d]n)FA[0x4][0xdb][0xaf],[0x80]d[0xae][0x87]o[0xb1][0x0][0x85][0xda]Y[0x88]C[0xf][0xed][0xa0][0xc0][0xbd][0xe4][0xb0]&[0xa5][0x88][0x11][0xef][0xce]x[0xb0][0x8e][0x87] [0x4]2[0xb7][0xa1][0xed]'[0x1a][0x96]+[0x87];[0x84][0x8e]:|us[0xe0]U[0x1d][0xdd][0xd8]+Z7[0xc9][0xe1][0x94][0xef][0xc8][0x94][0xcc][0xc8][0x3][0xef][0xa8][0xe7][0xff]TB[0x95]/[0xfb][0xfc][0xf8]m:^[0x87][0xcb][0x87][0xf2][0xd2][0x96]O[0x9e][0xfb][0xee][0x8d][0x19][0x85]C[0xe3]=*[0xa5][0x98][0x12][0xa6][0xe5]I[0xf8]wR[0x10]g[0xac][0x92][0x1d][0xfe][0x83][0xa6]z[0xaa]6[0x9d]i[0x9d][0xaf][0xb6]@[0x10]^#[0xb3][0x17]@[0xfa]:[0x9a]u[0xcb]P9l[0xb8]Q[0xe5][0xc8][0x12][0xd5][0x9d]b[0x3][0xd0][0xd6]r[0x1f][0xbc]/_[0xa6]|'[0xf2][0xed]mS[0x9b][0x12]Y[0xdd][0xcd][0xa0]x[0x9d][0xf5]Z[0xcd][0x8c][0x99][0xd7][0x9f][0x98]c#[0x98][0xb1]u[0xb1]M[0x3][0xa2]P[0x1f][0xc9][VN[0xe3]"[0xb2]J&s[0xc6]k[0x9f][0xe6][0xfb][0xda][0xbd]u[0xe4][0xea]&A[0xa7][0xef]r[0x97][0xb9]/[0xa2][0xb2]2v[0xff]7[0x94][0xe8][0xb5][0x86][0xf5]m[0x9e][0x8e][0xa5]D[0xd9]=][0xc7]_[0xbb][0xaf][0x9d][0xc0][0x4][\r][0x80][0x82][0xf3][0x1e]O[0xea][0xb0]ZV[0x8c][0x5][0xb1][0xb3] [0xe9],S[0x91]cl[0xca]5[0x16]TI[0xa1][0x80][0x80][0xb5]Z[0x8d][0x8]O%U@M[0x9e][0xd9][0x5]Y[0xf7]<[0x84][0x5][\r][0x8f][0xd6]+c[0xfd][0xee][0x16][0xee]W[0xff][0x16][0x1f]E[0xdd]t[0xe0][0x17][0xf2][0xba]2[0xb6]"H"
15:19:32.784 [main] DEBUG org.apache.http.wire - http-outgoing-0 << "/[0xc3]*[0x17][0xfe]].][0x4][0xaa]T[0x9e][0xe6][0xdf]@[0xd8]b[0xdf][0xdf]tf-[0x9f][0xcb][0xab]O[0xce]w[0x8f][0xae]XW[0x1e][0x13][0x1e]:[0xcd][0x86].R2 K[0x92]Tu;[0xda][0xfe]u[0xeb]hS[0xa0]u[0xda][0xd3][0xee]x[0xc2][0x8d][0xa4]\[0x80][0x97]7([0xea][0x10][0xd6]}[0x8][0xe][0xde][0xe5][0xf7]a<C[0xcb][0xd6]i[0xc8]N[0x9f][0x87]Kz[0xfc]c[0xba][0xed]`W[0xaf]/[0x85][0xcc][0x14]o[0xfe][0xf4][0x86][0xff]#[0x8c][0xe7][0xe6][0x6][0x10]G?.[0xa2][0xd8]q[0xf7][0xe0][0xfc]T[0xd4]X[0x86][0xe7][0x96][0xea]_[0xa8](P[\r][0xe3]k[0x1a][0x90][0x17][0x99]A[0x1b]f[0x87][0x11][0xab][0x1d]1[0x5][0xaf][0xed][0x8f][0xab][0x1b]n[0xc3]E[0xb2][0x8][0xd9]!m[0x8d]q[0xdd][0xad][0xe0][0xec][0xd0][0xa0][0x5][0x14][0xc8][0x9b][0x1c]][0xc3][0xec][0x86][0x1c]*_[0xea][0x99][0xe][0xa6][0x85]k[0xb9][0xcf][0x8f][0xb2][0xa2][0xff]!=[0xf5][0xca]s/[0xc5]}[0xd0][0xcd][0xeb][0x8][0xbf][0xa0][0xd4]<E@[0x15][0x1c]+LM[0xdb][0xf8][0x98][0xac][0x7]E[0xd0][0x1b][0xfd]j[0xfb][0x96][0xea][0xba]w[0x97][0xc4]YG[0xae]nQ[0xdc][0xc8][0xd1]o[0xfe][0x97]N[0xcf][0xa5][0xbb]&L[0x9e]R[0xda][0xef][0x12]|[0xb6].[0x14]c[0x88][0x9e][0x1][0x8e],[0x81]c)J[0x95]l[0x6]&[0x3]D[0x85]sYq[0xa6][0xa7]9NUG[0x83][0x87]W=[0x91]D[0xc8][0x91][0xab][0x11][0x1d][0x12]k[0xb4][0x86][0xcb]+mi[0x19]@[0xe4]g[0xc6][0x9a][0xca][0x17][0x92],[0xc0][0xe1][0x91][0x93][0x1]^[0x9f][0xb3]T[0x91]ml[0xd4]uTJk<[0xfe]B[0x91][0x9a][0x89];[0x14][0xd8]0b%[0xa2][0xe]:3[0x80][0xc0][0x9e][0x2][0x10][0x1f]2.'[0xf4][0xe4]3/[0xe1][0xca]p[\n]"
15:19:32.784 [main] DEBUG org.apache.http.wire - http-outgoing-0 << "#[0xc3]+[0xde][0x85][0xc5][\n]"
15:19:32.784 [main] DEBUG org.apache.http.wire - http-outgoing-0 << "r9[0x8b]R[0x90][0x1][0xa4]4)[0xd5][0xb2][0xf5][0x89][0xda]&[0xb6],[0xc2][0x7][0xb0]x[0xb1][0xc7][0xbd][0xe3][0x81][0xfb]]`[0xa1]A[0xc1][0xd8]Z[0x9e][0xab]TkH"[0xd2][0xbf](On=[0xba][0xff][0x1e][0xa3][[0xb7]L4c[0xb3]D[0xa5][0x8f][0x9c][0x1a][0x18][0x8e]<[0xdf][0xab]=7'[0xa2]z[0x97]j[0xf4]:[0x97]6[0xf2][0x4]=d[0x7][0xc1][0xae][0xae][0x96][0xfc][0x5]/ _[0x8f][0x98][0x1d][0xbb][0xe5][0x1b][0xc2][0x1a][0xe0]#[0x12]%R|N[0xcb]#[0xc2]B[0x8a][0x1f][0x86][0xe2][0xb6]&[0xc0][0x9][0xeb][0x1e][0x94][0x8d][0x17][0xf5][0x81]!I][0xa4]H>[0xd1][0xaa]H[0xbc]@[0xb6][0x86][0xb0][0xdd][0x93][0xd1][0xf9]#[0xdd][\n]"
15:19:32.784 [main] DEBUG org.apache.http.wire - http-outgoing-0 << "[0xfa][0xd6];[0xa5]o[0xe4][0x1b][0xac][0xb8][0xc8]~[0xb3][0x94]t~y[0xf8]!?Mi[0xff]\:)h\[0xae][0xbd][0xc9][0xbc][E[0xa0][0xd6][0xd2]E[0x91][0xa4]+[0xb2][0x9b][0xb]a?NQ[0xf5][0xfe][0xb1]{zg[0x9d][0x98][0xb5]s[0x6]U[0x8b][0x9][0xba]N[0x1c][0x3]ks|[0x9a]vh&[0x17]<[0xa9][0xe0]Vy[0xc4][0xbe][0x9e][0xd3][0xc3]_[0xde][0x8e] XX[0xa2][0xd6][0x93]tp[0x9f][0x9a][0xf7][0x17][0xa7]Y[0xa4]**[0xda]B [0xf7][0x9c]I[0xae]@s[0xa6][0xd5]c[0x6][0x85][0xe1]f[0xb1]l[0xdf]z[0x1d]e[0xb7][0xc7][0x86][0x19][0xd8][0xd5][0xcc][0x15]Iys[0x8c]:[0xfe][0x86][0xd5][0xe7][0x85][0xb7][0x9e];[0xa7][0xe6]}9%(l[0x18][0xc9][0xdf][0x97][0x93][0x7]^[0x9a]w[0x1c][0xc1]|/[0xa6]P[0x1d][0x86]@[0xf1][0x1b].[0x7][0xa9]`[0xc][0xc3]L[0xd5][0x8c][0xb]wk$[0x1e][0xfb][0x1e][0x91]O$[0xeb][0xa0]+9[0x18][0xb3][0x1f][0xf1]r[0xad]d1z[0x7]wy[0x9b][0x3][0xd8][0x8a][0xe1][0x1][0x8b][0xbe]qA[0x85][0x87][0xde][0x17][0x9c])[0x86][\n]"
15:19:32.785 [main] DEBUG org.apache.http.wire - http-outgoing-0 << "[0xad][0x3]Vs[0x1a][0xd2].[0x1d][0xca][0xfb]2v[0x87]N[0x4][0x86][0x11]_^[0xf]{c[0x9b][0x9c][0xdc]L[0x8][0xe1][0x8c][0xe8][0x84][0xc8][0x97]WT[0x81][0xbb][0x10][0xfa][0xbc]TkK[0xc1][0xd2][0xdd][0xc9][0x17][0x87][0xe5][0xa1]k[0xf0]M[0xa6]'MOp=[0xaa][0xbf][0x8f]Q[0xad][0xdb][0x16][0xb6]}@[0xbf]+[0x9f]0[0x92]c[0x10][0x93][0xf][0x92][0x14][0x1c][0xfc][0x7][0xdb][0x14]w-7L~|[0xb7][0x9b]/[0xbf][\r]y'[0xa9]q?tq[0xb][0xdc]7@[0xb4]1[0xfc]]-C:[\r][0x89]MCLq[0xe][0xa7][0xed][0x1][0x9e][0xb0]&[0x9d][0xb7][0x8a]h[0xe3][0x95][0xd3][0x93][0x19]A[0xc9][0xf8][0x84][0xf3][0x1f][0xde];H[0xcf][0xc9][0x81][0x88][0x87][0xce]R[0xb5][0xf2][0x11][0xd9][0xc6]l[0xe]z[0xc7]X1[0xb5][0xb3]7[0xbd][0xc4][0x86][0xa4][0x9b]([0x9d]2[0xe7][0xf6][0xf8]~[0xce]K)qw[0x9f][0x87][0xeb][0x87][0xe1][0xd4][0x1d][0xf0][0xcd][0xfc][0xf2][0xfa][0x9e]7\[0xc7][0xc4][0x91]1P[0x4])tZ%[0xca][0x9b][0x1e]([0xa1]z[0xd5]YK_[0xc1][0xdf][0x14]p[0xbe][0x89]6G[0xa7]iQ[0xe4][0xe1]z=[0x8f][0xb3][0xa0]1[0xd9][0xc1]*V8[0xf6][0xe7][0xa1][0x3][0x8a]g[0xde]e[0xc8]P+[0x12][0x11]t[0x9]"[0x10][0xc3][0x91][0xf0][0x9c][0xb][0xbb][0x1a][0xf8][0xef][0xb8][0xaf][0x8e][0xf2]&[0x8b][0xdf]g[0x93]+5[0xd1][0xf6][0xbf][0x94][0xd1][0x1e][0x12][0xd4]R0[0xc0]FX[0xfe][0x91]3[0x1b][0xe3]2[0x98][0xeb][0xf8]]t`[0xa3][0xfd]y[0xfc][0x89][0xcd]!nt[0x87][0xc9][0x6]Y3[0xa7]^[0x3][0x9a][0xcc][0xfb]k[0x99]?][0xe1][0xd3][0x9f]NI`[0xf4]N[0xea][0xdc][0xb][0xae][0xed][0xaf]j'[0xf2][0xaa]]rXb&[0x7][0x8][0xb7]A[0xa6]2v[0xc9][0x15]Y[0x9a][0x81][0x9d][0x88][0xcd][0x1]D[0x99][0xc][0x81]j[0xa5][0xbf][0xda];2[0x12]4k[0x1f]FDJ[0xe4][0xbd][\n]"
15:19:32.785 [main] DEBUG org.apache.http.wire - http-outgoing-0 << "[\n]"
15:19:32.785 [main] DEBUG org.apache.http.wire - http-outgoing-0 << "j[0xe8][0xfe]A[0xf][0xe5]^[0xbb][0x13][0x83][0xdf][0xb8][0xb5]Gu/Fl[0xc][0xd0][0xd2]\[0x83]Z[0x16][0x9d][0xab][0xeb][0x6]k[0xc5][0xeb][0x86]e&k[0xb7]P[0xb1][0xc8]y[0x5]k>'.[0x8c]9[0xdf][0xdf]M[0xb1][0xaf][0x8e][0x84]Z]y[0xf0][0x9f][0x9c]][0x9f]<[0xcd][0xd2]'bjc[0x9]G[0x8e]O[0x1b][0x18]m[0xeb][0xe1][0xfb]C[0xc]_[0xe3][0xcd][0x8]W[0xa8][0xf4]2[0xf4][0xdb][0xd7][0x17])[0xdf][0x8c][0xa7][0xf2][0xff][0xef][0x9e][0xf3][0xe5]r[0xeb][0xac]([0xd8][0x9]`[0xd0]@[0xdb].~[0xcc],[0xef]D;[0xff][0xfe]]([0xc1][0xe3]~O[0xa8]Gu.dK2[0xb7][0x11][0x88];G[0x8][0xcd]A6Co[0xf0][0x5][0xe5]N[0xce][0xac]K[0xe4]&[0xed][0xec][0xcd]tWk[0xad][0x8e]TO[0xb6][0xd8][0xce][0xc3][0xaa][0xce][0xda][0x9f][0x16]\[0x95]<[0x8f][0x8f][0xdf]%[0xa0]^[0x8f][0xd7]q>[0xe6][0xde][0xa0]P[\n]"
15:19:32.785 [main] DEBUG org.apache.http.wire - http-outgoing-0 << "[0x13][0x12][0xbe][0xae]e=)[0xdd]9[0xda][0x1d][0xf3][0xd4]}[0x1f]h[[0x7][0xee]fr[0x17][0x8f][0x15][0x8e]~[0xb5][0x8][0xea]vvW[0xe6][0x1]6[0xbb]Y[0xce]a[0xd5]"
15:19:32.786 [main] DEBUG org.apache.http.wire - http-outgoing-0 << "[0xe8][0x1e][0xd7][0xb3][0x8e]U[0xd3][0xc2][0x98][0xa9]![0xee][0xe5][0xb7][0xcb][0xfc]S)[0xc3]w[0x1f]3[0xea][0xe]w%[0x12][0xa3][0x9][0x87]~[0x13][0xd2][0xa0][0x83]7%p[0x9f][0x8d]_[0xde][0x93][0x1][0x92][0xc]5[0x1c][0xe8]n[0x9a][0x9c]2[0x11][0x13][0x3]H[\r][\n]"
15:19:32.786 [main] DEBUG org.apache.http.wire - http-outgoing-0 << "[0xf5]r,A[0xba][0xa2]"[0xd0][0x8][0xee][0xad]E[0xd6][0xa1][0xa9];[0x97][0x96]r[0xab][0xeb]f[0x80][0x88]Q[0xe3][0x1b][0xdd]/;:b[0xdf][0x8f][0xe5][0x83][0x1f][0xc7][0xcb][0xe3][0x1f]s[0x86][0x85]Il|zv[0xb3][0xfc][0x8e][0xb1]i[0x1c][0x96][0x88][0x9c][0xb7][0x96]s[0xe5][0x4][0xe5]W[0xf2][0xfd]pe[0xe1]A[0xa9][0x80][0x1a]3[0xb9]g[0xfb][0x1d]J[0xf3][0xd6] [0x7],_[0xfa][0xb2]7[0xe5][0xe6][0x80][0xd5][0x9d][0x8a]Hj[0x8][0xa0]SI[0xce]u[0xc4]\[0xf6][0xe9][0xf8][0xf8][0x8f][0xf1][0xf4][0xf3][0xe]l[0x85][0xd6]J[0x15][0xb1][0x89][0xac]6W[0x88][0xea][0x8c][0xd0][0xc7]@[0x82][0xcb]Nn[0xa4][0xd5][0xc6][0xc]f[0xc6]I[0x9b]B@[0x8]j[0xe0][0xda]&/|[0x85]H[0xf4]Y[0xe6][0xdd][0xa9]c[0xaf][0xc7][0xea]?b[0xac][0x9a][0xd5]xI[0x16]Je[0x16]G[0x1]&o7h[0xd4]1]n[0xbb]C[0x1a][0xa6]c[0x97]r[0x1e]f[0x1a][0x15]g[0x82][0xce][0x82][0x9e]<[0x11]K[0xc2]$[0xec][0xb8]%[0xb2][0x1e][0x86][0x91]5[0x9e][0xf9][0xe1]b[0x96][0x8][0x95][0x1d][0xfe].[0xe6][0x18]Z[0xd6][0xe7][0xc6]07T[0x11]*[0xef][0xb7][0x86][0xad][0xee] [0xb4][0x4][0xa6]~[0x9b][0xa6][0xb8]@[0xb9]nq[0xfa]k[0xfe][0xf5][0xf1][0x87]|~[0xce][0xbb]R/|[0x19][0xa6][0x15]DT1[0xe6][0x80][0xa2]pg[0x82][0xe7]H[0xd7][0xb9][0x9c]e[0x1c][0x93][0xb0][0xf1][0x1e]d[0xc1]'[0xd9]btj[0xa2][0xd4]z[0x91][0x85][0x1c][0x84]S[0xdf]A62[0xc2][0xab]r[\n]"
15:19:32.786 [main] DEBUG org.apache.http.wire - http-outgoing-0 << "[0xde]N[0xb9][0xe2][0xf4][0x9b][0x17][0x9e][0xa7][0x83]&o[0xd7]}[0xc7]*[0xbb][0xe]g[0xb3][0x19]/[0xf9]D2[0x9c][0xa8][0x88]D[0xaf]e[0xe9][0x19][0xa9][0xf8]n[0x86][0xa6][0xe9][\n]"
15:19:32.786 [main] DEBUG org.apache.http.wire - http-outgoing-0 << "[[0xe0]@[0xf6]-5[0xd5][\r][0xb6]"[0xce]][0xae][0xaf][0xd7]H[0x9a][0xbc][0xd9]w[0x84]Pi[0x19][0x2]7[0xdd]Q[0xe3][0xf8][0xe9][0x95][0xc8][0xf7]9]~[0x2][0x9]9[0xf9][0xed][0x17]7l[0x12][0x12][0xf][0x3]O[0x84][0xe4];`[0xb][0xc7]N[0xce][0x10]%9)[0xac][0xfb][0xbb][0x8e]u4[0x1b]2[0x97]8UJA[0xc3]MT[[0xca][0x1e][0xcf][0xf9] [0xfe]K[0x13]p[0x94]Ni[0xb8][0xf6][0xc7]x[0xe5][0xeb][0x7]$[0x0][0xde]K[0x88]KHwZ[0x95][0xe8]y&t[0xc5][0x1d]h[0xb1][0xc]W:[0xab][0xe8]hL[0xce]3F[0xc]j[0x89]r[0xa3][0xfb];[,[0xac][0xaa][0xe0]4[0xae][0xec][0x4]Yc[0x9a][0xe0][0x15][0x8f][0x99]4[0x8d][0xba][0x13][0x8d][0xd3][0xb8]<[0xbe]I[0xa7][0xcf]#,[0x1f][0xed][0x9e][0xc1][0xee][0xb5]se[0xf2]I[T[0xc5][0x13][0xfe][0xeb]Q[0xee]1[0xbd]-1[0x83]e:[0xa8]z_[0xb3][0x84][0x11][\n]"
15:19:32.787 [main] DEBUG org.apache.http.wire - http-outgoing-0 << "j[0x1c][0x86]&G[0xb2][0xee][0xd7]"[0xfb][0x8c]A[0x14],[0xcf][0x82]&R[0xee][0xe6][0xa2]Y[0x8b]h[0x2][\n]"
15:19:32.787 [main] DEBUG org.apache.http.wire - http-outgoing-0 << "[0xd7]C[0xf5][0x9f]1T[0x8d]V0[0x91][0xd1][0x9c][0xb2][0xae][0x87][0xf5][0xf0][0xd3][0x1a]z[0x8d][0x8]}gA[0xe7][\n]"
15:19:32.787 [main] DEBUG org.apache.http.wire - http-outgoing-0 << "[0xf7][0xe9][0xfb][0xfd]q,m[0xc0][0x94][0x1][0xc7][0xeb][0xdf][0xae][0x86]sb.U[0xd7][0x97][0x13][0x95][0xec]xT[0xc5]YC[0x15][0x83]h[0xbb]S? [0x1c][0xd3]E[0x4]N[0xe9]#[0x8e]8/[0xeb][0xac][0xfa][0xe2][0xc7]77[0xf2][0x9e]8[0xbe][0xbf]_\[0x8b][0x1b][0x88][0xd7][0xf3][0xdd]N[0xb4][\n]"
15:19:32.787 [main] DEBUG org.apache.http.wire - http-outgoing-0 << "p;[0xd7][0x18]e,[0x8e][0xbd]-[0xe6];Ou[0x94]/[0xe2]>[0x88][0xda]M[0xf4][0x98][0x9a]c[0x9e]>[0x1e][0xcb][0xe5]|[0xbd][0xde][0xba][0xb8][0x94][0xab][0xda]yd&c[0xb][0x8a][0xba][0x10]T[0x19]d[0x1e][0xfc]1El[0xc0])[0xa9][0xc8][0xf6]}[0x4]&U[0x14]B[0xca]j[0xd5][0x82][0xe][0xfb][0xe4]A[0x1e][0x9e]GNS[0x80][0xf][0x98][0xf2][0xf0][0x92]YQ[0x1d][0xe2][0xba][0xaf]@*m[0x10][0xb1][0xf0][0xfa]G8[0xb0]%gQ[0xd2][0x2]i![0xac][0xa1]\[0xb4][0xf3][0xf1][0xf6][0xf0]z[0xbc][0xfe][\n]"
15:19:32.791 [main] DEBUG org.apache.http.wire - http-outgoing-0 << "}?[0xea][0xd9][0xbc][0xf0][0x12][0xe3][0xb8][0x8d]v[0xae]}[0xbe]GM[0xd2][0xd8]f[0xcc][0xf5][0xe]"q[0x17]U[0x90][0xd5]x%O[0x92][0xc5]AKB[0xb]B[0xcd][0xf4][0xbc]t[0xa1][0xc]GT[0x80]{qtY[0x5][0xaf][0xee]<[0x1c]>[0xe3][0xf2]U[0xaa]0[0xe1][0x8b][0x8][0xb6]t[0xb6]`O%[0xd2][0x8f]y[0x93][0xae]i[0xf7]9][0xf6][0xbd][0xec][0x9][0xea][0xb8]06[0x10][0xbd][0x5]k[0xca][0xd2]9@K[0xd4]*[0x18]Tv[0x91][0xcd][0xd6]<[0x8b][0xf0][0x83][0xea][0x8e][0xf2][0x9d]K+([0x93][[0x91][0xe7][0xf2]Vnl[0x92][0xde][0xd2]([0xb]I[0xfd][0x5][0x8d][0x8c]:n[\r]-[0xec][0xe0][0x1b]n*[0xaf]$SR;[0xda]9[0xbc][0xef]![0xb3]>[0xc0][0x94][0x17][0x9c][0x0][0xf2][0xd2]_r[0x8f]@[0x8e][0x13][0xc7][0x18]T[0x9c]?IU[0xa2]`S[0xb5][0xbf].[0x6][0x16][0x9e]"[0xe3][0x9c][0xfc][0x82][0xe1][0x8][0xff][0xb8][0x92][0x99]2[0xa3]'Y[0xc7]+t[0xcf][0xb1][0xfd][0xb6][0xa3][0x12][0x8a][0xd6][0xe][0x95][0x9c][0xa2][0xb0]a[0x17][0xc8]zt[0xbf][0x8a][0xd1]m<[0xdc]y[0xdb][0x9e][0x8c][0xd4]%[0xae]T[0x9][0xd3][0x92]D[0xcf]C[0xfb]=d[0xae][0xf4][0xf0][0xdf][0xcb][0xf0][0x1]v[0xf0]~[0x19]K[0x1f][0xd3]?[0xc4][0x13]9[0xb5][0xb9][0xcd]k[0x16][0xe6][0x94]bM[0x11]j[0xc3][0x0][0xb8][0xdb]g] [0xc7] [0x92]c[0xc3][0x17][0x16][[\n]"
15:19:32.792 [main] DEBUG org.apache.http.wire - http-outgoing-0 << "[0x1b][0xf3][0xd1][0x80]j[0xd1][0xc7][0x89]O[0x98]+8t[0xf5]y[0xf2]Kc[0xb2][0x92][0x12][0x18][0x87]:[0x90][0xb2]U[0xe]~[0xe5]6G[0xbb][0xb7][0x4][0x1f]<[0x87][0x80][0xbd][0xa1][0x87][0xb2][0xe5]+[0x9f][0x6]Pfz[0xfc]v[0xcc][0xc7][0xf3][0xee][0x97][0xb4][0xbf]][0xe6]c[0xef][0xd8][0x9b][0x8e][0xe2][0xd3]+Y[0x18][0xca][0xb3]q^[0xf0]=.][0x9d]<_[0xcd]l[0xae][0x96][0xc]|[0x87][0xf8][0x8e][0x1b][0xe3][0x98]j=[0xdd][0x8f][0x85][0xff][0xc9][0xe4]2b8[0xe0]m[0xd5][0xd9]J3[0x86][0x8e]n![0x13][0x17]vk$[0xeb]&[0x87][0x8b]Nb[0x3][0xae]x[0xf7][0xfe]0[0xfc][0xf6][0xdb][0x90][0x1f]%[0xb][0x1c][0xca];3^[0xe][0xbd][0xab][0xbc]7[0xe2]U[0xd5]b,,[0xe0][0x9d][0x11][0x91]3[0x1d][0xc0][0xf][0xa9][0x2][0xba][0xd8]_\Ko[0xfc][0x11]7.[0x90][0x89][0x9][0x8b]Z[0xe2][0xfb][0xeb][0xcd][0xc7]A[0xa6][0xd1][0xdd]u[0xa2][0x5]f[0xbb][0xb0][[0xc3]Uw1[0xc1][0xa9][0x2][0xd2]<K[[0xc8][0xde]-a`[0x90][0xf3][0x9a]([0xfe]O[0x9a][0xce][0xb9][0xd4][0x9b][0x1f][0xc6]SW~[0xc1]]*z[0xf4][0x86][0xfa][0xe4]"
15:19:32.793 [main] DEBUG org.apache.http.wire - http-outgoing-0 << "[0xf9][0xb5][0x9][0x1c]rH[0xd5][\r][0xdd][0x94][0x84][0xb0][0x84][0xd0][0xa5]`[0xc8]u [0xc3][0x80]][0xbb]&gb[0xd5]j[0xd1][0xae][0xfc][0xc3][0x8c][0x92]w[0xd2](&/[0xe5]">=[0xc]aY[~o[0xb0][0x17]#[0xda][0x98][0xbb][0xeb][0xb3][0xd4]L[0xc6][0x18][0xa5]Zd[0xa7]i][0x1b][0xa4][0x4][0xfe][0xe7][0x87][0xbf].[0xe5][0x81][0x9f][0xa0]O[0xbc]>w[0x2][0xbb][0x10]+Mt%[0xb4][0xd1][0x9d][0x1a][0x99]{[0xff][0xd6]*[0x1]x[0xa9]V[0x0][0xa9][0xf4][0xf7]s[0x10][0x8d][0x8f]H|:[0xfc][0xc1][\n]"
15:19:32.793 [main] DEBUG org.apache.http.wire - http-outgoing-0 << "[0xd1][0xa8][0xb4][0xcc][0x1b][0xe1]2&[0x18][0x9d][0x1a][0x85][0x18][0x8b][0xe2][0xdd][0xe4][0xa8][0x80][0x0][0x8b][0xac][0x87][0xf9][0xeb][0x18][0xe6]f@[0x2][0xb5]d%|[0xd3][0xb3][0xbe][0xf6][0xf6][0xf][0x1d][0xdd][0x8b][0xf2][0x8d]w[0xe7][0x12].x[0x85][0xdb]v[0x9c]p'^[0x4]c[0x91]x[0x1d][0xd9][\r][0xcb][0xe4][0xf9]Zx)r&[0xc8]B[0xf3][0x8a](&[0x9f]&[0x8e][0x84][0xad][0xa5][0x10][0xb6][0xc][0xfd]Q[0x80]b^[0x99]z[0x10]f[0x81];[0xd7]K[0x15][0xac]fF[0xe2][0xd8][0xd3][0x93][0x9f][0xc4][0xcd]l[0x8d]H[0xe7][0x82][0x9e]!-^[0xad]Z[0xb1][0xbe]O[0xa7]3[0xac]y[0x97]B[0xb3][0xf][0xb3]Q[0xf6]Z<[0x1d][0xd3][0x8f]9[0xec]J[0xa2]5[0xcf]h[0x87][0x81][0xd5][0x15]o[0xd4][0x93][0x88][0xfb][0xd3][0x10][0xed][0x95][0x8c][0xf9][0x10]u[0xb4][0xb4][0xe7][0xe4][0xdc][0xb5]9X[0x9d][0x9d][0xf8][0xc5][0xe5][0x1e][0xc1][0xac]hq[0xd0]=[0xa0][0xc9][0x8d]hz&}[0xd0]n[0x8c][0x8f][0xdf][\r]{[0xd8][0xa2][0x1d]/[0xa8][0x0][0xdf]/6[0xad]U[\n]"
15:19:32.793 [main] DEBUG org.apache.http.wire - http-outgoing-0 << "[0xb0]$[0xbc]A4[0x9a]C[0xc5][0x19][0x9e][0xd1][0x1b][0xce][0xc1][0xd5][0x8e]sS5'[0xdd]9[0xf9][0x9d]+?[0x93][0xa7]QCur[0x8c][0xf1]![0xb0]M[0xf0][0xb6]z[0xf9][0x9a][0xa9]bZ[0xf7]8[0xf6]*,[0xb3][0x9d]'[0xe4]d;[0xdd][0x4][0xfb][0xfc][0xbd][0x1][0xc2][0x95]3[0xba][0x1b][0xd1][0xfb][0xb0]+w.[0x9]Nl[0x8f]H[0xd7][0x9c][0xd6][0xa8][0x80][0xdf][0xa2][0xfe]![0x80][0x10][0xea][0xa9]r[0xeb][0x16][0xda][0xfa][0xf1]<[0x94][0xfe][0xfd]Z bq<y[0xff]y[0xe1]Fj[0x86][0x16][0x1a]vlH[0x2]Z'w[0x9a]\[0xf9][0xd7][0xed][0xb9][0xb0][0xee][0x84][0xbc][0x84][0x8b][0xfc][0xc1]J:[0xe][0x1f]jg[0xc1][0x8]R[0xe][0xa8][0xfe][0xa0][0x88]|[0xdf][0x2][0xa8][0xf2][0xa4][0xa1][0xf5][0x96]@2[0x9c][0xdd][0xda]Z<[0x96]X[0xe7][0x84][0xc]m4[0x12]Z[0xcd]G[0xbb][0xd1][0xc3]=|[0xe7][0xeb][0xb8]=[0xda]8[0xba][0xf3][0x80][0xce][0x9c];[0xd9][0xad][0x8d]J[0xf4]R[0xf8][0x9a]%Z[0xf][0xd0][0xfe]>[0x1f][0xca][0xed][0x9f][0x8e][0xe5][0x1a][0x0][0x9a]\[C[0xef][0xd5][0xe2][0x92][0x12]5r[0xa5]Da.7t#[0xd6]w][0x8]*`[0xcd][0x1a]Nr[0xa4][0xa2]+[0x96]n[0xd6]d[0xd0][0xef]B4AM[0x86][0xe5][0xf8]m[0xa1]e[0xd6]!j[0xda][0x8b][0xa0][0xb8][0xc6][0x80]X[[0xd1][0xbd]K[0xd7][[0xc2]~[0xe2][0xb9]{[0xc4]X[0xae]%[0xd2]j[0xce][0xc2]H[0x8c][0x2]{[0xa1][0x89][0xa2][0xbb][0x12][0x9f][0x13]C[0xad][0x8][0x1a]2Lp[0xf0][0x2][0x9d][0xba][0xf1]#[0xa3]<[0xad]3[0x1c][0xed][0xd0]u[0xde][0xff][0x8f][0xa8][0xd4][0xad][0x82][0x9e][0xde]Z[0x1b]Qz[0xd1][0xb5][0xfe][0xe1][0xaf]%[0xa7][0x3]_[0xf5]4N[0x1d][0xfe][0x0][0xdb][0x9d]cJ[0xe1][0x9a][0xcf][0xb4][0xef][0x18][0x11][0xa1][0x9b][0x16][0x93][0x2][0x9b][0xb9][0x18][0xed]/[0xbb][0x85]QT[0x9c]xrw[0xb7]+gx[0xb][0xeb][0xe5][0xe4]\[0xc7][0xa1][0xbb][0x96][0x8e]'UwuX[0xf][0xda][0x14])[0xf1],[0xc9][0xcd]p[0xe9][0x8d]9[0xfe][0x9e]J9[0x93]w[0xbf]@[0xab][0xd7][0xed][0xa5][0xf8]<V[0xb4]Ui[0xa6][0xa2][0xaa][0x8b]@[0xa8][0xa2]4( [0x94]&[0x19][0x9a]7j[0xdf]oX[0x80][0x3][0x19].[0xb1].[0x95]48[0x96]s[0xe8][0xce][0xb6][0xc6][0xad][0xb1]h[0xb7]v[0x96][0xaf]/[0xd3]H[0xeb][0x16][0xf6][0x1f][0x8f][0xf]o[0xd2]-O[0xbb]a[0x1a][0xc1][0xe7][0xb3][0xbf][0xe8][0xea]-Y[0x1a][0xb9]|&[0x8b]K[0xae][0xe3][0xee]f[0x9a]e[0xca][0xab]y/{[0xdf]_[0x12][0xc7][0xa5][0x9e][0x93][0xd4]'[0xb5][0x9c][0xd7][0xfb][0xc2]/ [0xb0][0x92][0xa0][0xa6] [0x2][0x82]8[0xad]Ze[0xb8][0x1a][0xb7][0xb8][0xcf][0xd9][0x98][0xb6][0xbb][0xf1][0x8d][0xe7][0xac][0xdb]vVO[0x89][0xed][0xbb]%]2[0xad]h[0x97]|QN[0xee][0xd8][0xf3]v[0x8e]Z_[0xbc][0xfc][0xe1]/{o">[0xd5][0x8b][0xe6]X[0x83][0x1f][0x9d][0x93][0x9a]b{[0xb4]/,}[0xa2][0x93]h[0x97][0xfc][0xc5]f[0xa9][0xe2][0xbe]c[0xa3]j[0xfc]!Ug[0xa1]q[0xe4][0xbd][0x99]x[0x1d][0xbc][0xae]Sb[0xd8]c:[0xb2]7[0x8]#7[0xb1][0xc8][0x98][0xe6]{2[0x1d][0xf9][0x9a]N[0xbb]i\n [0xbf][0xdf][0xab]M[0xb9]=WW[0x1a][0xf1][0x1f]a!_[0x9e]g[0xe3]qe[0xb1]UO[0x96][0xf][0x8c][0x93][0xf9].?[0xa7][0xfe][0xde]uU[0x1e][0xdc]-[0x88].[0x94]zK([0xef][0xe7][0xfc][0xf1]X.[0x99][0xf4][0xf8]~.9[0x6][0xac]53[0xa2];}[0xe3][0xa5][0x3]+[0xff]U[0xb0][0x84]f[0x16]K@8[0x6]T[0x12][0x96][0x2]6iV[0x8b]R[0xb7]$[0xc0][0xaf][0x1][0xf6][0xc]9HHs[0xc4]4[0xb3][0xda][0xd5][0x1c][0xc5][0x89]e*[0xe9]~[0xeb][0x1d][0x2]J[0x1d][0xbd][0x86][0xdd][0x84][0xf8]"[0xe2][0xf7][0x91][0x94][0xcb][0xad][0xa7][0x1f]A[0x89][0x0]s[0xeb][0xe5][0xe1]r[0x4][0xab]q[0xb5][0x1d]x[0x6][0x6]@wc#L[0xef][0xf4][0xf8][0xe9][0x86][0xbe][0xa0]K\[0xec]t[0xf8][0x99][0xc2][0xd3][0xc9]<?8[0xfb][0x15][0xc0][0xb0][0xe][0x13]g^T[0xa8][0x89][0x98][0x85]$[0xe4]*[0x8b][0xfa][0xc1]R&j[0x90][0x8e]#[0x1f][0xd9][0xcd]!o[0xac][0x13][0xf5][0xa6][0x16][0xa1][0x19][0x5]c[0xda][0xd0][0x8e][0xb7]}[0xb9]:[0x13][0xe4][0xfd]{[0xc]n[0xc4][0x14][0xb8].b[0x1e][0x13][0xb5]s[0x95][0xe2][0x9f]c[0xba][0xc8][0xbc][0x90][0xaa][0xb6]E[0xb7][0x8c][0xb2][0xdc][0x5]4[0x19][0xad][0x2][0xd4][0xd1][0x5]W[0x8a]F[0xe0][0x92]}[0xe2][0xdd][0xc2][0xad][0x8]"[0xae][0xc6].[0xee]Jv[0xfc][0xdc][0xc7]C,[0x7][0xe8][0xbb]O,[0xd7]"/R_6[0xe1]uBB[0xfc][0x1][0xf5]:{[0x12][0xc6][0x8]p`[0x99]N[0xbd]~[0xdc]$ex[0x7][0xb9][0x8c][0x92][0xb7]q[0xe8][\r][0x9f]@A[0xbc][0xd1][0xed]Ds[0x86][0xf5][0xeb][0xe1]<[0xf][0xf3][0xd7][0x8d][0xd1][0xec]3[0xb](l[0xab]B[0xaa]X[0xd5][0xb5]=[0xb9][0xc8]P[0xaa]`fym[0x15][0xca][0x9d]![0xcd][0x94][0xc8][0xf2][0xab][0xd3][0x6]]`i-[0xe7][0x9f][0xf3].[0x1d]@m[0xa2]O[0xa1][0xe2]>[0x9e][0xa1],[0x8a]"
15:19:32.795 [main] DEBUG org.apache.http.wire - http-outgoing-0 << "[0x92][0xeb][0x82][0xb9][0xd0][\n]"
15:19:32.795 [main] DEBUG org.apache.http.wire - http-outgoing-0 << "[0xd9][\r]^Y[0xb8][0x14]Oq[0xc3]![\r]B<^[0x82][0x87][0xb]c[0xd7][0xe6][0xf2][0xd6] C3H[0xe4][0xe][0xc2][0x7][0xc1][0xb2][0x8][0x7];>[0x5][0x7][0xbf][0xdf][0xbc][0xae][0x8]][0x87]~[0xc5][0xc][0xd1][0xff]e[0xae][0x1b][0xa0][0xd5][0xe9][0xb4]W[0x1f][0xe][0xa9][0xa4][0xb9]][0xc9][0xa2][0xa7][0x1e]Q[0x1b]PS [0xe5]h[0xcb]S[0x1d]K[0xd6]}[0x94]e[0xa5][0xb]`[0x15]H[0xe2][0xe1][0x8e]R[0xb6]a[0x84][0x98]"[0x0][0xa3][0xbb];'[0xc3][0xdc][0xdd]%[0x14][0x86][0x15][\n]"
15:19:32.795 [main] DEBUG org.apache.http.wire - http-outgoing-0 << "b[0xfa][0x8d]y[0xd3][0x1c]d[0xa2][0xee]=[0x1d][0xe3]:nu[0xc3]a[0x16][0x8d][0xa2]ImV[0x98][0xf4]1[0xd9][0x9d][0xe][0xcf]([0xa6][0xa9]V[0x5][0xf0]VZ[0xf6]q>[0x8e]=[0xf2][0x99][0xec][0x97][0x92]|[0xf4]2[0xb3][0xce][0x9f][0xe9]px[0x8b][0x1b][0xfa][0xe3]nZ[0x81][0x8c]n[0xb8][0xbe]UMmfE[0x85][0x13]_@[0xde]u[0xdc][0x81][0x80]$[\r]-t0[0xee][0x87][0xd9] &[0xd9][0x98][0x81][0x1a]aR[0x95][0xde]|[0xee][0x1b]w[0xf6][0xac][0xb0][0x4];^w[0xc3][0xf4]6][0xa1][0x12][0x1a][0x9f]a[0xc3]r\[0xa7][0xdd][0xaa][0xd8][0x99][0xa2][0xfa][0xf2]i[0xe1][0xa1][OB[0x85][0xa0]S[0xfb][0x13][0x83]Y'[0x8c][0xaf][0xef][0x9d][0xbe]h[0xb6][0xe6]6[0xd0][0xae][0xe0][0xd5]#[0xac][0x98]\[0xf5]]d[0xd1]&[0x18][0x6][0x9][0x84][0x87]y[0x94][0xd4][0xf4][0xee][0xd7][0xce]q[0xb9][0xb2][0xb1]e[0xf7][0x15][0x16][0x1][0xcb]^[0xc3][0xc5]g[0x8][0x15][0xbc][0xea][0xb4]r[0xaf][0x81][0xfa][0x8]jEW[0x80][0x8b]:[0xc5][0xf]9[0xcb]bi[0xe9][0xed][\r][0xb0][0xb7][0x9f]f[0xa7][0xb]E[0xb7]OR[0x86][0xbb][0xe0][0xde]a[0x7]1[0xb2]%9[0xff][0x9a][0xf6][0x8b][0x93][0xff][0xd5]Y[0xf][0xb5]&w^[0xad]*Nu[0x8f][0x11]J[0x97][0xd4]7y[0xfd]1[0xcd][0xa5][0xcc]N[0xf9]T[0xca][0x96][0xbe][0x13][0xae]A[0x91][0xb1][0xe5][0xf][0x19][0xce][0x15].[0xbe][0x12][0xd3]Uh[0xe7]][0xd6]*l[0xd1][0xa4][0xc1][0xd3][0x1e][0xe5][0xcd]c[0xef][0x10][0xf6][0x8e][0xad]N}[0xb5][0xcc][0x81]x[0xc][0xdf][0xcc][0x8a][0xd2][0x88][0xd7][0x8e][0xd2][0xeb][0xe9][0xc2][0xdb][0x1c][0xd2][0xba]}q[0xe9]EWC[0xf8]L[0x10][0xda],[0xcf]3|[0xbe][0xce][0xdb][0xf7][0xe3][0xb0]F[0x8b][0xa1]9[0x9d][0xba]p[0xa5][0x8d][0x8f][0xf4].[0xa5][0x8a][0xd6][0xab][0xc0][0xc][0x17][0xa1]:[0x9a][0xfc][0xa1]{[0x81][0x8c])[0xcc]@[0x94][0x99][0xe6][0xf1][0x91]l[0x5]a ;[0xaa]@[0x13][0xc9][0xf0][0xca][0xdf]wO[0xc8][0xa6]7D=[0xe0]$)[0xf1][0xc7][0xcf][0xb4]9[0xc8][0xad][0xff]"[0xa7]b[0x91]2[0xa0]D[0xc3][0xc0][0x93][0xd5]fN8[0xb9]-[0x83]JK|@][0xcf][0xd4][0xc3][0x82]}_#[0xb2][0x84]2$[0xb4][0xc5]Z[0x88]E [0xc3]I[0xc8][0xc9][0xe3][0xb3][0x94][0xe7]j[0x84][0xa3]M[0x90][0x8e][0x12]I[0xf9][0x84][0x90][0xb8][0xab]{B[0x4]'D5@A([0xb7]F[0xac][0xd1][0xdf][0x9d][0xd8]a[0x3][0x11]H[0xd5]l[0xf3]3([0x89][0xa4]o[0x8f][0x7][0x92][0x17]j[0xa3]W~[0xed][0x8d][0x16][0xac]~[0x19][0x8f][0xb0][0x8d][0xd6][0xc9][0xb][0xf9][0xcb]+[0xaf]fY[0x8b][0x8c]1[0xdc]${ [0xa3][0xc3][0x5][0xbd][0xb0][0xb6][0xac][0xc9]bF[0xe5][0x10][0xa2]"[0xc4][0xa0]~l[0xb2][0xa1]B[0xa8] [0xf7][0x93][0xb4][0x80][0xaa]z[0x83].[0xff]H[0xb3][0x18]l[0x2][0xf8]c[0x4][0xc1][0xe9][0x17]\B[0xbf][0x8e][0x9b][0x91][0x8d]'[0xbc]c"[0xe4]`[0xe4][0xca][0xca]3[0x1f][0x1d][0xe9]fZA9[0xbe][0xbd][0x96][0x93][0xbc][0xbb][0xa5][0xa9][0x14]J+[\r]ce[0x9][0x84]*s[0xfa]v[0x9a]~![0xc1][0xc8]A[0xa3]< [0xf]:0[0x99]n[0x8a]m[0xa6][0xca][\r]%[0xb6][0xfa][0x93][0xb3]/[0xb3][0x8e][0x1c]Y[0xbe][0xfc]0[0xa4][0xb3][0xdc][0x1c][0xbd][0xba][0xdd][0x9][0xbb][0xe9][0x1]3Y[0xd4][0x1a][0xad][}s [0xe9][0x9c][0xc7]7[0xe3][0xaf][0xc0][0xfa]9[0xaf][0x14][0xe1]z[0xa1]b[0xd1][0x86]Z=[0xb4][0xea]A&[0x9f][0xec]$[0x19][0xf4]9[0xc5]M"@o[0xb4][0x8]I[0xcd][0xa4][0xda][0x87][0xc8][0xde][0x17][0xd7][0x88][0xee][0xe1]k[0xa7]ME[0xa4][0xb8][0xde]9[0xfd]A[0x8e][0xe0][0x8b]R[0xbe]u[0x4][0x9b][0xcd][0xf3][0x14][0x96][0xf4]^iM"[0xbb]t[0x9d][0xee][0xf0][0x9b][0xf3]pK[0xf][0xef][0xca][0xd3][0xbe][0xee][0xf2][0xf9][0xdc][[0x9b][0x94][0xe3][0xe3][0xc1][0x1c]C[0x95]Z[0x89]1l[0x94][0xa8][0xce][0xf2][0xeb]o[0x82][0xca][0xb2][0xd6]6_[0xf4][0xf6][0xde][0x11][0x84]?[0xbf]J[0xa2]|@[0xf0]'[0x17]*[0xf2][0xd6]RN[0xab]|F6G[0xac]!IA[0xe1]/[0x84]t"[0xb8]/[0xea]LT[0xa7][0x19]V[0xb7][0x9e][0x12][0xfa]r[0xf7][0xca]C[0x9e][0xa5][0xc0][0xeb][0xab][0xcc]1}[0xf]J[0x14]D[0x17][0x83]K%{[0xe5][0xa4]$[0xb7]H[0xe5]x[0xc6][0xc5][0xd5][0xae]"?[0xf3]b[0xd2][0xc4][0xfc][0xf3][0xad]ah[0xbc][0xdd][0xf5]d[0xb0]d[0x8]5m[0x8e]x[0xe1]>[\n]"
15:19:32.796 [main] DEBUG org.apache.http.wire - http-outgoing-0 << "0[0xa9]][0xcd][0xa7]I[0xbe]6[0xdf][0xa6][0x99][0xd6][0x8a]`=[0xf0][0xe7]rw[0xe4]S[0xe7]d[0x1a][0x18][0xa5]0[0x4]K[0xdf]8=[0xb7][0xe0][0xc1]+6[0xee]_[0xb0][0x9d][0xa0][0xfc]J[0xd1][0xa8]V*[0xf8]-[0xe2][0x5][0x1]Ue[0x85][0x96][0xae][0xe2]X[0x11][0xe0][0xb0]\l65N[0xaf][0x9c][0xb6][0xf0][0x8b][0x9e][0x18]_[0xc7][0xbd][0xca][0xc6][0x8][0x9e]>C:[0xe8][0xb9][0xe7][0xa9]+[\r]n&[0xbd][0xd6][0x82][0x8f]Q[0xcb][0xc4][0xfd][0x89]wxw[0x9f][0xf3][0x9a]9[0x12][0xad]![0xe2][0xbb][0xe4]Z4[0x8f]f0[0x91]v[0x14]z[0x99][0xdf]R[0xc1][0xef]-[0x15]C[0x17][0xc1][0xad]$[0x8c]Y[0x6]8[\n]"
15:19:32.796 [main] DEBUG org.apache.http.wire - http-outgoing-0 << "[0x83]2[0xc5]^m[0xc4][0xa4][0xa8][0xa7][0x2]>[0xd1][0xbf][0xb4]9[0x96]m#c[0xfc][0xb7]/\[0x7][0xf6][0xfb][0xe4]o[0xe1][0xe3]?[0x94]ku[0xb9][0xec][0xc6][0x19][0xc0][0xaf][0x1e][0xc5][0xa4]Ad[0xb2]$[0x1f][0xf9][0xd8][0x9e]*G[0xef][0x14][0x93][0xc6]X[0xee]N[0xa9][0x8][0xb1][0x9c]*[0xaf][0x99]@jd)[0x83][0x83][0x3]^[0xdc][0x5][0x9f]J[0xc6]!y[0xd4]W[0xcb][0xb0]k5[0x81][0xaf][0xe0][0xbd]9A[0x15][0xb0]v[0x91]C5[0xc0][0x2][0xa1]"[0xcb]4[0x2].[0xc5]>[0x8d].[0xef][0xca][0xfd][0xf1][0xd4]e[0x91][0xe0][0xf5][0xa7][0x99][0x9f]3i`[0x18]6[0x8e][0x80]du[0xe8]b[0x14][0x8]Kf[0xc][0xc7]fz[0xd0][0xe8][0x19]v[0x8f]8'[0x9d]v[0x11][0xf9][0xa3]3S>[0x8][0xc]q[0xe0][0xe6][0xe1][0x85][0xe]a[0xdc][0xbb][0xb7]~s[0xf0][0xea][0xf6][0x83][0xb2]@`[0xa5]I[0xc6]d[0x15]:)~[0xea][0x0][0xfe][0xed][0x9a][0xc1][0xd1][0xe2][\n]"
15:19:32.796 [main] DEBUG org.apache.http.wire - http-outgoing-0 << "z7[0xfb]c9[0x85][0xf3][0xf8][0xb1]7[0xb0][\n]"
15:19:32.796 [main] DEBUG org.apache.http.wire - http-outgoing-0 << "[0xb2][0xa1][0x10][0x11]"
15:19:32.797 [main] DEBUG org.apache.http.wire - http-outgoing-0 << "[0x84][0x91][0x85][0xa4][0xb][0x4]D[0xd1][0xbe]W[0x14][0x81][0xf5][0x1b][0xb0][0xdb][0xa2]`S[0xad][0xc2]U([0xcf][0xa8]h[0x80][0xe5][0xab][0x2][0xa5][0xc6][0xf2][0xcb][0xec][0xc0]9Z[0x9e][0xd3]uY[0xed][0xb9]C#[0xe3]5q[0x95][0xe3]w[0xf1]Rr[0xf7][0xb0][0xaf]*[0xd2]+[0xbb][0xe7]q[0xd4][0xe9]D[0x95][0xbc][0xec][0xa1][0x9b]@v$[0xb2][0xde][0x96][0xff][0xbc]]v[0xc3]gpg[0xea][0xdd][0xd6]d[0xe][0xab][0x18]4[0x8d]y[0xed][0xfe][0xd1][0x9d].[\n]"
15:19:32.797 [main] DEBUG org.apache.http.wire - http-outgoing-0 << "[0xa0][0xdf]*[0xa3]jJ[0x9e][0xb9][0x90]|[0x90][0x2]d[0x82]ZVm[0xb2][0xc][0xce]B[0xe6]W[0xea]e[0x13]M[0xba][0x15][0x99]Y[0xf]][0xdc][0xcc]l\[0xda][0xf1]m[0xc7][0xaa]V'[0xff][0xe3][0x81][0x8b][0xdd][0xd5][\r][0xd6]s.[0xa5][0xf2][(Yv[0xd7][0xb1][0xd4][0xd1][0x1f][0xc6]~[0xd3]a[0x8b])[0x89][0xce][0x16][0xe3]h[0x8b]6[0x1a],[\n]"
15:19:32.797 [main] DEBUG org.apache.http.wire - http-outgoing-0 << "uf[0x8b]D[0xe6][0x9a]8[\n]"
15:19:32.798 [main] DEBUG org.apache.http.wire - http-outgoing-0 << "[0xa4][0x8c][0xa7][0xcc][0xbd][\r]9S<[0xc7]&[0xf8]1[0xa6][0xb][0x16][0xcb]az[0x16]/h]}[0x92][0x9][0x83][0x3]][0xaa][0xd8][0x1a][0xc1][0xba][0x3]Y[0xe6]`]riO[0xf3]1[0x1d][0xe]y[0x99][0x1e]l[0xa7][0xf5][0xba][0xc0]~F{[0xb][0xd3];[0xa1]{[0x96][0xb5],4[0xc9]<[0xf3][0xfe][0x1e][0xe0][0x9f][0xbc][0xf5]g[0x1b]1[0xae][0xfc][0xd2]/[0x9d][0xcc][0xb7][0x8b]-[0xd0]\[0x8f][0xa9][0x9f][0x9c][0xeb]L[0xb3][0x5][0xb2][0xea]Y[0xaf][0xe8][0xcd]1[0xaa]{[0xc][0x9c][0x8f][0xd1][0xce]G[0xc7][0x96]V[0x0][0xe3]j[0xb7][0xa6]K[0x9c]y[0x3]=[0xdb][0x91][0x9a][0x8e]N[0xfc][0xc0][0xaa]E?[0xb7][0xb4]\[0xd4]}"![0x96][0x81][0xfa][0xae]+[0x8e][0xfa][0xae][0x98][0x1b][0x17]~ o[0x9a]I;[0x4]@"[0x14][0xc4][0x92][0x98][0x94][[0x3][0xd3][0xea][0xeb]Z[0xc7][0xc7][0xfe]&[0xf4]H[0xfd]Z[0x87][0x1e][0x6][0xeb][0x9f][0xd6][0xe9]z[0xf][0xef][0xc0][0x9d][0xb8][0xbc]^[0xa7]s[0xdf][0x9c][0x9d][0xd9][0xac]UY[0x12][0x1d]5[0x88][0x93]`)[0xde][0x17][0x81][0xc8][0xce][0xd4]O;[0xba][0xea][0xdb][0xe6]}|j[0xe9]j[0x95][0xda]Z[0xc3]j[0xbb][0x7]D0[0x1f].&[0xde]-[0x84][0xd2][0xaa][0xcb][0xe5][0xbe][9B[0xf7]h~1[0xe4][0x8d][0xb1][0xbb][0xcf][0x16][0xf6]^[0xde]3[0x92]{7[0xec]K8w[0xcf]y[0xb8][0xa6][0xe][0xcb]HR[0xce][0xa7][0x85]<[0xee][0xbd]t[0x99]|eo[0xbc][0xa4]Et[0xaf][0x81][0xb1][0x11]=[0x10][0x19]<[0xee]v[0xe6][0xcd][0xf3]OK[0xbc][0xd2][0x98]0[0xec]d[0xe3][0xa0]2[[0xf]O\[0xa3]l|[0xdb][0xdd][0xd2][0x84][0xf8]'[0xcb]yb[0x83][0xc0]h[0xe8][0xc4][0xf3][0xb4]S[0xd7][0x86]E[0xf4][0xb2]K[0xc2][0x83][0x15][0x96]S[0xe7][0xc8][0x86][0x84][0x80]C[0x18][0x1d][R[0x3]b[0xc2]w[0xce]T|aD[0xe0][0x9c][0x3][0x11][0x94]{[\n]"
15:19:32.798 [main] DEBUG org.apache.http.wire - http-outgoing-0 << "[0x91][0xac]u([0xbb]R([0xa3]SP[0xd8][0x89]1[0xc0]C[0x1b][0x90][0xbb][0x8e][0xe3]u([0xeb]vC[0xc7][0x82]"7[0xc8][0xad][0x12][0xe]c[0x9a]1[0xd2]1[0x81][0x82]F[0xde]M[0xe9][0xc][0xc4][0xe3][0x8e][0x18][0x84]L[0x10][0xb1][0x14][0xab][0xd4];[0xf0][0x94]p[0xb][0xaa].P[0x8a][0xe5][0xd3][0xed][0xba][0x98][0xb1]-[0x16][0x81][\n]"
15:19:32.798 [main] DEBUG org.apache.http.wire - http-outgoing-0 << "0[0xaa]x0s]*[0xbb]Z[0x97][0x0][0xc3]{L[0x8a]u[0xf2][0xfa]3':\/[0x8e][0xe3][0xb2]5[0x88][0x8d]F[0x15][0xd3]b[0xf1][0x93][0xe1][0xc4][0x9b][0x97][0xd3][0x9b][0x9b]!_[0xc1][0x98]][0xeb][0x92][0x9][0x0][0x84][0xf6][0xb4]"[0xe9][0xc9][0xc]f[0xe8][0xf7][0x92]Y[0x86][0x1])[0x95][0xb3]D[0xf8][0xde][0x8e][0xd7][0xc2][0xa6][0xab]6[0xc8]u[0x80][0x87][0xea]U[0x85][0xbb][0x86][0xc1]Q[0xe4]7[0x92][0xa4][0xf7][0xd6][0xb8][0xd4][0xdd][0x5]d[0xc4]J[0xcf][0xa3][0x87][0xd4][0xfd][0x5][0x8][0x6]O[0xd7][0xdb][0xbe]+[\n]"
15:19:32.798 [main] DEBUG org.apache.http.wire - http-outgoing-0 << "[0xe][0xe7][0x96][0xdf]z[0xfc]H[0xc3],$Yx[0xcf][0xa4][0x9b]'[0x8][0x1a][0x97]N[0x88][0xd8][0x88][0x9a][0xb7][0xd4]e0lLC[0xf][0x82]#[0xcc]0h`[0xf7][0x85][0x8e]a[0x94][0x11][0x87][0xb7][0x6][0xa0][0x99]U[0xa0][0xfe][0x8e][[0x91][0x85][0x8f][0xd0][0xee]v[0x96]v[0xf9]-=[0xbc]F9a[0x98]yOK>[0x8d][0x9d]Dd[0xc6][0x4]I@![0xdd][0xc8][0x1a][0x3]}[0xdd][0xf]`[0xd1][0x81][0xdc][0x95][0xf9][0x8a][0x0]$Q[0xf8]?[0x8][0xb7][0xe8][0xc2][0x7][0xe]%[\n]"
15:19:32.798 [main] DEBUG org.apache.http.wire - http-outgoing-0 << "[0x9d]Qw&q[0xdc][0xf8][[0x17]OJ[0xb0]dH[0xbf][0x8a][0x8a][0xbd][0xf5][0xc8][0xc5][0x95][0xc4][0xc6][0xb9]<[0xdb][0xde][\r]U[0xe1]&b[0xed] [0x97][0xfe]z[0xc4][0xf][0xb0][0x1b];[0x93][0xce][0xfc][0x9a][0x1]2[0x89]J[0xa8][0xc][0x99][0xb6]+[0xb4]f[0xd4]r.8[0x1a]A98[0x11][0x7][0x1c]_7[0x10][0x98]c{[0x83]Q[0xb7][0xe6]l[0x19][0xb4]ZB&[0xf6][0x15][0xbd][0xb0][0x9b]CT[0x17][0xf5][0x84]&[0x4][0x91]"[0x86][0xe][0xd6]V5_[0x8f][0xa7][0xe1][0xf2][0xf8][0xa7]e~[0x1e][0x9d][0x9e][0x87][0xdd][0xb9]d[0x88][0xdc][0xd5][0x3]!e'[0xb5][0xc7]p[0xa7][0x8c][0xb8][0x97][0xba]49[0xeb][0x82];Qk[0x99][0x7][0xe0]CJ[0xed][0x90][0xc6][0x2][0xab][0x83](b[0x99][0x8d][0x9f][0xac]B#[0x93][0xf1][0xec][0x9d]c[[0xca]n2[0xbb]9r[0xbd]R[0x9f][0xfe]Pm[0x12][0x8c][\n]"
15:19:32.798 [main] DEBUG org.apache.http.wire - http-outgoing-0 << "[0x8f][0xa2][0x8e][0xd1][0xf4][0x94][0xa7][0xf2]Mg[0x19][0x13][0xae][0x98][0xef][0xf0][0xaa][0xbe][0x16](n[0x90][0xcc][0xcf][0xca][0x11][0xee]fi[0xb1])[0xb0][0xd6][0x3][0xfa]7[0xcf][0x83][0xa9][0xa6]*/[0xa0][0x4][\r]y[0xc8]tn![0xe8][0xad]g[0x15][0xf2][0xb2][0x99]t[0x1d][0xb4][0xba][\r][0xf0]J[0xf][0xb5][0x6][0xb4][0xc3][0x99]-E[0xb4][0xb7][0xdf][0x0][0xf5][0xfe][0xdb]e[0xde][0x3][\r]jF[0xed][0xdf].[0x19][0xc5][0x0][0x19][0xd1];u[0x9d][0x90][0xa9]-h_[0xc8][0xfe][0x13][0xce] [0x8f]e[0xa8]DDOY[0xbc]\a9[0xd7]yb[0xa6]R[0xba][0x1][0xe4]\wU[0xb0][0xe4][0xe][0xfc]"a[0xff][0x19][0xe2][0xb8]5[0x98][0x8d][0x83]9[0x8b][0x3][0x1a][0xb4][0x14][0x97]oX[0x9f]$,F[0x4][0xe6]e[[0xc4][0x2]Oj[0x97]N[0xe0]e[0xdc]Mx[0x8c][0xf9]P[0x89][0xa2].gh[0xab][0x88][0x84][0x1e]O[0x9][0xa0]I[0x82]6[0x6][0xee][0xba]t}[0xc3]T)[0x84][0xf3][0xf6][0x18][0xbc][0x8d]2A[0xc][0x19]t=VqU[0xb0]q1G[0x1][0x8][0xac][0x5][0xf][0x1d][0x14][0xfc]][0xfa][0x82][0xb3][0xd1]T[0xb2][0x15][0xe8][0xb6]5[0xa9]`[0x9c][0xec][0xb2]`M[0x1b][0x0][0xec][0xc][0xe6][0x9e][0x6][0xf5]y[0xe5]'[0xc1]u*U[0x8c][0xfa][0xce][0x5][0x5][0xbe]`+[0xec][0x10]o[0xa2][0x2][0xc3]][0xe0])[0xa7]a[0xb6][0xe4][0x9][0xc9][0xf4]'[0xe4][0x12][0xe1]MP[0xf7][0xc3]/OO[0xab][0x0][0xd6]5~[0xc5][0x0]I8[0xea]B[0xf4]L[0xea]b9[0x1f][0x10][0xa1][0xde] "
15:19:32.799 [main] DEBUG org.apache.http.wire - http-outgoing-0 << "[0xf5][0x92][0x0][0xcd][0xc8][0xf3][0xaa]"[0xbf]Q[0xba]*K[0xcc]8|[0xc0][0x9a][0x8d][0xca]No_[0x80])-[0x8c][0xea][0xdd]{[0xaf]r3>[0x9d]![0x85][0x14][0xa2][0x1a]x:[0xf6]g[0xd9][0x9c][0xf6][0xfe][0xec][0xb0][\n]"
15:19:32.800 [main] DEBUG org.apache.http.wire - http-outgoing-0 << "[][0xd5]G[0x9][0xb2][0xef]R1N~[0xea][0xed][0x86][\n]"
15:19:32.800 [main] DEBUG org.apache.http.wire - http-outgoing-0 << "[0xac][0xe5][0xc3]:b[0xf9][0xe8]S[0x97]JB6[0xb7][0x1][0x9c][0xe6]a[0xbd][0x8d][0x82][0x7][0x9a][0xd5][0xa5][0x18]+[0xf2][0xfb][0x92]M[0x1d])[0xcc]j[0x16][0xb7].[0xb7]i[0x1a][0xff]L[0xbd][0xe0][0xb2][0x9c]mY[0x8a][0xf4][0x8][0x1d][0x97][0x4][0x9a][0xd7][0xcd][0x1]\[0xd3][0xa7]U[0x16][0x7][0x97][0xaf]z[0x89][0x11][0xcc]c;itB[0x99][0xb6][0xd6][0xc2][0xde][0x87][0xe1][0xb2][0xfb]5[0x9d][0xd0]r[0xa3][0xbd]4[0xa6][0xd9]rXze[0xdb][0x8a][0xac][0xb8][0x85]][0xa2][0x9d][0xcc][0xb4][0x88][0x9b][0x90][0xe][0xe3]'[0xda][$[0xd0][0xc8][0xbd][0x8b]X[0xbe][0x10]jg[0x82][0x84][0xe][0x9e][0x14][0xf2]H2[0xea][0xdd][0xe6][0x90][0xd5][\r][0x3][0xf][0xda]ISo[0x99][0x83][0xec][0x19][0x8d][0xd7]T[0x8e][0x95].[0xf9]N[0x91]2[0xec][0xf3][0xe3][0xeb][0xf2][0x90]K[0xce][0xbe]d[0xe0]|[0xe2][0x82]FC8[0xd6];[0xd0]I[0xe7][0xab]'[0x1d][0x93][0x18][0xc2]M[0xcc]o[0xa7][0xf3]X[0xc4][0xae][0x97]%[0x19][0x9]r[0xe1][0x84][0xc7][0x88]X[0x18][0xb1][0xa2]`[0x9f][0x7][0xe0]>[0x91]$)[0xa3][0xe5][0xb3]A[0xa1]"[0x1d][0xe6][0xa8][0xf5][0xe][0x1][0x81][0x1f][0xa0][0x81][0xe8]Z[0x90][0xf7][0xaf]q[0xb][0xb2][0xf1]![0xcf][0x1e][0xe][0xaf][0x94][0xd8][0xa2]>[0xb4]Z[4q[0xfe][0xdf][0xf1][0x94]v'T[0xe5][0xe9][0xba].ay[0x89][0x98][0x86]o[0x9a]P[0xd1][0x16][0xb7]m[0xdd]>[0x1c]m_[0x1f][0xb0]v#[0xa6]m>X[0xc7].[0x85][0x8][0xb4][0xb0][0xee]W[0xe9]{P[0xf1][0xed][0xa5][0x2][0x17][0x9a][\n]"
15:19:32.800 [main] DEBUG org.apache.http.wire - http-outgoing-0 << "[0xc2][0xf4][0xd4]<a[0x91]xoy[0xa0][0x9]\[0xa3]n[0xab][0x83]pA![0xdc]B[0xa4][0x86][0xb4]S[0x9d][0x80][0xec][0xea][0xb9][0xa4][0xee][[0x8][0xa3]C[0xfd]h?[0xe7][0x92][0xfb][0xe2][0xd4][[0xe8][0x1d][0x1d]q[0x14](#+g[0x85].[0xcd][\n]"
15:19:32.800 [main] DEBUG org.apache.http.wire - http-outgoing-0 << "[0xa9]&[0xf0][0xe6]][0xdc][0xf0]Yq[0xa3][0x9]E[0xdd]C[0xa8][0xe5]-I[0x1c]-[0xd2][0x8][0xb5]_>}.][0xdf].[0x9f][0xe][0xe5]q[0xf5]z-5[0xda][0xd4][0xe]I[0x9e][0xa1][0xa3]k[0x10][0xdc]MM[0x80][0x7]z[0x18][0xb6]c[0xd6][0xa8][0x97]7[0xfe]$[0xe][0xd5][0xe2][0x5][0xed]=[0xb5][0xf5]$[0xd1][0xbf]H[0xc]Mg[0x1f]+[0x8c][0xfa];[0xdb][0x8f]M[0x84][0xea][0x86][0xc1][0xe9][0x4][0xa3]~&[0x96][0x99]n[0xd2]e_D[0xe8][0xd1][0xed]u[0xfa][0x8f][0xe1][0xf4][0xb4]\/[0x8f]?[0xa4][0xa7][0x92][0xfe]K[0x81]{-7[0xc9]i[0xd8]Hu[0x90]3B5[0xae][0x94][0xed][0x86]H[0xf1][0xc2][0xd3]$+[0xb1][0xb8]b[0xe6][0xcb][0xc][0xd5][0xb][0xa5][0xce][0xed][0xa9]6[0xc7][0x98][0xfd]([0xca]vCx[0xd5][0x87][0x9c][0x1d][0xc]e[0xbb]s[0x95]V[0xc1][0xfc]C[0xe3]7[0xe]b[0x88]I[0xa8][0xa1]X[0xd1][0xb6][0x94][0x86][0xf3][0xb9]T[0x1e]c[0x82][0xe6][0xb4][0x85][0x8e][0x2][0xc3][0xaa]j1U[0x97][0x85][0x6]v[0xa3][0xc0]+[0xb8]<[*6[0x1e][0xbf]k[0xdc][0xdc][0xb][0xe8][0xd4][0xa9][0xb5]_[0x17][0xf]Z[0xba]c[0xb1][0x9a]v#>|2[0xb2][0xd4][0x87][0x1][0xf9][0x97][0xff][0xfb]'@[0xdc][0xff][0xb6]1h[0x2][0x0][\r][\n]"
15:19:32.887 [main] DEBUG com.intuit.karate - response time in milliseconds: 1800
1 < 200
1 < Date: Thu, 11 May 2023 13:19:32 GMT
1 < Content-Type: application/json; charset=utf-8
1 < Transfer-Encoding: chunked
1 < Connection: keep-alive
1 < X-Powered-By: Express
1 < X-Ratelimit-Limit: 1000
1 < X-Ratelimit-Remaining: 999
1 < X-Ratelimit-Reset: 1683654837
1 < Vary: Origin, Accept-Encoding
1 < Access-Control-Allow-Credentials: true
1 < Cache-Control: max-age=43200
1 < Pragma: no-cache
1 < Expires: -1
1 < X-Content-Type-Options: nosniff
1 < Etag: W/"26831-8L/dCHuriTuxj+1OR5biYTSa5Yo"
1 < Via: 1.1 vegur
1 < CF-Cache-Status: HIT
1 < Age: 3740
1 < Report-To: {"endpoints":[{"url":"https:\/\/a.nel.cloudflare.com\/report\/v3?s=zV6SupZCz5%2BTc7%2B1bXFWfzHardn3CWMvsRnwX7lV9NTcwwPwrgEzZOiFT3%2FCbKqgMSvJgSM2sKK13TMj2YS0UXfH2E%2Bku%2BwEkeKCz%2F%2Bppmyd5cAzPTn1v7N5oIJw6JdEHuWHFATYTaBq204GsHmi"}],"group":"cf-nel","max_age":604800}
1 < NEL: {"success_fraction":0,"report_to":"cf-nel","max_age":604800}
1 < Server: cloudflare
1 < CF-RAY: 7c5ab6d3b99906fb-CPT
1 < alt-svc: h3=":443"; ma=86400, h3-29=":443"; ma=86400
[
  {
    "postId": 1,
    "id": 1,
    "name": "id labore ex et quam laborum",
    "email": "Eliseo@gardner.biz",
    "body": "laudantium enim quasi est quidem magnam voluptate ipsam eos\ntempora quo necessitatibus\ndolor quam autem quasi\nreiciendis et nam sapiente accusantium"
  },
  {
    "postId": 1,
    "id": 2,
    "name": "quo vero reiciendis velit similique earum",
    "email": "Jayne_Kuhic@sydney.com",
    "body": "est natus enim nihil est dolore omnis voluptatem numquam\net omnis occaecati quod ullam at\nvoluptatem error expedita pariatur\nnihil sint nostrum voluptatem reiciendis et"
  },
  {
    "postId": 1,
    "id": 3,
    "name": "odio adipisci rerum aut animi",
    "email": "Nikita@garfield.biz",
    "body": "quia molestiae reprehenderit quasi aspernatur\naut expedita occaecati aliquam eveniet laudantium\nomnis quibusdam delectus saepe quia accusamus maiores nam est\ncum et ducimus et vero voluptates excepturi deleniti ratione"
  },
  {
    "postId": 1,
    "id": 4,
    "name": "alias odio sit",
    "email": "Lew@alysha.tv",
    "body": "non et atque\noccaecati deserunt quas accusantium unde odit nobis qui voluptatem\nquia voluptas consequuntur itaque dolor\net qui rerum deleniti ut occaecati"
  },
  {
    "postId": 1,
    "id": 5,
    "name": "vero eaque aliquid doloribus et culpa",
    "email": "Hayden@althea.biz",
    "body": "harum non quasi et ratione\ntempore iure ex voluptates in ratione\nharum architecto fugit inventore cupiditate\nvoluptates magni quo et"
  },
  {
    "postId": 2,
    "id": 6,
    "name": "et fugit eligendi deleniti quidem qui sint nihil autem",
    "email": "Presley.Mueller@myrl.com",
    "body": "doloribus at sed quis culpa deserunt consectetur qui praesentium\naccusamus fugiat dicta\nvoluptatem rerum ut voluptate autem\nvoluptatem repellendus aspernatur dolorem in"
  },
  {
    "postId": 2,
    "id": 7,
    "name": "repellat consequatur praesentium vel minus molestias voluptatum",
    "email": "Dallas@ole.me",
    "body": "maiores sed dolores similique labore et inventore et\nquasi temporibus esse sunt id et\neos voluptatem aliquam\naliquid ratione corporis molestiae mollitia quia et magnam dolor"
  },
  {
    "postId": 2,
    "id": 8,
    "name": "et omnis dolorem",
    "email": "Mallory_Kunze@marie.org",
    "body": "ut voluptatem corrupti velit\nad voluptatem maiores\net nisi velit vero accusamus maiores\nvoluptates quia aliquid ullam eaque"
  },
  {
    "postId": 2,
    "id": 9,
    "name": "provident id voluptas",
    "email": "Meghan_Littel@rene.us",
    "body": "sapiente assumenda molestiae atque\nadipisci laborum distinctio aperiam et ab ut omnis\net occaecati aspernatur odit sit rem expedita\nquas enim ipsam minus"
  },
  {
    "postId": 2,
    "id": 10,
    "name": "eaque et deleniti atque tenetur ut quo ut",
    "email": "Carmen_Keeling@caroline.name",
    "body": "voluptate iusto quis nobis reprehenderit ipsum amet nulla\nquia quas dolores velit et non\naut quia necessitatibus\nnostrum quaerat nulla et accusamus nisi facilis"
  },
  {
    "postId": 3,
    "id": 11,
    "name": "fugit labore quia mollitia quas deserunt nostrum sunt",
    "email": "Veronica_Goodwin@timmothy.net",
    "body": "ut dolorum nostrum id quia aut est\nfuga est inventore vel eligendi explicabo quis consectetur\naut occaecati repellat id natus quo est\nut blanditiis quia ut vel ut maiores ea"
  },
  {
    "postId": 3,
    "id": 12,
    "name": "modi ut eos dolores illum nam dolor",
    "email": "Oswald.Vandervort@leanne.org",
    "body": "expedita maiores dignissimos facilis\nipsum est rem est fugit velit sequi\neum odio dolores dolor totam\noccaecati ratione eius rem velit"
  },
  {
    "postId": 3,
    "id": 13,
    "name": "aut inventore non pariatur sit vitae voluptatem sapiente",
    "email": "Kariane@jadyn.tv",
    "body": "fuga eos qui dolor rerum\ninventore corporis exercitationem\ncorporis cupiditate et deserunt recusandae est sed quis culpa\neum maiores corporis et"
  },
  {
    "postId": 3,
    "id": 14,
    "name": "et officiis id praesentium hic aut ipsa dolorem repudiandae",
    "email": "Nathan@solon.io",
    "body": "vel quae voluptas qui exercitationem\nvoluptatibus unde sed\nminima et qui ipsam aspernatur\nexpedita magnam laudantium et et quaerat ut qui dolorum"
  },
  {
    "postId": 3,
    "id": 15,
    "name": "debitis magnam hic odit aut ullam nostrum tenetur",
    "email": "Maynard.Hodkiewicz@roberta.com",
    "body": "nihil ut voluptates blanditiis autem odio dicta rerum\nquisquam saepe et est\nsunt quasi nemo laudantium deserunt\nmolestias tempora quo quia"
  },
  {
    "postId": 4,
    "id": 16,
    "name": "perferendis temporibus delectus optio ea eum ratione dolorum",
    "email": "Christine@ayana.info",
    "body": "iste ut laborum aliquid velit facere itaque\nquo ut soluta dicta voluptate\nerror tempore aut et\nsequi reiciendis dignissimos expedita consequuntur libero sed fugiat facilis"
  },
  {
    "postId": 4,
    "id": 17,
    "name": "eos est animi quis",
    "email": "Preston_Hudson@blaise.tv",
    "body": "consequatur necessitatibus totam sed sit dolorum\nrecusandae quae odio excepturi voluptatum harum voluptas\nquisquam sit ad eveniet delectus\ndoloribus odio qui non labore"
  },
  {
    "postId": 4,
    "id": 18,
    "name": "aut et tenetur ducimus illum aut nulla ab",
    "email": "Vincenza_Klocko@albertha.name",
    "body": "veritatis voluptates necessitatibus maiores corrupti\nneque et exercitationem amet sit et\nullam velit sit magnam laborum\nmagni ut molestias"
  },
  {
    "postId": 4,
    "id": 19,
    "name": "sed impedit rerum quia et et inventore unde officiis",
    "email": "Madelynn.Gorczany@darion.biz",
    "body": "doloribus est illo sed minima aperiam\nut dignissimos accusantium tempore atque et aut molestiae\nmagni ut accusamus voluptatem quos ut voluptates\nquisquam porro sed architecto ut"
  },
  {
    "postId": 4,
    "id": 20,
    "name": "molestias expedita iste aliquid voluptates",
    "email": "Mariana_Orn@preston.org",
    "body": "qui harum consequatur fugiat\net eligendi perferendis at molestiae commodi ducimus\ndoloremque asperiores numquam qui\nut sit dignissimos reprehenderit tempore"
  },
  {
    "postId": 5,
    "id": 21,
    "name": "aliquid rerum mollitia qui a consectetur eum sed",
    "email": "Noemie@marques.me",
    "body": "deleniti aut sed molestias explicabo\ncommodi odio ratione nesciunt\nvoluptate doloremque est\nnam autem error delectus"
  },
  {
    "postId": 5,
    "id": 22,
    "name": "porro repellendus aut tempore quis hic",
    "email": "Khalil@emile.co.uk",
    "body": "qui ipsa animi nostrum praesentium voluptatibus odit\nqui non impedit cum qui nostrum aliquid fuga explicabo\nvoluptatem fugit earum voluptas exercitationem temporibus dignissimos distinctio\nesse inventore reprehenderit quidem ut incidunt nihil necessitatibus rerum"
  },
  {
    "postId": 5,
    "id": 23,
    "name": "quis tempora quidem nihil iste",
    "email": "Sophia@arianna.co.uk",
    "body": "voluptates provident repellendus iusto perspiciatis ex fugiat ut\nut dolor nam aliquid et expedita voluptate\nsunt vitae illo rerum in quos\nvel eligendi enim quae fugiat est"
  },
  {
    "postId": 5,
    "id": 24,
    "name": "in tempore eos beatae est",
    "email": "Jeffery@juwan.us",
    "body": "repudiandae repellat quia\nsequi est dolore explicabo nihil et\net sit et\net praesentium iste atque asperiores tenetur"
  },
  {
    "postId": 5,
    "id": 25,
    "name": "autem ab ea sit alias hic provident sit",
    "email": "Isaias_Kuhic@jarrett.net",
    "body": "sunt aut quae laboriosam sit ut impedit\nadipisci harum laborum totam deleniti voluptas odit rem ea\nnon iure distinctio ut velit doloribus\net non ex"
  },
  {
    "postId": 6,
    "id": 26,
    "name": "in deleniti sunt provident soluta ratione veniam quam praesentium",
    "email": "Russel.Parker@kameron.io",
    "body": "incidunt sapiente eaque dolor eos\nad est molestias\nquas sit et nihil exercitationem at cumque ullam\nnihil magnam et"
  },
  {
    "postId": 6,
    "id": 27,
    "name": "doloribus quibusdam molestiae amet illum",
    "email": "Francesco.Gleason@nella.us",
    "body": "nisi vel quas ut laborum ratione\nrerum magni eum\nunde et voluptatem saepe\nvoluptas corporis modi amet ipsam eos saepe porro"
  },
  {
    "postId": 6,
    "id": 28,
    "name": "quo voluptates voluptas nisi veritatis dignissimos dolores ut officiis",
    "email": "Ronny@rosina.org",
    "body": "voluptatem repellendus quo alias at laudantium\nmollitia quidem esse\ntemporibus consequuntur vitae rerum illum\nid corporis sit id"
  },
  {
    "postId": 6,
    "id": 29,
    "name": "eum distinctio amet dolor",
    "email": "Jennings_Pouros@erica.biz",
    "body": "tempora voluptatem est\nmagnam distinctio autem est dolorem\net ipsa molestiae odit rerum itaque corporis nihil nam\neaque rerum error"
  },
  {
    "postId": 6,
    "id": 30,
    "name": "quasi nulla ducimus facilis non voluptas aut",
    "email": "Lurline@marvin.biz",
    "body": "consequuntur quia voluptate assumenda et\nautem voluptatem reiciendis ipsum animi est provident\nearum aperiam sapiente ad vitae iste\naccusantium aperiam eius qui dolore voluptatem et"
  },
  {
    "postId": 7,
    "id": 31,
    "name": "ex velit ut cum eius odio ad placeat",
    "email": "Buford@shaylee.biz",
    "body": "quia incidunt ut\naliquid est ut rerum deleniti iure est\nipsum quia ea sint et\nvoluptatem quaerat eaque repudiandae eveniet aut"
  },
  {
    "postId": 7,
    "id": 32,
    "name": "dolorem architecto ut pariatur quae qui suscipit",
    "email": "Maria@laurel.name",
    "body": "nihil ea itaque libero illo\nofficiis quo quo dicta inventore consequatur voluptas voluptatem\ncorporis sed necessitatibus velit tempore\nrerum velit et temporibus"
  },
  {
    "postId": 7,
    "id": 33,
    "name": "voluptatum totam vel voluptate omnis",
    "email": "Jaeden.Towne@arlene.tv",
    "body": "fugit harum quae vero\nlibero unde tempore\nsoluta eaque culpa sequi quibusdam nulla id\net et necessitatibus"
  },
  {
    "postId": 7,
    "id": 34,
    "name": "omnis nemo sunt ab autem",
    "email": "Ethelyn.Schneider@emelia.co.uk",
    "body": "omnis temporibus quasi ab omnis\nfacilis et omnis illum quae quasi aut\nminus iure ex rem ut reprehenderit\nin non fugit"
  },
  {
    "postId": 7,
    "id": 35,
    "name": "repellendus sapiente omnis praesentium aliquam ipsum id molestiae omnis",
    "email": "Georgianna@florence.io",
    "body": "dolor mollitia quidem facere et\nvel est ut\nut repudiandae est quidem dolorem sed atque\nrem quia aut adipisci sunt"
  },
  {
    "postId": 8,
    "id": 36,
    "name": "sit et quis",
    "email": "Raheem_Heaney@gretchen.biz",
    "body": "aut vero est\ndolor non aut excepturi dignissimos illo nisi aut quas\naut magni quia nostrum provident magnam quas modi maxime\nvoluptatem et molestiae"
  },
  {
    "postId": 8,
    "id": 37,
    "name": "beatae veniam nemo rerum voluptate quam aspernatur",
    "email": "Jacky@victoria.net",
    "body": "qui rem amet aut\ncumque maiores earum ut quia sit nam esse qui\niusto aspernatur quis voluptas\ndolorem distinctio ex temporibus rem"
  },
  {
    "postId": 8,
    "id": 38,
    "name": "maiores dolores expedita",
    "email": "Piper@linwood.us",
    "body": "unde voluptatem qui dicta\nvel ad aut eos error consequatur voluptatem\nadipisci doloribus qui est sit aut\nvelit aut et ea ratione eveniet iure fuga"
  },
  {
    "postId": 8,
    "id": 39,
    "name": "necessitatibus ratione aut ut delectus quae ut",
    "email": "Gaylord@russell.net",
    "body": "atque consequatur dolorem sunt\nadipisci autem et\nvoluptatibus et quae necessitatibus rerum eaque aperiam nostrum nemo\neligendi sed et beatae et inventore"
  },
  {
    "postId": 8,
    "id": 40,
    "name": "non minima omnis deleniti pariatur facere quibusdam at",
    "email": "Clare.Aufderhar@nicole.ca",
    "body": "quod minus alias quos\nperferendis labore molestias quae ut ut corporis deserunt vitae\net quaerat ut et ullam unde asperiores\ncum voluptatem cumque"
  },
  {
    "postId": 9,
    "id": 41,
    "name": "voluptas deleniti ut",
    "email": "Lucio@gladys.tv",
    "body": "facere repudiandae vitae ea aut sed quo ut et\nfacere nihil ut voluptates in\nsaepe cupiditate accusantium numquam dolores\ninventore sint mollitia provident"
  },
  {
    "postId": 9,
    "id": 42,
    "name": "nam qui et",
    "email": "Shemar@ewell.name",
    "body": "aut culpa quaerat veritatis eos debitis\naut repellat eius explicabo et\nofficiis quo sint at magni ratione et iure\nincidunt quo sequi quia dolorum beatae qui"
  },
  {
    "postId": 9,
    "id": 43,
    "name": "molestias sint est voluptatem modi",
    "email": "Jackeline@eva.tv",
    "body": "voluptatem ut possimus laborum quae ut commodi delectus\nin et consequatur\nin voluptas beatae molestiae\nest rerum laborum et et velit sint ipsum dolorem"
  },
  {
    "postId": 9,
    "id": 44,
    "name": "hic molestiae et fuga ea maxime quod",
    "email": "Marianna_Wilkinson@rupert.io",
    "body": "qui sunt commodi\nsint vel optio vitae quis qui non distinctio\nid quasi modi dicta\neos nihil sit inventore est numquam officiis"
  },
  {
    "postId": 9,
    "id": 45,
    "name": "autem illo facilis",
    "email": "Marcia@name.biz",
    "body": "ipsum odio harum voluptatem sunt cumque et dolores\nnihil laboriosam neque commodi qui est\nquos numquam voluptatum\ncorporis quo in vitae similique cumque tempore"
  },
  {
    "postId": 10,
    "id": 46,
    "name": "dignissimos et deleniti voluptate et quod",
    "email": "Jeremy.Harann@waino.me",
    "body": "exercitationem et id quae cum omnis\nvoluptatibus accusantium et quidem\nut ipsam sint\ndoloremque illo ex atque necessitatibus sed"
  },
  {
    "postId": 10,
    "id": 47,
    "name": "rerum commodi est non dolor nesciunt ut",
    "email": "Pearlie.Kling@sandy.com",
    "body": "occaecati laudantium ratione non cumque\nearum quod non enim soluta nisi velit similique voluptatibus\nesse laudantium consequatur voluptatem rem eaque voluptatem aut ut\net sit quam"
  },
  {
    "postId": 10,
    "id": 48,
    "name": "consequatur animi dolorem saepe repellendus ut quo aut tenetur",
    "email": "Manuela_Stehr@chelsie.tv",
    "body": "illum et alias quidem magni voluptatum\nab soluta ea qui saepe corrupti hic et\ncum repellat esse\nest sint vel veritatis officia consequuntur cum"
  },
  {
    "postId": 10,
    "id": 49,
    "name": "rerum placeat quae minus iusto eligendi",
    "email": "Camryn.Weimann@doris.io",
    "body": "id est iure occaecati quam similique enim\nab repudiandae non\nillum expedita quam excepturi soluta qui placeat\nperspiciatis optio maiores non doloremque aut iusto sapiente"
  },
  {
    "postId": 10,
    "id": 50,
    "name": "dolorum soluta quidem ex quae occaecati dicta aut doloribus",
    "email": "Kiana_Predovic@yasmin.io",
    "body": "eum accusamus aut delectus\narchitecto blanditiis quia sunt\nrerum harum sit quos quia aspernatur vel corrupti inventore\nanimi dicta vel corporis"
  },
  {
    "postId": 11,
    "id": 51,
    "name": "molestias et odio ut commodi omnis ex",
    "email": "Laurie@lincoln.us",
    "body": "perferendis omnis esse\nvoluptate sit mollitia sed perferendis\nnemo nostrum qui\nvel quis nisi doloribus animi odio id quas"
  },
  {
    "postId": 11,
    "id": 52,
    "name": "esse autem dolorum",
    "email": "Abigail.OConnell@june.org",
    "body": "et enim voluptatem totam laudantium\nimpedit nam labore repellendus enim earum aut\nconsectetur mollitia fugit qui repellat expedita sunt\naut fugiat vel illo quos aspernatur ducimus"
  },
  {
    "postId": 11,
    "id": 53,
    "name": "maiores alias necessitatibus aut non",
    "email": "Laverne_Price@scotty.info",
    "body": "a at tempore\nmolestiae odit qui dolores molestias dolorem et\nlaboriosam repudiandae placeat quisquam\nautem aperiam consectetur maiores laboriosam nostrum"
  },
  {
    "postId": 11,
    "id": 54,
    "name": "culpa eius tempora sit consequatur neque iure deserunt",
    "email": "Kenton_Vandervort@friedrich.com",
    "body": "et ipsa rem ullam cum pariatur similique quia\ncum ipsam est sed aut inventore\nprovident sequi commodi enim inventore assumenda aut aut\ntempora possimus soluta quia consequatur modi illo"
  },
  {
    "postId": 11,
    "id": 55,
    "name": "quas pariatur quia a doloribus",
    "email": "Hayden_Olson@marianna.me",
    "body": "perferendis eaque labore laudantium ut molestiae soluta et\nvero odio non corrupti error pariatur consectetur et\nenim nam quia voluptatum non\nmollitia culpa facere voluptas suscipit veniam"
  },
  {
    "postId": 12,
    "id": 56,
    "name": "et dolorem corrupti sed molestias",
    "email": "Vince_Crist@heidi.biz",
    "body": "cum esse odio nihil reiciendis illum quaerat\nest facere quia\noccaecati sit totam fugiat in beatae\nut occaecati unde vitae nihil quidem consequatur"
  },
  {
    "postId": 12,
    "id": 57,
    "name": "qui quidem sed",
    "email": "Darron.Nikolaus@eulah.me",
    "body": "dolorem facere itaque fuga odit autem\nperferendis quisquam quis corrupti eius dicta\nrepudiandae error esse itaque aut\ncorrupti sint consequatur aliquid"
  },
  {
    "postId": 12,
    "id": 58,
    "name": "sint minus reiciendis qui perspiciatis id",
    "email": "Ezra_Abshire@lyda.us",
    "body": "veritatis qui nihil\nquia reprehenderit non ullam ea iusto\nconsectetur nam voluptas ut temporibus tempore provident error\neos et nisi et voluptate"
  },
  {
    "postId": 12,
    "id": 59,
    "name": "quis ducimus distinctio similique et illum minima ab libero",
    "email": "Jameson@tony.info",
    "body": "cumque molestiae officia aut fugiat nemo autem\nvero alias atque sed qui ratione quia\nrepellat vel earum\nea laudantium mollitia"
  },
  {
    "postId": 12,
    "id": 60,
    "name": "expedita libero quos cum commodi ad",
    "email": "Americo@estrella.net",
    "body": "error eum quia voluptates alias repudiandae\naccusantium veritatis maiores assumenda\nquod impedit animi tempore veritatis\nanimi et et officiis labore impedit blanditiis repudiandae"
  },
  {
    "postId": 13,
    "id": 61,
    "name": "quidem itaque dolores quod laborum aliquid molestiae",
    "email": "Aurelio.Pfeffer@griffin.ca",
    "body": "deserunt cumque laudantium\net et odit quia sint quia quidem\nquibusdam debitis fuga in tempora deleniti\nimpedit consequatur veniam reiciendis autem porro minima"
  },
  {
    "postId": 13,
    "id": 62,
    "name": "libero beatae consequuntur optio est hic",
    "email": "Vesta_Crooks@dora.us",
    "body": "tempore dolorum corrupti facilis\npraesentium sunt iste recusandae\nunde quisquam similique\nalias consequuntur voluptates velit"
  },
  {
    "postId": 13,
    "id": 63,
    "name": "occaecati dolor accusantium et quasi architecto aut eveniet fugiat",
    "email": "Margarett_Klein@mike.biz",
    "body": "aut eligendi et molestiae voluptatum tempora\nofficia nihil sit voluptatem aut deleniti\nquaerat consequatur eaque\nsapiente tempore commodi tenetur rerum qui quo"
  },
  {
    "postId": 13,
    "id": 64,
    "name": "consequatur aut ullam voluptas dolorum voluptatum sequi et",
    "email": "Freida@brandt.tv",
    "body": "sed illum quis\nut aut culpa labore aspernatur illo\ndolorem quia vitae ut aut quo repellendus est omnis\nesse at est debitis"
  },
  {
    "postId": 13,
    "id": 65,
    "name": "earum ea ratione numquam",
    "email": "Mollie@agustina.name",
    "body": "qui debitis vitae ratione\ntempora impedit aperiam porro molestiae placeat vero laboriosam recusandae\npraesentium consequatur facere et itaque quidem eveniet\nmagnam natus distinctio sapiente"
  },
  {
    "postId": 14,
    "id": 66,
    "name": "eius nam consequuntur",
    "email": "Janice@alda.io",
    "body": "necessitatibus libero occaecati\nvero inventore iste assumenda veritatis\nasperiores non sit et quia omnis facere nemo explicabo\nodit quo nobis porro"
  },
  {
    "postId": 14,
    "id": 67,
    "name": "omnis consequatur natus distinctio",
    "email": "Dashawn@garry.com",
    "body": "nulla quo itaque beatae ad\nofficiis animi aut exercitationem voluptatum dolorem doloremque ducimus in\nrecusandae officia consequuntur quas\naspernatur dolores est esse dolores sit illo laboriosam quaerat"
  },
  {
    "postId": 14,
    "id": 68,
    "name": "architecto ut deserunt consequatur cumque sapiente",
    "email": "Devan.Nader@ettie.me",
    "body": "sed magni accusantium numquam quidem omnis et voluptatem beatae\nquos fugit libero\nvel ipsa et nihil recusandae ea\niste nemo qui optio sit enim ut nostrum odit"
  },
  {
    "postId": 14,
    "id": 69,
    "name": "at aut ea iure accusantium voluptatum nihil ipsum",
    "email": "Joana.Schoen@leora.co.uk",
    "body": "omnis dolor autem qui est natus\nautem animi nemo voluptatum aut natus accusantium iure\ninventore sunt ea tenetur commodi suscipit facere architecto consequatur\ndolorem nihil veritatis consequuntur corporis"
  },
  {
    "postId": 14,
    "id": 70,
    "name": "eum magni accusantium labore aut cum et tenetur",
    "email": "Minerva.Anderson@devonte.ca",
    "body": "omnis aliquam praesentium ad voluptatem harum aperiam dolor autem\nhic asperiores quisquam ipsa necessitatibus suscipit\npraesentium rem deserunt et\nfacere repellendus aut sed fugit qui est"
  },
  {
    "postId": 15,
    "id": 71,
    "name": "vel pariatur perferendis vero ab aut voluptates labore",
    "email": "Lavinia@lafayette.me",
    "body": "mollitia magnam et\nipsum consequatur est expedita\naut rem ut ex doloremque est vitae est\ncumque velit recusandae numquam libero dolor fuga fugit a"
  },
  {
    "postId": 15,
    "id": 72,
    "name": "quia sunt dolor dolor suscipit expedita quis",
    "email": "Sabrina.Marks@savanah.name",
    "body": "quisquam voluptas ut\npariatur eos amet non\nreprehenderit voluptates numquam\nin est voluptatem dicta ipsa qui esse enim"
  },
  {
    "postId": 15,
    "id": 73,
    "name": "ut quia ipsa repellat sunt et sequi aut est",
    "email": "Desmond_Graham@kailee.biz",
    "body": "nam qui possimus deserunt\ninventore dignissimos nihil rerum ut consequatur vel architecto\ntenetur recusandae voluptate\nnumquam dignissimos aliquid ut reprehenderit voluptatibus"
  },
  {
    "postId": 15,
    "id": 74,
    "name": "ut non illum pariatur dolor",
    "email": "Gussie_Kunde@sharon.biz",
    "body": "non accusamus eum aut et est\naccusantium animi nesciunt distinctio ea quas quisquam\nsit ut voluptatem modi natus sint\nfacilis est qui molestias recusandae nemo"
  },
  {
    "postId": 15,
    "id": 75,
    "name": "minus laboriosam consequuntur",
    "email": "Richard@chelsie.co.uk",
    "body": "natus numquam enim asperiores doloremque ullam et\nest molestias doloribus cupiditate labore vitae aut voluptatem\nitaque quos quo consectetur nihil illum veniam\nnostrum voluptatum repudiandae ut"
  },
  {
    "postId": 16,
    "id": 76,
    "name": "porro ut soluta repellendus similique",
    "email": "Gage_Turner@halle.name",
    "body": "sunt qui consequatur similique recusandae repellendus voluptates eos et\nvero nostrum fugit magnam aliquam\nreprehenderit nobis voluptatem eos consectetur possimus\net perferendis qui ea fugiat sit doloremque"
  },
  {
    "postId": 16,
    "id": 77,
    "name": "dolores et quo omnis voluptates",
    "email": "Alfred@sadye.biz",
    "body": "eos ullam dolorem impedit labore mollitia\nrerum non dolores\nmolestiae dignissimos qui maxime sed voluptate consequatur\ndoloremque praesentium magnam odio iste quae totam aut"
  },
  {
    "postId": 16,
    "id": 78,
    "name": "voluptas voluptas voluptatibus blanditiis",
    "email": "Catharine@jordyn.com",
    "body": "qui adipisci eveniet excepturi iusto magni et\nenim ducimus asperiores blanditiis nemo\ncommodi nihil ex\nenim rerum vel nobis nostrum et non"
  },
  {
    "postId": 16,
    "id": 79,
    "name": "beatae ut ad quisquam sed repellendus et",
    "email": "Esther_Ratke@shayna.biz",
    "body": "et inventore sapiente sed\nsunt similique fugiat officia velit doloremque illo eligendi quas\nsed rerum in quidem perferendis facere molestias\ndolore dolor voluptas nam vel quia"
  },
  {
    "postId": 16,
    "id": 80,
    "name": "et cumque ad culpa ut eligendi non",
    "email": "Evangeline@chad.net",
    "body": "dignissimos itaque ab et tempore odio omnis voluptatem\nitaque perferendis rem repellendus tenetur nesciunt velit\nqui cupiditate recusandae\nquis debitis dolores aliquam nam"
  },
  {
    "postId": 17,
    "id": 81,
    "name": "aut non consequuntur dignissimos voluptatibus dolorem earum recusandae dolorem",
    "email": "Newton.Kertzmann@anjali.io",
    "body": "illum et voluptatem quis repellendus quidem repellat\nreprehenderit voluptas consequatur mollitia\npraesentium nisi quo quod et\noccaecati repellendus illo eius harum explicabo doloribus officia"
  },
  {
    "postId": 17,
    "id": 82,
    "name": "ea est non dolorum iste nihil est",
    "email": "Caleb_Herzog@rosamond.net",
    "body": "officiis dolorem voluptas aliquid eveniet tempora qui\nea temporibus labore accusamus sint\nut sunt necessitatibus voluptatum animi cumque\nat reiciendis voluptatem iure aliquid et qui dolores et"
  },
  {
    "postId": 17,
    "id": 83,
    "name": "nihil qui accusamus ratione et molestias et minus",
    "email": "Sage_Mueller@candace.net",
    "body": "et consequatur voluptates magnam fugit sunt repellendus nihil earum\nofficiis aut cupiditate\net distinctio laboriosam\nmolestiae sunt dolor explicabo recusandae"
  },
  {
    "postId": 17,
    "id": 84,
    "name": "quia voluptatibus magnam voluptatem optio vel perspiciatis",
    "email": "Bernie.Bergnaum@lue.com",
    "body": "ratione ut magni voluptas\nexplicabo natus quia consequatur nostrum aut\nomnis enim in qui illum\naut atque laboriosam aliquid blanditiis quisquam et laborum"
  },
  {
    "postId": 17,
    "id": 85,
    "name": "non voluptas cum est quis aut consectetur nam",
    "email": "Alexzander_Davis@eduardo.name",
    "body": "quisquam incidunt dolores sint qui doloribus provident\nvel cupiditate deleniti alias voluptatem placeat ad\nut dolorem illum unde iure quis libero neque\nea et distinctio id"
  },
  {
    "postId": 18,
    "id": 86,
    "name": "suscipit est sunt vel illum sint",
    "email": "Jacquelyn@krista.info",
    "body": "eum culpa debitis sint\neaque quia magni laudantium qui neque voluptas\nvoluptatem qui molestiae vel earum est ratione excepturi\nsit aut explicabo et repudiandae ut perspiciatis"
  },
  {
    "postId": 18,
    "id": 87,
    "name": "dolor asperiores autem et omnis quasi nobis",
    "email": "Grover_Volkman@coty.tv",
    "body": "assumenda corporis architecto repudiandae omnis qui et odit\nperferendis velit enim\net quia reiciendis sint\nquia voluptas quam deserunt facilis harum eligendi"
  },
  {
    "postId": 18,
    "id": 88,
    "name": "officiis aperiam odit sint est non",
    "email": "Jovanny@abigale.ca",
    "body": "laudantium corrupti atque exercitationem quae enim et veniam dicta\nautem perspiciatis sit dolores\nminima consectetur tenetur iste facere\namet est neque"
  },
  {
    "postId": 18,
    "id": 89,
    "name": "in voluptatum nostrum voluptas iure nisi rerum est placeat",
    "email": "Isac_Schmeler@barton.com",
    "body": "quibusdam rerum quia nostrum culpa\nculpa est natus impedit quo rem voluptate quos\nrerum culpa aut ut consectetur\nsunt esse laudantium voluptatibus cupiditate rerum"
  },
  {
    "postId": 18,
    "id": 90,
    "name": "eum voluptas dolores molestias odio amet repellendus",
    "email": "Sandy.Erdman@sabina.info",
    "body": "vitae cupiditate excepturi eum veniam laudantium aspernatur blanditiis\naspernatur quia ut assumenda et magni enim magnam\nin voluptate tempora\nnon qui voluptatem reprehenderit porro qui voluptatibus"
  },
  {
    "postId": 19,
    "id": 91,
    "name": "repellendus est laboriosam voluptas veritatis",
    "email": "Alexandro@garry.io",
    "body": "qui nisi at maxime deleniti quo\nex quas tenetur nam\ndeleniti aut asperiores deserunt cum ex eaque alias sit\net veniam ab consequatur molestiae"
  },
  {
    "postId": 19,
    "id": 92,
    "name": "repellendus aspernatur occaecati tempore blanditiis deleniti omnis qui distinctio",
    "email": "Vickie_Schuster@harley.net",
    "body": "nihil necessitatibus omnis asperiores nobis praesentium quia\nab debitis quo deleniti aut sequi commodi\nut perspiciatis quod est magnam aliquam modi\neum quos aliquid ea est"
  },
  {
    "postId": 19,
    "id": 93,
    "name": "mollitia dolor deleniti sed iure laudantium",
    "email": "Roma_Doyle@alia.com",
    "body": "ut quis et id repellat labore\nnobis itaque quae saepe est ullam aut\ndolor id ut quis\nsunt iure voluptates expedita voluptas doloribus modi saepe autem"
  },
  {
    "postId": 19,
    "id": 94,
    "name": "vero repudiandae voluptatem nobis",
    "email": "Tatum_Marks@jaylon.name",
    "body": "reiciendis delectus nulla quae voluptas nihil provident quia\nab corporis nesciunt blanditiis quibusdam et unde et\nmagni eligendi aperiam corrupti perspiciatis quasi\nneque iure voluptatibus mollitia"
  },
  {
    "postId": 19,
    "id": 95,
    "name": "voluptatem unde quos provident ad qui sit et excepturi",
    "email": "Juston.Ruecker@scot.tv",
    "body": "at ut tenetur rem\nut fuga quis ea magnam alias\naut tempore fugiat laboriosam porro quia iure qui\narchitecto est enim"
  },
  {
    "postId": 20,
    "id": 96,
    "name": "non sit ad culpa quis",
    "email": "River.Grady@lavada.biz",
    "body": "eum itaque quam\nlaboriosam sequi ullam quos nobis\nomnis dignissimos nam dolores\nfacere id suscipit aliquid culpa rerum quis"
  },
  {
    "postId": 20,
    "id": 97,
    "name": "reiciendis culpa omnis suscipit est",
    "email": "Claudia@emilia.ca",
    "body": "est ducimus voluptate saepe iusto repudiandae recusandae et\nsint fugit voluptas eum itaque\nodit ab eos voluptas molestiae necessitatibus earum possimus voluptatem\nquibusdam aut illo beatae qui delectus aut officia veritatis"
  },
  {
    "postId": 20,
    "id": 98,
    "name": "praesentium dolorem ea voluptate et",
    "email": "Torrey@june.tv",
    "body": "ex et expedita cum voluptatem\nvoluptatem ab expedita quis nihil\nesse quo nihil perferendis dolores velit ut culpa aut\ndolor maxime necessitatibus voluptatem"
  },
  {
    "postId": 20,
    "id": 99,
    "name": "laudantium delectus nam",
    "email": "Hildegard.Aufderhar@howard.com",
    "body": "aut quam consequatur sit et\nrepellat maiores laborum similique voluptatem necessitatibus nihil\net debitis nemo occaecati cupiditate\nmodi dolorum quia aut"
  },
  {
    "postId": 20,
    "id": 100,
    "name": "et sint quia dolor et est ea nulla cum",
    "email": "Leone_Fay@orrin.com",
    "body": "architecto dolorem ab explicabo et provident et\net eos illo omnis mollitia ex aliquam\natque ut ipsum nulla nihil\nquis voluptas aut debitis facilis"
  },
  {
    "postId": 21,
    "id": 101,
    "name": "perspiciatis magnam ut eum autem similique explicabo expedita",
    "email": "Lura@rod.tv",
    "body": "ut aut maxime officia sed aliquam et magni autem\nveniam repudiandae nostrum odio enim eum optio aut\nomnis illo quasi quibusdam inventore explicabo\nreprehenderit dolor saepe possimus molestiae"
  },
  {
    "postId": 21,
    "id": 102,
    "name": "officia ullam ut neque earum ipsa et fuga",
    "email": "Lottie.Zieme@ruben.us",
    "body": "aut dolorem quos ut non\naliquam unde iure minima quod ullam qui\nfugiat molestiae tempora voluptate vel labore\nsaepe animi et vitae numquam ipsa"
  },
  {
    "postId": 21,
    "id": 103,
    "name": "ipsum a ut",
    "email": "Winona_Price@jevon.me",
    "body": "totam eum fugiat repellendus\nquae beatae explicabo excepturi iusto et\nrepellat alias iure voluptates consequatur sequi minus\nsed maxime unde"
  },
  {
    "postId": 21,
    "id": 104,
    "name": "a assumenda totam",
    "email": "Gabriel@oceane.biz",
    "body": "qui aperiam labore animi magnam odit est\nut autem eaque ea magni quas voluptatem\ndoloribus vel voluptatem nostrum ut debitis enim quaerat\nut esse eveniet aut"
  },
  {
    "postId": 21,
    "id": 105,
    "name": "voluptatem repellat est",
    "email": "Adolph.Ondricka@mozell.co.uk",
    "body": "ut rerum illum error at inventore ab nobis molestiae\nipsa architecto temporibus non aliquam aspernatur omnis quidem aliquid\nconsequatur non et expedita cumque voluptates ipsam quia\nblanditiis libero itaque sed iusto at"
  },
  {
    "postId": 22,
    "id": 106,
    "name": "maiores placeat facere quam pariatur",
    "email": "Allen@richard.biz",
    "body": "dolores debitis voluptatem ab hic\nmagnam alias qui est sunt\net porro velit et repellendus occaecati est\nsequi quia odio deleniti illum"
  },
  {
    "postId": 22,
    "id": 107,
    "name": "in ipsam vel id impedit possimus eos voluptate",
    "email": "Nicholaus@mikayla.ca",
    "body": "eveniet fugit qui\nporro eaque dolores eos adipisci dolores ut\nfugit perferendis pariatur\nnumquam et repellat occaecati atque ipsum neque"
  },
  {
    "postId": 22,
    "id": 108,
    "name": "ut veritatis corporis placeat suscipit consequatur quaerat",
    "email": "Kayla@susanna.org",
    "body": "at a vel sequi nostrum\nharum nam nihil\ncumque aut in dolore rerum ipsa hic ratione\nrerum cum ratione provident labore ad quisquam repellendus a"
  },
  {
    "postId": 22,
    "id": 109,
    "name": "eveniet ut similique accusantium qui dignissimos",
    "email": "Gideon@amina.name",
    "body": "aliquid qui dolorem deserunt aperiam natus corporis eligendi neque\nat et sunt aut qui\nillum repellat qui excepturi laborum facilis aut omnis consequatur\net aut optio ipsa nisi enim"
  },
  {
    "postId": 22,
    "id": 110,
    "name": "sint est odit officiis similique aut corrupti quas autem",
    "email": "Cassidy@maribel.io",
    "body": "cum sequi in eligendi id eaque\ndolores accusamus dolorem eum est voluptatem quisquam tempore\nin voluptas enim voluptatem asperiores voluptatibus\neius quo quos quasi voluptas earum ut necessitatibus"
  },
  {
    "postId": 23,
    "id": 111,
    "name": "possimus facilis deleniti nemo atque voluptate",
    "email": "Stefan.Crist@duane.ca",
    "body": "ullam autem et\naccusantium quod sequi similique soluta explicabo ipsa\neius ratione quisquam sed et excepturi occaecati pariatur\nmolestiae ut reiciendis eum voluptatem sed"
  },
  {
    "postId": 23,
    "id": 112,
    "name": "dolore aut aspernatur est voluptate quia ipsam",
    "email": "Aniyah.Ortiz@monte.me",
    "body": "ut tempora deleniti quo molestiae eveniet provident earum occaecati\nest nesciunt ut pariatur ipsa voluptas voluptatem aperiam\nqui deleniti quibusdam voluptas molestiae facilis id iusto similique\ntempora aut qui"
  },
  {
    "postId": 23,
    "id": 113,
    "name": "sint quo debitis deleniti repellat",
    "email": "Laverna@rico.biz",
    "body": "voluptatem sint quia modi accusantium alias\nrecusandae rerum voluptatem aut sit et ut magnam\nvoluptas rerum odio quo labore voluptatem facere consequuntur\nut sit voluptatum hic distinctio"
  },
  {
    "postId": 23,
    "id": 114,
    "name": "optio et sunt non",
    "email": "Derek@hildegard.net",
    "body": "nihil labore qui\nquis dolor eveniet iste numquam\nporro velit incidunt\nlaboriosam asperiores aliquam facilis in et voluptas eveniet quasi"
  },
  {
    "postId": 23,
    "id": 115,
    "name": "occaecati dolorem eum in veniam quia quo reiciendis",
    "email": "Tyrell@abdullah.ca",
    "body": "laudantium tempore aut\nmaiores laborum fugit qui suscipit hic sint officiis corrupti\nofficiis eum optio cumque fuga sed voluptatibus similique\nsit consequuntur rerum commodi"
  },
  {
    "postId": 24,
    "id": 116,
    "name": "veritatis sit tempora quasi fuga aut dolorum",
    "email": "Reyes@hailey.name",
    "body": "quia voluptas qui assumenda nesciunt harum iusto\nest corrupti aperiam\nut aut unde maxime consequatur eligendi\nveniam modi id sint rem labore saepe minus"
  },
  {
    "postId": 24,
    "id": 117,
    "name": "incidunt quae optio quam corporis iste deleniti accusantium vero",
    "email": "Danika.Dicki@mekhi.biz",
    "body": "doloribus esse necessitatibus qui eos et ut est saepe\nsed rerum tempore est ut\nquisquam et eligendi accusantium\ncommodi non doloribus"
  },
  {
    "postId": 24,
    "id": 118,
    "name": "quisquam laborum reiciendis aut",
    "email": "Alessandra.Nitzsche@stephania.us",
    "body": "repudiandae aliquam maxime cupiditate consequatur id\nquas error repellendus\ntotam officia dolorem beatae natus cum exercitationem\nasperiores dolor ea"
  },
  {
    "postId": 24,
    "id": 119,
    "name": "minus pariatur odit",
    "email": "Matteo@marquis.net",
    "body": "et omnis consequatur ut\nin suscipit et voluptatem\nanimi at ut\ndolores quos aut numquam esse praesentium aut placeat nam"
  },
  {
    "postId": 24,
    "id": 120,
    "name": "harum error sit",
    "email": "Joshua.Spinka@toby.io",
    "body": "iusto sint recusandae placeat atque perferendis sit corporis molestiae\nrem dolor eius id delectus et qui\nsed dolorem reiciendis error ullam corporis delectus\nexplicabo mollitia odit laborum sed itaque deserunt rem dolorem"
  },
  {
    "postId": 25,
    "id": 121,
    "name": "deleniti quo corporis ullam magni praesentium molestiae",
    "email": "Annabelle@cole.com",
    "body": "soluta mollitia impedit cumque nostrum tempore aut placeat repellat\nenim adipisci dolores aut ut ratione laboriosam necessitatibus vel\net blanditiis est iste sapiente qui atque repellendus alias\nearum consequuntur quia quasi quia"
  },
  {
    "postId": 25,
    "id": 122,
    "name": "nihil tempora et reiciendis modi veniam",
    "email": "Kacey@jamal.info",
    "body": "doloribus veritatis a et quis corrupti incidunt est\nharum maiores impedit et beatae qui velit et aut\nporro sed dignissimos deserunt deleniti\net eveniet voluptas ipsa pariatur rem ducimus"
  },
  {
    "postId": 25,
    "id": 123,
    "name": "ad eos explicabo odio velit",
    "email": "Mina@mallie.name",
    "body": "nostrum perspiciatis doloribus\nexplicabo soluta id libero illo iste et\nab expedita error aliquam eum sint ipsum\nmodi possimus et"
  },
  {
    "postId": 25,
    "id": 124,
    "name": "nostrum suscipit aut consequatur magnam sunt fuga nihil",
    "email": "Hudson.Blick@ruben.biz",
    "body": "ut ut eius qui explicabo quis\niste autem nulla beatae tenetur enim\nassumenda explicabo consequatur harum exercitationem\nvelit itaque consectetur et possimus"
  },
  {
    "postId": 25,
    "id": 125,
    "name": "porro et voluptate et reprehenderit",
    "email": "Domenic.Durgan@joaquin.name",
    "body": "aut voluptas dolore autem\nreprehenderit expedita et nihil pariatur ea animi quo ullam\na ea officiis corporis\neius voluptatum cum mollitia dolore quaerat accusamus"
  },
  {
    "postId": 26,
    "id": 126,
    "name": "fuga tenetur id et qui labore delectus",
    "email": "Alexie@alayna.org",
    "body": "est qui ut tempore temporibus pariatur provident qui consequuntur\nlaboriosam porro dignissimos quos debitis id laborum et totam\naut eius sequi dolor maiores amet\nrerum voluptatibus quod ratione quos labore fuga sit"
  },
  {
    "postId": 26,
    "id": 127,
    "name": "consequatur harum magnam",
    "email": "Haven_Barrows@brant.org",
    "body": "omnis consequatur dignissimos iure rerum odio\nculpa laudantium quia voluptas enim est nisi\ndoloremque consequatur autem officiis necessitatibus beatae et\net itaque animi dolor praesentium"
  },
  {
    "postId": 26,
    "id": 128,
    "name": "labore architecto quaerat tempora voluptas consequuntur animi",
    "email": "Marianne@maximo.us",
    "body": "exercitationem eius aut ullam vero\nimpedit similique maiores ea et in culpa possimus omnis\neos labore autem quam repellendus dolores deserunt voluptatem\nnon ullam eos accusamus"
  },
  {
    "postId": 26,
    "id": 129,
    "name": "deleniti facere tempore et perspiciatis voluptas quis voluptatem",
    "email": "Fanny@danial.com",
    "body": "fugit minima voluptatem est aut sed explicabo\nharum dolores at qui eaque\nmagni velit ut et\nnam et ut sunt excepturi repellat non commodi"
  },
  {
    "postId": 26,
    "id": 130,
    "name": "quod est non quia doloribus quam deleniti libero",
    "email": "Trevion_Kuphal@bernice.name",
    "body": "dicta sit culpa molestiae quasi at voluptate eos\ndolorem perferendis accusamus rerum expedita ipsum quis qui\nquos est deserunt\nrerum fuga qui aliquam in consequatur aspernatur"
  },
  {
    "postId": 27,
    "id": 131,
    "name": "voluptas quasi sunt laboriosam",
    "email": "Emmet@guy.biz",
    "body": "rem magnam at voluptatem\naspernatur et et nostrum rerum\ndignissimos eum quibusdam\noptio quod dolores et"
  },
  {
    "postId": 27,
    "id": 132,
    "name": "unde tenetur vero eum iusto",
    "email": "Megane.Fritsch@claude.name",
    "body": "ullam harum consequatur est rerum est\nmagni tenetur aperiam et\nrepudiandae et reprehenderit dolorum enim voluptas impedit\neligendi quis necessitatibus in exercitationem voluptatem qui"
  },
  {
    "postId": 27,
    "id": 133,
    "name": "est adipisci laudantium amet rem asperiores",
    "email": "Amya@durward.ca",
    "body": "sunt quis iure molestias qui ipsa commodi dolore a\nodio qui debitis earum\nunde ut omnis\ndoloremque corrupti at repellendus earum eum"
  },
  {
    "postId": 27,
    "id": 134,
    "name": "reiciendis quo est vitae dignissimos libero ut officiis fugiat",
    "email": "Jasen_Rempel@willis.org",
    "body": "corrupti perspiciatis eligendi\net omnis tempora nobis dolores hic\ndolorum vitae odit\nreiciendis sunt odit qui"
  },
  {
    "postId": 27,
    "id": 135,
    "name": "inventore fugiat dignissimos",
    "email": "Harmony@reggie.com",
    "body": "sapiente nostrum dolorem odit a\nsed animi non architecto doloremque unde\nnam aut aut ut facilis\net ut autem fugit minima culpa inventore non"
  },
  {
    "postId": 28,
    "id": 136,
    "name": "et expedita est odit",
    "email": "Rosanna_Kunze@guy.net",
    "body": "cum natus qui dolorem dolorum nihil ut nam tempore\nmodi nesciunt ipsum hic\nrem sunt possimus earum magnam similique aspernatur sed\ntotam sed voluptatem iusto id iste qui"
  },
  {
    "postId": 28,
    "id": 137,
    "name": "saepe dolore qui tempore nihil perspiciatis omnis omnis magni",
    "email": "Ressie.Boehm@flossie.com",
    "body": "reiciendis maiores id\nvoluptas sapiente deserunt itaque\nut omnis sunt\nnecessitatibus quibusdam dolorem voluptatem harum error"
  },
  {
    "postId": 28,
    "id": 138,
    "name": "ea optio nesciunt officia velit enim facilis commodi",
    "email": "Domenic.Wuckert@jazmyne.us",
    "body": "dolorem suscipit adipisci ad cum totam quia fugiat\nvel quia dolores molestiae eos\nomnis officia quidem quaerat alias vel distinctio\nvero provident et corporis a quia ut"
  },
  {
    "postId": 28,
    "id": 139,
    "name": "ut pariatur voluptate possimus quasi",
    "email": "Rhett.OKon@brian.info",
    "body": "facilis cumque nostrum dignissimos\ndoloremque saepe quia adipisci sunt\ndicta dolorum quo esse\nculpa iste ut asperiores cum aperiam"
  },
  {
    "postId": 28,
    "id": 140,
    "name": "consectetur tempore eum consequuntur",
    "email": "Mathias@richmond.info",
    "body": "velit ipsa fugiat sit qui vel nesciunt sapiente\nrepudiandae perferendis nemo eos quos perspiciatis aperiam\ndoloremque incidunt nostrum temporibus corrupti repudiandae vitae non corporis\ncupiditate suscipit quod sed numquam excepturi enim labore"
  },
  {
    "postId": 29,
    "id": 141,
    "name": "dignissimos perspiciatis voluptate quos rem qui temporibus excepturi",
    "email": "Ottis@lourdes.org",
    "body": "et ullam id eligendi rem sit\noccaecati et delectus in nemo\naut veritatis deserunt aspernatur dolor enim voluptas quos consequatur\nmolestiae temporibus error"
  },
  {
    "postId": 29,
    "id": 142,
    "name": "cum dolore sit quisquam provident nostrum vitae",
    "email": "Estel@newton.ca",
    "body": "cumque voluptas quo eligendi sit\nnemo ut ut dolor et cupiditate aut\net voluptatem quia aut maiores quas accusantium expedita quia\nbeatae aut ad quis soluta id dolorum"
  },
  {
    "postId": 29,
    "id": 143,
    "name": "velit molestiae assumenda perferendis voluptas explicabo",
    "email": "Bertha@erik.co.uk",
    "body": "est quasi maiores nisi reiciendis enim\ndolores minus facilis laudantium dignissimos\nreiciendis et facere occaecati dolores et\npossimus et vel et aut ipsa ad"
  },
  {
    "postId": 29,
    "id": 144,
    "name": "earum ipsum ea quas qui molestiae omnis unde",
    "email": "Joesph@matteo.info",
    "body": "voluptatem unde consequatur natus nostrum vel ut\nconsequatur sequi doloremque omnis dolorem maxime\neaque sunt excepturi\nfuga qui illum et accusamus"
  },
  {
    "postId": 29,
    "id": 145,
    "name": "magni iusto sit",
    "email": "Alva@cassandre.net",
    "body": "assumenda nihil et\nsed nulla tempora porro iste possimus aut sit officia\ncumque totam quis tenetur qui sequi\ndelectus aut sunt"
  },
  {
    "postId": 30,
    "id": 146,
    "name": "est qui debitis",
    "email": "Vivienne@willis.org",
    "body": "possimus necessitatibus quis\net dicta omnis voluptatem ea est\nsuscipit eum soluta in quia corrupti hic iusto\nconsequatur est aut qui earum nisi officiis sed culpa"
  },
  {
    "postId": 30,
    "id": 147,
    "name": "reiciendis et consectetur officiis beatae corrupti aperiam",
    "email": "Angelita@aliza.me",
    "body": "nihil aspernatur consequatur voluptatem facere sed fugiat ullam\nbeatae accusamus et fuga maxime vero\nomnis necessitatibus quisquam ipsum consectetur incidunt repellat voluptas\nerror quo et ab magnam quisquam"
  },
  {
    "postId": 30,
    "id": 148,
    "name": "iusto reprehenderit voluptatem modi",
    "email": "Timmothy_Okuneva@alyce.tv",
    "body": "nemo corporis quidem eius aut dolores\nitaque rerum quo occaecati mollitia incidunt\nautem est saepe nulla nobis a id\ndolore facilis placeat molestias in fugiat aliquam excepturi"
  },
  {
    "postId": 30,
    "id": 149,
    "name": "optio dolorem et reiciendis et recusandae quidem",
    "email": "Moriah_Welch@richmond.org",
    "body": "veniam est distinctio\nnihil quia eos sed\ndistinctio hic ut sint ducimus debitis dolorem voluptatum assumenda\neveniet ea perspiciatis"
  },
  {
    "postId": 30,
    "id": 150,
    "name": "id saepe numquam est facilis sint enim voluptas voluptatem",
    "email": "Ramiro_Kuhn@harmon.biz",
    "body": "est non atque eligendi aspernatur quidem earum mollitia\nminima neque nam exercitationem provident eum\nmaxime quo et ut illum sequi aut fuga repudiandae\nsapiente sed ea distinctio molestias illum consequatur libero quidem"
  },
  {
    "postId": 31,
    "id": 151,
    "name": "ut quas facilis laborum voluptatum consequatur odio voluptate et",
    "email": "Cary@taurean.biz",
    "body": "quos eos sint voluptatibus similique iusto perferendis omnis voluptas\nearum nulla cumque\ndolorem consequatur officiis quis consequatur aspernatur nihil ullam et\nenim enim unde nihil labore non ducimus"
  },
  {
    "postId": 31,
    "id": 152,
    "name": "quod doloremque omnis",
    "email": "Tillman_Koelpin@luisa.com",
    "body": "itaque veritatis explicabo\nquis voluptatem mollitia soluta id non\ndoloribus nobis fuga provident\nnesciunt saepe molestiae praesentium laboriosam"
  },
  {
    "postId": 31,
    "id": 153,
    "name": "dolorum et dolorem optio in provident",
    "email": "Aleen@tania.biz",
    "body": "et cumque error pariatur\nquo doloribus corrupti voluptates ad voluptatem consequatur voluptas dolores\npariatur at quas iste repellat et sed quasi\nea maiores rerum aut earum"
  },
  {
    "postId": 31,
    "id": 154,
    "name": "odit illo optio ea modi in",
    "email": "Durward@cindy.com",
    "body": "quod magni consectetur\nquod doloremque velit autem ipsam nisi praesentium ut\nlaboriosam quod deleniti\npariatur aliquam sint excepturi a consectetur quas eos"
  },
  {
    "postId": 31,
    "id": 155,
    "name": "adipisci laboriosam repudiandae omnis veritatis in facere similique rem",
    "email": "Lester@chauncey.ca",
    "body": "animi asperiores modi et tenetur vel magni\nid iusto aliquid ad\nnihil dolorem dolorum aut veritatis voluptates\nomnis cupiditate incidunt"
  },
  {
    "postId": 32,
    "id": 156,
    "name": "pariatur omnis in",
    "email": "Telly_Lynch@karl.co.uk",
    "body": "dolorum voluptas laboriosam quisquam ab\ntotam beatae et aut aliquid optio assumenda\nvoluptas velit itaque quidem voluptatem tempore cupiditate\nin itaque sit molestiae minus dolores magni"
  },
  {
    "postId": 32,
    "id": 157,
    "name": "aut nobis et consequatur",
    "email": "Makenzie@libbie.io",
    "body": "voluptas quia quo ad\nipsum voluptatum provident ut ipsam velit dignissimos aut assumenda\nut officia laudantium\nquibusdam sed minima"
  },
  {
    "postId": 32,
    "id": 158,
    "name": "explicabo est molestiae aut",
    "email": "Amiya@perry.us",
    "body": "et qui ad vero quis\nquisquam omnis fuga et vel nihil minima eligendi nostrum\nsed deserunt rem voluptates autem\nquia blanditiis cum sed"
  },
  {
    "postId": 32,
    "id": 159,
    "name": "voluptas blanditiis deserunt quia quis",
    "email": "Meghan@akeem.tv",
    "body": "deserunt deleniti officiis architecto consequatur molestiae facere dolor\nvoluptatem velit eos fuga dolores\nsit quia est a deleniti hic dolor quisquam repudiandae\nvoluptas numquam voluptatem impedit"
  },
  {
    "postId": 32,
    "id": 160,
    "name": "sint fugit esse",
    "email": "Mitchel.Williamson@fletcher.io",
    "body": "non reprehenderit aut sed quos est ad voluptatum\nest ut est dignissimos ut dolores consequuntur\ndebitis aspernatur consequatur est\nporro nulla laboriosam repellendus et nesciunt est libero placeat"
  },
  {
    "postId": 33,
    "id": 161,
    "name": "nesciunt quidem veritatis alias odit nisi voluptatem non est",
    "email": "Ashlee_Jast@emie.biz",
    "body": "sunt totam blanditiis\neum quos fugit et ab rerum nemo\nut iusto architecto\nut et eligendi iure placeat omnis"
  },
  {
    "postId": 33,
    "id": 162,
    "name": "animi vitae qui aut corrupti neque culpa modi",
    "email": "Antwan@lori.ca",
    "body": "nulla impedit porro in sed\nvoluptatem qui voluptas et enim beatae\nnobis et sit ipsam aut\nvoluptatem voluptatibus blanditiis officia quod eos omnis earum dolorem"
  },
  {
    "postId": 33,
    "id": 163,
    "name": "omnis ducimus ab temporibus nobis porro natus deleniti",
    "email": "Estelle@valentina.info",
    "body": "molestiae dolorem quae rem neque sapiente voluptatum nesciunt cum\nid rerum at blanditiis est accusantium est\neos illo porro ad\nquod repellendus ad et labore fugit dolorum"
  },
  {
    "postId": 33,
    "id": 164,
    "name": "eius corrupti ea",
    "email": "Haylie@gino.name",
    "body": "beatae aut ut autem sit officia rerum nostrum\nprovident ratione sed dicta omnis alias commodi rerum expedita\nnon nobis sapiente consectetur odit unde quia\nvoluptas in nihil consequatur doloremque ullam dolorem cum"
  },
  {
    "postId": 33,
    "id": 165,
    "name": "quia commodi molestiae assumenda provident sit incidunt laudantium",
    "email": "Blake_Spinka@robyn.info",
    "body": "sed praesentium ducimus minima autem corporis debitis\naperiam eum sit pariatur\nimpedit placeat illo odio\nodit accusantium expedita quo rerum magnam"
  },
  {
    "postId": 34,
    "id": 166,
    "name": "sint alias molestiae qui dolor vel",
    "email": "Aimee.Bins@braeden.ca",
    "body": "nam quas eaque unde\ndolor blanditiis cumque eaque omnis qui\nrerum modi sint quae numquam exercitationem\natque aut praesentium ipsa sit neque qui sint aut"
  },
  {
    "postId": 34,
    "id": 167,
    "name": "ea nam iste est repudiandae",
    "email": "Eloy@vladimir.com",
    "body": "molestiae voluptatem qui\nid facere nostrum quasi asperiores rerum\nquisquam est repellendus\ndeleniti eos aut sed nemo non"
  },
  {
    "postId": 34,
    "id": 168,
    "name": "quis harum voluptatem et culpa",
    "email": "Gabrielle@jada.co.uk",
    "body": "cupiditate optio in quidem adipisci sit dolor id\net tenetur quo sit odit\naperiam illum optio magnam qui\nmolestiae eligendi harum optio dolores dolor quaerat nostrum"
  },
  {
    "postId": 34,
    "id": 169,
    "name": "dolor dolore similique tempore ducimus",
    "email": "Lee@dawn.net",
    "body": "unde non aliquid magni accusantium architecto et\nrerum autem eos explicabo et\nodio facilis sed\nrerum ex esse beatae quia"
  },
  {
    "postId": 34,
    "id": 170,
    "name": "cupiditate labore omnis consequatur",
    "email": "Gideon.Hyatt@jalen.tv",
    "body": "amet id deserunt ipsam\ncupiditate distinctio nulla voluptatem\ncum possimus voluptate\nipsum quidem laudantium quos nihil"
  },
  {
    "postId": 35,
    "id": 171,
    "name": "voluptatibus qui est et",
    "email": "Gerda.Reynolds@ceasar.co.uk",
    "body": "sed non beatae placeat qui libero nam eaque qui\nquia ut ad doloremque\nsequi unde quidem adipisci debitis autem velit\narchitecto aperiam eos nihil enim dolores veritatis omnis ex"
  },
  {
    "postId": 35,
    "id": 172,
    "name": "corporis ullam quo",
    "email": "Ivah@brianne.net",
    "body": "nemo ullam omnis sit\nlabore perferendis et eveniet nostrum\ndignissimos expedita iusto\noccaecati quia sit quibusdam"
  },
  {
    "postId": 35,
    "id": 173,
    "name": "nulla accusamus saepe debitis cum",
    "email": "Ethyl_Bogan@candace.co.uk",
    "body": "asperiores hic fugiat aut et temporibus mollitia quo quam\ncumque numquam labore qui illum vel provident quod\npariatur natus incidunt\nsunt error voluptatibus vel voluptas maiores est vero possimus"
  },
  {
    "postId": 35,
    "id": 174,
    "name": "iure praesentium ipsam",
    "email": "Janelle_Guann@americo.info",
    "body": "sit dolores consequatur qui voluptas sunt\nearum at natus alias excepturi dolores\nmaiores pariatur at reiciendis\ndolor esse optio"
  },
  {
    "postId": 35,
    "id": 175,
    "name": "autem totam velit officiis voluptates et ullam rem",
    "email": "Alfonzo.Barton@kelley.co.uk",
    "body": "culpa non ea\nperspiciatis exercitationem sed natus sit\nenim voluptatum ratione omnis consequuntur provident commodi omnis\nquae odio sit at tempora"
  },
  {
    "postId": 36,
    "id": 176,
    "name": "ipsam deleniti incidunt repudiandae voluptatem maxime provident non dolores",
    "email": "Esther@ford.me",
    "body": "quam culpa fugiat\nrerum impedit ratione vel ipsam rem\ncommodi qui rem eum\nitaque officiis omnis ad"
  },
  {
    "postId": 36,
    "id": 177,
    "name": "ab cupiditate blanditiis ea sunt",
    "email": "Naomie_Cronin@rick.co.uk",
    "body": "ut facilis sapiente\nquia repellat autem et aut delectus sint\nautem nulla debitis\nomnis consequuntur neque"
  },
  {
    "postId": 36,
    "id": 178,
    "name": "rerum ex quam enim sunt",
    "email": "Darryl@reginald.us",
    "body": "sit maxime fugit\nsequi culpa optio consequatur voluptatem dolor expedita\nenim iure eum reprehenderit doloremque aspernatur modi\nvoluptatem culpa nostrum quod atque rerum sint laboriosam et"
  },
  {
    "postId": 36,
    "id": 179,
    "name": "et iure ex rerum qui",
    "email": "Thea@aurelio.org",
    "body": "non saepe ipsa velit sunt\ntotam ipsum optio voluptatem\nnesciunt qui iste eum\net deleniti ullam"
  },
  {
    "postId": 36,
    "id": 180,
    "name": "autem tempora a iusto eum aut voluptatum",
    "email": "Carolyn@eloisa.biz",
    "body": "recusandae temporibus nihil non alias consequatur\nlibero voluptatem sed soluta accusamus\na qui reiciendis officiis ad\nquia laborum libero et rerum voluptas sed ut et"
  },
  {
    "postId": 37,
    "id": 181,
    "name": "similique ut et non laboriosam in eligendi et",
    "email": "Milan.Schoen@cortney.io",
    "body": "dolor iure corrupti\net eligendi nesciunt voluptatum autem\nconsequatur in sapiente\ndolor voluptas dolores natus iusto qui et in perferendis"
  },
  {
    "postId": 37,
    "id": 182,
    "name": "soluta corporis excepturi consequatur perspiciatis quia voluptatem",
    "email": "Sabrina@raymond.biz",
    "body": "voluptatum voluptatem nisi consequatur et\nomnis nobis odio neque ab enim veniam\nsit qui aperiam odit voluptatem facere\nnesciunt esse nemo"
  },
  {
    "postId": 37,
    "id": 183,
    "name": "praesentium quod quidem optio omnis qui",
    "email": "Hildegard@alford.ca",
    "body": "tempora soluta voluptas deserunt\nnon fugiat similique\nest natus enim eum error magni soluta\ndolores sit doloremque"
  },
  {
    "postId": 37,
    "id": 184,
    "name": "veritatis velit quasi quo et voluptates dolore",
    "email": "Lowell.Pagac@omari.biz",
    "body": "odio saepe ad error minima itaque\nomnis fuga corrupti qui eaque cupiditate eum\nvitae laborum rerum ut reprehenderit architecto sit debitis magnam\nqui corrupti cum quidem commodi facere corporis"
  },
  {
    "postId": 37,
    "id": 185,
    "name": "natus assumenda ut",
    "email": "Vivianne@ima.us",
    "body": "deleniti non et corrupti delectus ea cupiditate\nat nihil fuga rerum\ntemporibus doloribus unde sed alias\nducimus perspiciatis quia debitis fuga"
  },
  {
    "postId": 38,
    "id": 186,
    "name": "voluptas distinctio qui similique quasi voluptatem non sit",
    "email": "Yasmin.Prohaska@hanna.co.uk",
    "body": "asperiores eaque error sunt ut natus et omnis\nexpedita error iste vitae\nsit alias voluptas voluptatibus quia iusto quia ea\nenim facere est quam ex"
  },
  {
    "postId": 38,
    "id": 187,
    "name": "maiores iste dolor itaque nemo voluptas",
    "email": "Ursula.Kirlin@eino.org",
    "body": "et enim necessitatibus velit autem magni voluptas\nat maxime error sunt nobis sit\ndolor beatae harum rerum\ntenetur facere pariatur et perferendis voluptas maiores nihil eaque"
  },
  {
    "postId": 38,
    "id": 188,
    "name": "quisquam quod quia nihil animi minima facere odit est",
    "email": "Nichole_Bartoletti@mozell.me",
    "body": "quam magni adipisci totam\nut reprehenderit ut tempore non asperiores repellendus architecto aperiam\ndignissimos est aut reiciendis consectetur voluptate nihil culpa at\nmolestiae labore qui ea"
  },
  {
    "postId": 38,
    "id": 189,
    "name": "ut iusto asperiores delectus",
    "email": "Lottie_Wyman@jasen.biz",
    "body": "nostrum excepturi debitis cum\narchitecto iusto laudantium odit aut dolor voluptatem consectetur nulla\nmollitia beatae autem quasi nemo repellendus ut ea et\naut architecto odio cum quod optio"
  },
  {
    "postId": 38,
    "id": 190,
    "name": "dignissimos voluptatibus libero",
    "email": "Dominique_Hermann@paige.ca",
    "body": "laudantium vero similique eum\niure iste culpa praesentium\nmolestias doloremque alias et at doloribus\naperiam natus est illo quo ratione porro excepturi"
  },
  {
    "postId": 39,
    "id": 191,
    "name": "est perferendis eos dolores maxime rerum qui",
    "email": "Eugene@mohammed.net",
    "body": "sit vero aut voluptatem soluta corrupti dolor cum\nnulla ipsa accusamus aut suscipit ut dicta ut nemo\nut et ut sit voluptas modi\nillum suscipit ea debitis aut ullam harum"
  },
  {
    "postId": 39,
    "id": 192,
    "name": "sunt veritatis quisquam est et porro nesciunt excepturi a",
    "email": "Janick@marty.me",
    "body": "dolore velit autem perferendis hic\ntenetur quo rerum\nimpedit error sit eaque ut\nad in expedita et nesciunt sit aspernatur repudiandae"
  },
  {
    "postId": 39,
    "id": 193,
    "name": "quia velit nostrum eligendi voluptates",
    "email": "Alena@deron.name",
    "body": "laudantium consequatur sed adipisci a\nodit quia necessitatibus qui\nnumquam expedita est accusantium nostrum\noccaecati perspiciatis molestiae nostrum atque"
  },
  {
    "postId": 39,
    "id": 194,
    "name": "non ut sunt ut eius autem ipsa eos sapiente",
    "email": "Alphonso_Rosenbaum@valentin.co.uk",
    "body": "aut distinctio iusto autem sit libero deleniti\nest soluta non perferendis illo\neveniet corrupti est sint quae\nsed sunt voluptatem"
  },
  {
    "postId": 39,
    "id": 195,
    "name": "tempore vel accusantium qui quidem esse ut aut",
    "email": "Frank@rosalind.name",
    "body": "culpa voluptas quidem eos quis excepturi\nquasi corporis provident enim\nprovident velit ex occaecati deleniti\nid aspernatur fugiat eligendi"
  },
  {
    "postId": 40,
    "id": 196,
    "name": "totam vel saepe aut qui velit quis",
    "email": "Jenifer_Lowe@reuben.ca",
    "body": "eum laborum quidem omnis facere harum ducimus dolores quaerat\ncorporis quidem aliquid\nquod aut aut at dolorum aspernatur reiciendis\nexercitationem quasi consectetur asperiores vero blanditiis dolor"
  },
  {
    "postId": 40,
    "id": 197,
    "name": "non perspiciatis omnis facere rem",
    "email": "Cecelia_Nitzsche@marty.com",
    "body": "fugit ut laborum provident\nquos provident voluptatibus quam non\nsed accusantium explicabo dolore quia distinctio voluptatibus et\nconsequatur eos qui iure minus eaque praesentium"
  },
  {
    "postId": 40,
    "id": 198,
    "name": "quod vel enim sit quia ipsa quo dolores",
    "email": "Christop_Friesen@jordan.me",
    "body": "est veritatis mollitia atque quas et sint et dolor\net ut beatae aut\nmagni corporis dolores voluptatibus optio molestiae enim minus est\nreiciendis facere voluptate rem officia doloribus ut"
  },
  {
    "postId": 40,
    "id": 199,
    "name": "pariatur aspernatur nam atque quis",
    "email": "Cooper_Boehm@damian.biz",
    "body": "veniam eos ab voluptatem in fugiat ipsam quis\nofficiis non qui\nquia ut id voluptates et a molestiae commodi quam\ndolorem enim soluta impedit autem nulla"
  },
  {
    "postId": 40,
    "id": 200,
    "name": "aperiam et omnis totam",
    "email": "Amir@kaitlyn.org",
    "body": "facere maxime alias aspernatur ab quibusdam necessitatibus\nratione similique error enim\nsed minus et\net provident minima voluptatibus"
  },
  {
    "postId": 41,
    "id": 201,
    "name": "et adipisci aliquam a aperiam ut soluta",
    "email": "Cleve@royal.us",
    "body": "est officiis placeat\nid et iusto ut fugit numquam\neos aut voluptas ad quia tempore qui quibusdam doloremque\nrecusandae tempora qui"
  },
  {
    "postId": 41,
    "id": 202,
    "name": "blanditiis vel fuga odio qui",
    "email": "Donnell@polly.net",
    "body": "sequi expedita quibusdam enim ipsam\nbeatae ad eum placeat\nperspiciatis quis in nulla porro voluptas quia\nesse et quibusdam"
  },
  {
    "postId": 41,
    "id": 203,
    "name": "ab enim adipisci laudantium impedit qui sed",
    "email": "Bonita@karl.biz",
    "body": "eum voluptates id autem sequi qui omnis commodi\nveniam et laudantium aut\net molestias esse asperiores et quaerat\npariatur non officia voluptatibus"
  },
  {
    "postId": 41,
    "id": 204,
    "name": "autem voluptates voluptas nihil",
    "email": "Shea@angelina.biz",
    "body": "voluptatibus pariatur illo\nautem quia aut ullam laudantium quod laborum officia\ndicta sit consequatur quis delectus vel\nomnis laboriosam laborum vero ipsa voluptas"
  },
  {
    "postId": 41,
    "id": 205,
    "name": "et reiciendis ullam quae",
    "email": "Omari@veronica.us",
    "body": "voluptatem accusamus delectus natus quasi aliquid\nporro ab id ea aut consequatur dignissimos quod et\naspernatur sapiente cum corrupti\npariatur veritatis unde"
  },
  {
    "postId": 42,
    "id": 206,
    "name": "deserunt eveniet quam vitae velit",
    "email": "Sophie@antoinette.ca",
    "body": "nam iusto minus expedita numquam\net id quis\nvoluptatibus minima porro facilis dolores beatae aut sit\naut quia suscipit"
  },
  {
    "postId": 42,
    "id": 207,
    "name": "asperiores sed voluptate est",
    "email": "Jessika@crystel.ca",
    "body": "nulla quos harum commodi\naperiam qui et dignissimos\nreiciendis ut quia est corrupti itaque\nlaboriosam debitis suscipit"
  },
  {
    "postId": 42,
    "id": 208,
    "name": "excepturi aut libero incidunt doloremque at",
    "email": "Cesar_Volkman@letitia.biz",
    "body": "enim aut doloremque mollitia provident molestiae omnis esse excepturi\nofficiis tempora sequi molestiae veniam voluptatem\nrecusandae omnis temporibus et deleniti laborum sed ipsa\nmolestiae eum aut"
  },
  {
    "postId": 42,
    "id": 209,
    "name": "repudiandae consectetur dolore",
    "email": "Maureen_Mueller@lance.us",
    "body": "officiis qui eos voluptas laborum error\nsunt repellat quis nisi unde velit\ndelectus eum molestias tempora quia ut aut\nconsequatur cupiditate quis sint in eum voluptates"
  },
  {
    "postId": 42,
    "id": 210,
    "name": "quibusdam provident accusamus id aut totam eligendi",
    "email": "Eriberto@geovany.ca",
    "body": "praesentium odit quos et tempora eum voluptatem non\nnon aut eaque consectetur reprehenderit in qui eos nam\nnemo ea eos\nea nesciunt consequatur et"
  },
  {
    "postId": 43,
    "id": 211,
    "name": "rerum voluptate dolor",
    "email": "Faustino.Keeling@morris.co.uk",
    "body": "odio temporibus est ut a\naut commodi minima tempora eum\net fuga omnis alias deleniti facere totam unde\nimpedit voluptas et possimus consequatur necessitatibus qui velit"
  },
  {
    "postId": 43,
    "id": 212,
    "name": "et maiores sed temporibus cumque voluptatem sunt necessitatibus in",
    "email": "Viola@aric.co.uk",
    "body": "aut vero sint ut et voluptate\nsunt quod velit impedit quia\ncupiditate dicta magni ut\neos blanditiis assumenda pariatur nemo est tempore velit"
  },
  {
    "postId": 43,
    "id": 213,
    "name": "ratione architecto in est voluptatem quibusdam et",
    "email": "Felton_Huel@terrell.biz",
    "body": "at non dolore molestiae\nautem rerum id\ncum facilis sit necessitatibus accusamus quia officiis\nsint ea sit natus rerum est nemo perspiciatis ea"
  },
  {
    "postId": 43,
    "id": 214,
    "name": "dicta deserunt tempore",
    "email": "Ferne_Bogan@angus.info",
    "body": "nam nesciunt earum sequi dolorum\net fuga sint quae architecto\nin et et ipsam veniam ad voluptas rerum animi\nillum temporibus enim rerum est"
  },
  {
    "postId": 43,
    "id": 215,
    "name": "sint culpa cupiditate ut sit quas qui voluptas qui",
    "email": "Amy@reymundo.org",
    "body": "esse ab est deleniti dicta non\ninventore veritatis cupiditate\neligendi sequi excepturi assumenda a harum sint aut eaque\nrerum molestias id excepturi quidem aut"
  },
  {
    "postId": 44,
    "id": 216,
    "name": "voluptatem esse sint alias",
    "email": "Jaylan.Mayert@norbert.biz",
    "body": "minima quaerat voluptatibus iusto earum\nquia nihil et\nminus deleniti aspernatur voluptatibus tempore sit molestias\narchitecto velit id debitis"
  },
  {
    "postId": 44,
    "id": 217,
    "name": "eos velit velit esse autem minima voluptas",
    "email": "Cristina.DAmore@destini.biz",
    "body": "aperiam rerum aut provident cupiditate laboriosam\nenim placeat aut explicabo\nvoluptatum similique rerum eaque eligendi\nnobis occaecati perspiciatis sint ullam"
  },
  {
    "postId": 44,
    "id": 218,
    "name": "voluptatem qui deserunt dolorum in voluptates similique et qui",
    "email": "Ettie_Bashirian@lambert.biz",
    "body": "rem qui est\nfacilis qui voluptatem quis est veniam quam aspernatur dicta\ndolore id sapiente saepe consequatur\nenim qui impedit culpa ex qui voluptas dolor"
  },
  {
    "postId": 44,
    "id": 219,
    "name": "qui unde recusandae omnis ut explicabo neque magni veniam",
    "email": "Lizeth@kellen.org",
    "body": "est et dolores voluptas aut molestiae nam eos saepe\nexpedita eum ea tempore sit iure eveniet\niusto enim quos quo\nrepellendus laudantium eum fugiat aut et"
  },
  {
    "postId": 44,
    "id": 220,
    "name": "vel autem quia in modi velit",
    "email": "Vladimir_Schumm@sharon.tv",
    "body": "illum ea eum quia\ndoloremque modi ducimus voluptatum eaque aperiam accusamus eos quia\nsed rerum aperiam sunt quo\nea veritatis natus eos deserunt voluptas ea voluptate"
  },
  {
    "postId": 45,
    "id": 221,
    "name": "reprehenderit rem voluptatem voluptate recusandae dolore distinctio",
    "email": "Madonna@will.com",
    "body": "rerum possimus asperiores non dolores maiores tenetur ab\nsuscipit laudantium possimus ab iure\ndistinctio assumenda iste adipisci optio est sed eligendi\ntemporibus perferendis tempore soluta"
  },
  {
    "postId": 45,
    "id": 222,
    "name": "rerum aliquam ducimus repudiandae perferendis",
    "email": "Cicero_Goldner@elenor.tv",
    "body": "cum officiis impedit neque a sed dolorum accusamus eaque\nrepellat natus aut commodi sint fugit consequatur corporis\nvoluptatum dolorum sequi perspiciatis ut facilis\ndelectus pariatur consequatur at aut temporibus facere vitae"
  },
  {
    "postId": 45,
    "id": 223,
    "name": "accusantium aliquid consequuntur minus quae quis et autem",
    "email": "Zella@jan.net",
    "body": "maiores perspiciatis quo alias doloremque\nillum iusto possimus impedit\nvelit voluptatem assumenda possimus\nut nesciunt eum et deleniti molestias harum excepturi"
  },
  {
    "postId": 45,
    "id": 224,
    "name": "eum dolorum ratione vitae expedita",
    "email": "Robin_Jacobi@verdie.net",
    "body": "perferendis quae est velit ipsa autem adipisci ex rerum\nvoluptatem occaecati velit perferendis aut tenetur\ndeleniti eaque quasi suscipit\ndolorum nobis vel et aut est eos"
  },
  {
    "postId": 45,
    "id": 225,
    "name": "occaecati et corrupti expedita",
    "email": "Lawson@demarco.co.uk",
    "body": "doloribus illum tempora aliquam qui perspiciatis dolorem ratione velit\nfacere nobis et fugiat modi\nfugiat dolore at\nducimus voluptate porro qui architecto optio unde deleniti"
  },
  {
    "postId": 46,
    "id": 226,
    "name": "assumenda officia quam ex natus minima sint quia",
    "email": "Benton@jayde.tv",
    "body": "provident sed similique\nexplicabo fugiat quasi saepe voluptatem corrupti recusandae\nvoluptas repudiandae illum tenetur mollitia\nsint in enim earum est"
  },
  {
    "postId": 46,
    "id": 227,
    "name": "omnis error aut doloremque ipsum ducimus",
    "email": "Melody@london.name",
    "body": "est quo quod tempora fuga debitis\neum nihil nemo nisi consequatur sequi nesciunt dolorum et\ncumque maxime qui consequatur mollitia dicta iusto aut\nvero recusandae ut dolorem provident voluptatibus suscipit sint"
  },
  {
    "postId": 46,
    "id": 228,
    "name": "eaque expedita temporibus iure velit eligendi labore dignissimos molestiae",
    "email": "Wyman.Swaniawski@marjorie.name",
    "body": "quibusdam dolores eveniet qui minima\nmagni perspiciatis pariatur\nullam dolor sit ex molestiae in nulla unde rerum\nquibusdam deleniti nisi"
  },
  {
    "postId": 46,
    "id": 229,
    "name": "maxime veniam at",
    "email": "Deborah@fletcher.co.uk",
    "body": "unde aliquam ipsam eaque quia laboriosam exercitationem totam illo\nnon et dolore ipsa\nlaborum et sapiente fugit voluptatem\net debitis quia optio et minima et nostrum"
  },
  {
    "postId": 46,
    "id": 230,
    "name": "illo dolor corrupti quia pariatur in",
    "email": "Dario@barton.info",
    "body": "neque ullam eos amet\nratione architecto doloribus qui est nisi\noccaecati unde expedita perspiciatis animi tenetur minus eveniet aspernatur\neius nihil adipisci aut"
  },
  {
    "postId": 47,
    "id": 231,
    "name": "omnis minima dicta aliquam excepturi",
    "email": "Kelton_McKenzie@danial.us",
    "body": "veritatis laudantium laboriosam ut maxime sed voluptate\nconsequatur itaque occaecati voluptatum est\nut itaque aperiam eligendi at vel minus\ndicta tempora nihil pariatur libero est"
  },
  {
    "postId": 47,
    "id": 232,
    "name": "voluptatem excepturi sit et sed qui ipsum quam consequatur",
    "email": "Itzel@fritz.io",
    "body": "ullam modi consequatur officia dolor non explicabo et\neum minus dicta dolores blanditiis dolore\nnobis assumenda harum velit ullam et cupiditate\net commodi dolor harum et sed cum reprehenderit omnis"
  },
  {
    "postId": 47,
    "id": 233,
    "name": "qui dolores maxime autem enim repellendus culpa nostrum consequuntur",
    "email": "Jacquelyn_Kutch@kaya.co.uk",
    "body": "aperiam quo quis\nnobis error et culpa veritatis\nquae sapiente nobis architecto doloribus quia laboriosam\nest consequatur et recusandae est eius"
  },
  {
    "postId": 47,
    "id": 234,
    "name": "natus et necessitatibus animi",
    "email": "Cheyanne.Schowalter@alycia.biz",
    "body": "itaque voluptatem voluptas velit non est rerum incidunt\nvitae aut labore accusantium in atque\nrepudiandae quos necessitatibus\nautem ea excepturi"
  },
  {
    "postId": 47,
    "id": 235,
    "name": "odio sed accusantium iure repudiandae officiis ut autem illo",
    "email": "Macey@abbie.org",
    "body": "ea iusto laboriosam sit\nvoluptatibus magni ratione eum\net minus perferendis\neius rerum suscipit velit culpa ipsa ipsam aperiam est"
  },
  {
    "postId": 48,
    "id": 236,
    "name": "cupiditate rerum voluptate quo facere repudiandae",
    "email": "Freeda.Kirlin@eddie.ca",
    "body": "itaque error cupiditate asperiores ut aspernatur veniam qui\ndoloribus sit aliquid pariatur dicta deleniti qui alias dignissimos\nrecusandae eaque repellendus est et dolorem aut non\nexplicabo voluptas est beatae vel temporibus"
  },
  {
    "postId": 48,
    "id": 237,
    "name": "recusandae deserunt possimus voluptatibus ipsam iste consequatur consequatur",
    "email": "Jennifer.Rowe@zoe.org",
    "body": "aut culpa quis modi\nlibero hic dolore provident officiis placeat minima vero\net iste dolores aut voluptatem saepe unde\nvero temporibus sunt corrupti voluptate"
  },
  {
    "postId": 48,
    "id": 238,
    "name": "voluptatem nam ducimus non molestiae",
    "email": "Providenci.Heller@lenna.info",
    "body": "et nostrum cupiditate nobis facere et est illo\nconsequatur harum voluptatem totam\nmolestiae voluptas consequatur quibusdam aut\nmodi impedit necessitatibus et nisi nesciunt adipisci"
  },
  {
    "postId": 48,
    "id": 239,
    "name": "voluptatum debitis qui aut voluptas eos quibusdam et",
    "email": "Emerald_Murazik@darrell.biz",
    "body": "esse rem ut neque magni voluptatem id qui\naut ut vel autem non qui quam sit\nimpedit quis sit illum laborum\naut at vel eos nihil quo"
  },
  {
    "postId": 48,
    "id": 240,
    "name": "est dolorem est placeat provident non nihil",
    "email": "Joseph@corrine.com",
    "body": "necessitatibus nulla perferendis ad inventore earum delectus\nvitae illo sed perferendis\nofficiis quo eligendi voluptatem animi totam perspiciatis\nrepellat quam eum placeat est tempore facere"
  },
  {
    "postId": 49,
    "id": 241,
    "name": "reprehenderit inventore soluta ut aliquam",
    "email": "Lemuel@willow.name",
    "body": "quisquam asperiores voluptas\nmodi tempore officia quod hic dolor omnis asperiores\narchitecto aut vel odio quisquam sunt\ndeserunt soluta illum"
  },
  {
    "postId": 49,
    "id": 242,
    "name": "quis sit aut vero quo accusamus",
    "email": "Sven@gudrun.info",
    "body": "dolores minus sequi laudantium excepturi deserunt rerum voluptatem\npariatur harum natus sed dolore quis\nconsectetur quod inventore laboriosam et in dolor beatae rerum\nquia rerum qui recusandae quo officiis fugit"
  },
  {
    "postId": 49,
    "id": 243,
    "name": "quaerat natus illum",
    "email": "Jennifer@shania.ca",
    "body": "rem ut cumque tempore sed\naperiam unde tenetur ab maiores officiis alias\naut nemo veniam dolor est eum sunt a\nesse ratione deserunt et"
  },
  {
    "postId": 49,
    "id": 244,
    "name": "labore temporibus ipsa at blanditiis autem",
    "email": "Eldora@madge.com",
    "body": "est et itaque qui laboriosam dolor ut debitis\ncumque et et dolor\neaque enim et architecto\net quia reiciendis quis"
  },
  {
    "postId": 49,
    "id": 245,
    "name": "et rerum fuga blanditiis provident eligendi iste eos",
    "email": "Litzy@kaylie.io",
    "body": "vel nam nemo sed vitae\nrepellat necessitatibus dolores deserunt dolorum\nminima quae velit et nemo\nsit expedita nihil consequatur autem quia maiores"
  },
  {
    "postId": 50,
    "id": 246,
    "name": "magnam earum qui eaque sunt excepturi",
    "email": "Jaycee.Turner@euna.name",
    "body": "quia est sed eos animi optio dolorum\nconsequatur reiciendis exercitationem ipsum nihil omnis\nbeatae sed corporis enim quisquam\net blanditiis qui nihil"
  },
  {
    "postId": 50,
    "id": 247,
    "name": "vel aut blanditiis magni accusamus dolor soluta",
    "email": "Wilbert@cheyenne.ca",
    "body": "explicabo nam nihil atque sint aut\nqui qui rerum excepturi soluta quis et\net mollitia et voluptate minima nihil\nsed quaerat dolor earum tempore et non est voluptatem"
  },
  {
    "postId": 50,
    "id": 248,
    "name": "voluptatum sint dicta voluptas aut ut",
    "email": "Rebecca_Hessel@edna.net",
    "body": "assumenda aut quis repellendus\nnihil impedit cupiditate nemo\nsit sequi laudantium aut voluptas nam dolore magnam\nminima aspernatur vero sapiente"
  },
  {
    "postId": 50,
    "id": 249,
    "name": "quibusdam dignissimos aperiam sint commodi",
    "email": "Christiana@lawrence.info",
    "body": "non repudiandae dicta et commodi\nsint dolores facere eos nesciunt autem quia\nplaceat quaerat non culpa quasi dolores voluptas\ndolorum placeat non atque libero odit autem sunt"
  },
  {
    "postId": 50,
    "id": 250,
    "name": "perferendis magnam natus exercitationem eveniet sunt",
    "email": "Samara@shaun.org",
    "body": "doloremque quae ratione cumque\nexcepturi eligendi delectus maiores necessitatibus veniam\nfugiat exercitationem consectetur vel earum\nquia illo explicabo molestiae enim rem deserunt et omnis"
  },
  {
    "postId": 51,
    "id": 251,
    "name": "veritatis sint eius",
    "email": "Ayden_Hickle@stephany.tv",
    "body": "sit vero at voluptatem corporis adipisci\nerror sit aut nihil rerum doloremque dolorum ipsum\neum ut numquam sapiente ipsam nam blanditiis ut quasi\nfacilis optio rerum qui temporibus esse excepturi eaque"
  },
  {
    "postId": 51,
    "id": 252,
    "name": "qui alias beatae iusto omnis placeat recusandae ut",
    "email": "Carissa.Krajcik@jean.name",
    "body": "exercitationem quisquam sed\neius et cum reiciendis deleniti non\nperspiciatis aut voluptatum deserunt\nsint dignissimos est sed architecto sed"
  },
  {
    "postId": 51,
    "id": 253,
    "name": "voluptate ipsum corporis quis provident voluptatem eos asperiores",
    "email": "Jayde@geovanny.io",
    "body": "debitis dignissimos ut illum\nrerum voluptatem ut qui labore\noptio quaerat iure\niste consequuntur praesentium vero blanditiis quibusdam aut"
  },
  {
    "postId": 51,
    "id": 254,
    "name": "velit inventore et eius saepe",
    "email": "Ardella@khalid.biz",
    "body": "laboriosam voluptas aut quibusdam mollitia sunt non\ndolores illum fugiat ex vero nemo aperiam porro quam\nexpedita est vel voluptatem sit voluptas consequuntur quis eligendi\nomnis id nisi ducimus sapiente odit quam"
  },
  {
    "postId": 51,
    "id": 255,
    "name": "impedit et sapiente et tempore repellendus",
    "email": "Delta_Welch@carleton.tv",
    "body": "nihil esse aut\ndebitis nostrum mollitia similique minus aspernatur possimus\nomnis eaque non eveniet\nrerum qui iure laboriosam"
  },
  {
    "postId": 52,
    "id": 256,
    "name": "tempore distinctio quam",
    "email": "Carlee_Heathcote@harley.tv",
    "body": "nemo deleniti sunt praesentium quis quam repellendus\nconsequatur non est ex fugiat distinctio aliquam explicabo\naspernatur omnis debitis sint consequatur\nquo autem natus veritatis"
  },
  {
    "postId": 52,
    "id": 257,
    "name": "illum non quod vel voluptas quos",
    "email": "Delpha_Cormier@raymond.org",
    "body": "facere at voluptatem\nrepellendus omnis perspiciatis placeat aspernatur nobis blanditiis ut deleniti\nquis non cumque laborum sit id ratione vel sequi\nfacere doloremque beatae aut maxime non"
  },
  {
    "postId": 52,
    "id": 258,
    "name": "omnis quia fugit nisi officiis aspernatur occaecati et",
    "email": "Glenna@caesar.org",
    "body": "aut cum sint qui facere blanditiis magnam consequuntur perspiciatis\nharum impedit reprehenderit iste doloribus quia quo facere\net explicabo aut voluptate modi dolorem\nrem aut nobis ut ad voluptatum ipsum eos maxime"
  },
  {
    "postId": 52,
    "id": 259,
    "name": "animi minima ducimus tempore officiis qui",
    "email": "Hoyt_Dickens@napoleon.ca",
    "body": "itaque occaecati non aspernatur\nvelit repudiandae sit rerum esse quibusdam unde molestias\nexplicabo dolorem vero consequatur quis et libero\nvoluptatem totam vel sapiente autem dolorum consequuntur"
  },
  {
    "postId": 52,
    "id": 260,
    "name": "qui dolore delectus et omnis quia",
    "email": "Wendell.Marvin@maegan.net",
    "body": "aliquid molestias nemo aut est maxime\nlaboriosam et consequatur laudantium\ncommodi et corrupti\nharum quasi minima ratione sint magni sapiente ut"
  },
  {
    "postId": 53,
    "id": 261,
    "name": "aut veritatis quasi voluptatem enim dolor soluta temporibus",
    "email": "Virgie@layne.org",
    "body": "sapiente qui est quod\ndebitis qui est optio consequuntur\nalias hic amet ut non ad qui provident\nquia provident aspernatur corrupti occaecati"
  },
  {
    "postId": 53,
    "id": 262,
    "name": "ipsa aliquid laborum quidem recusandae dolorum quia",
    "email": "Tia@kirsten.info",
    "body": "similique harum iste ipsam non dolores facere esse\net beatae error necessitatibus laboriosam fugiat culpa esse occaecati\nut provident ut et dolorum nam\ndelectus impedit aut blanditiis fugiat est unde"
  },
  {
    "postId": 53,
    "id": 263,
    "name": "vitae voluptatem dolor iure quo non atque",
    "email": "Marco@jennyfer.biz",
    "body": "debitis dolore est\nut eos velit accusamus\nnon nobis ipsa nemo quas facilis quia hic\nofficia quam et possimus voluptas voluptatem quisquam tempore delectus"
  },
  {
    "postId": 53,
    "id": 264,
    "name": "cum ab voluptates aut",
    "email": "Taya@milan.biz",
    "body": "consectetur maiores ab est qui aliquid porro\nipsa labore incidunt\niste deserunt quia aperiam quis sit perferendis\net sint iste"
  },
  {
    "postId": 53,
    "id": 265,
    "name": "omnis incidunt est molestias",
    "email": "Lenora@derrick.biz",
    "body": "et quibusdam saepe labore delectus et earum quis perferendis\nlaborum soluta veritatis\nea veritatis quidem accusantium est aut porro rerum\nquia est consequatur voluptatem numquam laudantium repellendus"
  },
  {
    "postId": 54,
    "id": 266,
    "name": "eum enim provident atque eum",
    "email": "Carolina.Auer@polly.co.uk",
    "body": "non et voluptas\neaque atque esse qui molestias porro quam veniam voluptatibus\nminima ut velit velit ut architecto deleniti\nab sint deserunt possimus quas velit et eum"
  },
  {
    "postId": 54,
    "id": 267,
    "name": "ea commodi provident veritatis voluptatem voluptates aperiam",
    "email": "Jaylan.Braun@lane.us",
    "body": "magnam similique animi eos explicabo natus\nprovident cumque sit maxime velit\nveritatis fuga esse dolor hic nihil nesciunt assumenda\naliquid vero modi alias qui quia doloribus est"
  },
  {
    "postId": 54,
    "id": 268,
    "name": "eum et eos delectus",
    "email": "Javier.Dicki@damien.org",
    "body": "velit earum perspiciatis ea recusandae nihil consectetur ut\nmaxime repellendus doloribus\naperiam ut ex ratione quia esse magni\nducimus rerum vel rerum officiis suscipit nihil qui"
  },
  {
    "postId": 54,
    "id": 269,
    "name": "molestiae vitae pariatur",
    "email": "Khalil_Sawayn@tanya.net",
    "body": "quos sed unde repudiandae aut porro dignissimos qui\noccaecati sed alias enim\nvoluptates nesciunt sit ut adipisci est\nexpedita quae corrupti"
  },
  {
    "postId": 54,
    "id": 270,
    "name": "rerum adipisci et ut sit sit dolores",
    "email": "Tom.Russel@pattie.org",
    "body": "quas placeat repudiandae a delectus facere exercitationem consectetur\nfacilis quas sequi est mollitia\nest vero hic laudantium maiores\nquisquam itaque aut maxime ut cumque quia doloremque voluptatem"
  },
  {
    "postId": 55,
    "id": 271,
    "name": "et et repellat quasi non ea similique",
    "email": "Ethelyn.Moore@gabe.info",
    "body": "quae eaque reprehenderit\nsuscipit facilis ut tenetur blanditiis sint occaecati\naccusantium expedita sed nostrum\nrerum sunt nam qui placeat consequatur et"
  },
  {
    "postId": 55,
    "id": 272,
    "name": "repudiandae ut velit dignissimos enim rem dolores odit",
    "email": "Evangeline_Kuvalis@santina.ca",
    "body": "consequuntur molestiae aut distinctio illo qui est sequi reprehenderit\nhic accusamus et officiis reprehenderit culpa\nest et numquam et\neius ipsa rerum velit"
  },
  {
    "postId": 55,
    "id": 273,
    "name": "et aperiam autem inventore nisi nulla reiciendis velit",
    "email": "Orland@larry.name",
    "body": "asperiores et minus non\ndolor dolorem et sint et ipsam\net enim quia sequi\nsed beatae culpa architecto nisi minima"
  },
  {
    "postId": 55,
    "id": 274,
    "name": "et vero nostrum tempore",
    "email": "Micaela.Powlowski@saul.me",
    "body": "quos illo consectetur dolores\ncupiditate enim rerum dicta sequi totam\naspernatur sed praesentium\nipsum voluptates perspiciatis ipsa accusantium et et"
  },
  {
    "postId": 55,
    "id": 275,
    "name": "error nulla est laudantium similique ad",
    "email": "Imelda_Klein@melany.biz",
    "body": "error et quasi qui facilis enim eum adipisci iste\nad nostrum sint corporis quam velit necessitatibus a\neius doloribus optio ad qui molestiae\nquaerat dignissimos voluptatem culpa aliquam explicabo commodi natus"
  },
  {
    "postId": 56,
    "id": 276,
    "name": "inventore amet ut debitis ipsam reiciendis molestiae autem sed",
    "email": "Matt.Moen@gilda.org",
    "body": "dolores tempora totam quas maxime voluptatem voluptas excepturi\nrecusandae quis odio exercitationem in\nconsectetur sed aut\nexcepturi eligendi sint consectetur repellendus aperiam"
  },
  {
    "postId": 56,
    "id": 277,
    "name": "dolorem aut ipsum alias ex ea quidem nostrum",
    "email": "Rocky_Ullrich@rowena.name",
    "body": "nihil ratione aliquam recusandae ipsa sunt doloribus labore molestiae\nofficia cum aliquid repudiandae et error\ninventore minima optio repellat aut\nea et maxime alias voluptas eius"
  },
  {
    "postId": 56,
    "id": 278,
    "name": "est pariatur similique quod voluptas et consequuntur nam molestiae",
    "email": "Natalia@caitlyn.ca",
    "body": "corporis perferendis dolorum error quo rerum aut odio veritatis\nsit deleniti aut eligendi quam doloremque aut ipsam sint\ndoloribus id voluptatem esse reprehenderit molestiae quia voluptatem\nincidunt illo beatae nihil corporis eligendi iure quo"
  },
  {
    "postId": 56,
    "id": 279,
    "name": "voluptas nihil aut dolor adipisci non",
    "email": "Edythe@general.org",
    "body": "natus atque ipsum voluptatem et\nnecessitatibus atque quia asperiores animi odit ratione quos\nest repellendus sit aut repudiandae animi aut\ncum blanditiis repudiandae saepe laborum"
  },
  {
    "postId": 56,
    "id": 280,
    "name": "culpa minima non consequatur sit autem quas sed ipsam",
    "email": "Aglae@gerardo.name",
    "body": "perferendis fugit expedita cumque\nexercitationem animi fugit aut earum\nnihil quia illum eum dicta ut\nquam commodi optio"
  },
  {
    "postId": 57,
    "id": 281,
    "name": "consequatur voluptates sed voluptatem fuga",
    "email": "Bridie@pearl.ca",
    "body": "eius voluptatem minus\net aliquid perspiciatis sint unde ut\nsimilique odio ullam vitae quisquam hic ex consequatur aliquid\nab nihil explicabo sint maiores aut et dolores nostrum"
  },
  {
    "postId": 57,
    "id": 282,
    "name": "et vitae culpa corrupti",
    "email": "Aglae_Goldner@madisyn.co.uk",
    "body": "ea consequatur placeat\nquo omnis illum voluptatem\nvoluptatem fugit aut dolorum recusandae ut et\ntenetur officia voluptas"
  },
  {
    "postId": 57,
    "id": 283,
    "name": "iste molestiae aut hic perspiciatis sint",
    "email": "Owen_Moore@jeremy.org",
    "body": "perspiciatis omnis eum nihil et porro facilis fuga qui\ndeleniti id et velit adipisci fuga voluptatibus voluptatum\ndebitis tempore dolorem atque consequatur ea perspiciatis sed\nqui temporibus doloremque"
  },
  {
    "postId": 57,
    "id": 284,
    "name": "soluta omnis maiores animi veniam voluptas et totam repellendus",
    "email": "Jarred@dangelo.name",
    "body": "rem ut sed\nnon cumque corrupti vel nam rerum autem\nnobis dolorem necessitatibus fugit corporis\nquos sint distinctio ex et animi tempore"
  },
  {
    "postId": 57,
    "id": 285,
    "name": "non est sunt consequatur reiciendis",
    "email": "Remington_Mohr@vincenza.me",
    "body": "est accusamus facere\nreprehenderit corporis ad et est fugit iure nulla et\ndoloribus reiciendis quasi autem voluptas\nipsam labore et pariatur quia"
  },
  {
    "postId": 58,
    "id": 286,
    "name": "dolore dignissimos distinctio",
    "email": "Marco.Langworth@zoie.org",
    "body": "doloremque accusantium necessitatibus architecto ut provident\nquaerat iusto eius omnis\nfuga laborum harum totam sunt velit\naut neque corporis atque"
  },
  {
    "postId": 58,
    "id": 287,
    "name": "voluptas ad autem maxime iusto eos dolorem ducimus est",
    "email": "Sedrick@mertie.tv",
    "body": "voluptatem perspiciatis voluptatum quaerat\nodit voluptates iure\nquisquam magnam voluptates ut non qui\naliquam aut ut amet sit consequatur ut suscipit"
  },
  {
    "postId": 58,
    "id": 288,
    "name": "numquam eius voluptas quibusdam soluta exercitationem",
    "email": "Caleigh@eleanore.org",
    "body": "est sed illo omnis delectus aut\nlaboriosam possimus incidunt est sunt at\nnemo voluptas ex ipsam\nvoluptatibus inventore velit sit et numquam omnis accusamus in"
  },
  {
    "postId": 58,
    "id": 289,
    "name": "voluptatem aut harum aut corporis dignissimos occaecati sequi quod",
    "email": "Paolo@cristopher.com",
    "body": "occaecati tempora unde\nmaiores aliquid in\nquo libero sint quidem at est facilis ipsa facere\nnostrum atque harum"
  },
  {
    "postId": 58,
    "id": 290,
    "name": "suscipit debitis eveniet nobis atque commodi quisquam",
    "email": "Juana_Stamm@helmer.com",
    "body": "pariatur veniam repellat quisquam tempore autem et voluptatem itaque\nea impedit ex molestiae placeat hic harum mollitia dolorem\ninventore accusantium aut quae quia rerum autem numquam\nnulla culpa quasi dolor"
  },
  {
    "postId": 59,
    "id": 291,
    "name": "occaecati et dolorum",
    "email": "Pascale@fleta.ca",
    "body": "nisi dicta numquam dolor\nrerum sed quaerat et\nsed sequi doloribus libero quos temporibus\nblanditiis optio est tempore qui"
  },
  {
    "postId": 59,
    "id": 292,
    "name": "consequatur et facere similique beatae explicabo eligendi consequuntur",
    "email": "Molly_Kertzmann@tristin.me",
    "body": "eos officiis omnis ab laborum nulla saepe exercitationem recusandae\nvoluptate minima voluptatem sint\nsunt est consequuntur dolor voluptatem odit\nmaxime similique deserunt et quod"
  },
  {
    "postId": 59,
    "id": 293,
    "name": "qui sint hic",
    "email": "Kailee.Larkin@amina.org",
    "body": "fugiat dicta quasi voluptatibus ea aut est aspernatur sed\ncorrupti harum non omnis eos eaque quos ut\nquia et et nisi rerum voluptates possimus quis\nrecusandae aperiam quia esse"
  },
  {
    "postId": 59,
    "id": 294,
    "name": "autem totam necessitatibus sit sunt minima aut quis",
    "email": "Earnest.Sanford@lane.us",
    "body": "ut est veritatis animi quos\nnam sed dolor\nitaque omnis nostrum autem molestiae\naut optio tempora ad sapiente quae voluptatem perferendis repellat"
  },
  {
    "postId": 59,
    "id": 295,
    "name": "ullam dignissimos non aut dolore",
    "email": "Abigail@trudie.com",
    "body": "voluptatem est aspernatur consequatur vel facere\nut omnis tenetur non ea eos\nquibusdam error odio\natque consectetur voluptatem eligendi"
  },
  {
    "postId": 60,
    "id": 296,
    "name": "hic eum sed dolore velit cupiditate quisquam ut inventore",
    "email": "Name.Walter@zoie.me",
    "body": "quasi dolorem veniam dignissimos\natque voluptas iure et quidem fugit velit et\nquod magnam illum quia et ea est modi\naut quis dolores"
  },
  {
    "postId": 60,
    "id": 297,
    "name": "dignissimos dolor facere",
    "email": "Norma@abraham.co.uk",
    "body": "eos exercitationem est ut voluptas accusamus qui\nvelit rerum ut\ndolorem eaque omnis eligendi mollitia\natque ea architecto dolorum delectus accusamus"
  },
  {
    "postId": 60,
    "id": 298,
    "name": "ipsam ut labore voluptatem quis id velit sunt",
    "email": "Norberto_Weimann@ford.tv",
    "body": "molestiae accusantium a tempore occaecati qui sunt optio eos\nexercitationem quas eius voluptatem\nomnis quibusdam autem\nmolestiae odio dolor quam laboriosam mollitia in quibusdam sunt"
  },
  {
    "postId": 60,
    "id": 299,
    "name": "laborum asperiores nesciunt itaque",
    "email": "Nelson@charlene.biz",
    "body": "voluptatem omnis pariatur aut saepe enim qui\naut illo aut sed aperiam expedita debitis\ntempore animi dolorem\nut libero et eos unde ex"
  },
  {
    "postId": 60,
    "id": 300,
    "name": "in dolore iusto ex molestias vero",
    "email": "Letha@liliane.ca",
    "body": "dolorem fugit quidem animi quas quisquam reprehenderit\noccaecati et dolor laborum nemo sed quas unde deleniti\nfacere eligendi placeat aliquid aspernatur commodi sunt impedit\nneque corrupti alias molestiae magni tempora"
  },
  {
    "postId": 61,
    "id": 301,
    "name": "id voluptatibus voluptas occaecati quia sunt eveniet et eius",
    "email": "Tiana@jeramie.tv",
    "body": "dolore maxime saepe dolor asperiores cupiditate nisi nesciunt\nvitae tempora ducimus vel eos perferendis\nfuga sequi numquam blanditiis sit sed inventore et\nut possimus soluta voluptas nihil aliquid sed earum"
  },
  {
    "postId": 61,
    "id": 302,
    "name": "quia voluptatem sunt voluptate ut ipsa",
    "email": "Lindsey@caitlyn.net",
    "body": "fuga aut est delectus earum optio impedit qui excepturi\niusto consequatur deserunt soluta sunt\net autem neque\ndolor ut saepe dolores assumenda ipsa eligendi"
  },
  {
    "postId": 61,
    "id": 303,
    "name": "excepturi itaque laudantium reiciendis dolorem",
    "email": "Gregory.Kutch@shawn.info",
    "body": "sit nesciunt id vitae ut itaque sapiente\nneque in at consequuntur perspiciatis dicta consequatur velit\nfacilis iste ut error sed\nin sequi expedita autem"
  },
  {
    "postId": 61,
    "id": 304,
    "name": "voluptatem quidem animi sit est nemo non omnis molestiae",
    "email": "Murphy.Kris@casimer.me",
    "body": "minus ab quis nihil quia suscipit vel\nperspiciatis sunt unde\naut ullam quo laudantium deleniti modi\nrerum illo error occaecati vel officiis facere"
  },
  {
    "postId": 61,
    "id": 305,
    "name": "non cum consequatur at nihil aut fugiat delectus quia",
    "email": "Isidro_Kiehn@cristina.org",
    "body": "repellendus quae labore sunt ut praesentium fuga reiciendis quis\ncorporis aut quis dolor facere earum\nexercitationem enim sunt nihil asperiores expedita\neius nesciunt a sit sit"
  },
  {
    "postId": 62,
    "id": 306,
    "name": "omnis nisi libero",
    "email": "Kenton_Carter@yolanda.co.uk",
    "body": "ab veritatis aspernatur molestiae explicabo ea saepe molestias sequi\nbeatae aut perferendis quaerat aut omnis illo fugiat\nquisquam hic doloribus maiores itaque\nvoluptas amet dolorem blanditiis"
  },
  {
    "postId": 62,
    "id": 307,
    "name": "id ab commodi est quis culpa",
    "email": "Amos_Rohan@mozelle.tv",
    "body": "sit tenetur aut eum quasi reiciendis dignissimos non nulla\nrepellendus ut quisquam\nnumquam provident et repellendus eum nihil blanditiis\nbeatae iusto sed eius sit sed doloremque exercitationem nihil"
  },
  {
    "postId": 62,
    "id": 308,
    "name": "enim ut optio architecto dolores nemo quos",
    "email": "Timothy_Heathcote@jose.name",
    "body": "officiis ipsa exercitationem impedit dolorem repellat adipisci qui\natque illum sapiente omnis et\nnihil esse et eum facilis aut impedit\nmaxime ullam et dolorem"
  },
  {
    "postId": 62,
    "id": 309,
    "name": "maiores et quisquam",
    "email": "Otilia.Daniel@elvie.io",
    "body": "impedit qui nemo\nreprehenderit sequi praesentium ullam veniam quaerat optio qui error\naperiam qui quisquam dolor est blanditiis molestias rerum et\nquae quam eum odit ab quia est ut"
  },
  {
    "postId": 62,
    "id": 310,
    "name": "sed qui atque",
    "email": "Toni@joesph.biz",
    "body": "quae quis qui ab rerum non hic\nconsequatur earum facilis atque quas dolore fuga ipsam\nnihil velit quis\nrerum sit nam est nulla nihil qui excepturi et"
  },
  {
    "postId": 63,
    "id": 311,
    "name": "veritatis nulla consequatur sed cumque",
    "email": "Brisa@carrie.us",
    "body": "officia provident libero explicabo tempora velit eligendi mollitia similique\nrerum sit aut consequatur ullam tenetur qui est vero\nrerum est et explicabo\nsit sunt ea exercitationem molestiae"
  },
  {
    "postId": 63,
    "id": 312,
    "name": "libero et distinctio repudiandae voluptatem dolores",
    "email": "Jasen.Kihn@devon.biz",
    "body": "ipsa id eum dolorum et officiis\nsaepe eos voluptatem\nnesciunt quos voluptas temporibus dolores ad rerum\nnon voluptatem aut fugit"
  },
  {
    "postId": 63,
    "id": 313,
    "name": "quia enim et",
    "email": "Efren.Konopelski@madisyn.us",
    "body": "corporis quo magnam sunt rerum enim vel\nrepudiandae suscipit corrupti ut ab qui debitis quidem adipisci\ndistinctio voluptatibus vitae molestias incidunt laboriosam quia quidem facilis\nquia architecto libero illum ut dicta"
  },
  {
    "postId": 63,
    "id": 314,
    "name": "enim voluptatem quam",
    "email": "Demetris.Bergnaum@fae.io",
    "body": "sunt cupiditate commodi est pariatur incidunt quis\nsuscipit saepe magnam amet enim\nquod quis neque\net modi rerum asperiores consequatur reprehenderit maiores"
  },
  {
    "postId": 63,
    "id": 315,
    "name": "maxime nulla perspiciatis ad quo quae consequatur quas",
    "email": "Luella.Pollich@gloria.org",
    "body": "repudiandae dolores nam quas\net incidunt odio dicta eum vero dolor quidem\ndolorem quisquam cumque\nmolestiae neque maxime rerum deserunt nam sequi"
  },
  {
    "postId": 64,
    "id": 316,
    "name": "totam est minima modi sapiente nobis impedit",
    "email": "Sister.Morissette@adelia.io",
    "body": "consequatur qui doloribus et rerum\ndebitis cum dolorem voluptate qui fuga\nnecessitatibus quod temporibus non voluptates\naut saepe molestiae"
  },
  {
    "postId": 64,
    "id": 317,
    "name": "iusto pariatur ea",
    "email": "Shyanne@rick.info",
    "body": "quam iste aut molestiae nesciunt modi\natque quo laudantium vel tempora quam tenetur neque aut\net ipsum eum nostrum enim laboriosam officia eligendi\nlaboriosam libero ullam sit nulla voluptate in"
  },
  {
    "postId": 64,
    "id": 318,
    "name": "vitae porro aut ex est cumque",
    "email": "Freeman.Dare@ada.name",
    "body": "distinctio placeat nisi repellat animi\nsed praesentium voluptatem\nplaceat eos blanditiis deleniti natus eveniet dolorum quia tempore\npariatur illum dolor aspernatur ratione tenetur autem ipsum fugit"
  },
  {
    "postId": 64,
    "id": 319,
    "name": "et eos praesentium porro voluptatibus quas quidem explicabo est",
    "email": "Donnell@orland.org",
    "body": "occaecati quia ipsa id fugit sunt velit iure adipisci\nullam inventore quidem dolorem adipisci optio quia et\nquis explicabo omnis ipsa quo ut voluptatem aliquam inventore\nminima aut tempore excepturi similique"
  },
  {
    "postId": 64,
    "id": 320,
    "name": "fugiat eos commodi consequatur vel qui quasi",
    "email": "Robin@gaylord.biz",
    "body": "nihil consequatur dolorem voluptatem non molestiae\nodit eum animi\nipsum omnis ut quasi\nvoluptas sed et et qui est aut"
  },
  {
    "postId": 65,
    "id": 321,
    "name": "rem ducimus ipsam ut est vero distinctio et",
    "email": "Danyka_Stark@jedidiah.name",
    "body": "ea necessitatibus eum nesciunt corporis\nminus in quisquam iste recusandae\nqui nobis deleniti asperiores non laboriosam sunt molestiae dolore\ndistinctio qui officiis tempora dolorem ea"
  },
  {
    "postId": 65,
    "id": 322,
    "name": "ipsam et commodi",
    "email": "Margarita@casper.io",
    "body": "id molestiae doloribus\nomnis atque eius sunt aperiam\ntenetur quia natus nihil sunt veritatis recusandae quia\ncorporis quam omnis veniam voluptas amet quidem illo deleniti"
  },
  {
    "postId": 65,
    "id": 323,
    "name": "et aut non illo cumque pariatur laboriosam",
    "email": "Carlo@cortney.net",
    "body": "explicabo dicta quas cum quis rerum dignissimos et\nmagnam sit mollitia est dolor voluptas sed\nipsum et tenetur recusandae\nquod facilis nulla amet deserunt"
  },
  {
    "postId": 65,
    "id": 324,
    "name": "ut ut architecto vero est ipsam",
    "email": "Mina@nikita.tv",
    "body": "ipsam eum ea distinctio\nducimus saepe eos quaerat molestiae\ncorporis aut officia qui ut perferendis\nitaque possimus incidunt aut quis"
  },
  {
    "postId": 65,
    "id": 325,
    "name": "odit sit numquam rerum porro dolorem",
    "email": "Violette@naomi.tv",
    "body": "qui vero recusandae\nporro esse sint doloribus impedit voluptatem commodi\nasperiores laudantium ut dolores\npraesentium distinctio magnam voluptatum aut"
  },
  {
    "postId": 66,
    "id": 326,
    "name": "voluptatem laborum incidunt accusamus",
    "email": "Lauren.Hodkiewicz@jarret.info",
    "body": "perspiciatis vero nulla aut consequatur fuga earum aut\nnemo suscipit totam vitae qui at omnis aut\nincidunt optio dolorem voluptatem vel\nassumenda vero id explicabo deleniti sit corrupti sit"
  },
  {
    "postId": 66,
    "id": 327,
    "name": "quisquam necessitatibus commodi iure eum",
    "email": "Ernestina@piper.biz",
    "body": "consequatur ut aut placeat harum\nquia perspiciatis unde doloribus quae non\nut modi ad unde ducimus omnis nobis voluptatem atque\nmagnam reiciendis dolorem et qui explicabo"
  },
  {
    "postId": 66,
    "id": 328,
    "name": "temporibus ut vero quas",
    "email": "Hettie_Morar@wiley.info",
    "body": "molestiae minima aut rerum nesciunt\nvitae iusto consequatur architecto assumenda dolorum\nnon doloremque tempora possimus qui mollitia omnis\nvitae odit sed"
  },
  {
    "postId": 66,
    "id": 329,
    "name": "quasi beatae sapiente voluptates quo temporibus",
    "email": "Corbin.Hilll@modesto.biz",
    "body": "nulla corrupti delectus est cupiditate explicabo facere\nsapiente quo id quis illo culpa\nut aut sit error magni atque asperiores soluta\naut cumque voluptatem occaecati omnis aliquid"
  },
  {
    "postId": 66,
    "id": 330,
    "name": "illo ab quae deleniti",
    "email": "Kenyatta@renee.io",
    "body": "dolores tenetur rerum et aliquam\nculpa officiis ea rem neque modi quaerat deserunt\nmolestias minus nesciunt iusto impedit enim laborum perferendis\nvelit minima itaque voluptatem fugiat"
  },
  {
    "postId": 67,
    "id": 331,
    "name": "nemo cum est officia maiores sint sunt a",
    "email": "Don@cameron.co.uk",
    "body": "maxime incidunt velit quam vel fugit nostrum veritatis\net ipsam nisi voluptatem voluptas cumque tempora velit et\net quisquam error\nmaiores fugit qui dolor sit doloribus"
  },
  {
    "postId": 67,
    "id": 332,
    "name": "dicta vero voluptas hic dolorem",
    "email": "Jovan@aaliyah.tv",
    "body": "voluptas iste deleniti\nest itaque vel ea incidunt quia voluptates sapiente repellat\naut consectetur vel neque tempora esse similique sed\na qui nobis voluptate hic eligendi doloribus molestiae et"
  },
  {
    "postId": 67,
    "id": 333,
    "name": "soluta dicta pariatur reiciendis",
    "email": "Jeanie.McGlynn@enoch.ca",
    "body": "et dolor error doloremque\nodio quo sunt quod\nest ipsam assumenda in veniam illum rerum deleniti expedita\nvoluptate hic nostrum sed dolor et qui"
  },
  {
    "postId": 67,
    "id": 334,
    "name": "et adipisci laboriosam est modi",
    "email": "Garett_Gusikowski@abigale.me",
    "body": "et voluptatibus est et aperiam quaerat voluptate eius quo\nnihil voluptas doloribus et ea tempore\nlabore non dolorem\noptio consequatur est id quia magni voluptas enim"
  },
  {
    "postId": 67,
    "id": 335,
    "name": "voluptatem accusantium beatae veniam voluptatem quo culpa deleniti",
    "email": "Doug@alana.co.uk",
    "body": "hic et et aspernatur voluptates voluptas ut ut id\nexcepturi eligendi aspernatur nulla dicta ab\nsuscipit quis distinctio nihil\ntemporibus unde quasi expedita et inventore consequatur rerum ab"
  },
  {
    "postId": 68,
    "id": 336,
    "name": "eveniet eligendi nisi sunt a error blanditiis et ea",
    "email": "Yoshiko@viviane.name",
    "body": "similique autem voluptatem ab et et\nodio animi repellendus libero voluptas voluptas quia\nlibero facere saepe nobis\nconsequatur et qui non hic ea maxime nihil"
  },
  {
    "postId": 68,
    "id": 337,
    "name": "beatae esse tenetur aut est",
    "email": "Micaela_Bins@mertie.us",
    "body": "est ut aut ut omnis distinctio\nillum quisquam pariatur qui aspernatur vitae\ndolor explicabo architecto veritatis ipsa et aut est molestiae\nducimus et sapiente error sed omnis"
  },
  {
    "postId": 68,
    "id": 338,
    "name": "qui sit quo est ipsam minima neque nobis",
    "email": "Loy@gillian.me",
    "body": "maiores totam quo atque\nexplicabo perferendis iste facilis odio ab eius consequatur\nsit praesentium ea vitae optio minus\nvoluptate necessitatibus omnis itaque omnis qui"
  },
  {
    "postId": 68,
    "id": 339,
    "name": "accusantium et sit nihil quibusdam voluptatum provident est qui",
    "email": "Tyrel@hunter.net",
    "body": "dicta dolorem veniam ipsa harum minus sequi\nomnis quia voluptatem autem\nest optio doloribus repellendus id commodi quas exercitationem eum\net eum dignissimos accusamus est eaque doloremque"
  },
  {
    "postId": 68,
    "id": 340,
    "name": "rerum et quae tenetur soluta voluptatem tempore laborum enim",
    "email": "Otilia.Schuppe@randal.com",
    "body": "est aut consequatur error illo ut\nenim nihil fuga\nsuscipit inventore officiis iure earum pariatur temporibus in\naperiam qui quod vel necessitatibus velit eos exercitationem culpa"
  },
  {
    "postId": 69,
    "id": 341,
    "name": "sunt ut voluptatem cupiditate maxime dolores eligendi",
    "email": "April@larissa.co.uk",
    "body": "iure ea ea neque est\nesse ab sed hic et ullam sed sequi a\nnon hic tenetur sunt enim ea\nlaudantium ea natus"
  },
  {
    "postId": 69,
    "id": 342,
    "name": "corporis at consequuntur consequatur",
    "email": "Glenna_Waters@retha.me",
    "body": "quis beatae qui\nsequi dicta quas et dolor\nnon enim aspernatur excepturi aut rerum asperiores\naliquid animi nulla ea tempore esse"
  },
  {
    "postId": 69,
    "id": 343,
    "name": "repellat sed consequatur suscipit aliquam",
    "email": "Cordelia.Oberbrunner@peyton.com",
    "body": "ea alias eos et corrupti\nvoluptatem ab incidunt\nvoluptatibus voluptas ea nesciunt\ntotam corporis dolor recusandae voluptas harum"
  },
  {
    "postId": 69,
    "id": 344,
    "name": "blanditiis rerum voluptatem quaerat modi saepe ratione assumenda qui",
    "email": "Zander@santino.net",
    "body": "iusto nihil quae rerum laborum recusandae voluptatem et necessitatibus\nut deserunt cumque qui qui\nnon et et eos adipisci cupiditate dolor sed voluptates\nmaiores commodi eveniet consequuntur"
  },
  {
    "postId": 69,
    "id": 345,
    "name": "ut deleniti autem ullam quod provident ducimus enim explicabo",
    "email": "Camila_Runolfsdottir@tressa.tv",
    "body": "omnis et fugit eos sint saepe ipsam unde est\ndolores sit sit assumenda laboriosam\ndolor deleniti voluptatem id nesciunt et\nplaceat dolorem cumque laboriosam sunt non"
  },
  {
    "postId": 70,
    "id": 346,
    "name": "beatae in fuga assumenda dolorem accusantium blanditiis mollitia",
    "email": "Kirstin@tina.info",
    "body": "quas non magnam\nquia veritatis assumenda reiciendis\nsimilique dolores est ab\npraesentium fuga ut"
  },
  {
    "postId": 70,
    "id": 347,
    "name": "tenetur id delectus recusandae voluptates quo aut",
    "email": "Anthony.Koepp@savannah.tv",
    "body": "consectetur illo corporis sit labore optio quod\nqui occaecati aut sequi quia\nofficiis quia aut odio quo ad\nrerum tenetur aut quasi veniam"
  },
  {
    "postId": 70,
    "id": 348,
    "name": "molestias natus autem quae sint qui",
    "email": "Bradley.Lang@marilyne.tv",
    "body": "perferendis dignissimos soluta ut provident sit et\ndelectus ratione ad sapiente qui excepturi error qui quo\nquo illo commodi\nrerum maxime voluptas voluptatem"
  },
  {
    "postId": 70,
    "id": 349,
    "name": "odio maiores a porro dolorum ut pariatur inventore",
    "email": "Loren@aric.biz",
    "body": "dicta impedit non\net laborum laudantium qui eaque et beatae suscipit\nsequi magnam rem dolorem non quia vel adipisci\ncorrupti officiis laudantium impedit"
  },
  {
    "postId": 70,
    "id": 350,
    "name": "eius quia pariatur",
    "email": "Arjun@natalie.ca",
    "body": "eaque rerum tempore distinctio\nconsequatur fugiat veniam et incidunt ut ut et\nconsequatur blanditiis magnam\ndoloremque voluptate ut architecto facere in dolorem et aut"
  },
  {
    "postId": 71,
    "id": 351,
    "name": "quia ex perspiciatis sunt voluptatem quidem",
    "email": "Solon.Goldner@judah.org",
    "body": "quo nisi impedit velit repellendus esse itaque ut saepe\nvoluptatibus occaecati ab eaque dolores\nmaxime alias velit ducimus placeat sit laudantium quia\ncorrupti doloremque ut"
  },
  {
    "postId": 71,
    "id": 352,
    "name": "sit ipsam voluptatem velit",
    "email": "Nina@osbaldo.name",
    "body": "dolorem eius voluptatem vitae aliquid unde labore est\nmolestiae labore dolorem beatae voluptatem soluta eum eos dolore\net ea quasi aut doloribus sint\nvel suscipit tempora delectus soluta"
  },
  {
    "postId": 71,
    "id": 353,
    "name": "consequatur reprehenderit similique vitae dolor debitis",
    "email": "Madaline@marlin.org",
    "body": "nemo aut laborum expedita nisi sed illum\nab asperiores provident\na sunt recusandae ut rerum itaque est voluptatibus nihil\nesse ipsum et repellendus nobis rerum voluptas et"
  },
  {
    "postId": 71,
    "id": 354,
    "name": "eligendi tempora eum deserunt",
    "email": "Mike.Kozey@gladyce.us",
    "body": "delectus est consequatur\nat excepturi asperiores dolor nesciunt ad\nid non aut ad ut\nnon et voluptatem"
  },
  {
    "postId": 71,
    "id": 355,
    "name": "reiciendis ad ea",
    "email": "Orval.Treutel@arnold.me",
    "body": "vel cumque labore vitae quisquam magnam sequi ut\nmolestiae dolores vel minus aut\nquas repellat nostrum fugit molestiae veritatis sequi\nvel quidem in molestiae id doloribus sed"
  },
  {
    "postId": 72,
    "id": 356,
    "name": "qui vel id qui est",
    "email": "Trent@samir.net",
    "body": "fugiat dolore voluptas tempore\naspernatur quibusdam rem iste sit fugiat nesciunt consequatur\ndolor sed odit similique minima corporis quae in adipisci\nimpedit dolores et cupiditate accusantium perferendis dignissimos error"
  },
  {
    "postId": 72,
    "id": 357,
    "name": "consectetur totam fugit et occaecati minima aliquid hic adipisci",
    "email": "Ashleigh@annette.ca",
    "body": "et eos est quis quia molestiae est\nquasi est quos omnis\naut et sit consectetur ex molestiae\nest sed accusamus asperiores"
  },
  {
    "postId": 72,
    "id": 358,
    "name": "accusantium natus ex et consequuntur neque",
    "email": "Douglas@anabel.org",
    "body": "unde ad id nemo ipsam dolorem autem quaerat\nperspiciatis voluptas corrupti laborum rerum est architecto\neius quos aut et voluptate voluptatem atque necessitatibus\nvoluptate fugiat aut iusto et atque"
  },
  {
    "postId": 72,
    "id": 359,
    "name": "esse quia quidem quisquam consequatur nisi deleniti",
    "email": "Lowell@mossie.com",
    "body": "et explicabo voluptatem ut est nihil culpa et\nveritatis repellendus ipsum velit qui eligendi maxime voluptatem est\ndicta rerum et et nemo quia\neveniet aspernatur nostrum molestiae mollitia ut dolores rem fugiat"
  },
  {
    "postId": 72,
    "id": 360,
    "name": "rerum tempore facilis ut quod sit",
    "email": "Jacquelyn@kristian.net",
    "body": "sit et aut recusandae\ncorrupti nisi vero eius nulla voluptates\nvoluptatem placeat est commodi impedit odio omnis\nsimilique debitis et in molestiae omnis sed non magni"
  },
  {
    "postId": 73,
    "id": 361,
    "name": "voluptates qui et corporis",
    "email": "Antwon@domenico.me",
    "body": "cum ad porro fuga sequi dolores\nipsa error magni itaque labore accusamus\ncorporis odit consequatur quis debitis\ncum et voluptas facilis incidunt ut itaque dolores error"
  },
  {
    "postId": 73,
    "id": 362,
    "name": "quia qui quia qui",
    "email": "Kenyon@retha.me",
    "body": "excepturi omnis occaecati officiis enim saepe id\nnon quo et dignissimos voluptates ipsum\nmolestias facere dolorem qui iure similique corrupti\nneque ducimus sit alias dolor earum autem doloribus consequatur"
  },
  {
    "postId": 73,
    "id": 363,
    "name": "nihil consequatur quibusdam",
    "email": "Ben@elouise.net",
    "body": "est magni totam est\net enim nam voluptas veritatis est\nsint doloremque incidunt et cum a\net eligendi nobis ratione delectus"
  },
  {
    "postId": 73,
    "id": 364,
    "name": "vel architecto assumenda et maiores",
    "email": "Madisen.Hauck@barney.co.uk",
    "body": "architecto quo enim ad et reprehenderit\nlaboriosam quia commodi officia iusto\ndolorem totam consequuntur cupiditate\nveritatis voluptates aspernatur earum saepe et sed consequatur"
  },
  {
    "postId": 73,
    "id": 365,
    "name": "aliquam officiis omnis",
    "email": "Dock.Parker@roy.biz",
    "body": "modi sed aut quidem quisquam optio est\naut facilis sit quia quis facere quod\nfugiat recusandae ex et quisquam ipsum sed sit\nexercitationem quia recusandae dolorem quasi iusto ipsa qui et"
  },
  {
    "postId": 74,
    "id": 366,
    "name": "aperiam ut deserunt minus quo dicta nisi",
    "email": "Pablo.Ritchie@tyrique.co.uk",
    "body": "explicabo perspiciatis quae sit qui nulla incidunt facilis\nrepudiandae perspiciatis voluptate expedita sunt consectetur quasi\nid occaecati nesciunt dolorem aliquid perspiciatis repellat inventore esse\nut possimus exercitationem facere modi"
  },
  {
    "postId": 74,
    "id": 367,
    "name": "praesentium eos quam eius optio eveniet",
    "email": "Sebastian_Gaylord@freda.org",
    "body": "nostrum modi et et dolores maxime facere\nalias doloribus eaque expedita et similique voluptatum magnam est\nomnis eos voluptatem\net unde fugit voluptatem asperiores"
  },
  {
    "postId": 74,
    "id": 368,
    "name": "fugiat aliquid sint",
    "email": "Lazaro@nadia.ca",
    "body": "est dolor eveniet\nest minus eveniet recusandae\niure quo aut eos ut sed ipsa\nharum earum aut nesciunt non dolores"
  },
  {
    "postId": 74,
    "id": 369,
    "name": "qui incidunt vel iusto eligendi amet quia qui",
    "email": "Jessy.Boyle@vernice.biz",
    "body": "qui fugit accusamus\net quo minus cumque hic adipisci\nodio blanditiis omnis et est\narchitecto et facilis inventore quasi provident quaerat ex rem"
  },
  {
    "postId": 74,
    "id": 370,
    "name": "libero vero voluptatum sed facilis quos aut reprehenderit ad",
    "email": "Mitchel@hal.co.uk",
    "body": "beatae hic est et deserunt eius\ncorrupti quam ut commodi sit modi est corporis animi\nharum ut est\naperiam non fugit excepturi quo tenetur totam"
  },
  {
    "postId": 75,
    "id": 371,
    "name": "ut quia sequi sed eius voluptas",
    "email": "Lindsay@kiley.name",
    "body": "est dicta totam architecto et minus id aut non\nut et fugit eaque culpa modi repellendus\naliquid qui veritatis doloribus aut consequatur voluptas sequi accusantium\nvoluptas occaecati saepe reprehenderit ut"
  },
  {
    "postId": 75,
    "id": 372,
    "name": "qui cumque eos consequatur fuga ut",
    "email": "Erika.Murazik@jorge.me",
    "body": "aut illum est asperiores\nrerum laboriosam quis sit dolores magni minima fuga atque\nomnis at et quibusdam earum rem\nearum distinctio autem et enim dolore eos"
  },
  {
    "postId": 75,
    "id": 373,
    "name": "nemo voluptatum quo qui atque",
    "email": "Olin@edmund.ca",
    "body": "iure aliquid qui sit\nexcepturi dolorem rerum possimus suscipit atque nisi\nlabore ut aut nihil voluptatum ut aliquid praesentium\nassumenda tempore dolor velit ratione et corrupti"
  },
  {
    "postId": 75,
    "id": 374,
    "name": "quam exercitationem alias totam",
    "email": "Lacey@novella.biz",
    "body": "eligendi et consequuntur dolor nihil quaerat doloremque ut\ndignissimos sunt veniam non ratione esse\ndebitis omnis similique maxime dolores tempora laborum rerum adipisci\nreiciendis explicabo error quidem quo necessitatibus voluptatibus vitae ipsum"
  },
  {
    "postId": 75,
    "id": 375,
    "name": "similique doloribus odit quas magnam omnis dolorem dolore et",
    "email": "Sister@miller.net",
    "body": "non ea sed reprehenderit reiciendis eaque et neque adipisci\nipsa architecto deserunt ratione nesciunt tempore similique occaecati non\nhic vitae sit neque\nrerum quod dolorem ratione esse aperiam necessitatibus"
  },
  {
    "postId": 76,
    "id": 376,
    "name": "dolorem qui architecto provident",
    "email": "Raphaelle@miller.com",
    "body": "sint qui aut aspernatur necessitatibus\nlaboriosam autem occaecati nostrum non\nofficiis consequuntur odit\net itaque quam placeat aut molestiae saepe veniam provident"
  },
  {
    "postId": 76,
    "id": 377,
    "name": "nemo hic sapiente placeat quidem omnis",
    "email": "Jaren.Schiller@augusta.org",
    "body": "sint fugit et\nid et saepe non molestiae sit earum doloremque\ndolorem nemo earum dignissimos ipsa soluta deleniti quos\nquis numquam ducimus sed corporis dolores sed quisquam suscipit"
  },
  {
    "postId": 76,
    "id": 378,
    "name": "vitae aut perspiciatis quia enim voluptas",
    "email": "Nikko_Reynolds@harry.me",
    "body": "est molestiae non fugiat voluptatem quo porro\naut praesentium ipsam aspernatur perferendis fuga\nofficia sit ut\naspernatur rerum est"
  },
  {
    "postId": 76,
    "id": 379,
    "name": "est qui quos exercitationem",
    "email": "Afton.Medhurst@mina.info",
    "body": "laboriosam quia animi ut\nquasi aut enim sequi numquam similique fugiat voluptatum non\nsed velit quod nisi id quidem\nmagni in eveniet hic"
  },
  {
    "postId": 76,
    "id": 380,
    "name": "similique fugiat tenetur ea incidunt numquam",
    "email": "Wilson.Nikolaus@fredrick.org",
    "body": "voluptatum quis ipsa voluptatem saepe est\nillum error repellat eaque dolor quae qui\neum rerum sunt quam illo\nvoluptates fuga possimus nemo nihil distinctio"
  },
  {
    "postId": 77,
    "id": 381,
    "name": "sint porro optio voluptatem",
    "email": "Tomasa@lee.us",
    "body": "consequatur possimus sit itaque distinctio fugit aut quod\nexplicabo exercitationem voluptas labore rerum\nporro ut in voluptas maiores tempora accusantium\nvoluptatum et sapiente sit quas quis et veniam"
  },
  {
    "postId": 77,
    "id": 382,
    "name": "eius itaque ut ipsa quia quis labore",
    "email": "Ally_Kassulke@rashad.ca",
    "body": "eaque eius delectus molestias suscipit nulla quisquam\ntotam vel quos et autem sed\neligendi et pariatur earum molestias magnam autem\nplaceat culpa est et qui commodi illo et"
  },
  {
    "postId": 77,
    "id": 383,
    "name": "provident voluptas perferendis quibusdam libero",
    "email": "Reagan_Ziemann@ross.io",
    "body": "qui quaerat id repellendus aut qui\nmaiores quidem consequatur dignissimos deleniti deserunt eveniet libero a\nrepellat ducimus quia aut dignissimos numquam molestiae\nconsequatur sit impedit nostrum et sunt iure"
  },
  {
    "postId": 77,
    "id": 384,
    "name": "et et voluptas et eligendi distinctio accusantium temporibus enim",
    "email": "Angelita@sally.org",
    "body": "blanditiis dolor sint nulla cum quidem aliquid voluptatem\nperferendis dolor consequatur voluptas et ut quisquam tempora tenetur\nmaxime minus animi qui id\neum accusantium et optio et blanditiis maxime"
  },
  {
    "postId": 77,
    "id": 385,
    "name": "qui voluptates molestias necessitatibus eos odio quo minima",
    "email": "Lonzo@lorena.org",
    "body": "sit fugiat est autem quia ipsam error ab\nvoluptatem sed ab labore molestiae qui debitis exercitationem\nnon et sunt officia illo possimus iste tenetur est\ndolores voluptas ad aspernatur nihil"
  },
  {
    "postId": 78,
    "id": 386,
    "name": "temporibus minus debitis deleniti repellat unde eveniet",
    "email": "Alexandre@derrick.co.uk",
    "body": "et dicta dolores sit\nrepudiandae id harum temporibus\nvoluptas quia blanditiis numquam a enim quae\nquisquam assumenda nam doloribus vel temporibus distinctio eveniet dolores"
  },
  {
    "postId": 78,
    "id": 387,
    "name": "magnam nihil delectus dolor natus ab ea et",
    "email": "Judd@lucinda.ca",
    "body": "qui recusandae veniam sed voluptatem ullam facilis consequatur\nnumquam ut quod aut et\nnon alias ex quam aut quasi ipsum praesentium\nut aspernatur sit"
  },
  {
    "postId": 78,
    "id": 388,
    "name": "laudantium quibusdam blanditiis pariatur non vero deleniti a perferendis",
    "email": "Eleanora@karson.net",
    "body": "facilis et totam\nvoluptatibus est optio cum\nfacilis qui aut blanditiis rerum voluptatem accusamus\net omnis quasi sint"
  },
  {
    "postId": 78,
    "id": 389,
    "name": "excepturi nam cum molestiae et totam voluptatem nisi",
    "email": "Enrico_Feil@liana.biz",
    "body": "dolore nihil perferendis\ndolor hic repudiandae iste\ndoloribus labore quaerat et molestiae dolores sit excepturi sint\net eum et aut"
  },
  {
    "postId": 78,
    "id": 390,
    "name": "temporibus aut et",
    "email": "Beverly@perry.org",
    "body": "dolor ratione ab repellendus aut quia reiciendis sed\nest alias ex\nodio voluptatem velit odit tempora nihil optio aperiam blanditiis\nlabore porro id velit dolor veritatis"
  },
  {
    "postId": 79,
    "id": 391,
    "name": "sed ratione nesciunt odit expedita",
    "email": "Corene_Mante@rory.com",
    "body": "aut repellat tenetur delectus eaque est nihil consequatur quae\ndeleniti assumenda voluptates sit sit cupiditate maiores\nautem suscipit sint tenetur dolor tempore\ndolorem dolorum alias adipisci"
  },
  {
    "postId": 79,
    "id": 392,
    "name": "rerum officiis qui quaerat omnis dolorem iure est repudiandae",
    "email": "Emily_Flatley@ephraim.name",
    "body": "aut aut ea ut repudiandae ea assumenda laboriosam\nsunt qui laboriosam dicta omnis sit corporis\nvoluptas eos amet quam quisquam officiis facilis laborum\nvoluptatibus accusantium ab aliquid sed id doloremque"
  },
  {
    "postId": 79,
    "id": 393,
    "name": "illo quis nostrum accusantium architecto et aliquam ratione",
    "email": "Donna@frederik.com",
    "body": "et quia explicabo\nut hic commodi quas provident aliquam nihil\nvitae in voluptatem commodi\nvero velit optio omnis accusamus corrupti voluptatem"
  },
  {
    "postId": 79,
    "id": 394,
    "name": "reprehenderit eos voluptatem ut",
    "email": "Kyleigh@ruben.org",
    "body": "voluptatem quisquam pariatur voluptatum qui quaerat\net minus ea aliquam ullam dolorem consequatur\nratione at ad nemo aperiam excepturi deleniti\nqui numquam quis hic nostrum tempora quidem"
  },
  {
    "postId": 79,
    "id": 395,
    "name": "excepturi esse laborum ut qui culpa",
    "email": "Noemy.Hammes@lisette.net",
    "body": "esse vel reiciendis nobis inventore vero est\nfugit inventore ea quo consequatur aut\nautem deserunt ratione et repellendus nihil quam\nquidem iure est nihil mollitia"
  },
  {
    "postId": 80,
    "id": 396,
    "name": "qui eos vitae possimus reprehenderit voluptatem voluptatem repellendus",
    "email": "Margarett_Jenkins@harley.us",
    "body": "perferendis veritatis saepe voluptatem\neum voluptas quis\nsed occaecati nostrum\nfugit animi omnis ratione molestias"
  },
  {
    "postId": 80,
    "id": 397,
    "name": "quasi exercitationem molestias dolore non non sed est",
    "email": "Dexter.Pacocha@lauren.biz",
    "body": "ut nisi sunt perspiciatis qui doloribus quas\nvelit molestiae atque corrupti corporis voluptatem\nvel ratione aperiam tempore est eos\nquia a voluptas"
  },
  {
    "postId": 80,
    "id": 398,
    "name": "labore consequuntur vel qui",
    "email": "Gennaro@jaunita.co.uk",
    "body": "libero atque accusamus blanditiis minima eveniet corporis est aliquid\ndolores asperiores neque quibusdam quaerat error esse non\nqui et adipisci\nmagni illo hic qui qui dignissimos earum"
  },
  {
    "postId": 80,
    "id": 399,
    "name": "sunt ut eos",
    "email": "Jaycee@aimee.us",
    "body": "corrupti ut et eveniet culpa\nveritatis eos sequi fugiat commodi consequuntur\nipsa totam voluptatem perferendis ducimus aut exercitationem magni\neos mollitia quia"
  },
  {
    "postId": 80,
    "id": 400,
    "name": "quia aut consequatur sunt iste aliquam impedit sit",
    "email": "Brennon@carmela.tv",
    "body": "natus iure velit impedit sed officiis sint\nmolestiae non beatae\nillo consequatur minima\nsed ratione est tenetur"
  },
  {
    "postId": 81,
    "id": 401,
    "name": "cum voluptate sint voluptas veritatis",
    "email": "Vella.Mayer@colten.net",
    "body": "sit delectus recusandae qui\net cupiditate sed ipsum culpa et fugiat ab\nillo dignissimos quo est repellat dolorum neque\nvoluptates sed sapiente ab aut rerum enim sint voluptatum"
  },
  {
    "postId": 81,
    "id": 402,
    "name": "ut eos mollitia eum eius",
    "email": "Caleb_Dach@kathleen.us",
    "body": "et nisi fugit totam\nmaiores voluptatibus quis ipsa sunt debitis assumenda\nullam non quasi numquam ut dolores modi recusandae\nut molestias magni est voluptas quibusdam corporis eius"
  },
  {
    "postId": 81,
    "id": 403,
    "name": "architecto voluptatum eos blanditiis aliquam debitis beatae nesciunt dolorum",
    "email": "Patience_Bahringer@dameon.biz",
    "body": "et a et perspiciatis\nautem expedita maiores dignissimos labore minus molestiae enim\net ipsam ea et\nperspiciatis veritatis debitis maxime"
  },
  {
    "postId": 81,
    "id": 404,
    "name": "officia qui ut explicabo eos fugit",
    "email": "Destinee.Simonis@jose.tv",
    "body": "modi est et eveniet facilis explicabo\nvoluptatem saepe quo et sint quas quia corporis\npariatur voluptatibus est iste fugiat delectus animi rerum\ndoloribus est enim"
  },
  {
    "postId": 81,
    "id": 405,
    "name": "incidunt commodi voluptatem maiores asperiores blanditiis omnis ratione",
    "email": "Keshaun@brown.biz",
    "body": "aut aut sit cupiditate maxime praesentium occaecati cumque\nvero sint sit aliquam porro quo consequuntur ut\nnumquam qui maxime voluptas est consequatur ullam\ntenetur commodi qui consectetur distinctio eligendi atque"
  },
  {
    "postId": 82,
    "id": 406,
    "name": "sint eaque rerum voluptas fugiat quia qui",
    "email": "Merle.Schultz@marcel.org",
    "body": "dicta in quam tenetur\nsed molestiae a sit est aut quia autem aut\nnam voluptatem reiciendis corporis voluptatem\nsapiente est id quia explicabo enim tempora asperiores"
  },
  {
    "postId": 82,
    "id": 407,
    "name": "eius tempora sint reprehenderit",
    "email": "Malvina_Fay@louie.name",
    "body": "totam ad quia non vero dolor laudantium sed temporibus\nquia aperiam corrupti sint accusantium eligendi\naliquam rerum voluptatem delectus numquam nihil\nsoluta qui sequi nisi voluptatum eaque voluptas animi ipsam"
  },
  {
    "postId": 82,
    "id": 408,
    "name": "non excepturi enim est sapiente numquam repudiandae illo",
    "email": "Domenick_Douglas@gabe.us",
    "body": "suscipit quidem fugiat consequatur\nquo sequi nesciunt\naliquam ratione possimus\nvoluptatem sit quia repellendus libero excepturi ut temporibus"
  },
  {
    "postId": 82,
    "id": 409,
    "name": "dicta dolor voluptate vel praesentium",
    "email": "Isaac@allene.net",
    "body": "provident illo quis dolor distinctio laborum eius enim\nsuscipit quia error enim eos consequuntur\nest incidunt adipisci beatae tenetur excepturi in labore commodi\nfugiat omnis in et at nam accusamus et"
  },
  {
    "postId": 82,
    "id": 410,
    "name": "et dolore hic a cupiditate beatae natus iusto soluta",
    "email": "Marianna.Pacocha@george.net",
    "body": "in consequatur corporis qui a et magni eum illum\ncorrupti veniam debitis ab iure harum\nenim ut assumenda cum adipisci veritatis et veniam\nrem eius expedita quos corrupti incidunt"
  },
  {
    "postId": 83,
    "id": 411,
    "name": "hic rem eligendi tenetur ipsum dolore maxime eum",
    "email": "Sister_Barton@lela.com",
    "body": "nam voluptatem ex aut voluptatem mollitia sit sapiente\nqui hic ut\nqui natus in iste et magnam dolores et fugit\nea sint ut minima quas eum nobis at reprehenderit"
  },
  {
    "postId": 83,
    "id": 412,
    "name": "quaerat et quia accusamus provident earum cumque",
    "email": "Autumn.Lebsack@kasandra.ca",
    "body": "veniam non culpa aut voluptas rem eum officiis\nmollitia placeat eos cum\nconsequatur eos commodi dolorem\nanimi maiores qui"
  },
  {
    "postId": 83,
    "id": 413,
    "name": "atque porro quo voluptas",
    "email": "Irma.OKon@arden.me",
    "body": "consequatur harum est omnis\nqui recusandae qui voluptatem et distinctio sint eaque\ndolores quo dolorem asperiores\naperiam non quis asperiores aut praesentium"
  },
  {
    "postId": 83,
    "id": 414,
    "name": "ut qui voluptatem hic maxime",
    "email": "Alaina_Hammes@carter.info",
    "body": "molestias debitis magni illo sint officiis ut quia\nsed tenetur dolorem soluta\nvoluptatem fugiat voluptas molestiae magnam fuga\nsimilique enim illum voluptas aspernatur officia"
  },
  {
    "postId": 83,
    "id": 415,
    "name": "rerum consequatur ut et voluptate harum amet accusantium est",
    "email": "Alia@addison.org",
    "body": "iure vitae accusamus tenetur autem ipsa deleniti\nsunt laudantium ut beatae repellendus non eos\nut consequuntur repudiandae ducimus enim\nreiciendis rem explicabo magni dolore"
  },
  {
    "postId": 84,
    "id": 416,
    "name": "neque nemo consequatur ea fugit aut esse suscipit dolore",
    "email": "Aurelie_McKenzie@providenci.biz",
    "body": "enim velit consequatur excepturi corporis voluptatem nostrum\nnesciunt alias perspiciatis corporis\nneque at eius porro sapiente ratione maiores natus\nfacere molestiae vel explicabo voluptas unde"
  },
  {
    "postId": 84,
    "id": 417,
    "name": "quia reiciendis nobis minima quia et saepe",
    "email": "May_Steuber@virgil.net",
    "body": "et vitae consectetur ut voluptatem\net et eveniet sit\nincidunt tenetur voluptatem\nprovident occaecati exercitationem neque placeat"
  },
  {
    "postId": 84,
    "id": 418,
    "name": "nesciunt voluptates amet sint et delectus et dolore culpa",
    "email": "Tessie@emilie.co.uk",
    "body": "animi est eveniet officiis qui\naperiam dolore occaecati enim aut reiciendis\nanimi ad sint labore blanditiis adipisci voluptatibus eius error\nomnis rerum facere architecto occaecati rerum"
  },
  {
    "postId": 84,
    "id": 419,
    "name": "omnis voluptate dolorem similique totam",
    "email": "Priscilla@colten.org",
    "body": "cum neque recusandae occaecati aliquam reprehenderit ullam saepe veniam\nquasi ea provident tenetur architecto ad\ncupiditate molestiae mollitia molestias debitis eveniet doloremque voluptatem aut\ndolore consequatur nihil facere et"
  },
  {
    "postId": 84,
    "id": 420,
    "name": "aut recusandae a sit voluptas explicabo nam et",
    "email": "Aylin@abigale.me",
    "body": "voluptas cum eum minima rem\ndolorem et nemo repellendus voluptatem sit\nrepudiandae nulla qui recusandae nobis\nblanditiis perspiciatis dolor ipsam reprehenderit odio"
  },
  {
    "postId": 85,
    "id": 421,
    "name": "non eligendi ipsam provident",
    "email": "Holden@kenny.io",
    "body": "voluptate libero corrupti facere totam eaque consequatur nemo\nenim aliquid exercitationem nulla dignissimos illo\nest amet non iure\namet sed dolore non ipsam magni"
  },
  {
    "postId": 85,
    "id": 422,
    "name": "sit molestiae corporis",
    "email": "Guillermo_Dare@dorothea.tv",
    "body": "ducimus ut ut fugiat nesciunt labore\ndeleniti non et aut voluptatum quidem consectetur\nincidunt voluptas accusantium\nquo fuga eaque quisquam et et sapiente aut"
  },
  {
    "postId": 85,
    "id": 423,
    "name": "assumenda iure a",
    "email": "Oscar@pearline.com",
    "body": "rerum laborum voluptas ipsa enim praesentium\nquisquam aliquid perspiciatis eveniet id est est facilis\natque aut facere\nprovident reiciendis libero atque est"
  },
  {
    "postId": 85,
    "id": 424,
    "name": "molestiae dolores itaque dicta earum eligendi dolores",
    "email": "Jonathon_Feest@maxime.io",
    "body": "ducimus hic ea velit\ndolorum soluta voluptas similique rerum\ndolorum sint maxime et vel\nvoluptatum nesciunt et id consequatur earum sed"
  },
  {
    "postId": 85,
    "id": 425,
    "name": "cumque expedita consequatur qui",
    "email": "Micah_Wolf@lennie.co.uk",
    "body": "labore necessitatibus et eum quas id ut\ndoloribus aspernatur nostrum sapiente quo aut quia\neos rerum voluptatem\nnumquam minima soluta velit recusandae ut"
  },
  {
    "postId": 86,
    "id": 426,
    "name": "deleniti tempora non quia et aut",
    "email": "Shany@daisha.biz",
    "body": "reiciendis consequatur sunt atque quisquam ut sed iure\nconsequatur laboriosam dicta odio\nquas cumque iure blanditiis ad sed ullam dignissimos\nsunt et exercitationem saepe"
  },
  {
    "postId": 86,
    "id": 427,
    "name": "delectus illum minus odit",
    "email": "Drew_Lemke@alexis.net",
    "body": "in laborum et distinctio nobis maxime\nmaxime id commodi eaque enim amet qui autem\ndebitis et porro eum dicta sapiente iusto nulla sunt\nvoluptate excepturi sint dolorem voluptatem quae explicabo id"
  },
  {
    "postId": 86,
    "id": 428,
    "name": "voluptas dolores dolor nisi voluptatem ratione rerum",
    "email": "Karina.Donnelly@liam.com",
    "body": "excepturi quos omnis aliquam voluptatem iste\nsit unde ab quam ipsa delectus culpa rerum\ncum delectus impedit ut qui modi\nasperiores qui sapiente quia facilis in iure"
  },
  {
    "postId": 86,
    "id": 429,
    "name": "sed omnis dolore aperiam",
    "email": "Ahmed_Runolfsson@claire.name",
    "body": "ab voluptatem nobis unde\ndoloribus aut fugiat\nconsequuntur laboriosam minima inventore sint quis\ndelectus hic et enim sit optio consequuntur"
  },
  {
    "postId": 86,
    "id": 430,
    "name": "sint ullam alias et at et",
    "email": "Marilou_Halvorson@kane.io",
    "body": "debitis ut maiores ut harum sed voluptas\nquae amet eligendi quo quidem odit atque quisquam animi\nut autem est corporis et\nsed tempora facere corrupti magnam"
  },
  {
    "postId": 87,
    "id": 431,
    "name": "velit incidunt ut accusantium odit maiores quaerat",
    "email": "Bernie.Schoen@seamus.co.uk",
    "body": "voluptas minus fugiat vel\nest quos soluta et veniam quia incidunt unde ut\nlaborum odio in eligendi distinctio odit repellat\nnesciunt consequatur blanditiis cupiditate consequatur at et"
  },
  {
    "postId": 87,
    "id": 432,
    "name": "quod quia nihil nisi perferendis laborum blanditiis tempora eos",
    "email": "Joesph@darryl.net",
    "body": "quam et et harum\nplaceat minus neque quae magni inventore saepe deleniti quisquam\nsuscipit dolorum error aliquid dolores\ndignissimos dolorem autem natus iste molestiae est id impedit"
  },
  {
    "postId": 87,
    "id": 433,
    "name": "qui ea voluptatem reiciendis enim enim nisi aut",
    "email": "Timmothy.Corwin@augustus.co.uk",
    "body": "voluptatem minus asperiores quasi\nperspiciatis et aut blanditiis illo deserunt molestiae ab aperiam\nex minima sed omnis at\net repellat aut incidunt"
  },
  {
    "postId": 87,
    "id": 434,
    "name": "doloremque eligendi quas voluptatem non quos ex",
    "email": "Julien_OHara@vance.io",
    "body": "ex eum at culpa quam aliquam\ncupiditate et id dolorem sint quasi et quos et\nomnis et qui minus est quisquam non qui rerum\nquas molestiae tempore veniam"
  },
  {
    "postId": 87,
    "id": 435,
    "name": "id voluptatum nulla maiores ipsa eos",
    "email": "Susan.Bartell@euna.org",
    "body": "reprehenderit molestias sit nemo quas culpa dolorem exercitationem\neos est voluptatem dolores est fugiat dolorem\neos aut quia et amet et beatae harum vitae\nofficia quia animi dicta magnam accusantium"
  },
  {
    "postId": 88,
    "id": 436,
    "name": "ea illo ab et maiores eaque non nobis",
    "email": "Selena.Quigley@johan.co.uk",
    "body": "sit non facilis commodi sapiente officiis aut facere libero\nsed voluptatum eligendi veniam velit explicabo\nsint laborum sunt reprehenderit dolore id nobis accusamus\nfugit voluptatem magni dolor qui dolores ipsa"
  },
  {
    "postId": 88,
    "id": 437,
    "name": "magni asperiores in cupiditate",
    "email": "Clifton_Boehm@jacynthe.io",
    "body": "suscipit ab qui eos et commodi\nquas ad maiores repellat laboriosam voluptatem exercitationem\nquibusdam ullam ratione nulla\nquia iste error dolorem consequatur beatae temporibus fugit"
  },
  {
    "postId": 88,
    "id": 438,
    "name": "ullam autem aliquam",
    "email": "Lizzie_Bartell@diamond.net",
    "body": "voluptas aspernatur eveniet\nquod id numquam dolores quia perspiciatis eum\net delectus quia occaecati adipisci nihil velit accusamus esse\nminus aspernatur repudiandae"
  },
  {
    "postId": 88,
    "id": 439,
    "name": "voluptates quasi minus dolorem itaque nemo",
    "email": "Yasmeen@golda.ca",
    "body": "cupiditate laborum sit reprehenderit ratione est ad\ncorporis rem pariatur enim et omnis dicta\nnobis molestias quo corporis et nihil\nsed et impedit aut quisquam natus expedita voluptate at"
  },
  {
    "postId": 88,
    "id": 440,
    "name": "adipisci sapiente libero beatae quas eveniet",
    "email": "Adolf.Russel@clark.ca",
    "body": "ut nam ut asperiores quis\nexercitationem aspernatur eligendi autem repellendus\nest repudiandae quisquam rerum ad explicabo suscipit deserunt eius\nalias aliquid eos pariatur rerum magnam provident iusto"
  },
  {
    "postId": 89,
    "id": 441,
    "name": "nisi qui voluptates recusandae voluptas assumenda et",
    "email": "Elian@matilda.me",
    "body": "illum qui quis optio\nquasi eius dolores et non numquam et\nqui necessitatibus itaque magnam mollitia earum et\nnisi voluptate eum accusamus ea"
  },
  {
    "postId": 89,
    "id": 442,
    "name": "sed molestias sit voluptatibus sit aut alias sunt inventore",
    "email": "Salma@francis.net",
    "body": "velit ut incidunt accusantium\nsuscipit animi officia iusto\nnemo omnis sunt nobis repellendus corporis\nconsequatur distinctio dolorem"
  },
  {
    "postId": 89,
    "id": 443,
    "name": "illum pariatur aliquam esse nisi voluptas quisquam ea",
    "email": "Orlando_Dickinson@vern.org",
    "body": "reiciendis et distinctio qui totam non aperiam voluptas\nveniam in dolorem pariatur itaque\nvoluptas adipisci velit\nqui voluptates voluptas ut ullam veritatis repudiandae"
  },
  {
    "postId": 89,
    "id": 444,
    "name": "incidunt aut qui quis est sit corporis pariatur qui",
    "email": "Elda@orval.name",
    "body": "eligendi labore aut non modi vel facere qui\naccusamus qui maxime aperiam\ntotam et non ut repudiandae eum corrupti pariatur quia\nnecessitatibus et adipisci ipsa consequuntur enim et nihil vero"
  },
  {
    "postId": 89,
    "id": 445,
    "name": "temporibus adipisci eveniet libero ullam",
    "email": "Dennis@karley.net",
    "body": "est consequuntur cumque\nquo dolorem at ut dolores\nconsequatur quia voluptates reiciendis\nvel rerum id et"
  },
  {
    "postId": 90,
    "id": 446,
    "name": "dicta excepturi aut est dolor ab dolores rerum",
    "email": "Jedediah@mason.io",
    "body": "cum fugit earum vel et nulla et voluptatem\net ipsam aut\net nihil officia nemo eveniet accusamus\nnulla aut impedit veritatis praesentium"
  },
  {
    "postId": 90,
    "id": 447,
    "name": "molestiae qui quod quo",
    "email": "Maryam@jack.name",
    "body": "rerum omnis voluptatem harum aliquid voluptas accusamus\neius dicta animi\nodio non quidem voluptas tenetur\nnostrum deserunt laudantium culpa dolorum"
  },
  {
    "postId": 90,
    "id": 448,
    "name": "pariatur consequatur sit commodi aliquam",
    "email": "Rick@carlos.tv",
    "body": "odio maxime beatae ab labore rerum\nalias ipsa nam est nostrum\net debitis aut\nab molestias assumenda eaque repudiandae"
  },
  {
    "postId": 90,
    "id": 449,
    "name": "sunt quia soluta quae sit deleniti dolor ullam veniam",
    "email": "Vallie@jerrod.net",
    "body": "dolor at accusantium eveniet\nin voluptatem quam et fugiat et quasi dolores\nsunt eligendi voluptatum id voluptas vitae\nquibusdam iure eum perspiciatis"
  },
  {
    "postId": 90,
    "id": 450,
    "name": "dolorem corporis facilis et",
    "email": "Adolph.Hayes@isobel.biz",
    "body": "et provident quo necessitatibus harum excepturi\nsed est ut sed est doloremque labore quod\nquia optio explicabo adipisci magnam doloribus\nveritatis illo aut est inventore"
  },
  {
    "postId": 91,
    "id": 451,
    "name": "maiores ut dolores quo sapiente nisi",
    "email": "Duane_Dach@demario.us",
    "body": "dolor veritatis ipsum accusamus quae voluptates sint voluptatum et\nharum saepe dolorem enim\nexpedita placeat qui quidem aut et et est\nminus odit qui possimus qui saepe"
  },
  {
    "postId": 91,
    "id": 452,
    "name": "quia excepturi in harum repellat consequuntur est vel qui",
    "email": "General@schuyler.org",
    "body": "ratione sequi sed\nearum nam aut sunt\nquam cum qui\nsimilique consequatur et est"
  },
  {
    "postId": 91,
    "id": 453,
    "name": "doloremque ut est eaque",
    "email": "Stephania_Stanton@demond.biz",
    "body": "quidem nisi reprehenderit eligendi fugiat et et\nsapiente adipisci natus nulla similique et est\nesse ea accusantium sunt\ndeleniti molestiae perferendis quam animi similique ut"
  },
  {
    "postId": 91,
    "id": 454,
    "name": "magni quos voluptatibus earum et inventore suscipit",
    "email": "Reinhold.Schiller@kelly.info",
    "body": "consequatur accusamus maiores dolorem impedit repellendus voluptas rerum eum\nquam quia error voluptatem et\ndignissimos fugit qui\net facilis necessitatibus dignissimos consequatur iusto nihil possimus"
  },
  {
    "postId": 91,
    "id": 455,
    "name": "assumenda qui et aspernatur",
    "email": "Royce@jaiden.co.uk",
    "body": "animi qui nostrum rerum velit\nvoluptates sit in laborum dolorum omnis ut omnis\nea optio quia necessitatibus delectus molestias sapiente perferendis\ndolores vel excepturi expedita"
  },
  {
    "postId": 92,
    "id": 456,
    "name": "quod voluptatem qui qui sit sed maiores fugit",
    "email": "Cassie@diana.org",
    "body": "sunt ipsam illum consequuntur\nquasi enim possimus unde qui beatae quo eligendi\nvel quia asperiores est quae voluptate\naperiam et iste perspiciatis"
  },
  {
    "postId": 92,
    "id": 457,
    "name": "ipsa animi saepe veritatis voluptatibus ad amet id aut",
    "email": "Jena.OKeefe@adonis.net",
    "body": "incidunt itaque enim pariatur quibusdam voluptatibus blanditiis sint\nerror laborum voluptas sed officiis molestiae nostrum\ntemporibus culpa aliquam sit\nconsectetur dolores tempore id accusantium dignissimos vel"
  },
  {
    "postId": 92,
    "id": 458,
    "name": "fugiat consectetur saepe dicta",
    "email": "Magdalen@holly.io",
    "body": "eos hic deserunt necessitatibus sed id ut esse nam\nhic eveniet vitae corrupti mollitia doloremque sit ratione\ndeleniti perspiciatis numquam est sapiente quaerat\nest est sit"
  },
  {
    "postId": 92,
    "id": 459,
    "name": "nesciunt numquam alias doloremque minus ipsam optio",
    "email": "Nyah@otho.com",
    "body": "veniam natus aut vero et aliquam doloremque\nalias cupiditate non est\ntempore et non vel error placeat est quisquam ea\nnon dolore aliquid non fuga expedita dicta ut quos"
  },
  {
    "postId": 92,
    "id": 460,
    "name": "eum fugit omnis optio",
    "email": "Kara_Stokes@connie.co.uk",
    "body": "qui qui deserunt expedita at\nprovident sequi veritatis sit qui nam tempora mollitia ratione\ncorporis vitae rerum pariatur unde deleniti ut eos ad\naut non quae nisi saepe"
  },
  {
    "postId": 93,
    "id": 461,
    "name": "perferendis nobis praesentium accusantium culpa et et",
    "email": "Conner@daron.info",
    "body": "eos quidem temporibus eum\nest ipsa sunt illum a facere\nomnis suscipit dolorem voluptatem incidunt\ntenetur deleniti aspernatur at quis"
  },
  {
    "postId": 93,
    "id": 462,
    "name": "assumenda quia sint",
    "email": "Nathanael@jada.org",
    "body": "adipisci et accusantium hic deserunt voluptates consequatur omnis\nquod dolorem voluptatibus quis velit laboriosam mollitia illo et\niure aliquam dolorem nesciunt laborum\naperiam labore repellat et maxime itaque"
  },
  {
    "postId": 93,
    "id": 463,
    "name": "cupiditate quidem corporis totam tenetur rem nesciunt et",
    "email": "Nicklaus@talon.io",
    "body": "voluptate officiis nihil laudantium sint autem adipisci\naspernatur voluptas debitis nam omnis ut non eligendi\naliquam vel commodi velit officiis laboriosam corporis\nquas aliquid aperiam autem"
  },
  {
    "postId": 93,
    "id": 464,
    "name": "quisquam quaerat rerum dolor asperiores doloremque",
    "email": "Jerald@laura.io",
    "body": "consequatur aliquam illum quis\nfacere vel voluptatem rem sint atque\nin nam autem impedit dolores enim\nsoluta rem adipisci odit sint voluptas aliquam"
  },
  {
    "postId": 93,
    "id": 465,
    "name": "est sunt est nesciunt distinctio quaerat reprehenderit in vero",
    "email": "Jamey_Dare@johnny.org",
    "body": "ex corrupti ut pariatur voluptas illo labore non voluptates\nvoluptas sint et est impedit cum\nin fugiat cumque eum id rerum error\nut rerum voluptates facilis molestiae et labore voluptatem corrupti"
  },
  {
    "postId": 94,
    "id": 466,
    "name": "impedit autem distinctio omnis ipsam voluptas eaque",
    "email": "Brant@yasmin.co.uk",
    "body": "aut dignissimos eos facere velit totam\neaque aut voluptas ex similique ut ipsa est\nvoluptates ut tempora\nquis commodi officia et consequatur cumque delectus"
  },
  {
    "postId": 94,
    "id": 467,
    "name": "voluptas unde perferendis ut eaque dicta",
    "email": "Adrianna_Howell@molly.io",
    "body": "deleniti fuga hic autem\nsed rerum non voluptate sit totam consequuntur illo\nquasi quod aut ducimus dolore distinctio molestias\nnon velit quis debitis cumque voluptas"
  },
  {
    "postId": 94,
    "id": 468,
    "name": "nam praesentium est ipsa libero aut",
    "email": "Amiya.Morar@emma.tv",
    "body": "facilis repellendus inventore aperiam corrupti saepe culpa velit\ndolores sint ut\naut quis voluptates iure et a\nneque harum quia similique sunt eum voluptatem a"
  },
  {
    "postId": 94,
    "id": 469,
    "name": "vel eum quia esse sapiente",
    "email": "Destany@bailey.info",
    "body": "dolor unde numquam distinctio\nducimus eum hic rerum non expedita\ndolores et dignissimos rerum\nperspiciatis et porro est minus"
  },
  {
    "postId": 94,
    "id": 470,
    "name": "deleniti vitae alias distinctio dignissimos ab accusantium pariatur dicta",
    "email": "Katarina.Wolff@joel.io",
    "body": "molestias incidunt eaque\nnumquam reprehenderit rerum ut ex ad\nomnis porro maiores quaerat harum nihil non quasi ea\nasperiores quisquam sunt fugiat eos natus iure adipisci"
  },
  {
    "postId": 95,
    "id": 471,
    "name": "nihil ad debitis rerum optio est cumque sed voluptates",
    "email": "Pearline@veda.ca",
    "body": "quia non dolor\ncorporis consectetur velit eos quis\nincidunt ut eos nesciunt repellendus voluptas voluptate sint neque\ndoloribus est minima autem quis velit illo ea neque"
  },
  {
    "postId": 95,
    "id": 472,
    "name": "aspernatur ex dolor optio",
    "email": "Belle.Braun@otis.name",
    "body": "et necessitatibus earum qui velit id explicabo harum optio\ndolor dolores reprehenderit in\na itaque odit esse et et id\npossimus est ut consequuntur velit autem iure ut"
  },
  {
    "postId": 95,
    "id": 473,
    "name": "quaerat et excepturi autem animi fuga",
    "email": "Eliane@libby.net",
    "body": "quod corrupti eum quisquam rerum accusantium tempora\nreprehenderit qui voluptate et sunt optio et\niusto nihil amet omnis labore cumque quo\nsaepe omnis aut quia consectetur"
  },
  {
    "postId": 95,
    "id": 474,
    "name": "natus consequatur deleniti ipsum delectus",
    "email": "Trey.Harber@christop.biz",
    "body": "tempora sint qui iste itaque non neque qui suscipit\nenim quas rerum totam impedit\nesse nulla praesentium natus explicabo doloremque atque maxime\nmollitia impedit dolorem occaecati officia in provident eos"
  },
  {
    "postId": 95,
    "id": 475,
    "name": "cumque consequuntur excepturi consequatur consequatur est",
    "email": "Kailyn@ivory.info",
    "body": "ut in nostrum\nut et incidunt et minus nulla perferendis libero delectus\nnulla nemo deleniti\ndeleniti facere autem vero velit non molestiae assumenda"
  },
  {
    "postId": 96,
    "id": 476,
    "name": "quia hic adipisci modi fuga aperiam",
    "email": "Amely.Kunde@rodrigo.co.uk",
    "body": "officia quas aut culpa eum\neaque quia rem unde ea quae reiciendis omnis\nexcepturi nemo est vel sequi accusantium tenetur at earum\net rerum quisquam temporibus cupiditate"
  },
  {
    "postId": 96,
    "id": 477,
    "name": "ut occaecati non",
    "email": "Thaddeus.Halvorson@ruthe.ca",
    "body": "nulla veniam quo consequuntur ullam\nautem nisi error aut facere distinctio rerum quia tempore\nvelit distinctio occaecati ducimus\nratione similique doloribus"
  },
  {
    "postId": 96,
    "id": 478,
    "name": "quo error dignissimos numquam qui nam fugit voluptates et",
    "email": "Hannah@emma.ca",
    "body": "non similique illo\nquia et rem placeat reprehenderit voluptas\nvelit officiis fugit blanditiis nihil\nab deserunt ullam"
  },
  {
    "postId": 96,
    "id": 479,
    "name": "distinctio minima error aspernatur reiciendis inventore quo",
    "email": "Maryam.Mann@thelma.info",
    "body": "totam explicabo harum quam impedit sunt\ndoloremque consectetur id et minima eos incidunt quibusdam omnis\nsaepe maiores officiis eligendi alias sint est aut cumque\ndebitis cumque hic aut ut dolorum"
  },
  {
    "postId": 96,
    "id": 480,
    "name": "accusantium quo error repudiandae",
    "email": "Michel@keira.us",
    "body": "tenetur qui ut\narchitecto officiis voluptatem velit eos molestias incidunt eum dolorum\ndistinctio quam et\nsequi consequatur nihil voluptates animi"
  },
  {
    "postId": 97,
    "id": 481,
    "name": "recusandae dolor similique autem saepe voluptate aut vel sit",
    "email": "Domenick@russell.ca",
    "body": "dignissimos nobis vitae corporis delectus eligendi et ut ut\namet laudantium neque\net quia cupiditate debitis aliquid\ndolorem aspernatur libero aut autem quo et"
  },
  {
    "postId": 97,
    "id": 482,
    "name": "placeat eveniet sunt ut quis",
    "email": "Chanelle@samson.me",
    "body": "aliquid natus voluptas doloremque fugiat ratione adipisci\nunde eum facilis enim omnis ipsum nobis nihil praesentium\nut blanditiis voluptatem veniam\ntenetur fugit et distinctio aspernatur"
  },
  {
    "postId": 97,
    "id": 483,
    "name": "a ipsa nihil sed impedit",
    "email": "Hermann.Kunde@rosina.us",
    "body": "quos aut rerum nihil est et\ndolores commodi voluptas voluptatem excepturi et\net expedita dignissimos atque aut reprehenderit\nquis quo soluta"
  },
  {
    "postId": 97,
    "id": 484,
    "name": "hic inventore sint aut",
    "email": "Olen@bryce.net",
    "body": "vel libero quo sit vitae\nid nesciunt ipsam non a aut enim itaque totam\nillum est cupiditate sit\nnam exercitationem magnam veniam"
  },
  {
    "postId": 97,
    "id": 485,
    "name": "enim asperiores illum",
    "email": "Lorenza.Carter@consuelo.ca",
    "body": "soluta quia porro mollitia eos accusamus\nvoluptatem illo perferendis earum quia\nquo sed ipsam in omnis cum earum tempore eos\nvoluptatem illum doloremque corporis ipsam facere"
  },
  {
    "postId": 98,
    "id": 486,
    "name": "et aut qui eaque porro quo quis velit rerum",
    "email": "Lamont@georgiana.biz",
    "body": "iste maxime et molestiae\nqui aliquam doloremque earum beatae repellat\nin aut eum libero eos itaque pariatur exercitationem\nvel quam non"
  },
  {
    "postId": 98,
    "id": 487,
    "name": "sunt omnis aliquam labore eveniet",
    "email": "Colin_Gutkowski@muriel.net",
    "body": "sint delectus nesciunt ipsum et aliquid et libero\naut suscipit et molestiae nemo pariatur sequi\nrepudiandae ea placeat neque quas eveniet\nmollitia quae laboriosam"
  },
  {
    "postId": 98,
    "id": 488,
    "name": "quo neque dolorem dolorum non incidunt",
    "email": "Albert@johnny.biz",
    "body": "aut sunt recusandae laboriosam omnis asperiores et\nnulla ipsum rerum quis doloremque rerum optio mollitia provident\nsed iste aut id\nnumquam repudiandae veritatis"
  },
  {
    "postId": 98,
    "id": 489,
    "name": "aut quia et corporis voluptas quisquam voluptatem",
    "email": "Hilma.Kutch@ottilie.info",
    "body": "et dolorem sit\nreprehenderit sapiente occaecati iusto sit impedit nobis ut quia\nmaiores debitis pariatur nostrum et aut\nassumenda error qui deserunt laborum quaerat et"
  },
  {
    "postId": 98,
    "id": 490,
    "name": "et eum provident maxime beatae minus et doloremque perspiciatis",
    "email": "Donnie@alfreda.biz",
    "body": "minus nihil sunt dolor\nipsum a illum quis\nquasi officiis cupiditate architecto sit consequatur ut\net sed quasi quam doloremque"
  },
  {
    "postId": 99,
    "id": 491,
    "name": "eos enim odio",
    "email": "Maxwell@adeline.me",
    "body": "natus commodi debitis cum ex rerum alias quis\nmaxime fugiat fugit sapiente distinctio nostrum tempora\npossimus quod vero itaque enim accusantium perferendis\nfugit ut eum labore accusantium voluptas"
  },
  {
    "postId": 99,
    "id": 492,
    "name": "consequatur alias ab fuga tenetur maiores modi",
    "email": "Amina@emmet.org",
    "body": "iure deleniti aut consequatur necessitatibus\nid atque voluptas mollitia\nvoluptates doloremque dolorem\nrepudiandae hic enim laboriosam consequatur velit minus"
  },
  {
    "postId": 99,
    "id": 493,
    "name": "ut praesentium sit eos rerum tempora",
    "email": "Gilda@jacques.org",
    "body": "est eos doloremque autem\nsimilique sint fuga atque voluptate est\nminus tempore quia asperiores aliquam et corporis voluptatem\nconsequatur et eum illo aut qui molestiae et amet"
  },
  {
    "postId": 99,
    "id": 494,
    "name": "molestias facere soluta mollitia totam dolorem commodi itaque",
    "email": "Kadin@walter.io",
    "body": "est illum quia alias ipsam minus\nut quod vero aut magni harum quis\nab minima voluptates nemo non sint quis\ndistinctio officia ea et maxime"
  },
  {
    "postId": 99,
    "id": 495,
    "name": "dolor ut ut aut molestiae esse et tempora numquam",
    "email": "Alice_Considine@daren.com",
    "body": "pariatur occaecati ea autem at quis et dolorem similique\npariatur ipsa hic et saepe itaque cumque repellendus vel\net quibusdam qui aut nemo et illo\nqui non quod officiis aspernatur qui optio"
  },
  {
    "postId": 100,
    "id": 496,
    "name": "et occaecati asperiores quas voluptas ipsam nostrum",
    "email": "Zola@lizzie.com",
    "body": "neque unde voluptatem iure\nodio excepturi ipsam ad id\nipsa sed expedita error quam\nvoluptatem tempora necessitatibus suscipit culpa veniam porro iste vel"
  },
  {
    "postId": 100,
    "id": 497,
    "name": "doloribus dolores ut dolores occaecati",
    "email": "Dolly@mandy.co.uk",
    "body": "non dolor consequatur\nlaboriosam ut deserunt autem odit\nlibero dolore non nesciunt qui\naut est consequatur quo dolorem"
  },
  {
    "postId": 100,
    "id": 498,
    "name": "dolores minus aut libero",
    "email": "Davion@eldora.net",
    "body": "aliquam pariatur suscipit fugiat eos sunt\noptio voluptatem eveniet rerum dignissimos\nquia aut beatae\nmodi consequatur qui rerum sint veritatis deserunt est"
  },
  {
    "postId": 100,
    "id": 499,
    "name": "excepturi sunt cum a et rerum quo voluptatibus quia",
    "email": "Wilburn_Labadie@araceli.name",
    "body": "et necessitatibus tempora ipsum quaerat inventore est quasi quidem\nea repudiandae laborum omnis ab reprehenderit ut\nratione sit numquam culpa a rem\natque aut et"
  },
  {
    "postId": 100,
    "id": 500,
    "name": "ex eaque eum natus",
    "email": "Emma@joanny.ca",
    "body": "perspiciatis quis doloremque\nveniam nisi eos velit sed\nid totam inventore voluptatem laborum et eveniet\naut aut aut maxime quia temporibus ut omnis"
  }
]

15:19:34.153 [main] ERROR com.intuit.karate - classpath:com/jsonplaceholdertest/app/COMMENTS/retrieve-comments.feature:10
And match response == '#[each {id: #number, postId: #number, name: #string, email: #string, body: #string}]'
SyntaxError: Unnamed:1:5 Expected ; but found {
each {id: #number, postId: #number, name: #string, email: #string, body: #string} == _
     ^
Unnamed:1:82 Expected an operand but found ==
each {id: #number, postId: #number, name: #string, email: #string, body: #string} == _
                                                                                  ^

classpath:com/jsonplaceholdertest/app/COMMENTS/retrieve-comments.feature:10
]]></system-out>
  </testcase>
  <testcase name="[2:12] Retrieve a specific comment by ID" classname="com/jsonplaceholdertest/app/COMMENTS/retrieve-comments" time="6.696">
    <system-out><![CDATA[15:19:34.317 [main] DEBUG org.apache.http.client.protocol.RequestAddCookies - CookieSpec selected: karate
15:19:34.317 [main] DEBUG org.apache.http.client.protocol.RequestAuthCache - Auth cache not set in the context
15:19:34.317 [main] DEBUG com.intuit.karate - request:
1 > GET https://jsonplaceholder.typicode.com/comments/1
1 > Host: jsonplaceholder.typicode.com
1 > Connection: Keep-Alive
1 > User-Agent: Apache-HttpClient/4.5.13 (Java/14.0.1)
1 > Accept-Encoding: gzip,deflate


15:19:34.317 [main] DEBUG org.apache.http.impl.conn.PoolingHttpClientConnectionManager - Connection request: [route: {s}->https://jsonplaceholder.typicode.com:443][total available: 0; route allocated: 0 of 5; total allocated: 0 of 10]
15:19:34.317 [main] DEBUG org.apache.http.impl.conn.PoolingHttpClientConnectionManager - Connection leased: [id: 1][route: {s}->https://jsonplaceholder.typicode.com:443][total available: 0; route allocated: 1 of 5; total allocated: 1 of 10]
15:19:34.318 [main] DEBUG org.apache.http.impl.execchain.MainClientExec - Opening connection {s}->https://jsonplaceholder.typicode.com:443
15:19:34.318 [main] DEBUG org.apache.http.impl.conn.DefaultHttpClientConnectionOperator - Connecting to jsonplaceholder.typicode.com/172.67.136.251:443
15:19:34.318 [main] DEBUG org.apache.http.conn.ssl.SSLConnectionSocketFactory - Connecting socket to jsonplaceholder.typicode.com/172.67.136.251:443 with timeout 30000
15:19:34.325 [main] DEBUG org.apache.http.conn.ssl.SSLConnectionSocketFactory - Enabled protocols: [TLSv1.3, TLSv1.2, TLSv1.1, TLSv1]
15:19:34.325 [main] DEBUG org.apache.http.conn.ssl.SSLConnectionSocketFactory - Enabled cipher suites:[TLS_AES_256_GCM_SHA384, TLS_AES_128_GCM_SHA256, TLS_CHACHA20_POLY1305_SHA256, TLS_ECDHE_ECDSA_WITH_AES_256_GCM_SHA384, TLS_ECDHE_ECDSA_WITH_AES_128_GCM_SHA256, TLS_ECDHE_ECDSA_WITH_CHACHA20_POLY1305_SHA256, TLS_ECDHE_RSA_WITH_AES_256_GCM_SHA384, TLS_ECDHE_RSA_WITH_CHACHA20_POLY1305_SHA256, TLS_ECDHE_RSA_WITH_AES_128_GCM_SHA256, TLS_DHE_RSA_WITH_AES_256_GCM_SHA384, TLS_DHE_RSA_WITH_CHACHA20_POLY1305_SHA256, TLS_DHE_DSS_WITH_AES_256_GCM_SHA384, TLS_DHE_RSA_WITH_AES_128_GCM_SHA256, TLS_DHE_DSS_WITH_AES_128_GCM_SHA256, TLS_ECDHE_ECDSA_WITH_AES_256_CBC_SHA384, TLS_ECDHE_RSA_WITH_AES_256_CBC_SHA384, TLS_ECDHE_ECDSA_WITH_AES_128_CBC_SHA256, TLS_ECDHE_RSA_WITH_AES_128_CBC_SHA256, TLS_DHE_RSA_WITH_AES_256_CBC_SHA256, TLS_DHE_DSS_WITH_AES_256_CBC_SHA256, TLS_DHE_RSA_WITH_AES_128_CBC_SHA256, TLS_DHE_DSS_WITH_AES_128_CBC_SHA256, TLS_ECDH_ECDSA_WITH_AES_256_GCM_SHA384, TLS_ECDH_RSA_WITH_AES_256_GCM_SHA384, TLS_ECDH_ECDSA_WITH_AES_128_GCM_SHA256, TLS_ECDH_RSA_WITH_AES_128_GCM_SHA256, TLS_ECDH_ECDSA_WITH_AES_256_CBC_SHA384, TLS_ECDH_RSA_WITH_AES_256_CBC_SHA384, TLS_ECDH_ECDSA_WITH_AES_128_CBC_SHA256, TLS_ECDH_RSA_WITH_AES_128_CBC_SHA256, TLS_ECDHE_ECDSA_WITH_AES_256_CBC_SHA, TLS_ECDHE_RSA_WITH_AES_256_CBC_SHA, TLS_ECDHE_ECDSA_WITH_AES_128_CBC_SHA, TLS_ECDHE_RSA_WITH_AES_128_CBC_SHA, TLS_DHE_RSA_WITH_AES_256_CBC_SHA, TLS_DHE_DSS_WITH_AES_256_CBC_SHA, TLS_DHE_RSA_WITH_AES_128_CBC_SHA, TLS_DHE_DSS_WITH_AES_128_CBC_SHA, TLS_ECDH_ECDSA_WITH_AES_256_CBC_SHA, TLS_ECDH_RSA_WITH_AES_256_CBC_SHA, TLS_ECDH_ECDSA_WITH_AES_128_CBC_SHA, TLS_ECDH_RSA_WITH_AES_128_CBC_SHA, TLS_RSA_WITH_AES_256_GCM_SHA384, TLS_RSA_WITH_AES_128_GCM_SHA256, TLS_RSA_WITH_AES_256_CBC_SHA256, TLS_RSA_WITH_AES_128_CBC_SHA256, TLS_RSA_WITH_AES_256_CBC_SHA, TLS_RSA_WITH_AES_128_CBC_SHA, TLS_EMPTY_RENEGOTIATION_INFO_SCSV]
15:19:34.325 [main] DEBUG org.apache.http.conn.ssl.SSLConnectionSocketFactory - Starting handshake
15:19:34.401 [main] DEBUG org.apache.http.conn.ssl.SSLConnectionSocketFactory - Secure session established
15:19:34.401 [main] DEBUG org.apache.http.conn.ssl.SSLConnectionSocketFactory -  negotiated protocol: TLSv1.3
15:19:34.401 [main] DEBUG org.apache.http.conn.ssl.SSLConnectionSocketFactory -  negotiated cipher suite: TLS_AES_256_GCM_SHA384
15:19:34.401 [main] DEBUG org.apache.http.conn.ssl.SSLConnectionSocketFactory -  peer principal: CN=typicode.com
15:19:34.401 [main] DEBUG org.apache.http.conn.ssl.SSLConnectionSocketFactory -  peer alternative names: [*.typicode.com, typicode.com]
15:19:34.401 [main] DEBUG org.apache.http.conn.ssl.SSLConnectionSocketFactory -  issuer principal: CN=E1, O=Let's Encrypt, C=US
15:19:34.401 [main] DEBUG org.apache.http.impl.conn.DefaultHttpClientConnectionOperator - Connection established 192.168.88.248:61236<->172.67.136.251:443
15:19:34.401 [main] DEBUG org.apache.http.impl.conn.DefaultManagedHttpClientConnection - http-outgoing-1: set socket timeout to 30000
15:19:34.402 [main] DEBUG org.apache.http.impl.execchain.MainClientExec - Executing request GET /comments/1 HTTP/1.1
15:19:34.402 [main] DEBUG org.apache.http.impl.execchain.MainClientExec - Target auth state: UNCHALLENGED
15:19:34.402 [main] DEBUG org.apache.http.impl.execchain.MainClientExec - Proxy auth state: UNCHALLENGED
15:19:34.402 [main] DEBUG org.apache.http.headers - http-outgoing-1 >> GET /comments/1 HTTP/1.1
15:19:34.402 [main] DEBUG org.apache.http.headers - http-outgoing-1 >> Host: jsonplaceholder.typicode.com
15:19:34.402 [main] DEBUG org.apache.http.headers - http-outgoing-1 >> Connection: Keep-Alive
15:19:34.402 [main] DEBUG org.apache.http.headers - http-outgoing-1 >> User-Agent: Apache-HttpClient/4.5.13 (Java/14.0.1)
15:19:34.402 [main] DEBUG org.apache.http.headers - http-outgoing-1 >> Accept-Encoding: gzip,deflate
15:19:34.402 [main] DEBUG org.apache.http.wire - http-outgoing-1 >> "GET /comments/1 HTTP/1.1[\r][\n]"
15:19:34.402 [main] DEBUG org.apache.http.wire - http-outgoing-1 >> "Host: jsonplaceholder.typicode.com[\r][\n]"
15:19:34.403 [main] DEBUG org.apache.http.wire - http-outgoing-1 >> "Connection: Keep-Alive[\r][\n]"
15:19:34.403 [main] DEBUG org.apache.http.wire - http-outgoing-1 >> "User-Agent: Apache-HttpClient/4.5.13 (Java/14.0.1)[\r][\n]"
15:19:34.403 [main] DEBUG org.apache.http.wire - http-outgoing-1 >> "Accept-Encoding: gzip,deflate[\r][\n]"
15:19:34.403 [main] DEBUG org.apache.http.wire - http-outgoing-1 >> "[\r][\n]"
15:19:34.971 [main] DEBUG org.apache.http.wire - http-outgoing-1 << "HTTP/1.1 200 OK[\r][\n]"
15:19:34.971 [main] DEBUG org.apache.http.wire - http-outgoing-1 << "Date: Thu, 11 May 2023 13:19:34 GMT[\r][\n]"
15:19:34.971 [main] DEBUG org.apache.http.wire - http-outgoing-1 << "Content-Type: application/json; charset=utf-8[\r][\n]"
15:19:34.971 [main] DEBUG org.apache.http.wire - http-outgoing-1 << "Transfer-Encoding: chunked[\r][\n]"
15:19:34.971 [main] DEBUG org.apache.http.wire - http-outgoing-1 << "Connection: keep-alive[\r][\n]"
15:19:34.971 [main] DEBUG org.apache.http.wire - http-outgoing-1 << "X-Powered-By: Express[\r][\n]"
15:19:34.971 [main] DEBUG org.apache.http.wire - http-outgoing-1 << "X-Ratelimit-Limit: 1000[\r][\n]"
15:19:34.971 [main] DEBUG org.apache.http.wire - http-outgoing-1 << "X-Ratelimit-Remaining: 999[\r][\n]"
15:19:34.971 [main] DEBUG org.apache.http.wire - http-outgoing-1 << "X-Ratelimit-Reset: 1683811206[\r][\n]"
15:19:34.971 [main] DEBUG org.apache.http.wire - http-outgoing-1 << "Vary: Origin, Accept-Encoding[\r][\n]"
15:19:34.972 [main] DEBUG org.apache.http.wire - http-outgoing-1 << "Access-Control-Allow-Credentials: true[\r][\n]"
15:19:34.972 [main] DEBUG org.apache.http.wire - http-outgoing-1 << "Cache-Control: max-age=43200[\r][\n]"
15:19:34.972 [main] DEBUG org.apache.http.wire - http-outgoing-1 << "Pragma: no-cache[\r][\n]"
15:19:34.972 [main] DEBUG org.apache.http.wire - http-outgoing-1 << "Expires: -1[\r][\n]"
15:19:34.972 [main] DEBUG org.apache.http.wire - http-outgoing-1 << "X-Content-Type-Options: nosniff[\r][\n]"
15:19:34.972 [main] DEBUG org.apache.http.wire - http-outgoing-1 << "Etag: W/"10c-KJ4I9RM/+33TKdV8CFsIvqsDSP0"[\r][\n]"
15:19:34.972 [main] DEBUG org.apache.http.wire - http-outgoing-1 << "Via: 1.1 vegur[\r][\n]"
15:19:34.972 [main] DEBUG org.apache.http.wire - http-outgoing-1 << "CF-Cache-Status: MISS[\r][\n]"
15:19:34.972 [main] DEBUG org.apache.http.wire - http-outgoing-1 << "Report-To: {"endpoints":[{"url":"https:\/\/a.nel.cloudflare.com\/report\/v3?s=TTfMbjX7hzg6d%2FXbevEjlC5suYq2T75UQf32fH2ZxngZ0uHgmDRTB59kf071NBGiZ%2FZ2qjTrEUDAYAZBblb89hueBFRZ1h7h02VTozGkz6OM1X9yDohRNoqIhP%2Bzo2he%2FHKIPG0T78lrR7xHGg6M"}],"group":"cf-nel","max_age":604800}[\r][\n]"
15:19:34.972 [main] DEBUG org.apache.http.wire - http-outgoing-1 << "NEL: {"success_fraction":0,"report_to":"cf-nel","max_age":604800}[\r][\n]"
15:19:34.972 [main] DEBUG org.apache.http.wire - http-outgoing-1 << "Server: cloudflare[\r][\n]"
15:19:34.972 [main] DEBUG org.apache.http.wire - http-outgoing-1 << "CF-RAY: 7c5ab6e00e570710-CPT[\r][\n]"
15:19:34.972 [main] DEBUG org.apache.http.wire - http-outgoing-1 << "Content-Encoding: gzip[\r][\n]"
15:19:34.972 [main] DEBUG org.apache.http.wire - http-outgoing-1 << "alt-svc: h3=":443"; ma=86400, h3-29=":443"; ma=86400[\r][\n]"
15:19:34.972 [main] DEBUG org.apache.http.wire - http-outgoing-1 << "[\r][\n]"
15:19:34.972 [main] DEBUG org.apache.http.wire - http-outgoing-1 << "c2[\r][\n]"
15:19:34.972 [main] DEBUG org.apache.http.wire - http-outgoing-1 << "[0x1f][0x8b][0x8][0x0][0x0][0x0][0x0][0x0][0x0][0x3]E[0x8e][0xbd]j[0x4]1[0xc][0x84][0xfb]{[\n]"
15:19:34.972 [main] DEBUG org.apache.http.wire - http-outgoing-1 << "[0xe1]:[0x4][0xd2]^[0x95]&E[0xde]a[0x1b][0xed]z8[0x4][0x96][0xe4][0xb3][0xe4][0x90][0x1f][0xf2][0xee][0xc1][0xd9]@:if[0xf8][0xf8][0xbe].D[0xa5]{[0xe4]k-WzzX[0xaf][0xfc][0x9f][0xc6][0x8a]r][0x11]5[0xde]}[0x80][0xf0]NH[0xba]O[0xd6]3[0x99]Z~[0x97]P[0x96][0xb6][0xa6]/M[0x2][0xfe]|[0xe3]Q[\r][0xe3]q[0x97][0xcf]s[0xb0]{[0xfd]X}[0xe3]Y[0xd9]R[0xa6][0x12]Lt[0xa1]B[0x8][0xb1][0xa0]R[0xa1][0xa4]|3Vz[0xf3]6{r[0x82][0xa4][0x7]+[0xc1]c[0xb3][0x84]v[0x1f]L[0xf7][0xe9]d8[0x10]![0xc9])[0xfb][0x8c][0xcd][0xaa]7[0x1f][0xa7][0x19][0xcf][0xc4][0x1f]y[0xb3][0x1]9[0x4]V%[0x96][0xf9]B[0x7]w[0x81]%[0x88][0x8f]c[0xc6])S.[0xdf]?H[0xa0]N[0xc5][0xc][0x1][0x0][0x0][\r][\n]"
15:19:34.972 [main] DEBUG org.apache.http.headers - http-outgoing-1 << HTTP/1.1 200 OK
15:19:34.973 [main] DEBUG org.apache.http.headers - http-outgoing-1 << Date: Thu, 11 May 2023 13:19:34 GMT
15:19:34.973 [main] DEBUG org.apache.http.headers - http-outgoing-1 << Content-Type: application/json; charset=utf-8
15:19:34.973 [main] DEBUG org.apache.http.headers - http-outgoing-1 << Transfer-Encoding: chunked
15:19:34.973 [main] DEBUG org.apache.http.headers - http-outgoing-1 << Connection: keep-alive
15:19:34.973 [main] DEBUG org.apache.http.headers - http-outgoing-1 << X-Powered-By: Express
15:19:34.973 [main] DEBUG org.apache.http.headers - http-outgoing-1 << X-Ratelimit-Limit: 1000
15:19:34.973 [main] DEBUG org.apache.http.headers - http-outgoing-1 << X-Ratelimit-Remaining: 999
15:19:34.973 [main] DEBUG org.apache.http.headers - http-outgoing-1 << X-Ratelimit-Reset: 1683811206
15:19:34.973 [main] DEBUG org.apache.http.headers - http-outgoing-1 << Vary: Origin, Accept-Encoding
15:19:34.973 [main] DEBUG org.apache.http.headers - http-outgoing-1 << Access-Control-Allow-Credentials: true
15:19:34.973 [main] DEBUG org.apache.http.headers - http-outgoing-1 << Cache-Control: max-age=43200
15:19:34.973 [main] DEBUG org.apache.http.headers - http-outgoing-1 << Pragma: no-cache
15:19:34.973 [main] DEBUG org.apache.http.headers - http-outgoing-1 << Expires: -1
15:19:34.973 [main] DEBUG org.apache.http.headers - http-outgoing-1 << X-Content-Type-Options: nosniff
15:19:34.973 [main] DEBUG org.apache.http.headers - http-outgoing-1 << Etag: W/"10c-KJ4I9RM/+33TKdV8CFsIvqsDSP0"
15:19:34.973 [main] DEBUG org.apache.http.headers - http-outgoing-1 << Via: 1.1 vegur
15:19:34.973 [main] DEBUG org.apache.http.headers - http-outgoing-1 << CF-Cache-Status: MISS
15:19:34.973 [main] DEBUG org.apache.http.headers - http-outgoing-1 << Report-To: {"endpoints":[{"url":"https:\/\/a.nel.cloudflare.com\/report\/v3?s=TTfMbjX7hzg6d%2FXbevEjlC5suYq2T75UQf32fH2ZxngZ0uHgmDRTB59kf071NBGiZ%2FZ2qjTrEUDAYAZBblb89hueBFRZ1h7h02VTozGkz6OM1X9yDohRNoqIhP%2Bzo2he%2FHKIPG0T78lrR7xHGg6M"}],"group":"cf-nel","max_age":604800}
15:19:34.973 [main] DEBUG org.apache.http.headers - http-outgoing-1 << NEL: {"success_fraction":0,"report_to":"cf-nel","max_age":604800}
15:19:34.973 [main] DEBUG org.apache.http.headers - http-outgoing-1 << Server: cloudflare
15:19:34.973 [main] DEBUG org.apache.http.headers - http-outgoing-1 << CF-RAY: 7c5ab6e00e570710-CPT
15:19:34.973 [main] DEBUG org.apache.http.headers - http-outgoing-1 << Content-Encoding: gzip
15:19:34.974 [main] DEBUG org.apache.http.headers - http-outgoing-1 << alt-svc: h3=":443"; ma=86400, h3-29=":443"; ma=86400
15:19:34.974 [main] DEBUG org.apache.http.impl.execchain.MainClientExec - Connection can be kept alive indefinitely
15:19:34.975 [main] DEBUG com.intuit.karate - response time in milliseconds: 657
1 < 200
1 < Date: Thu, 11 May 2023 13:19:34 GMT
1 < Content-Type: application/json; charset=utf-8
1 < Transfer-Encoding: chunked
1 < Connection: keep-alive
1 < X-Powered-By: Express
1 < X-Ratelimit-Limit: 1000
1 < X-Ratelimit-Remaining: 999
1 < X-Ratelimit-Reset: 1683811206
1 < Vary: Origin, Accept-Encoding
1 < Access-Control-Allow-Credentials: true
1 < Cache-Control: max-age=43200
1 < Pragma: no-cache
1 < Expires: -1
1 < X-Content-Type-Options: nosniff
1 < Etag: W/"10c-KJ4I9RM/+33TKdV8CFsIvqsDSP0"
1 < Via: 1.1 vegur
1 < CF-Cache-Status: MISS
1 < Report-To: {"endpoints":[{"url":"https:\/\/a.nel.cloudflare.com\/report\/v3?s=TTfMbjX7hzg6d%2FXbevEjlC5suYq2T75UQf32fH2ZxngZ0uHgmDRTB59kf071NBGiZ%2FZ2qjTrEUDAYAZBblb89hueBFRZ1h7h02VTozGkz6OM1X9yDohRNoqIhP%2Bzo2he%2FHKIPG0T78lrR7xHGg6M"}],"group":"cf-nel","max_age":604800}
1 < NEL: {"success_fraction":0,"report_to":"cf-nel","max_age":604800}
1 < Server: cloudflare
1 < CF-RAY: 7c5ab6e00e570710-CPT
1 < alt-svc: h3=":443"; ma=86400, h3-29=":443"; ma=86400
{
  "postId": 1,
  "id": 1,
  "name": "id labore ex et quam laborum",
  "email": "Eliseo@gardner.biz",
  "body": "laudantium enim quasi est quidem magnam voluptate ipsam eos\ntempora quo necessitatibus\ndolor quam autem quasi\nreiciendis et nam sapiente accusantium"
}

15:19:35.138 [main] DEBUG com.jayway.jsonpath.internal.path.CompiledPath - Evaluating path: $
15:19:35.245 [Finalizer] DEBUG org.apache.http.impl.conn.PoolingHttpClientConnectionManager - Connection manager is shutting down
15:19:35.248 [Finalizer] DEBUG org.apache.http.impl.conn.DefaultManagedHttpClientConnection - http-outgoing-1: Shutdown connection
15:19:35.248 [Finalizer] DEBUG org.apache.http.impl.conn.PoolingHttpClientConnectionManager - Connection manager shut down
15:19:35.943 [main] DEBUG org.thymeleaf.TemplateEngine - [THYMELEAF] INITIALIZING TEMPLATE ENGINE
15:19:36.963 [Finalizer] DEBUG org.apache.http.impl.conn.PoolingHttpClientConnectionManager - Connection manager is shutting down
15:19:36.963 [Finalizer] DEBUG org.apache.http.impl.conn.DefaultManagedHttpClientConnection - http-outgoing-0: Shutdown connection
15:19:36.963 [Finalizer] DEBUG org.apache.http.impl.conn.PoolingHttpClientConnectionManager - Connection manager shut down
15:19:37.657 [main] DEBUG org.thymeleaf.TemplateEngine.CONFIG - Initializing Thymeleaf Template engine configuration...
[THYMELEAF] TEMPLATE ENGINE CONFIGURATION:
[THYMELEAF] * Thymeleaf version: 3.0.14.RELEASE (built 2021-12-08T00:45:29+0000)
[THYMELEAF] * Cache Manager implementation: org.thymeleaf.cache.StandardCacheManager
[THYMELEAF] * Template resolvers:
[THYMELEAF]     * [1] com.intuit.karate.template.ResourceHtmlTemplateResolver
[THYMELEAF] * Message resolvers:
[THYMELEAF]     * org.thymeleaf.messageresolver.StandardMessageResolver
[THYMELEAF] * Link builders:
[THYMELEAF]     * org.thymeleaf.linkbuilder.StandardLinkBuilder
[THYMELEAF] * Dialect [1 of 2]: Standard (com.intuit.karate.template.KarateStandardDialect)
[THYMELEAF]     * Prefix: "th"
[THYMELEAF]     * Processors for Template Mode: HTML
[THYMELEAF]         * Element Tag Processors by [matching element and attribute name] [precedence]:
[THYMELEAF]             * [* {th:include,data-th-include}] [100]: org.thymeleaf.standard.processor.StandardIncludeTagProcessor
[THYMELEAF]             * [* {th:insert,data-th-insert}] [100]: org.thymeleaf.standard.processor.StandardInsertTagProcessor
[THYMELEAF]             * [* {th:replace,data-th-replace}] [100]: org.thymeleaf.standard.processor.StandardReplaceTagProcessor
[THYMELEAF]             * [* {th:substituteby,data-th-substituteby}] [100]: org.thymeleaf.standard.processor.StandardSubstituteByTagProcessor
[THYMELEAF]             * [* {th:each,data-th-each}] [200]: com.intuit.karate.template.KarateEachTagProcessor
[THYMELEAF]             * [* {th:switch,data-th-switch}] [250]: org.thymeleaf.standard.processor.StandardSwitchTagProcessor
[THYMELEAF]             * [* {th:case,data-th-case}] [275]: org.thymeleaf.standard.processor.StandardCaseTagProcessor
[THYMELEAF]             * [* {th:if,data-th-if}] [300]: org.thymeleaf.standard.processor.StandardIfTagProcessor
[THYMELEAF]             * [* {th:unless,data-th-unless}] [400]: org.thymeleaf.standard.processor.StandardUnlessTagProcessor
[THYMELEAF]             * [* {th:object,data-th-object}] [500]: org.thymeleaf.standard.processor.StandardObjectTagProcessor
[THYMELEAF]             * [* {th:with,data-th-with}] [600]: com.intuit.karate.template.KarateWithTagProcessor
[THYMELEAF]             * [* {th:attr,data-th-attr}] [700]: com.intuit.karate.template.KarateAttributeTagProcessor.KarateAttrTagProcessor
[THYMELEAF]             * [* {th:attrappend,data-th-attrappend}] [900]: com.intuit.karate.template.KarateAttributeTagProcessor.KarateAttrappendTagProcessor
[THYMELEAF]             * [* {th:attrprepend,data-th-attrprepend}] [900]: com.intuit.karate.template.KarateAttributeTagProcessor.KarateAttrprependTagProcessor
[THYMELEAF]             * [* {th:alt-title,data-th-alt-title}] [990]: org.thymeleaf.standard.processor.StandardAltTitleTagProcessor
[THYMELEAF]             * [* {th:lang-xmllang,data-th-lang-xmllang}] [990]: org.thymeleaf.standard.processor.StandardLangXmlLangTagProcessor
[THYMELEAF]             * [* {th:action,data-th-action}] [1000]: org.thymeleaf.standard.processor.StandardActionTagProcessor
[THYMELEAF]             * [* {th:disabled,data-th-disabled}] [1000]: org.thymeleaf.standard.processor.StandardConditionalFixedValueTagProcessor
[THYMELEAF]             * [* {th:nowrap,data-th-nowrap}] [1000]: org.thymeleaf.standard.processor.StandardConditionalFixedValueTagProcessor
[THYMELEAF]             * [* {th:autofocus,data-th-autofocus}] [1000]: org.thymeleaf.standard.processor.StandardConditionalFixedValueTagProcessor
[THYMELEAF]             * [* {th:readonly,data-th-readonly}] [1000]: org.thymeleaf.standard.processor.StandardConditionalFixedValueTagProcessor
[THYMELEAF]             * [* {th:default,data-th-default}] [1000]: org.thymeleaf.standard.processor.StandardConditionalFixedValueTagProcessor
[THYMELEAF]             * [* {th:multiple,data-th-multiple}] [1000]: org.thymeleaf.standard.processor.StandardConditionalFixedValueTagProcessor
[THYMELEAF]             * [* {th:defer,data-th-defer}] [1000]: org.thymeleaf.standard.processor.StandardConditionalFixedValueTagProcessor
[THYMELEAF]             * [* {th:scoped,data-th-scoped}] [1000]: org.thymeleaf.standard.processor.StandardConditionalFixedValueTagProcessor
[THYMELEAF]             * [* {th:loop,data-th-loop}] [1000]: org.thymeleaf.standard.processor.StandardConditionalFixedValueTagProcessor
[THYMELEAF]             * [* {th:seamless,data-th-seamless}] [1000]: org.thymeleaf.standard.processor.StandardConditionalFixedValueTagProcessor
[THYMELEAF]             * [* {th:hidden,data-th-hidden}] [1000]: org.thymeleaf.standard.processor.StandardConditionalFixedValueTagProcessor
[THYMELEAF]             * [* {th:declare,data-th-declare}] [1000]: org.thymeleaf.standard.processor.StandardConditionalFixedValueTagProcessor
[THYMELEAF]             * [* {th:formnovalidate,data-th-formnovalidate}] [1000]: org.thymeleaf.standard.processor.StandardConditionalFixedValueTagProcessor
[THYMELEAF]             * [* {th:reversed,data-th-reversed}] [1000]: org.thymeleaf.standard.processor.StandardConditionalFixedValueTagProcessor
[THYMELEAF]             * [* {th:controls,data-th-controls}] [1000]: org.thymeleaf.standard.processor.StandardConditionalFixedValueTagProcessor
[THYMELEAF]             * [* {th:checked,data-th-checked}] [1000]: org.thymeleaf.standard.processor.StandardConditionalFixedValueTagProcessor
[THYMELEAF]             * [* {th:novalidate,data-th-novalidate}] [1000]: org.thymeleaf.standard.processor.StandardConditionalFixedValueTagProcessor
[THYMELEAF]             * [* {th:required,data-th-required}] [1000]: org.thymeleaf.standard.processor.StandardConditionalFixedValueTagProcessor
[THYMELEAF]             * [* {th:ismap,data-th-ismap}] [1000]: org.thymeleaf.standard.processor.StandardConditionalFixedValueTagProcessor
[THYMELEAF]             * [* {th:selected,data-th-selected}] [1000]: org.thymeleaf.standard.processor.StandardConditionalFixedValueTagProcessor
[THYMELEAF]             * [* {th:open,data-th-open}] [1000]: org.thymeleaf.standard.processor.StandardConditionalFixedValueTagProcessor
[THYMELEAF]             * [* {th:pubdate,data-th-pubdate}] [1000]: org.thymeleaf.standard.processor.StandardConditionalFixedValueTagProcessor
[THYMELEAF]             * [* {th:async,data-th-async}] [1000]: org.thymeleaf.standard.processor.StandardConditionalFixedValueTagProcessor
[THYMELEAF]             * [* {th:autoplay,data-th-autoplay}] [1000]: org.thymeleaf.standard.processor.StandardConditionalFixedValueTagProcessor
[THYMELEAF]             * [* {th:onformchange,data-th-onformchange}] [1000]: org.thymeleaf.standard.processor.StandardDOMEventAttributeTagProcessor
[THYMELEAF]             * [* {th:onloadedmetadata,data-th-onloadedmetadata}] [1000]: org.thymeleaf.standard.processor.StandardDOMEventAttributeTagProcessor
[THYMELEAF]             * [* {th:onkeyup,data-th-onkeyup}] [1000]: org.thymeleaf.standard.processor.StandardDOMEventAttributeTagProcessor
[THYMELEAF]             * [* {th:oncontextmenu,data-th-oncontextmenu}] [1000]: org.thymeleaf.standard.processor.StandardDOMEventAttributeTagProcessor
[THYMELEAF]             * [* {th:onended,data-th-onended}] [1000]: org.thymeleaf.standard.processor.StandardDOMEventAttributeTagProcessor
[THYMELEAF]             * [* {th:onplay,data-th-onplay}] [1000]: org.thymeleaf.standard.processor.StandardDOMEventAttributeTagProcessor
[THYMELEAF]             * [* {th:onbeforeprint,data-th-onbeforeprint}] [1000]: org.thymeleaf.standard.processor.StandardDOMEventAttributeTagProcessor
[THYMELEAF]             * [* {th:onhashchange,data-th-onhashchange}] [1000]: org.thymeleaf.standard.processor.StandardDOMEventAttributeTagProcessor
[THYMELEAF]             * [* {th:onplaying,data-th-onplaying}] [1000]: org.thymeleaf.standard.processor.StandardDOMEventAttributeTagProcessor
[THYMELEAF]             * [* {th:onkeydown,data-th-onkeydown}] [1000]: org.thymeleaf.standard.processor.StandardDOMEventAttributeTagProcessor
[THYMELEAF]             * [* {th:ontimeupdate,data-th-ontimeupdate}] [1000]: org.thymeleaf.standard.processor.StandardDOMEventAttributeTagProcessor
[THYMELEAF]             * [* {th:onforminput,data-th-onforminput}] [1000]: org.thymeleaf.standard.processor.StandardDOMEventAttributeTagProcessor
[THYMELEAF]             * [* {th:onmousedown,data-th-onmousedown}] [1000]: org.thymeleaf.standard.processor.StandardDOMEventAttributeTagProcessor
[THYMELEAF]             * [* {th:onclick,data-th-onclick}] [1000]: org.thymeleaf.standard.processor.StandardDOMEventAttributeTagProcessor
[THYMELEAF]             * [* {th:onsuspend,data-th-onsuspend}] [1000]: org.thymeleaf.standard.processor.StandardDOMEventAttributeTagProcessor
[THYMELEAF]             * [* {th:onloadeddata,data-th-onloadeddata}] [1000]: org.thymeleaf.standard.processor.StandardDOMEventAttributeTagProcessor
[THYMELEAF]             * [* {th:ondragstart,data-th-ondragstart}] [1000]: org.thymeleaf.standard.processor.StandardDOMEventAttributeTagProcessor
[THYMELEAF]             * [* {th:onpopstate,data-th-onpopstate}] [1000]: org.thymeleaf.standard.processor.StandardDOMEventAttributeTagProcessor
[THYMELEAF]             * [* {th:onblur,data-th-onblur}] [1000]: org.thymeleaf.standard.processor.StandardDOMEventAttributeTagProcessor
[THYMELEAF]             * [* {th:oncanplaythrough,data-th-oncanplaythrough}] [1000]: org.thymeleaf.standard.processor.StandardDOMEventAttributeTagProcessor
[THYMELEAF]             * [* {th:onredo,data-th-onredo}] [1000]: org.thymeleaf.standard.processor.StandardDOMEventAttributeTagProcessor
[THYMELEAF]             * [* {th:oninvalid,data-th-oninvalid}] [1000]: org.thymeleaf.standard.processor.StandardDOMEventAttributeTagProcessor
[THYMELEAF]             * [* {th:onseeked,data-th-onseeked}] [1000]: org.thymeleaf.standard.processor.StandardDOMEventAttributeTagProcessor
[THYMELEAF]             * [* {th:onemptied,data-th-onemptied}] [1000]: org.thymeleaf.standard.processor.StandardDOMEventAttributeTagProcessor
[THYMELEAF]             * [* {th:onafterprint,data-th-onafterprint}] [1000]: org.thymeleaf.standard.processor.StandardDOMEventAttributeTagProcessor
[THYMELEAF]             * [* {th:ondurationchange,data-th-ondurationchange}] [1000]: org.thymeleaf.standard.processor.StandardDOMEventAttributeTagProcessor
[THYMELEAF]             * [* {th:onkeypress,data-th-onkeypress}] [1000]: org.thymeleaf.standard.processor.StandardDOMEventAttributeTagProcessor
[THYMELEAF]             * [* {th:ondragenter,data-th-ondragenter}] [1000]: org.thymeleaf.standard.processor.StandardDOMEventAttributeTagProcessor
[THYMELEAF]             * [* {th:onload,data-th-onload}] [1000]: org.thymeleaf.standard.processor.StandardDOMEventAttributeTagProcessor
[THYMELEAF]             * [* {th:onratechange,data-th-onratechange}] [1000]: org.thymeleaf.standard.processor.StandardDOMEventAttributeTagProcessor
[THYMELEAF]             * [* {th:onbeforeunload,data-th-onbeforeunload}] [1000]: org.thymeleaf.standard.processor.StandardDOMEventAttributeTagProcessor
[THYMELEAF]             * [* {th:onvolumechange,data-th-onvolumechange}] [1000]: org.thymeleaf.standard.processor.StandardDOMEventAttributeTagProcessor
[THYMELEAF]             * [* {th:onloadstart,data-th-onloadstart}] [1000]: org.thymeleaf.standard.processor.StandardDOMEventAttributeTagProcessor
[THYMELEAF]             * [* {th:onprogress,data-th-onprogress}] [1000]: org.thymeleaf.standard.processor.StandardDOMEventAttributeTagProcessor
[THYMELEAF]             * [* {th:ondragend,data-th-ondragend}] [1000]: org.thymeleaf.standard.processor.StandardDOMEventAttributeTagProcessor
[THYMELEAF]             * [* {th:onscroll,data-th-onscroll}] [1000]: org.thymeleaf.standard.processor.StandardDOMEventAttributeTagProcessor
[THYMELEAF]             * [* {th:ondragleave,data-th-ondragleave}] [1000]: org.thymeleaf.standard.processor.StandardDOMEventAttributeTagProcessor
[THYMELEAF]             * [* {th:onreset,data-th-onreset}] [1000]: org.thymeleaf.standard.processor.StandardDOMEventAttributeTagProcessor
[THYMELEAF]             * [* {th:onchange,data-th-onchange}] [1000]: org.thymeleaf.standard.processor.StandardDOMEventAttributeTagProcessor
[THYMELEAF]             * [* {th:oncanplay,data-th-oncanplay}] [1000]: org.thymeleaf.standard.processor.StandardDOMEventAttributeTagProcessor
[THYMELEAF]             * [* {th:ondrag,data-th-ondrag}] [1000]: org.thymeleaf.standard.processor.StandardDOMEventAttributeTagProcessor
[THYMELEAF]             * [* {th:onmousewheel,data-th-onmousewheel}] [1000]: org.thymeleaf.standard.processor.StandardDOMEventAttributeTagProcessor
[THYMELEAF]             * [* {th:onstorage,data-th-onstorage}] [1000]: org.thymeleaf.standard.processor.StandardDOMEventAttributeTagProcessor
[THYMELEAF]             * [* {th:onoffline,data-th-onoffline}] [1000]: org.thymeleaf.standard.processor.StandardDOMEventAttributeTagProcessor
[THYMELEAF]             * [* {th:ondblclick,data-th-ondblclick}] [1000]: org.thymeleaf.standard.processor.StandardDOMEventAttributeTagProcessor
[THYMELEAF]             * [* {th:onmessage,data-th-onmessage}] [1000]: org.thymeleaf.standard.processor.StandardDOMEventAttributeTagProcessor
[THYMELEAF]             * [* {th:onselect,data-th-onselect}] [1000]: org.thymeleaf.standard.processor.StandardDOMEventAttributeTagProcessor
[THYMELEAF]             * [* {th:onwaiting,data-th-onwaiting}] [1000]: org.thymeleaf.standard.processor.StandardDOMEventAttributeTagProcessor
[THYMELEAF]             * [* {th:onfocus,data-th-onfocus}] [1000]: org.thymeleaf.standard.processor.StandardDOMEventAttributeTagProcessor
[THYMELEAF]             * [* {th:onstalled,data-th-onstalled}] [1000]: org.thymeleaf.standard.processor.StandardDOMEventAttributeTagProcessor
[THYMELEAF]             * [* {th:onmouseup,data-th-onmouseup}] [1000]: org.thymeleaf.standard.processor.StandardDOMEventAttributeTagProcessor
[THYMELEAF]             * [* {th:onsubmit,data-th-onsubmit}] [1000]: org.thymeleaf.standard.processor.StandardDOMEventAttributeTagProcessor
[THYMELEAF]             * [* {th:onmousemove,data-th-onmousemove}] [1000]: org.thymeleaf.standard.processor.StandardDOMEventAttributeTagProcessor
[THYMELEAF]             * [* {th:onmouseover,data-th-onmouseover}] [1000]: org.thymeleaf.standard.processor.StandardDOMEventAttributeTagProcessor
[THYMELEAF]             * [* {th:oninput,data-th-oninput}] [1000]: org.thymeleaf.standard.processor.StandardDOMEventAttributeTagProcessor
[THYMELEAF]             * [* {th:onerror,data-th-onerror}] [1000]: org.thymeleaf.standard.processor.StandardDOMEventAttributeTagProcessor
[THYMELEAF]             * [* {th:onseeking,data-th-onseeking}] [1000]: org.thymeleaf.standard.processor.StandardDOMEventAttributeTagProcessor
[THYMELEAF]             * [* {th:onresize,data-th-onresize}] [1000]: org.thymeleaf.standard.processor.StandardDOMEventAttributeTagProcessor
[THYMELEAF]             * [* {th:onshow,data-th-onshow}] [1000]: org.thymeleaf.standard.processor.StandardDOMEventAttributeTagProcessor
[THYMELEAF]             * [* {th:onunload,data-th-onunload}] [1000]: org.thymeleaf.standard.processor.StandardDOMEventAttributeTagProcessor
[THYMELEAF]             * [* {th:onundo,data-th-onundo}] [1000]: org.thymeleaf.standard.processor.StandardDOMEventAttributeTagProcessor
[THYMELEAF]             * [* {th:onpause,data-th-onpause}] [1000]: org.thymeleaf.standard.processor.StandardDOMEventAttributeTagProcessor
[THYMELEAF]             * [* {th:ondrop,data-th-ondrop}] [1000]: org.thymeleaf.standard.processor.StandardDOMEventAttributeTagProcessor
[THYMELEAF]             * [* {th:ondragover,data-th-ondragover}] [1000]: org.thymeleaf.standard.processor.StandardDOMEventAttributeTagProcessor
[THYMELEAF]             * [* {th:onreadystatechange,data-th-onreadystatechange}] [1000]: org.thymeleaf.standard.processor.StandardDOMEventAttributeTagProcessor
[THYMELEAF]             * [* {th:onmouseout,data-th-onmouseout}] [1000]: org.thymeleaf.standard.processor.StandardDOMEventAttributeTagProcessor
[THYMELEAF]             * [* {th:ononline,data-th-ononline}] [1000]: org.thymeleaf.standard.processor.StandardDOMEventAttributeTagProcessor
[THYMELEAF]             * [* {th:onabort,data-th-onabort}] [1000]: org.thymeleaf.standard.processor.StandardDOMEventAttributeTagProcessor
[THYMELEAF]             * [* {th:href,data-th-href}] [1000]: org.thymeleaf.standard.processor.StandardHrefTagProcessor
[THYMELEAF]             * [* {th:inline,data-th-inline}] [1000]: org.thymeleaf.standard.processor.StandardInlineHTMLTagProcessor
[THYMELEAF]             * [* {th:method,data-th-method}] [1000]: org.thymeleaf.standard.processor.StandardMethodTagProcessor
[THYMELEAF]             * [* {th:type,data-th-type}] [1000]: org.thymeleaf.standard.processor.StandardNonRemovableAttributeTagProcessor
[THYMELEAF]             * [* {th:name,data-th-name}] [1000]: org.thymeleaf.standard.processor.StandardNonRemovableAttributeTagProcessor
[THYMELEAF]             * [* {th:high,data-th-high}] [1000]: org.thymeleaf.standard.processor.StandardRemovableAttributeTagProcessor
[THYMELEAF]             * [* {th:media,data-th-media}] [1000]: org.thymeleaf.standard.processor.StandardRemovableAttributeTagProcessor
[THYMELEAF]             * [* {th:list,data-th-list}] [1000]: org.thymeleaf.standard.processor.StandardRemovableAttributeTagProcessor
[THYMELEAF]             * [* {th:pattern,data-th-pattern}] [1000]: org.thymeleaf.standard.processor.StandardRemovableAttributeTagProcessor
[THYMELEAF]             * [* {th:keytype,data-th-keytype}] [1000]: org.thymeleaf.standard.processor.StandardRemovableAttributeTagProcessor
[THYMELEAF]             * [* {th:valuetype,data-th-valuetype}] [1000]: org.thymeleaf.standard.processor.StandardRemovableAttributeTagProcessor
[THYMELEAF]             * [* {th:archive,data-th-archive}] [1000]: org.thymeleaf.standard.processor.StandardRemovableAttributeTagProcessor
[THYMELEAF]             * [* {th:formaction,data-th-formaction}] [1000]: org.thymeleaf.standard.processor.StandardRemovableAttributeTagProcessor
[THYMELEAF]             * [* {th:accesskey,data-th-accesskey}] [1000]: org.thymeleaf.standard.processor.StandardRemovableAttributeTagProcessor
[THYMELEAF]             * [* {th:preload,data-th-preload}] [1000]: org.thymeleaf.standard.processor.StandardRemovableAttributeTagProcessor
[THYMELEAF]             * [* {th:hspace,data-th-hspace}] [1000]: org.thymeleaf.standard.processor.StandardRemovableAttributeTagProcessor
[THYMELEAF]             * [* {th:form,data-th-form}] [1000]: org.thymeleaf.standard.processor.StandardRemovableAttributeTagProcessor
[THYMELEAF]             * [* {th:headers,data-th-headers}] [1000]: org.thymeleaf.standard.processor.StandardRemovableAttributeTagProcessor
[THYMELEAF]             * [* {th:scope,data-th-scope}] [1000]: org.thymeleaf.standard.processor.StandardRemovableAttributeTagProcessor
[THYMELEAF]             * [* {th:rows,data-th-rows}] [1000]: org.thymeleaf.standard.processor.StandardRemovableAttributeTagProcessor
[THYMELEAF]             * [* {th:style,data-th-style}] [1000]: org.thymeleaf.standard.processor.StandardRemovableAttributeTagProcessor
[THYMELEAF]             * [* {th:codebase,data-th-codebase}] [1000]: org.thymeleaf.standard.processor.StandardRemovableAttributeTagProcessor
[THYMELEAF]             * [* {th:formmethod,data-th-formmethod}] [1000]: org.thymeleaf.standard.processor.StandardRemovableAttributeTagProcessor
[THYMELEAF]             * [* {th:rules,data-th-rules}] [1000]: org.thymeleaf.standard.processor.StandardRemovableAttributeTagProcessor
[THYMELEAF]             * [* {th:max,data-th-max}] [1000]: org.thymeleaf.standard.processor.StandardRemovableAttributeTagProcessor
[THYMELEAF]             * [* {th:cite,data-th-cite}] [1000]: org.thymeleaf.standard.processor.StandardRemovableAttributeTagProcessor
[THYMELEAF]             * [* {th:manifest,data-th-manifest}] [1000]: org.thymeleaf.standard.processor.StandardRemovableAttributeTagProcessor
[THYMELEAF]             * [* {th:dir,data-th-dir}] [1000]: org.thymeleaf.standard.processor.StandardRemovableAttributeTagProcessor
[THYMELEAF]             * [* {th:srclang,data-th-srclang}] [1000]: org.thymeleaf.standard.processor.StandardRemovableAttributeTagProcessor
[THYMELEAF]             * [* {th:cellspacing,data-th-cellspacing}] [1000]: org.thymeleaf.standard.processor.StandardRemovableAttributeTagProcessor
[THYMELEAF]             * [* {th:placeholder,data-th-placeholder}] [1000]: org.thymeleaf.standard.processor.StandardRemovableAttributeTagProcessor
[THYMELEAF]             * [* {th:for,data-th-for}] [1000]: org.thymeleaf.standard.processor.StandardRemovableAttributeTagProcessor
[THYMELEAF]             * [* {th:dropzone,data-th-dropzone}] [1000]: org.thymeleaf.standard.processor.StandardRemovableAttributeTagProcessor
[THYMELEAF]             * [* {th:min,data-th-min}] [1000]: org.thymeleaf.standard.processor.StandardRemovableAttributeTagProcessor
[THYMELEAF]             * [* {th:alt,data-th-alt}] [1000]: org.thymeleaf.standard.processor.StandardRemovableAttributeTagProcessor
[THYMELEAF]             * [* {th:colspan,data-th-colspan}] [1000]: org.thymeleaf.standard.processor.StandardRemovableAttributeTagProcessor
[THYMELEAF]             * [* {th:background,data-th-background}] [1000]: org.thymeleaf.standard.processor.StandardRemovableAttributeTagProcessor
[THYMELEAF]             * [* {th:optimum,data-th-optimum}] [1000]: org.thymeleaf.standard.processor.StandardRemovableAttributeTagProcessor
[THYMELEAF]             * [* {th:tabindex,data-th-tabindex}] [1000]: org.thymeleaf.standard.processor.StandardRemovableAttributeTagProcessor
[THYMELEAF]             * [* {th:marginwidth,data-th-marginwidth}] [1000]: org.thymeleaf.standard.processor.StandardRemovableAttributeTagProcessor
[THYMELEAF]             * [* {th:formtarget,data-th-formtarget}] [1000]: org.thymeleaf.standard.processor.StandardRemovableAttributeTagProcessor
[THYMELEAF]             * [* {th:align,data-th-align}] [1000]: org.thymeleaf.standard.processor.StandardRemovableAttributeTagProcessor
[THYMELEAF]             * [* {th:low,data-th-low}] [1000]: org.thymeleaf.standard.processor.StandardRemovableAttributeTagProcessor
[THYMELEAF]             * [* {th:datetime,data-th-datetime}] [1000]: org.thymeleaf.standard.processor.StandardRemovableAttributeTagProcessor
[THYMELEAF]             * [* {th:wrap,data-th-wrap}] [1000]: org.thymeleaf.standard.processor.StandardRemovableAttributeTagProcessor
[THYMELEAF]             * [* {th:autocomplete,data-th-autocomplete}] [1000]: org.thymeleaf.standard.processor.StandardRemovableAttributeTagProcessor
[THYMELEAF]             * [* {th:frame,data-th-frame}] [1000]: org.thymeleaf.standard.processor.StandardRemovableAttributeTagProcessor
[THYMELEAF]             * [* {th:sizes,data-th-sizes}] [1000]: org.thymeleaf.standard.processor.StandardRemovableAttributeTagProcessor
[THYMELEAF]             * [* {th:spellcheck,data-th-spellcheck}] [1000]: org.thymeleaf.standard.processor.StandardRemovableAttributeTagProcessor
[THYMELEAF]             * [* {th:radiogroup,data-th-radiogroup}] [1000]: org.thymeleaf.standard.processor.StandardRemovableAttributeTagProcessor
[THYMELEAF]             * [* {th:start,data-th-start}] [1000]: org.thymeleaf.standard.processor.StandardRemovableAttributeTagProcessor
[THYMELEAF]             * [* {th:target,data-th-target}] [1000]: org.thymeleaf.standard.processor.StandardRemovableAttributeTagProcessor
[THYMELEAF]             * [* {th:vspace,data-th-vspace}] [1000]: org.thymeleaf.standard.processor.StandardRemovableAttributeTagProcessor
[THYMELEAF]             * [* {th:width,data-th-width}] [1000]: org.thymeleaf.standard.processor.StandardRemovableAttributeTagProcessor
[THYMELEAF]             * [* {th:standby,data-th-standby}] [1000]: org.thymeleaf.standard.processor.StandardRemovableAttributeTagProcessor
[THYMELEAF]             * [* {th:contextmenu,data-th-contextmenu}] [1000]: org.thymeleaf.standard.processor.StandardRemovableAttributeTagProcessor
[THYMELEAF]             * [* {th:frameborder,data-th-frameborder}] [1000]: org.thymeleaf.standard.processor.StandardRemovableAttributeTagProcessor
[THYMELEAF]             * [* {th:border,data-th-border}] [1000]: org.thymeleaf.standard.processor.StandardRemovableAttributeTagProcessor
[THYMELEAF]             * [* {th:scrolling,data-th-scrolling}] [1000]: org.thymeleaf.standard.processor.StandardRemovableAttributeTagProcessor
[THYMELEAF]             * [* {th:axis,data-th-axis}] [1000]: org.thymeleaf.standard.processor.StandardRemovableAttributeTagProcessor
[THYMELEAF]             * [* {th:label,data-th-label}] [1000]: org.thymeleaf.standard.processor.StandardRemovableAttributeTagProcessor
[THYMELEAF]             * [* {th:hreflang,data-th-hreflang}] [1000]: org.thymeleaf.standard.processor.StandardRemovableAttributeTagProcessor
[THYMELEAF]             * [* {th:icon,data-th-icon}] [1000]: org.thymeleaf.standard.processor.StandardRemovableAttributeTagProcessor
[THYMELEAF]             * [* {th:contenteditable,data-th-contenteditable}] [1000]: org.thymeleaf.standard.processor.StandardRemovableAttributeTagProcessor
[THYMELEAF]             * [* {th:accept-charset,data-th-accept-charset}] [1000]: org.thymeleaf.standard.processor.StandardRemovableAttributeTagProcessor
[THYMELEAF]             * [* {th:rel,data-th-rel}] [1000]: org.thymeleaf.standard.processor.StandardRemovableAttributeTagProcessor
[THYMELEAF]             * [* {th:cellpadding,data-th-cellpadding}] [1000]: org.thymeleaf.standard.processor.StandardRemovableAttributeTagProcessor
[THYMELEAF]             * [* {th:lang,data-th-lang}] [1000]: org.thymeleaf.standard.processor.StandardRemovableAttributeTagProcessor
[THYMELEAF]             * [* {th:step,data-th-step}] [1000]: org.thymeleaf.standard.processor.StandardRemovableAttributeTagProcessor
[THYMELEAF]             * [* {th:compact,data-th-compact}] [1000]: org.thymeleaf.standard.processor.StandardRemovableAttributeTagProcessor
[THYMELEAF]             * [* {th:id,data-th-id}] [1000]: org.thymeleaf.standard.processor.StandardRemovableAttributeTagProcessor
[THYMELEAF]             * [* {th:classid,data-th-classid}] [1000]: org.thymeleaf.standard.processor.StandardRemovableAttributeTagProcessor
[THYMELEAF]             * [* {th:rowspan,data-th-rowspan}] [1000]: org.thymeleaf.standard.processor.StandardRemovableAttributeTagProcessor
[THYMELEAF]             * [* {th:bgcolor,data-th-bgcolor}] [1000]: org.thymeleaf.standard.processor.StandardRemovableAttributeTagProcessor
[THYMELEAF]             * [* {th:kind,data-th-kind}] [1000]: org.thymeleaf.standard.processor.StandardRemovableAttributeTagProcessor
[THYMELEAF]             * [* {th:http-equiv,data-th-http-equiv}] [1000]: org.thymeleaf.standard.processor.StandardRemovableAttributeTagProcessor
[THYMELEAF]             * [* {th:enctype,data-th-enctype}] [1000]: org.thymeleaf.standard.processor.StandardRemovableAttributeTagProcessor
[THYMELEAF]             * [* {th:data,data-th-data}] [1000]: org.thymeleaf.standard.processor.StandardRemovableAttributeTagProcessor
[THYMELEAF]             * [* {th:summary,data-th-summary}] [1000]: org.thymeleaf.standard.processor.StandardRemovableAttributeTagProcessor
[THYMELEAF]             * [* {th:formenctype,data-th-formenctype}] [1000]: org.thymeleaf.standard.processor.StandardRemovableAttributeTagProcessor
[THYMELEAF]             * [* {th:abbr,data-th-abbr}] [1000]: org.thymeleaf.standard.processor.StandardRemovableAttributeTagProcessor
[THYMELEAF]             * [* {th:cols,data-th-cols}] [1000]: org.thymeleaf.standard.processor.StandardRemovableAttributeTagProcessor
[THYMELEAF]             * [* {th:sandbox,data-th-sandbox}] [1000]: org.thymeleaf.standard.processor.StandardRemovableAttributeTagProcessor
[THYMELEAF]             * [* {th:span,data-th-span}] [1000]: org.thymeleaf.standard.processor.StandardRemovableAttributeTagProcessor
[THYMELEAF]             * [* {th:content,data-th-content}] [1000]: org.thymeleaf.standard.processor.StandardRemovableAttributeTagProcessor
[THYMELEAF]             * [* {th:audio,data-th-audio}] [1000]: org.thymeleaf.standard.processor.StandardRemovableAttributeTagProcessor
[THYMELEAF]             * [* {th:size,data-th-size}] [1000]: org.thymeleaf.standard.processor.StandardRemovableAttributeTagProcessor
[THYMELEAF]             * [* {th:draggable,data-th-draggable}] [1000]: org.thymeleaf.standard.processor.StandardRemovableAttributeTagProcessor
[THYMELEAF]             * [* {th:usemap,data-th-usemap}] [1000]: org.thymeleaf.standard.processor.StandardRemovableAttributeTagProcessor
[THYMELEAF]             * [* {th:maxlength,data-th-maxlength}] [1000]: org.thymeleaf.standard.processor.StandardRemovableAttributeTagProcessor
[THYMELEAF]             * [* {th:rev,data-th-rev}] [1000]: org.thymeleaf.standard.processor.StandardRemovableAttributeTagProcessor
[THYMELEAF]             * [* {th:challenge,data-th-challenge}] [1000]: org.thymeleaf.standard.processor.StandardRemovableAttributeTagProcessor
[THYMELEAF]             * [* {th:codetype,data-th-codetype}] [1000]: org.thymeleaf.standard.processor.StandardRemovableAttributeTagProcessor
[THYMELEAF]             * [* {th:title,data-th-title}] [1000]: org.thymeleaf.standard.processor.StandardRemovableAttributeTagProcessor
[THYMELEAF]             * [* {th:poster,data-th-poster}] [1000]: org.thymeleaf.standard.processor.StandardRemovableAttributeTagProcessor
[THYMELEAF]             * [* {th:height,data-th-height}] [1000]: org.thymeleaf.standard.processor.StandardRemovableAttributeTagProcessor
[THYMELEAF]             * [* {th:charset,data-th-charset}] [1000]: org.thymeleaf.standard.processor.StandardRemovableAttributeTagProcessor
[THYMELEAF]             * [* {th:marginheight,data-th-marginheight}] [1000]: org.thymeleaf.standard.processor.StandardRemovableAttributeTagProcessor
[THYMELEAF]             * [* {th:longdesc,data-th-longdesc}] [1000]: org.thymeleaf.standard.processor.StandardRemovableAttributeTagProcessor
[THYMELEAF]             * [* {th:class,data-th-class}] [1000]: org.thymeleaf.standard.processor.StandardRemovableAttributeTagProcessor
[THYMELEAF]             * [* {th:accept,data-th-accept}] [1000]: org.thymeleaf.standard.processor.StandardRemovableAttributeTagProcessor
[THYMELEAF]             * [* {th:scheme,data-th-scheme}] [1000]: org.thymeleaf.standard.processor.StandardRemovableAttributeTagProcessor
[THYMELEAF]             * [* {th:src,data-th-src}] [1000]: org.thymeleaf.standard.processor.StandardSrcTagProcessor
[THYMELEAF]             * [* {th:value,data-th-value}] [1000]: org.thymeleaf.standard.processor.StandardValueTagProcessor
[THYMELEAF]             * [* {th:xmlbase,data-th-xmlbase}] [1000]: org.thymeleaf.standard.processor.StandardXmlBaseTagProcessor
[THYMELEAF]             * [* {th:xmllang,data-th-xmllang}] [1000]: org.thymeleaf.standard.processor.StandardXmlLangTagProcessor
[THYMELEAF]             * [* {xmlns:th}] [1000]: org.thymeleaf.standard.processor.StandardXmlNsTagProcessor
[THYMELEAF]             * [* {th:xmlspace,data-th-xmlspace}] [1000]: org.thymeleaf.standard.processor.StandardXmlSpaceTagProcessor
[THYMELEAF]             * [* {th:classappend,data-th-classappend}] [1100]: org.thymeleaf.standard.processor.StandardClassappendTagProcessor
[THYMELEAF]             * [* {th:styleappend,data-th-styleappend}] [1100]: org.thymeleaf.standard.processor.StandardStyleappendTagProcessor
[THYMELEAF]             * [* {th:text,data-th-text}] [1300]: org.thymeleaf.standard.processor.StandardTextTagProcessor
[THYMELEAF]             * [* {th:utext,data-th-utext}] [1400]: org.thymeleaf.standard.processor.StandardUtextTagProcessor
[THYMELEAF]             * [* {th:fragment,data-th-fragment}] [1500]: org.thymeleaf.standard.processor.StandardFragmentTagProcessor
[THYMELEAF]             * [* {th:assert,data-th-assert}] [1550]: org.thymeleaf.standard.processor.StandardAssertTagProcessor
[THYMELEAF]             * [* {th:remove,data-th-remove}] [1600]: org.thymeleaf.standard.processor.StandardRemoveTagProcessor
[THYMELEAF]             * [* {th:ref,data-th-ref}] [10000]: org.thymeleaf.standard.processor.StandardRefAttributeTagProcessor
[THYMELEAF]             * [{th:block,th-block} *] [100000]: org.thymeleaf.standard.processor.StandardBlockTagProcessor
[THYMELEAF]             * [* th:*] [2147483647]: org.thymeleaf.standard.processor.StandardDefaultAttributesTagProcessor
[THYMELEAF]         * Text Processors by [precedence]:
[THYMELEAF]             * [1000]: org.thymeleaf.standard.processor.StandardInliningTextProcessor
[THYMELEAF]         * DOCTYPE Processors by [precedence]:
[THYMELEAF]             * [1000]: org.thymeleaf.standard.processor.StandardTranslationDocTypeProcessor
[THYMELEAF]         * CDATA Section Processors by [precedence]:
[THYMELEAF]             * [1000]: org.thymeleaf.standard.processor.StandardInliningCDATASectionProcessor
[THYMELEAF]         * Comment Processors by [precedence]:
[THYMELEAF]             * [1000]: org.thymeleaf.standard.processor.StandardInliningCommentProcessor
[THYMELEAF]             * [1100]: org.thymeleaf.standard.processor.StandardConditionalCommentProcessor
[THYMELEAF]     * Processors for Template Mode: XML
[THYMELEAF]         * Element Tag Processors by [matching element and attribute name] [precedence]:
[THYMELEAF]             * [* {th:include}] [100]: org.thymeleaf.standard.processor.StandardIncludeTagProcessor
[THYMELEAF]             * [* {th:insert}] [100]: org.thymeleaf.standard.processor.StandardInsertTagProcessor
[THYMELEAF]             * [* {th:replace}] [100]: org.thymeleaf.standard.processor.StandardReplaceTagProcessor
[THYMELEAF]             * [* {th:substituteby}] [100]: org.thymeleaf.standard.processor.StandardSubstituteByTagProcessor
[THYMELEAF]             * [* {th:each}] [200]: com.intuit.karate.template.KarateEachTagProcessor
[THYMELEAF]             * [* {th:switch}] [250]: org.thymeleaf.standard.processor.StandardSwitchTagProcessor
[THYMELEAF]             * [* {th:case}] [275]: org.thymeleaf.standard.processor.StandardCaseTagProcessor
[THYMELEAF]             * [* {th:if}] [300]: org.thymeleaf.standard.processor.StandardIfTagProcessor
[THYMELEAF]             * [* {th:unless}] [400]: org.thymeleaf.standard.processor.StandardUnlessTagProcessor
[THYMELEAF]             * [* {th:object}] [500]: org.thymeleaf.standard.processor.StandardObjectTagProcessor
[THYMELEAF]             * [* {th:with}] [600]: com.intuit.karate.template.KarateWithTagProcessor
[THYMELEAF]             * [* {th:attr}] [700]: com.intuit.karate.template.KarateAttributeTagProcessor.KarateAttrTagProcessor
[THYMELEAF]             * [* {th:attrappend}] [900]: com.intuit.karate.template.KarateAttributeTagProcessor.KarateAttrappendTagProcessor
[THYMELEAF]             * [* {th:attrprepend}] [900]: com.intuit.karate.template.KarateAttributeTagProcessor.KarateAttrprependTagProcessor
[THYMELEAF]             * [* {th:inline}] [1000]: org.thymeleaf.standard.processor.StandardInlineXMLTagProcessor
[THYMELEAF]             * [* {xmlns:th}] [1000]: org.thymeleaf.standard.processor.StandardXmlNsTagProcessor
[THYMELEAF]             * [* {th:text}] [1300]: org.thymeleaf.standard.processor.StandardTextTagProcessor
[THYMELEAF]             * [* {th:utext}] [1400]: org.thymeleaf.standard.processor.StandardUtextTagProcessor
[THYMELEAF]             * [* {th:fragment}] [1500]: org.thymeleaf.standard.processor.StandardFragmentTagProcessor
[THYMELEAF]             * [* {th:assert}] [1550]: org.thymeleaf.standard.processor.StandardAssertTagProcessor
[THYMELEAF]             * [* {th:remove}] [1600]: org.thymeleaf.standard.processor.StandardRemoveTagProcessor
[THYMELEAF]             * [* {th:ref}] [10000]: org.thymeleaf.standard.processor.StandardRefAttributeTagProcessor
[THYMELEAF]             * [{th:block} *] [100000]: org.thymeleaf.standard.processor.StandardBlockTagProcessor
[THYMELEAF]             * [* th:*] [2147483647]: org.thymeleaf.standard.processor.StandardDefaultAttributesTagProcessor
[THYMELEAF]         * Text Processors by [precedence]:
[THYMELEAF]             * [1000]: org.thymeleaf.standard.processor.StandardInliningTextProcessor
[THYMELEAF]         * CDATA Section Processors by [precedence]:
[THYMELEAF]             * [1000]: org.thymeleaf.standard.processor.StandardInliningCDATASectionProcessor
[THYMELEAF]         * Comment Processors by [precedence]:
[THYMELEAF]             * [1000]: org.thymeleaf.standard.processor.StandardInliningCommentProcessor
[THYMELEAF]     * Processors for Template Mode: TEXT
[THYMELEAF]         * Element Tag Processors by [matching element and attribute name] [precedence]:
[THYMELEAF]             * [* {th:insert}] [100]: org.thymeleaf.standard.processor.StandardInsertTagProcessor
[THYMELEAF]             * [* {th:replace}] [100]: org.thymeleaf.standard.processor.StandardReplaceTagProcessor
[THYMELEAF]             * [* {th:each}] [200]: com.intuit.karate.template.KarateEachTagProcessor
[THYMELEAF]             * [* {th:switch}] [250]: org.thymeleaf.standard.processor.StandardSwitchTagProcessor
[THYMELEAF]             * [* {th:case}] [275]: org.thymeleaf.standard.processor.StandardCaseTagProcessor
[THYMELEAF]             * [* {th:if}] [300]: org.thymeleaf.standard.processor.StandardIfTagProcessor
[THYMELEAF]             * [* {th:unless}] [400]: org.thymeleaf.standard.processor.StandardUnlessTagProcessor
[THYMELEAF]             * [* {th:object}] [500]: org.thymeleaf.standard.processor.StandardObjectTagProcessor
[THYMELEAF]             * [* {th:with}] [600]: com.intuit.karate.template.KarateWithTagProcessor
[THYMELEAF]             * [* {th:inline}] [1000]: org.thymeleaf.standard.processor.StandardInlineTextualTagProcessor
[THYMELEAF]             * [* {th:text}] [1300]: org.thymeleaf.standard.processor.StandardTextTagProcessor
[THYMELEAF]             * [* {th:utext}] [1400]: org.thymeleaf.standard.processor.StandardUtextTagProcessor
[THYMELEAF]             * [* {th:assert}] [1550]: org.thymeleaf.standard.processor.StandardAssertTagProcessor
[THYMELEAF]             * [* {th:remove}] [1600]: org.thymeleaf.standard.processor.StandardRemoveTagProcessor
[THYMELEAF]             * [{th:block} *] [100000]: org.thymeleaf.standard.processor.StandardBlockTagProcessor
[THYMELEAF]             * [* 100000] [org.thymeleaf.standard.processor.StandardBlockTagProcessor]: {}
[THYMELEAF]         * Text Processors by [precedence]:
[THYMELEAF]             * [1000]: org.thymeleaf.standard.processor.StandardInliningTextProcessor
[THYMELEAF]     * Processors for Template Mode: JAVASCRIPT
[THYMELEAF]         * Element Tag Processors by [matching element and attribute name] [precedence]:
[THYMELEAF]             * [* {th:insert}] [100]: org.thymeleaf.standard.processor.StandardInsertTagProcessor
[THYMELEAF]             * [* {th:replace}] [100]: org.thymeleaf.standard.processor.StandardReplaceTagProcessor
[THYMELEAF]             * [* {th:each}] [200]: com.intuit.karate.template.KarateEachTagProcessor
[THYMELEAF]             * [* {th:switch}] [250]: org.thymeleaf.standard.processor.StandardSwitchTagProcessor
[THYMELEAF]             * [* {th:case}] [275]: org.thymeleaf.standard.processor.StandardCaseTagProcessor
[THYMELEAF]             * [* {th:if}] [300]: org.thymeleaf.standard.processor.StandardIfTagProcessor
[THYMELEAF]             * [* {th:unless}] [400]: org.thymeleaf.standard.processor.StandardUnlessTagProcessor
[THYMELEAF]             * [* {th:object}] [500]: org.thymeleaf.standard.processor.StandardObjectTagProcessor
[THYMELEAF]             * [* {th:with}] [600]: com.intuit.karate.template.KarateWithTagProcessor
[THYMELEAF]             * [* {th:inline}] [1000]: org.thymeleaf.standard.processor.StandardInlineTextualTagProcessor
[THYMELEAF]             * [* {th:text}] [1300]: org.thymeleaf.standard.processor.StandardTextTagProcessor
[THYMELEAF]             * [* {th:utext}] [1400]: org.thymeleaf.standard.processor.StandardUtextTagProcessor
[THYMELEAF]             * [* {th:assert}] [1550]: org.thymeleaf.standard.processor.StandardAssertTagProcessor
[THYMELEAF]             * [* {th:remove}] [1600]: org.thymeleaf.standard.processor.StandardRemoveTagProcessor
[THYMELEAF]             * [* 100000] [org.thymeleaf.standard.processor.StandardBlockTagProcessor]: {}
[THYMELEAF]             * [{th:block} *] [100000]: org.thymeleaf.standard.processor.StandardBlockTagProcessor
[THYMELEAF]         * Text Processors by [precedence]:
[THYMELEAF]             * [1000]: org.thymeleaf.standard.processor.StandardInliningTextProcessor
[THYMELEAF]     * Processors for Template Mode: CSS
[THYMELEAF]         * Element Tag Processors by [matching element and attribute name] [precedence]:
[THYMELEAF]             * [* {th:insert}] [100]: org.thymeleaf.standard.processor.StandardInsertTagProcessor
[THYMELEAF]             * [* {th:replace}] [100]: org.thymeleaf.standard.processor.StandardReplaceTagProcessor
[THYMELEAF]             * [* {th:each}] [200]: com.intuit.karate.template.KarateEachTagProcessor
[THYMELEAF]             * [* {th:switch}] [250]: org.thymeleaf.standard.processor.StandardSwitchTagProcessor
[THYMELEAF]             * [* {th:case}] [275]: org.thymeleaf.standard.processor.StandardCaseTagProcessor
[THYMELEAF]             * [* {th:if}] [300]: org.thymeleaf.standard.processor.StandardIfTagProcessor
[THYMELEAF]             * [* {th:unless}] [400]: org.thymeleaf.standard.processor.StandardUnlessTagProcessor
[THYMELEAF]             * [* {th:object}] [500]: org.thymeleaf.standard.processor.StandardObjectTagProcessor
[THYMELEAF]             * [* {th:with}] [600]: com.intuit.karate.template.KarateWithTagProcessor
[THYMELEAF]             * [* {th:inline}] [1000]: org.thymeleaf.standard.processor.StandardInlineTextualTagProcessor
[THYMELEAF]             * [* {th:text}] [1300]: org.thymeleaf.standard.processor.StandardTextTagProcessor
[THYMELEAF]             * [* {th:utext}] [1400]: org.thymeleaf.standard.processor.StandardUtextTagProcessor
[THYMELEAF]             * [* {th:assert}] [1550]: org.thymeleaf.standard.processor.StandardAssertTagProcessor
[THYMELEAF]             * [* {th:remove}] [1600]: org.thymeleaf.standard.processor.StandardRemoveTagProcessor
[THYMELEAF]             * [* 100000] [org.thymeleaf.standard.processor.StandardBlockTagProcessor]: {}
[THYMELEAF]             * [{th:block} *] [100000]: org.thymeleaf.standard.processor.StandardBlockTagProcessor
[THYMELEAF]         * Text Processors by [precedence]:
[THYMELEAF]             * [1000]: org.thymeleaf.standard.processor.StandardInliningTextProcessor
[THYMELEAF]     * Expression Objects:
[THYMELEAF]         * #ctx
[THYMELEAF]         * #root
[THYMELEAF]         * #vars
[THYMELEAF]         * #object
[THYMELEAF]         * #locale
[THYMELEAF]         * #request
[THYMELEAF]         * #response
[THYMELEAF]         * #session
[THYMELEAF]         * #servletContext
[THYMELEAF]         * #conversions
[THYMELEAF]         * #uris
[THYMELEAF]         * #calendars
[THYMELEAF]         * #dates
[THYMELEAF]         * #bools
[THYMELEAF]         * #numbers
[THYMELEAF]         * #objects
[THYMELEAF]         * #strings
[THYMELEAF]         * #arrays
[THYMELEAF]         * #lists
[THYMELEAF]         * #sets
[THYMELEAF]         * #maps
[THYMELEAF]         * #aggregates
[THYMELEAF]         * #messages
[THYMELEAF]         * #ids
[THYMELEAF]         * #execInfo
[THYMELEAF]         * #httpServletRequest
[THYMELEAF]         * #httpSession
[THYMELEAF]     * Execution Attributes:
[THYMELEAF]         * "StandardExpressionParser": com.intuit.karate.template.KarateStandardDialect@630390b9
[THYMELEAF]         * "StandardJavaScriptSerializer": org.thymeleaf.standard.serializer.StandardJavaScriptSerializer@4099209b
[THYMELEAF]         * "StandardCSSSerializer": org.thymeleaf.standard.serializer.StandardCSSSerializer@43ac0a68
[THYMELEAF]         * "StandardVariableExpressionEvaluator": com.intuit.karate.template.KarateStandardDialect@630390b9
[THYMELEAF]         * "StandardConversionService": org.thymeleaf.standard.expression.StandardConversionService@1dad01fe
[THYMELEAF] * Dialect [2 of 2]: karate (com.intuit.karate.template.KarateScriptDialect)
[THYMELEAF]     * Prefix: "ka"
[THYMELEAF]     * Processors for Template Mode: HTML
[THYMELEAF]         * Element Tag Processors by [matching element and attribute name] [precedence]:
[THYMELEAF]             * [* {src}] [1000]: com.intuit.karate.template.KaScriptAttrProcessor
[THYMELEAF]         * Element Model Processors by [matching element and attribute name] [precedence]:
[THYMELEAF]             * [{script} {ka:scope,data-ka-scope}] [1000]: com.intuit.karate.template.KaScriptElemProcessor
[THYMELEAF]             * [* {ka:set,data-ka-set}] [1000]: com.intuit.karate.template.KaSetElemProcessor
[THYMELEAF] TEMPLATE ENGINE CONFIGURED OK
15:19:37.658 [main] DEBUG org.thymeleaf.TemplateEngine - [THYMELEAF] TEMPLATE ENGINE INITIALIZED
---------------------------------------------------------
feature: classpath:com/jsonplaceholdertest/app/COMMENTS/retrieve-comments.feature
scenarios:  2 | passed:  1 | failed:  1 | time: 8,0027
---------------------------------------------------------

15:19:40.140 [main] DEBUG com.jayway.jsonpath.internal.path.CompiledPath - Evaluating path: $
Karate version: 1.2.0
======================================================
elapsed:  38,62 | threads:    1 | thread time: 8,00 
features:     1 | skipped:    0 | efficiency: 0,21
scenarios:    2 | passed:     1 | failed: 1
======================================================
>>> failed features:
SyntaxError: Unnamed:1:5 Expected ; but found {
each {id: #number, postId: #number, name: #string, email: #string, body: #string} == _
     ^
Unnamed:1:82 Expected an operand but found ==
each {id: #number, postId: #number, name: #string, email: #string, body: #string} == _
                                                                                  ^

classpath:com/jsonplaceholdertest/app/COMMENTS/retrieve-comments.feature:10
<<<
15:19:40.202 [main] DEBUG org.thymeleaf.TemplateEngine - [THYMELEAF] INITIALIZING TEMPLATE ENGINE
15:19:40.239 [main] DEBUG org.thymeleaf.TemplateEngine.CONFIG - Initializing Thymeleaf Template engine configuration...
[THYMELEAF] TEMPLATE ENGINE CONFIGURATION:
[THYMELEAF] * Thymeleaf version: 3.0.14.RELEASE (built 2021-12-08T00:45:29+0000)
[THYMELEAF] * Cache Manager implementation: org.thymeleaf.cache.StandardCacheManager
[THYMELEAF] * Template resolvers:
[THYMELEAF]     * [1] com.intuit.karate.template.ResourceHtmlTemplateResolver
[THYMELEAF] * Message resolvers:
[THYMELEAF]     * org.thymeleaf.messageresolver.StandardMessageResolver
[THYMELEAF] * Link builders:
[THYMELEAF]     * org.thymeleaf.linkbuilder.StandardLinkBuilder
[THYMELEAF] * Dialect [1 of 2]: Standard (com.intuit.karate.template.KarateStandardDialect)
[THYMELEAF]     * Prefix: "th"
[THYMELEAF]     * Processors for Template Mode: HTML
[THYMELEAF]         * Element Tag Processors by [matching element and attribute name] [precedence]:
[THYMELEAF]             * [* {th:include,data-th-include}] [100]: org.thymeleaf.standard.processor.StandardIncludeTagProcessor
[THYMELEAF]             * [* {th:insert,data-th-insert}] [100]: org.thymeleaf.standard.processor.StandardInsertTagProcessor
[THYMELEAF]             * [* {th:replace,data-th-replace}] [100]: org.thymeleaf.standard.processor.StandardReplaceTagProcessor
[THYMELEAF]             * [* {th:substituteby,data-th-substituteby}] [100]: org.thymeleaf.standard.processor.StandardSubstituteByTagProcessor
[THYMELEAF]             * [* {th:each,data-th-each}] [200]: com.intuit.karate.template.KarateEachTagProcessor
[THYMELEAF]             * [* {th:switch,data-th-switch}] [250]: org.thymeleaf.standard.processor.StandardSwitchTagProcessor
[THYMELEAF]             * [* {th:case,data-th-case}] [275]: org.thymeleaf.standard.processor.StandardCaseTagProcessor
[THYMELEAF]             * [* {th:if,data-th-if}] [300]: org.thymeleaf.standard.processor.StandardIfTagProcessor
[THYMELEAF]             * [* {th:unless,data-th-unless}] [400]: org.thymeleaf.standard.processor.StandardUnlessTagProcessor
[THYMELEAF]             * [* {th:object,data-th-object}] [500]: org.thymeleaf.standard.processor.StandardObjectTagProcessor
[THYMELEAF]             * [* {th:with,data-th-with}] [600]: com.intuit.karate.template.KarateWithTagProcessor
[THYMELEAF]             * [* {th:attr,data-th-attr}] [700]: com.intuit.karate.template.KarateAttributeTagProcessor.KarateAttrTagProcessor
[THYMELEAF]             * [* {th:attrappend,data-th-attrappend}] [900]: com.intuit.karate.template.KarateAttributeTagProcessor.KarateAttrappendTagProcessor
[THYMELEAF]             * [* {th:attrprepend,data-th-attrprepend}] [900]: com.intuit.karate.template.KarateAttributeTagProcessor.KarateAttrprependTagProcessor
[THYMELEAF]             * [* {th:alt-title,data-th-alt-title}] [990]: org.thymeleaf.standard.processor.StandardAltTitleTagProcessor
[THYMELEAF]             * [* {th:lang-xmllang,data-th-lang-xmllang}] [990]: org.thymeleaf.standard.processor.StandardLangXmlLangTagProcessor
[THYMELEAF]             * [* {th:action,data-th-action}] [1000]: org.thymeleaf.standard.processor.StandardActionTagProcessor
[THYMELEAF]             * [* {th:hidden,data-th-hidden}] [1000]: org.thymeleaf.standard.processor.StandardConditionalFixedValueTagProcessor
[THYMELEAF]             * [* {th:disabled,data-th-disabled}] [1000]: org.thymeleaf.standard.processor.StandardConditionalFixedValueTagProcessor
[THYMELEAF]             * [* {th:autofocus,data-th-autofocus}] [1000]: org.thymeleaf.standard.processor.StandardConditionalFixedValueTagProcessor
[THYMELEAF]             * [* {th:seamless,data-th-seamless}] [1000]: org.thymeleaf.standard.processor.StandardConditionalFixedValueTagProcessor
[THYMELEAF]             * [* {th:novalidate,data-th-novalidate}] [1000]: org.thymeleaf.standard.processor.StandardConditionalFixedValueTagProcessor
[THYMELEAF]             * [* {th:defer,data-th-defer}] [1000]: org.thymeleaf.standard.processor.StandardConditionalFixedValueTagProcessor
[THYMELEAF]             * [* {th:default,data-th-default}] [1000]: org.thymeleaf.standard.processor.StandardConditionalFixedValueTagProcessor
[THYMELEAF]             * [* {th:formnovalidate,data-th-formnovalidate}] [1000]: org.thymeleaf.standard.processor.StandardConditionalFixedValueTagProcessor
[THYMELEAF]             * [* {th:pubdate,data-th-pubdate}] [1000]: org.thymeleaf.standard.processor.StandardConditionalFixedValueTagProcessor
[THYMELEAF]             * [* {th:controls,data-th-controls}] [1000]: org.thymeleaf.standard.processor.StandardConditionalFixedValueTagProcessor
[THYMELEAF]             * [* {th:loop,data-th-loop}] [1000]: org.thymeleaf.standard.processor.StandardConditionalFixedValueTagProcessor
[THYMELEAF]             * [* {th:async,data-th-async}] [1000]: org.thymeleaf.standard.processor.StandardConditionalFixedValueTagProcessor
[THYMELEAF]             * [* {th:scoped,data-th-scoped}] [1000]: org.thymeleaf.standard.processor.StandardConditionalFixedValueTagProcessor
[THYMELEAF]             * [* {th:ismap,data-th-ismap}] [1000]: org.thymeleaf.standard.processor.StandardConditionalFixedValueTagProcessor
[THYMELEAF]             * [* {th:open,data-th-open}] [1000]: org.thymeleaf.standard.processor.StandardConditionalFixedValueTagProcessor
[THYMELEAF]             * [* {th:multiple,data-th-multiple}] [1000]: org.thymeleaf.standard.processor.StandardConditionalFixedValueTagProcessor
[THYMELEAF]             * [* {th:selected,data-th-selected}] [1000]: org.thymeleaf.standard.processor.StandardConditionalFixedValueTagProcessor
[THYMELEAF]             * [* {th:checked,data-th-checked}] [1000]: org.thymeleaf.standard.processor.StandardConditionalFixedValueTagProcessor
[THYMELEAF]             * [* {th:readonly,data-th-readonly}] [1000]: org.thymeleaf.standard.processor.StandardConditionalFixedValueTagProcessor
[THYMELEAF]             * [* {th:required,data-th-required}] [1000]: org.thymeleaf.standard.processor.StandardConditionalFixedValueTagProcessor
[THYMELEAF]             * [* {th:nowrap,data-th-nowrap}] [1000]: org.thymeleaf.standard.processor.StandardConditionalFixedValueTagProcessor
[THYMELEAF]             * [* {th:autoplay,data-th-autoplay}] [1000]: org.thymeleaf.standard.processor.StandardConditionalFixedValueTagProcessor
[THYMELEAF]             * [* {th:declare,data-th-declare}] [1000]: org.thymeleaf.standard.processor.StandardConditionalFixedValueTagProcessor
[THYMELEAF]             * [* {th:reversed,data-th-reversed}] [1000]: org.thymeleaf.standard.processor.StandardConditionalFixedValueTagProcessor
[THYMELEAF]             * [* {th:onforminput,data-th-onforminput}] [1000]: org.thymeleaf.standard.processor.StandardDOMEventAttributeTagProcessor
[THYMELEAF]             * [* {th:onratechange,data-th-onratechange}] [1000]: org.thymeleaf.standard.processor.StandardDOMEventAttributeTagProcessor
[THYMELEAF]             * [* {th:onselect,data-th-onselect}] [1000]: org.thymeleaf.standard.processor.StandardDOMEventAttributeTagProcessor
[THYMELEAF]             * [* {th:onblur,data-th-onblur}] [1000]: org.thymeleaf.standard.processor.StandardDOMEventAttributeTagProcessor
[THYMELEAF]             * [* {th:onshow,data-th-onshow}] [1000]: org.thymeleaf.standard.processor.StandardDOMEventAttributeTagProcessor
[THYMELEAF]             * [* {th:ondrag,data-th-ondrag}] [1000]: org.thymeleaf.standard.processor.StandardDOMEventAttributeTagProcessor
[THYMELEAF]             * [* {th:onseeking,data-th-onseeking}] [1000]: org.thymeleaf.standard.processor.StandardDOMEventAttributeTagProcessor
[THYMELEAF]             * [* {th:ononline,data-th-ononline}] [1000]: org.thymeleaf.standard.processor.StandardDOMEventAttributeTagProcessor
[THYMELEAF]             * [* {th:oncanplay,data-th-oncanplay}] [1000]: org.thymeleaf.standard.processor.StandardDOMEventAttributeTagProcessor
[THYMELEAF]             * [* {th:ontimeupdate,data-th-ontimeupdate}] [1000]: org.thymeleaf.standard.processor.StandardDOMEventAttributeTagProcessor
[THYMELEAF]             * [* {th:ondblclick,data-th-ondblclick}] [1000]: org.thymeleaf.standard.processor.StandardDOMEventAttributeTagProcessor
[THYMELEAF]             * [* {th:onloadedmetadata,data-th-onloadedmetadata}] [1000]: org.thymeleaf.standard.processor.StandardDOMEventAttributeTagProcessor
[THYMELEAF]             * [* {th:oninvalid,data-th-oninvalid}] [1000]: org.thymeleaf.standard.processor.StandardDOMEventAttributeTagProcessor
[THYMELEAF]             * [* {th:onvolumechange,data-th-onvolumechange}] [1000]: org.thymeleaf.standard.processor.StandardDOMEventAttributeTagProcessor
[THYMELEAF]             * [* {th:onmessage,data-th-onmessage}] [1000]: org.thymeleaf.standard.processor.StandardDOMEventAttributeTagProcessor
[THYMELEAF]             * [* {th:onundo,data-th-onundo}] [1000]: org.thymeleaf.standard.processor.StandardDOMEventAttributeTagProcessor
[THYMELEAF]             * [* {th:onhashchange,data-th-onhashchange}] [1000]: org.thymeleaf.standard.processor.StandardDOMEventAttributeTagProcessor
[THYMELEAF]             * [* {th:ondragstart,data-th-ondragstart}] [1000]: org.thymeleaf.standard.processor.StandardDOMEventAttributeTagProcessor
[THYMELEAF]             * [* {th:onclick,data-th-onclick}] [1000]: org.thymeleaf.standard.processor.StandardDOMEventAttributeTagProcessor
[THYMELEAF]             * [* {th:onerror,data-th-onerror}] [1000]: org.thymeleaf.standard.processor.StandardDOMEventAttributeTagProcessor
[THYMELEAF]             * [* {th:onstalled,data-th-onstalled}] [1000]: org.thymeleaf.standard.processor.StandardDOMEventAttributeTagProcessor
[THYMELEAF]             * [* {th:onloadstart,data-th-onloadstart}] [1000]: org.thymeleaf.standard.processor.StandardDOMEventAttributeTagProcessor
[THYMELEAF]             * [* {th:ondragover,data-th-ondragover}] [1000]: org.thymeleaf.standard.processor.StandardDOMEventAttributeTagProcessor
[THYMELEAF]             * [* {th:onplaying,data-th-onplaying}] [1000]: org.thymeleaf.standard.processor.StandardDOMEventAttributeTagProcessor
[THYMELEAF]             * [* {th:onmousedown,data-th-onmousedown}] [1000]: org.thymeleaf.standard.processor.StandardDOMEventAttributeTagProcessor
[THYMELEAF]             * [* {th:onoffline,data-th-onoffline}] [1000]: org.thymeleaf.standard.processor.StandardDOMEventAttributeTagProcessor
[THYMELEAF]             * [* {th:onmousemove,data-th-onmousemove}] [1000]: org.thymeleaf.standard.processor.StandardDOMEventAttributeTagProcessor
[THYMELEAF]             * [* {th:onprogress,data-th-onprogress}] [1000]: org.thymeleaf.standard.processor.StandardDOMEventAttributeTagProcessor
[THYMELEAF]             * [* {th:onemptied,data-th-onemptied}] [1000]: org.thymeleaf.standard.processor.StandardDOMEventAttributeTagProcessor
[THYMELEAF]             * [* {th:onkeypress,data-th-onkeypress}] [1000]: org.thymeleaf.standard.processor.StandardDOMEventAttributeTagProcessor
[THYMELEAF]             * [* {th:onfocus,data-th-onfocus}] [1000]: org.thymeleaf.standard.processor.StandardDOMEventAttributeTagProcessor
[THYMELEAF]             * [* {th:onstorage,data-th-onstorage}] [1000]: org.thymeleaf.standard.processor.StandardDOMEventAttributeTagProcessor
[THYMELEAF]             * [* {th:onpause,data-th-onpause}] [1000]: org.thymeleaf.standard.processor.StandardDOMEventAttributeTagProcessor
[THYMELEAF]             * [* {th:oninput,data-th-oninput}] [1000]: org.thymeleaf.standard.processor.StandardDOMEventAttributeTagProcessor
[THYMELEAF]             * [* {th:onresize,data-th-onresize}] [1000]: org.thymeleaf.standard.processor.StandardDOMEventAttributeTagProcessor
[THYMELEAF]             * [* {th:onmouseover,data-th-onmouseover}] [1000]: org.thymeleaf.standard.processor.StandardDOMEventAttributeTagProcessor
[THYMELEAF]             * [* {th:onreset,data-th-onreset}] [1000]: org.thymeleaf.standard.processor.StandardDOMEventAttributeTagProcessor
[THYMELEAF]             * [* {th:oncontextmenu,data-th-oncontextmenu}] [1000]: org.thymeleaf.standard.processor.StandardDOMEventAttributeTagProcessor
[THYMELEAF]             * [* {th:onmousewheel,data-th-onmousewheel}] [1000]: org.thymeleaf.standard.processor.StandardDOMEventAttributeTagProcessor
[THYMELEAF]             * [* {th:onredo,data-th-onredo}] [1000]: org.thymeleaf.standard.processor.StandardDOMEventAttributeTagProcessor
[THYMELEAF]             * [* {th:onreadystatechange,data-th-onreadystatechange}] [1000]: org.thymeleaf.standard.processor.StandardDOMEventAttributeTagProcessor
[THYMELEAF]             * [* {th:onchange,data-th-onchange}] [1000]: org.thymeleaf.standard.processor.StandardDOMEventAttributeTagProcessor
[THYMELEAF]             * [* {th:ondurationchange,data-th-ondurationchange}] [1000]: org.thymeleaf.standard.processor.StandardDOMEventAttributeTagProcessor
[THYMELEAF]             * [* {th:onbeforeprint,data-th-onbeforeprint}] [1000]: org.thymeleaf.standard.processor.StandardDOMEventAttributeTagProcessor
[THYMELEAF]             * [* {th:onpopstate,data-th-onpopstate}] [1000]: org.thymeleaf.standard.processor.StandardDOMEventAttributeTagProcessor
[THYMELEAF]             * [* {th:onabort,data-th-onabort}] [1000]: org.thymeleaf.standard.processor.StandardDOMEventAttributeTagProcessor
[THYMELEAF]             * [* {th:ondrop,data-th-ondrop}] [1000]: org.thymeleaf.standard.processor.StandardDOMEventAttributeTagProcessor
[THYMELEAF]             * [* {th:ondragend,data-th-ondragend}] [1000]: org.thymeleaf.standard.processor.StandardDOMEventAttributeTagProcessor
[THYMELEAF]             * [* {th:onload,data-th-onload}] [1000]: org.thymeleaf.standard.processor.StandardDOMEventAttributeTagProcessor
[THYMELEAF]             * [* {th:onloadeddata,data-th-onloadeddata}] [1000]: org.thymeleaf.standard.processor.StandardDOMEventAttributeTagProcessor
[THYMELEAF]             * [* {th:onafterprint,data-th-onafterprint}] [1000]: org.thymeleaf.standard.processor.StandardDOMEventAttributeTagProcessor
[THYMELEAF]             * [* {th:onsubmit,data-th-onsubmit}] [1000]: org.thymeleaf.standard.processor.StandardDOMEventAttributeTagProcessor
[THYMELEAF]             * [* {th:onunload,data-th-onunload}] [1000]: org.thymeleaf.standard.processor.StandardDOMEventAttributeTagProcessor
[THYMELEAF]             * [* {th:onended,data-th-onended}] [1000]: org.thymeleaf.standard.processor.StandardDOMEventAttributeTagProcessor
[THYMELEAF]             * [* {th:onkeydown,data-th-onkeydown}] [1000]: org.thymeleaf.standard.processor.StandardDOMEventAttributeTagProcessor
[THYMELEAF]             * [* {th:oncanplaythrough,data-th-oncanplaythrough}] [1000]: org.thymeleaf.standard.processor.StandardDOMEventAttributeTagProcessor
[THYMELEAF]             * [* {th:onformchange,data-th-onformchange}] [1000]: org.thymeleaf.standard.processor.StandardDOMEventAttributeTagProcessor
[THYMELEAF]             * [* {th:onsuspend,data-th-onsuspend}] [1000]: org.thymeleaf.standard.processor.StandardDOMEventAttributeTagProcessor
[THYMELEAF]             * [* {th:onscroll,data-th-onscroll}] [1000]: org.thymeleaf.standard.processor.StandardDOMEventAttributeTagProcessor
[THYMELEAF]             * [* {th:onmouseup,data-th-onmouseup}] [1000]: org.thymeleaf.standard.processor.StandardDOMEventAttributeTagProcessor
[THYMELEAF]             * [* {th:onseeked,data-th-onseeked}] [1000]: org.thymeleaf.standard.processor.StandardDOMEventAttributeTagProcessor
[THYMELEAF]             * [* {th:onkeyup,data-th-onkeyup}] [1000]: org.thymeleaf.standard.processor.StandardDOMEventAttributeTagProcessor
[THYMELEAF]             * [* {th:ondragenter,data-th-ondragenter}] [1000]: org.thymeleaf.standard.processor.StandardDOMEventAttributeTagProcessor
[THYMELEAF]             * [* {th:ondragleave,data-th-ondragleave}] [1000]: org.thymeleaf.standard.processor.StandardDOMEventAttributeTagProcessor
[THYMELEAF]             * [* {th:onbeforeunload,data-th-onbeforeunload}] [1000]: org.thymeleaf.standard.processor.StandardDOMEventAttributeTagProcessor
[THYMELEAF]             * [* {th:onplay,data-th-onplay}] [1000]: org.thymeleaf.standard.processor.StandardDOMEventAttributeTagProcessor
[THYMELEAF]             * [* {th:onmouseout,data-th-onmouseout}] [1000]: org.thymeleaf.standard.processor.StandardDOMEventAttributeTagProcessor
[THYMELEAF]             * [* {th:onwaiting,data-th-onwaiting}] [1000]: org.thymeleaf.standard.processor.StandardDOMEventAttributeTagProcessor
[THYMELEAF]             * [* {th:href,data-th-href}] [1000]: org.thymeleaf.standard.processor.StandardHrefTagProcessor
[THYMELEAF]             * [* {th:inline,data-th-inline}] [1000]: org.thymeleaf.standard.processor.StandardInlineHTMLTagProcessor
[THYMELEAF]             * [* {th:method,data-th-method}] [1000]: org.thymeleaf.standard.processor.StandardMethodTagProcessor
[THYMELEAF]             * [* {th:name,data-th-name}] [1000]: org.thymeleaf.standard.processor.StandardNonRemovableAttributeTagProcessor
[THYMELEAF]             * [* {th:type,data-th-type}] [1000]: org.thymeleaf.standard.processor.StandardNonRemovableAttributeTagProcessor
[THYMELEAF]             * [* {th:frame,data-th-frame}] [1000]: org.thymeleaf.standard.processor.StandardRemovableAttributeTagProcessor
[THYMELEAF]             * [* {th:start,data-th-start}] [1000]: org.thymeleaf.standard.processor.StandardRemovableAttributeTagProcessor
[THYMELEAF]             * [* {th:accesskey,data-th-accesskey}] [1000]: org.thymeleaf.standard.processor.StandardRemovableAttributeTagProcessor
[THYMELEAF]             * [* {th:low,data-th-low}] [1000]: org.thymeleaf.standard.processor.StandardRemovableAttributeTagProcessor
[THYMELEAF]             * [* {th:keytype,data-th-keytype}] [1000]: org.thymeleaf.standard.processor.StandardRemovableAttributeTagProcessor
[THYMELEAF]             * [* {th:valuetype,data-th-valuetype}] [1000]: org.thymeleaf.standard.processor.StandardRemovableAttributeTagProcessor
[THYMELEAF]             * [* {th:standby,data-th-standby}] [1000]: org.thymeleaf.standard.processor.StandardRemovableAttributeTagProcessor
[THYMELEAF]             * [* {th:rowspan,data-th-rowspan}] [1000]: org.thymeleaf.standard.processor.StandardRemovableAttributeTagProcessor
[THYMELEAF]             * [* {th:for,data-th-for}] [1000]: org.thymeleaf.standard.processor.StandardRemovableAttributeTagProcessor
[THYMELEAF]             * [* {th:accept-charset,data-th-accept-charset}] [1000]: org.thymeleaf.standard.processor.StandardRemovableAttributeTagProcessor
[THYMELEAF]             * [* {th:wrap,data-th-wrap}] [1000]: org.thymeleaf.standard.processor.StandardRemovableAttributeTagProcessor
[THYMELEAF]             * [* {th:enctype,data-th-enctype}] [1000]: org.thymeleaf.standard.processor.StandardRemovableAttributeTagProcessor
[THYMELEAF]             * [* {th:scrolling,data-th-scrolling}] [1000]: org.thymeleaf.standard.processor.StandardRemovableAttributeTagProcessor
[THYMELEAF]             * [* {th:scope,data-th-scope}] [1000]: org.thymeleaf.standard.processor.StandardRemovableAttributeTagProcessor
[THYMELEAF]             * [* {th:draggable,data-th-draggable}] [1000]: org.thymeleaf.standard.processor.StandardRemovableAttributeTagProcessor
[THYMELEAF]             * [* {th:sizes,data-th-sizes}] [1000]: org.thymeleaf.standard.processor.StandardRemovableAttributeTagProcessor
[THYMELEAF]             * [* {th:maxlength,data-th-maxlength}] [1000]: org.thymeleaf.standard.processor.StandardRemovableAttributeTagProcessor
[THYMELEAF]             * [* {th:list,data-th-list}] [1000]: org.thymeleaf.standard.processor.StandardRemovableAttributeTagProcessor
[THYMELEAF]             * [* {th:lang,data-th-lang}] [1000]: org.thymeleaf.standard.processor.StandardRemovableAttributeTagProcessor
[THYMELEAF]             * [* {th:contenteditable,data-th-contenteditable}] [1000]: org.thymeleaf.standard.processor.StandardRemovableAttributeTagProcessor
[THYMELEAF]             * [* {th:colspan,data-th-colspan}] [1000]: org.thymeleaf.standard.processor.StandardRemovableAttributeTagProcessor
[THYMELEAF]             * [* {th:compact,data-th-compact}] [1000]: org.thymeleaf.standard.processor.StandardRemovableAttributeTagProcessor
[THYMELEAF]             * [* {th:span,data-th-span}] [1000]: org.thymeleaf.standard.processor.StandardRemovableAttributeTagProcessor
[THYMELEAF]             * [* {th:scheme,data-th-scheme}] [1000]: org.thymeleaf.standard.processor.StandardRemovableAttributeTagProcessor
[THYMELEAF]             * [* {th:charset,data-th-charset}] [1000]: org.thymeleaf.standard.processor.StandardRemovableAttributeTagProcessor
[THYMELEAF]             * [* {th:sandbox,data-th-sandbox}] [1000]: org.thymeleaf.standard.processor.StandardRemovableAttributeTagProcessor
[THYMELEAF]             * [* {th:width,data-th-width}] [1000]: org.thymeleaf.standard.processor.StandardRemovableAttributeTagProcessor
[THYMELEAF]             * [* {th:cellpadding,data-th-cellpadding}] [1000]: org.thymeleaf.standard.processor.StandardRemovableAttributeTagProcessor
[THYMELEAF]             * [* {th:label,data-th-label}] [1000]: org.thymeleaf.standard.processor.StandardRemovableAttributeTagProcessor
[THYMELEAF]             * [* {th:pattern,data-th-pattern}] [1000]: org.thymeleaf.standard.processor.StandardRemovableAttributeTagProcessor
[THYMELEAF]             * [* {th:kind,data-th-kind}] [1000]: org.thymeleaf.standard.processor.StandardRemovableAttributeTagProcessor
[THYMELEAF]             * [* {th:formtarget,data-th-formtarget}] [1000]: org.thymeleaf.standard.processor.StandardRemovableAttributeTagProcessor
[THYMELEAF]             * [* {th:codebase,data-th-codebase}] [1000]: org.thymeleaf.standard.processor.StandardRemovableAttributeTagProcessor
[THYMELEAF]             * [* {th:target,data-th-target}] [1000]: org.thymeleaf.standard.processor.StandardRemovableAttributeTagProcessor
[THYMELEAF]             * [* {th:preload,data-th-preload}] [1000]: org.thymeleaf.standard.processor.StandardRemovableAttributeTagProcessor
[THYMELEAF]             * [* {th:challenge,data-th-challenge}] [1000]: org.thymeleaf.standard.processor.StandardRemovableAttributeTagProcessor
[THYMELEAF]             * [* {th:rel,data-th-rel}] [1000]: org.thymeleaf.standard.processor.StandardRemovableAttributeTagProcessor
[THYMELEAF]             * [* {th:size,data-th-size}] [1000]: org.thymeleaf.standard.processor.StandardRemovableAttributeTagProcessor
[THYMELEAF]             * [* {th:srclang,data-th-srclang}] [1000]: org.thymeleaf.standard.processor.StandardRemovableAttributeTagProcessor
[THYMELEAF]             * [* {th:frameborder,data-th-frameborder}] [1000]: org.thymeleaf.standard.processor.StandardRemovableAttributeTagProcessor
[THYMELEAF]             * [* {th:codetype,data-th-codetype}] [1000]: org.thymeleaf.standard.processor.StandardRemovableAttributeTagProcessor
[THYMELEAF]             * [* {th:icon,data-th-icon}] [1000]: org.thymeleaf.standard.processor.StandardRemovableAttributeTagProcessor
[THYMELEAF]             * [* {th:hspace,data-th-hspace}] [1000]: org.thymeleaf.standard.processor.StandardRemovableAttributeTagProcessor
[THYMELEAF]             * [* {th:height,data-th-height}] [1000]: org.thymeleaf.standard.processor.StandardRemovableAttributeTagProcessor
[THYMELEAF]             * [* {th:style,data-th-style}] [1000]: org.thymeleaf.standard.processor.StandardRemovableAttributeTagProcessor
[THYMELEAF]             * [* {th:min,data-th-min}] [1000]: org.thymeleaf.standard.processor.StandardRemovableAttributeTagProcessor
[THYMELEAF]             * [* {th:classid,data-th-classid}] [1000]: org.thymeleaf.standard.processor.StandardRemovableAttributeTagProcessor
[THYMELEAF]             * [* {th:content,data-th-content}] [1000]: org.thymeleaf.standard.processor.StandardRemovableAttributeTagProcessor
[THYMELEAF]             * [* {th:datetime,data-th-datetime}] [1000]: org.thymeleaf.standard.processor.StandardRemovableAttributeTagProcessor
[THYMELEAF]             * [* {th:media,data-th-media}] [1000]: org.thymeleaf.standard.processor.StandardRemovableAttributeTagProcessor
[THYMELEAF]             * [* {th:usemap,data-th-usemap}] [1000]: org.thymeleaf.standard.processor.StandardRemovableAttributeTagProcessor
[THYMELEAF]             * [* {th:tabindex,data-th-tabindex}] [1000]: org.thymeleaf.standard.processor.StandardRemovableAttributeTagProcessor
[THYMELEAF]             * [* {th:dropzone,data-th-dropzone}] [1000]: org.thymeleaf.standard.processor.StandardRemovableAttributeTagProcessor
[THYMELEAF]             * [* {th:radiogroup,data-th-radiogroup}] [1000]: org.thymeleaf.standard.processor.StandardRemovableAttributeTagProcessor
[THYMELEAF]             * [* {th:title,data-th-title}] [1000]: org.thymeleaf.standard.processor.StandardRemovableAttributeTagProcessor
[THYMELEAF]             * [* {th:cols,data-th-cols}] [1000]: org.thymeleaf.standard.processor.StandardRemovableAttributeTagProcessor
[THYMELEAF]             * [* {th:high,data-th-high}] [1000]: org.thymeleaf.standard.processor.StandardRemovableAttributeTagProcessor
[THYMELEAF]             * [* {th:abbr,data-th-abbr}] [1000]: org.thymeleaf.standard.processor.StandardRemovableAttributeTagProcessor
[THYMELEAF]             * [* {th:dir,data-th-dir}] [1000]: org.thymeleaf.standard.processor.StandardRemovableAttributeTagProcessor
[THYMELEAF]             * [* {th:rules,data-th-rules}] [1000]: org.thymeleaf.standard.processor.StandardRemovableAttributeTagProcessor
[THYMELEAF]             * [* {th:id,data-th-id}] [1000]: org.thymeleaf.standard.processor.StandardRemovableAttributeTagProcessor
[THYMELEAF]             * [* {th:archive,data-th-archive}] [1000]: org.thymeleaf.standard.processor.StandardRemovableAttributeTagProcessor
[THYMELEAF]             * [* {th:audio,data-th-audio}] [1000]: org.thymeleaf.standard.processor.StandardRemovableAttributeTagProcessor
[THYMELEAF]             * [* {th:step,data-th-step}] [1000]: org.thymeleaf.standard.processor.StandardRemovableAttributeTagProcessor
[THYMELEAF]             * [* {th:rows,data-th-rows}] [1000]: org.thymeleaf.standard.processor.StandardRemovableAttributeTagProcessor
[THYMELEAF]             * [* {th:alt,data-th-alt}] [1000]: org.thymeleaf.standard.processor.StandardRemovableAttributeTagProcessor
[THYMELEAF]             * [* {th:manifest,data-th-manifest}] [1000]: org.thymeleaf.standard.processor.StandardRemovableAttributeTagProcessor
[THYMELEAF]             * [* {th:marginwidth,data-th-marginwidth}] [1000]: org.thymeleaf.standard.processor.StandardRemovableAttributeTagProcessor
[THYMELEAF]             * [* {th:vspace,data-th-vspace}] [1000]: org.thymeleaf.standard.processor.StandardRemovableAttributeTagProcessor
[THYMELEAF]             * [* {th:cite,data-th-cite}] [1000]: org.thymeleaf.standard.processor.StandardRemovableAttributeTagProcessor
[THYMELEAF]             * [* {th:accept,data-th-accept}] [1000]: org.thymeleaf.standard.processor.StandardRemovableAttributeTagProcessor
[THYMELEAF]             * [* {th:formenctype,data-th-formenctype}] [1000]: org.thymeleaf.standard.processor.StandardRemovableAttributeTagProcessor
[THYMELEAF]             * [* {th:formaction,data-th-formaction}] [1000]: org.thymeleaf.standard.processor.StandardRemovableAttributeTagProcessor
[THYMELEAF]             * [* {th:cellspacing,data-th-cellspacing}] [1000]: org.thymeleaf.standard.processor.StandardRemovableAttributeTagProcessor
[THYMELEAF]             * [* {th:poster,data-th-poster}] [1000]: org.thymeleaf.standard.processor.StandardRemovableAttributeTagProcessor
[THYMELEAF]             * [* {th:marginheight,data-th-marginheight}] [1000]: org.thymeleaf.standard.processor.StandardRemovableAttributeTagProcessor
[THYMELEAF]             * [* {th:border,data-th-border}] [1000]: org.thymeleaf.standard.processor.StandardRemovableAttributeTagProcessor
[THYMELEAF]             * [* {th:rev,data-th-rev}] [1000]: org.thymeleaf.standard.processor.StandardRemovableAttributeTagProcessor
[THYMELEAF]             * [* {th:align,data-th-align}] [1000]: org.thymeleaf.standard.processor.StandardRemovableAttributeTagProcessor
[THYMELEAF]             * [* {th:hreflang,data-th-hreflang}] [1000]: org.thymeleaf.standard.processor.StandardRemovableAttributeTagProcessor
[THYMELEAF]             * [* {th:summary,data-th-summary}] [1000]: org.thymeleaf.standard.processor.StandardRemovableAttributeTagProcessor
[THYMELEAF]             * [* {th:data,data-th-data}] [1000]: org.thymeleaf.standard.processor.StandardRemovableAttributeTagProcessor
[THYMELEAF]             * [* {th:form,data-th-form}] [1000]: org.thymeleaf.standard.processor.StandardRemovableAttributeTagProcessor
[THYMELEAF]             * [* {th:http-equiv,data-th-http-equiv}] [1000]: org.thymeleaf.standard.processor.StandardRemovableAttributeTagProcessor
[THYMELEAF]             * [* {th:formmethod,data-th-formmethod}] [1000]: org.thymeleaf.standard.processor.StandardRemovableAttributeTagProcessor
[THYMELEAF]             * [* {th:longdesc,data-th-longdesc}] [1000]: org.thymeleaf.standard.processor.StandardRemovableAttributeTagProcessor
[THYMELEAF]             * [* {th:contextmenu,data-th-contextmenu}] [1000]: org.thymeleaf.standard.processor.StandardRemovableAttributeTagProcessor
[THYMELEAF]             * [* {th:spellcheck,data-th-spellcheck}] [1000]: org.thymeleaf.standard.processor.StandardRemovableAttributeTagProcessor
[THYMELEAF]             * [* {th:autocomplete,data-th-autocomplete}] [1000]: org.thymeleaf.standard.processor.StandardRemovableAttributeTagProcessor
[THYMELEAF]             * [* {th:optimum,data-th-optimum}] [1000]: org.thymeleaf.standard.processor.StandardRemovableAttributeTagProcessor
[THYMELEAF]             * [* {th:headers,data-th-headers}] [1000]: org.thymeleaf.standard.processor.StandardRemovableAttributeTagProcessor
[THYMELEAF]             * [* {th:placeholder,data-th-placeholder}] [1000]: org.thymeleaf.standard.processor.StandardRemovableAttributeTagProcessor
[THYMELEAF]             * [* {th:background,data-th-background}] [1000]: org.thymeleaf.standard.processor.StandardRemovableAttributeTagProcessor
[THYMELEAF]             * [* {th:max,data-th-max}] [1000]: org.thymeleaf.standard.processor.StandardRemovableAttributeTagProcessor
[THYMELEAF]             * [* {th:class,data-th-class}] [1000]: org.thymeleaf.standard.processor.StandardRemovableAttributeTagProcessor
[THYMELEAF]             * [* {th:bgcolor,data-th-bgcolor}] [1000]: org.thymeleaf.standard.processor.StandardRemovableAttributeTagProcessor
[THYMELEAF]             * [* {th:axis,data-th-axis}] [1000]: org.thymeleaf.standard.processor.StandardRemovableAttributeTagProcessor
[THYMELEAF]             * [* {th:src,data-th-src}] [1000]: org.thymeleaf.standard.processor.StandardSrcTagProcessor
[THYMELEAF]             * [* {th:value,data-th-value}] [1000]: org.thymeleaf.standard.processor.StandardValueTagProcessor
[THYMELEAF]             * [* {th:xmlbase,data-th-xmlbase}] [1000]: org.thymeleaf.standard.processor.StandardXmlBaseTagProcessor
[THYMELEAF]             * [* {th:xmllang,data-th-xmllang}] [1000]: org.thymeleaf.standard.processor.StandardXmlLangTagProcessor
[THYMELEAF]             * [* {xmlns:th}] [1000]: org.thymeleaf.standard.processor.StandardXmlNsTagProcessor
[THYMELEAF]             * [* {th:xmlspace,data-th-xmlspace}] [1000]: org.thymeleaf.standard.processor.StandardXmlSpaceTagProcessor
[THYMELEAF]             * [* {th:classappend,data-th-classappend}] [1100]: org.thymeleaf.standard.processor.StandardClassappendTagProcessor
[THYMELEAF]             * [* {th:styleappend,data-th-styleappend}] [1100]: org.thymeleaf.standard.processor.StandardStyleappendTagProcessor
[THYMELEAF]             * [* {th:text,data-th-text}] [1300]: org.thymeleaf.standard.processor.StandardTextTagProcessor
[THYMELEAF]             * [* {th:utext,data-th-utext}] [1400]: org.thymeleaf.standard.processor.StandardUtextTagProcessor
[THYMELEAF]             * [* {th:fragment,data-th-fragment}] [1500]: org.thymeleaf.standard.processor.StandardFragmentTagProcessor
[THYMELEAF]             * [* {th:assert,data-th-assert}] [1550]: org.thymeleaf.standard.processor.StandardAssertTagProcessor
[THYMELEAF]             * [* {th:remove,data-th-remove}] [1600]: org.thymeleaf.standard.processor.StandardRemoveTagProcessor
[THYMELEAF]             * [* {th:ref,data-th-ref}] [10000]: org.thymeleaf.standard.processor.StandardRefAttributeTagProcessor
[THYMELEAF]             * [{th:block,th-block} *] [100000]: org.thymeleaf.standard.processor.StandardBlockTagProcessor
[THYMELEAF]             * [* th:*] [2147483647]: org.thymeleaf.standard.processor.StandardDefaultAttributesTagProcessor
[THYMELEAF]         * Text Processors by [precedence]:
[THYMELEAF]             * [1000]: org.thymeleaf.standard.processor.StandardInliningTextProcessor
[THYMELEAF]         * DOCTYPE Processors by [precedence]:
[THYMELEAF]             * [1000]: org.thymeleaf.standard.processor.StandardTranslationDocTypeProcessor
[THYMELEAF]         * CDATA Section Processors by [precedence]:
[THYMELEAF]             * [1000]: org.thymeleaf.standard.processor.StandardInliningCDATASectionProcessor
[THYMELEAF]         * Comment Processors by [precedence]:
[THYMELEAF]             * [1000]: org.thymeleaf.standard.processor.StandardInliningCommentProcessor
[THYMELEAF]             * [1100]: org.thymeleaf.standard.processor.StandardConditionalCommentProcessor
[THYMELEAF]     * Processors for Template Mode: XML
[THYMELEAF]         * Element Tag Processors by [matching element and attribute name] [precedence]:
[THYMELEAF]             * [* {th:include}] [100]: org.thymeleaf.standard.processor.StandardIncludeTagProcessor
[THYMELEAF]             * [* {th:insert}] [100]: org.thymeleaf.standard.processor.StandardInsertTagProcessor
[THYMELEAF]             * [* {th:replace}] [100]: org.thymeleaf.standard.processor.StandardReplaceTagProcessor
[THYMELEAF]             * [* {th:substituteby}] [100]: org.thymeleaf.standard.processor.StandardSubstituteByTagProcessor
[THYMELEAF]             * [* {th:each}] [200]: com.intuit.karate.template.KarateEachTagProcessor
[THYMELEAF]             * [* {th:switch}] [250]: org.thymeleaf.standard.processor.StandardSwitchTagProcessor
[THYMELEAF]             * [* {th:case}] [275]: org.thymeleaf.standard.processor.StandardCaseTagProcessor
[THYMELEAF]             * [* {th:if}] [300]: org.thymeleaf.standard.processor.StandardIfTagProcessor
[THYMELEAF]             * [* {th:unless}] [400]: org.thymeleaf.standard.processor.StandardUnlessTagProcessor
[THYMELEAF]             * [* {th:object}] [500]: org.thymeleaf.standard.processor.StandardObjectTagProcessor
[THYMELEAF]             * [* {th:with}] [600]: com.intuit.karate.template.KarateWithTagProcessor
[THYMELEAF]             * [* {th:attr}] [700]: com.intuit.karate.template.KarateAttributeTagProcessor.KarateAttrTagProcessor
[THYMELEAF]             * [* {th:attrappend}] [900]: com.intuit.karate.template.KarateAttributeTagProcessor.KarateAttrappendTagProcessor
[THYMELEAF]             * [* {th:attrprepend}] [900]: com.intuit.karate.template.KarateAttributeTagProcessor.KarateAttrprependTagProcessor
[THYMELEAF]             * [* {th:inline}] [1000]: org.thymeleaf.standard.processor.StandardInlineXMLTagProcessor
[THYMELEAF]             * [* {xmlns:th}] [1000]: org.thymeleaf.standard.processor.StandardXmlNsTagProcessor
[THYMELEAF]             * [* {th:text}] [1300]: org.thymeleaf.standard.processor.StandardTextTagProcessor
[THYMELEAF]             * [* {th:utext}] [1400]: org.thymeleaf.standard.processor.StandardUtextTagProcessor
[THYMELEAF]             * [* {th:fragment}] [1500]: org.thymeleaf.standard.processor.StandardFragmentTagProcessor
[THYMELEAF]             * [* {th:assert}] [1550]: org.thymeleaf.standard.processor.StandardAssertTagProcessor
[THYMELEAF]             * [* {th:remove}] [1600]: org.thymeleaf.standard.processor.StandardRemoveTagProcessor
[THYMELEAF]             * [* {th:ref}] [10000]: org.thymeleaf.standard.processor.StandardRefAttributeTagProcessor
[THYMELEAF]             * [{th:block} *] [100000]: org.thymeleaf.standard.processor.StandardBlockTagProcessor
[THYMELEAF]             * [* th:*] [2147483647]: org.thymeleaf.standard.processor.StandardDefaultAttributesTagProcessor
[THYMELEAF]         * Text Processors by [precedence]:
[THYMELEAF]             * [1000]: org.thymeleaf.standard.processor.StandardInliningTextProcessor
[THYMELEAF]         * CDATA Section Processors by [precedence]:
[THYMELEAF]             * [1000]: org.thymeleaf.standard.processor.StandardInliningCDATASectionProcessor
[THYMELEAF]         * Comment Processors by [precedence]:
[THYMELEAF]             * [1000]: org.thymeleaf.standard.processor.StandardInliningCommentProcessor
[THYMELEAF]     * Processors for Template Mode: TEXT
[THYMELEAF]         * Element Tag Processors by [matching element and attribute name] [precedence]:
[THYMELEAF]             * [* {th:insert}] [100]: org.thymeleaf.standard.processor.StandardInsertTagProcessor
[THYMELEAF]             * [* {th:replace}] [100]: org.thymeleaf.standard.processor.StandardReplaceTagProcessor
[THYMELEAF]             * [* {th:each}] [200]: com.intuit.karate.template.KarateEachTagProcessor
[THYMELEAF]             * [* {th:switch}] [250]: org.thymeleaf.standard.processor.StandardSwitchTagProcessor
[THYMELEAF]             * [* {th:case}] [275]: org.thymeleaf.standard.processor.StandardCaseTagProcessor
[THYMELEAF]             * [* {th:if}] [300]: org.thymeleaf.standard.processor.StandardIfTagProcessor
[THYMELEAF]             * [* {th:unless}] [400]: org.thymeleaf.standard.processor.StandardUnlessTagProcessor
[THYMELEAF]             * [* {th:object}] [500]: org.thymeleaf.standard.processor.StandardObjectTagProcessor
[THYMELEAF]             * [* {th:with}] [600]: com.intuit.karate.template.KarateWithTagProcessor
[THYMELEAF]             * [* {th:inline}] [1000]: org.thymeleaf.standard.processor.StandardInlineTextualTagProcessor
[THYMELEAF]             * [* {th:text}] [1300]: org.thymeleaf.standard.processor.StandardTextTagProcessor
[THYMELEAF]             * [* {th:utext}] [1400]: org.thymeleaf.standard.processor.StandardUtextTagProcessor
[THYMELEAF]             * [* {th:assert}] [1550]: org.thymeleaf.standard.processor.StandardAssertTagProcessor
[THYMELEAF]             * [* {th:remove}] [1600]: org.thymeleaf.standard.processor.StandardRemoveTagProcessor
[THYMELEAF]             * [{th:block} *] [100000]: org.thymeleaf.standard.processor.StandardBlockTagProcessor
[THYMELEAF]             * [* 100000] [org.thymeleaf.standard.processor.StandardBlockTagProcessor]: {}
[THYMELEAF]         * Text Processors by [precedence]:
[THYMELEAF]             * [1000]: org.thymeleaf.standard.processor.StandardInliningTextProcessor
[THYMELEAF]     * Processors for Template Mode: JAVASCRIPT
[THYMELEAF]         * Element Tag Processors by [matching element and attribute name] [precedence]:
[THYMELEAF]             * [* {th:insert}] [100]: org.thymeleaf.standard.processor.StandardInsertTagProcessor
[THYMELEAF]             * [* {th:replace}] [100]: org.thymeleaf.standard.processor.StandardReplaceTagProcessor
[THYMELEAF]             * [* {th:each}] [200]: com.intuit.karate.template.KarateEachTagProcessor
[THYMELEAF]             * [* {th:switch}] [250]: org.thymeleaf.standard.processor.StandardSwitchTagProcessor
[THYMELEAF]             * [* {th:case}] [275]: org.thymeleaf.standard.processor.StandardCaseTagProcessor
[THYMELEAF]             * [* {th:if}] [300]: org.thymeleaf.standard.processor.StandardIfTagProcessor
[THYMELEAF]             * [* {th:unless}] [400]: org.thymeleaf.standard.processor.StandardUnlessTagProcessor
[THYMELEAF]             * [* {th:object}] [500]: org.thymeleaf.standard.processor.StandardObjectTagProcessor
[THYMELEAF]             * [* {th:with}] [600]: com.intuit.karate.template.KarateWithTagProcessor
[THYMELEAF]             * [* {th:inline}] [1000]: org.thymeleaf.standard.processor.StandardInlineTextualTagProcessor
[THYMELEAF]             * [* {th:text}] [1300]: org.thymeleaf.standard.processor.StandardTextTagProcessor
[THYMELEAF]             * [* {th:utext}] [1400]: org.thymeleaf.standard.processor.StandardUtextTagProcessor
[THYMELEAF]             * [* {th:assert}] [1550]: org.thymeleaf.standard.processor.StandardAssertTagProcessor
[THYMELEAF]             * [* {th:remove}] [1600]: org.thymeleaf.standard.processor.StandardRemoveTagProcessor
[THYMELEAF]             * [* 100000] [org.thymeleaf.standard.processor.StandardBlockTagProcessor]: {}
[THYMELEAF]             * [{th:block} *] [100000]: org.thymeleaf.standard.processor.StandardBlockTagProcessor
[THYMELEAF]         * Text Processors by [precedence]:
[THYMELEAF]             * [1000]: org.thymeleaf.standard.processor.StandardInliningTextProcessor
[THYMELEAF]     * Processors for Template Mode: CSS
[THYMELEAF]         * Element Tag Processors by [matching element and attribute name] [precedence]:
[THYMELEAF]             * [* {th:insert}] [100]: org.thymeleaf.standard.processor.StandardInsertTagProcessor
[THYMELEAF]             * [* {th:replace}] [100]: org.thymeleaf.standard.processor.StandardReplaceTagProcessor
[THYMELEAF]             * [* {th:each}] [200]: com.intuit.karate.template.KarateEachTagProcessor
[THYMELEAF]             * [* {th:switch}] [250]: org.thymeleaf.standard.processor.StandardSwitchTagProcessor
[THYMELEAF]             * [* {th:case}] [275]: org.thymeleaf.standard.processor.StandardCaseTagProcessor
[THYMELEAF]             * [* {th:if}] [300]: org.thymeleaf.standard.processor.StandardIfTagProcessor
[THYMELEAF]             * [* {th:unless}] [400]: org.thymeleaf.standard.processor.StandardUnlessTagProcessor
[THYMELEAF]             * [* {th:object}] [500]: org.thymeleaf.standard.processor.StandardObjectTagProcessor
[THYMELEAF]             * [* {th:with}] [600]: com.intuit.karate.template.KarateWithTagProcessor
[THYMELEAF]             * [* {th:inline}] [1000]: org.thymeleaf.standard.processor.StandardInlineTextualTagProcessor
[THYMELEAF]             * [* {th:text}] [1300]: org.thymeleaf.standard.processor.StandardTextTagProcessor
[THYMELEAF]             * [* {th:utext}] [1400]: org.thymeleaf.standard.processor.StandardUtextTagProcessor
[THYMELEAF]             * [* {th:assert}] [1550]: org.thymeleaf.standard.processor.StandardAssertTagProcessor
[THYMELEAF]             * [* {th:remove}] [1600]: org.thymeleaf.standard.processor.StandardRemoveTagProcessor
[THYMELEAF]             * [* 100000] [org.thymeleaf.standard.processor.StandardBlockTagProcessor]: {}
[THYMELEAF]             * [{th:block} *] [100000]: org.thymeleaf.standard.processor.StandardBlockTagProcessor
[THYMELEAF]         * Text Processors by [precedence]:
[THYMELEAF]             * [1000]: org.thymeleaf.standard.processor.StandardInliningTextProcessor
[THYMELEAF]     * Expression Objects:
[THYMELEAF]         * #ctx
[THYMELEAF]         * #root
[THYMELEAF]         * #vars
[THYMELEAF]         * #object
[THYMELEAF]         * #locale
[THYMELEAF]         * #request
[THYMELEAF]         * #response
[THYMELEAF]         * #session
[THYMELEAF]         * #servletContext
[THYMELEAF]         * #conversions
[THYMELEAF]         * #uris
[THYMELEAF]         * #calendars
[THYMELEAF]         * #dates
[THYMELEAF]         * #bools
[THYMELEAF]         * #numbers
[THYMELEAF]         * #objects
[THYMELEAF]         * #strings
[THYMELEAF]         * #arrays
[THYMELEAF]         * #lists
[THYMELEAF]         * #sets
[THYMELEAF]         * #maps
[THYMELEAF]         * #aggregates
[THYMELEAF]         * #messages
[THYMELEAF]         * #ids
[THYMELEAF]         * #execInfo
[THYMELEAF]         * #httpServletRequest
[THYMELEAF]         * #httpSession
[THYMELEAF]     * Execution Attributes:
[THYMELEAF]         * "StandardExpressionParser": com.intuit.karate.template.KarateStandardDialect@740a0d5e
[THYMELEAF]         * "StandardJavaScriptSerializer": org.thymeleaf.standard.serializer.StandardJavaScriptSerializer@5ec9eefa
[THYMELEAF]         * "StandardCSSSerializer": org.thymeleaf.standard.serializer.StandardCSSSerializer@28b8f98a
[THYMELEAF]         * "StandardVariableExpressionEvaluator": com.intuit.karate.template.KarateStandardDialect@740a0d5e
[THYMELEAF]         * "StandardConversionService": org.thymeleaf.standard.expression.StandardConversionService@3b4ef59f
[THYMELEAF] * Dialect [2 of 2]: karate (com.intuit.karate.template.KarateScriptDialect)
[THYMELEAF]     * Prefix: "ka"
[THYMELEAF]     * Processors for Template Mode: HTML
[THYMELEAF]         * Element Tag Processors by [matching element and attribute name] [precedence]:
[THYMELEAF]             * [* {src}] [1000]: com.intuit.karate.template.KaScriptAttrProcessor
[THYMELEAF]         * Element Model Processors by [matching element and attribute name] [precedence]:
[THYMELEAF]             * [{script} {ka:scope,data-ka-scope}] [1000]: com.intuit.karate.template.KaScriptElemProcessor
[THYMELEAF]             * [* {ka:set,data-ka-set}] [1000]: com.intuit.karate.template.KaSetElemProcessor
[THYMELEAF] TEMPLATE ENGINE CONFIGURED OK
15:19:40.240 [main] DEBUG org.thymeleaf.TemplateEngine - [THYMELEAF] TEMPLATE ENGINE INITIALIZED
15:19:40.431 [main] DEBUG org.thymeleaf.TemplateEngine - [THYMELEAF] INITIALIZING TEMPLATE ENGINE
15:19:40.492 [main] DEBUG org.thymeleaf.TemplateEngine.CONFIG - Initializing Thymeleaf Template engine configuration...
[THYMELEAF] TEMPLATE ENGINE CONFIGURATION:
[THYMELEAF] * Thymeleaf version: 3.0.14.RELEASE (built 2021-12-08T00:45:29+0000)
[THYMELEAF] * Cache Manager implementation: org.thymeleaf.cache.StandardCacheManager
[THYMELEAF] * Template resolvers:
[THYMELEAF]     * [1] com.intuit.karate.template.ResourceHtmlTemplateResolver
[THYMELEAF] * Message resolvers:
[THYMELEAF]     * org.thymeleaf.messageresolver.StandardMessageResolver
[THYMELEAF] * Link builders:
[THYMELEAF]     * org.thymeleaf.linkbuilder.StandardLinkBuilder
[THYMELEAF] * Dialect [1 of 2]: Standard (com.intuit.karate.template.KarateStandardDialect)
[THYMELEAF]     * Prefix: "th"
[THYMELEAF]     * Processors for Template Mode: HTML
[THYMELEAF]         * Element Tag Processors by [matching element and attribute name] [precedence]:
[THYMELEAF]             * [* {th:include,data-th-include}] [100]: org.thymeleaf.standard.processor.StandardIncludeTagProcessor
[THYMELEAF]             * [* {th:insert,data-th-insert}] [100]: org.thymeleaf.standard.processor.StandardInsertTagProcessor
[THYMELEAF]             * [* {th:replace,data-th-replace}] [100]: org.thymeleaf.standard.processor.StandardReplaceTagProcessor
[THYMELEAF]             * [* {th:substituteby,data-th-substituteby}] [100]: org.thymeleaf.standard.processor.StandardSubstituteByTagProcessor
[THYMELEAF]             * [* {th:each,data-th-each}] [200]: com.intuit.karate.template.KarateEachTagProcessor
[THYMELEAF]             * [* {th:switch,data-th-switch}] [250]: org.thymeleaf.standard.processor.StandardSwitchTagProcessor
[THYMELEAF]             * [* {th:case,data-th-case}] [275]: org.thymeleaf.standard.processor.StandardCaseTagProcessor
[THYMELEAF]             * [* {th:if,data-th-if}] [300]: org.thymeleaf.standard.processor.StandardIfTagProcessor
[THYMELEAF]             * [* {th:unless,data-th-unless}] [400]: org.thymeleaf.standard.processor.StandardUnlessTagProcessor
[THYMELEAF]             * [* {th:object,data-th-object}] [500]: org.thymeleaf.standard.processor.StandardObjectTagProcessor
[THYMELEAF]             * [* {th:with,data-th-with}] [600]: com.intuit.karate.template.KarateWithTagProcessor
[THYMELEAF]             * [* {th:attr,data-th-attr}] [700]: com.intuit.karate.template.KarateAttributeTagProcessor.KarateAttrTagProcessor
[THYMELEAF]             * [* {th:attrappend,data-th-attrappend}] [900]: com.intuit.karate.template.KarateAttributeTagProcessor.KarateAttrappendTagProcessor
[THYMELEAF]             * [* {th:attrprepend,data-th-attrprepend}] [900]: com.intuit.karate.template.KarateAttributeTagProcessor.KarateAttrprependTagProcessor
[THYMELEAF]             * [* {th:alt-title,data-th-alt-title}] [990]: org.thymeleaf.standard.processor.StandardAltTitleTagProcessor
[THYMELEAF]             * [* {th:lang-xmllang,data-th-lang-xmllang}] [990]: org.thymeleaf.standard.processor.StandardLangXmlLangTagProcessor
[THYMELEAF]             * [* {th:action,data-th-action}] [1000]: org.thymeleaf.standard.processor.StandardActionTagProcessor
[THYMELEAF]             * [* {th:autoplay,data-th-autoplay}] [1000]: org.thymeleaf.standard.processor.StandardConditionalFixedValueTagProcessor
[THYMELEAF]             * [* {th:readonly,data-th-readonly}] [1000]: org.thymeleaf.standard.processor.StandardConditionalFixedValueTagProcessor
[THYMELEAF]             * [* {th:controls,data-th-controls}] [1000]: org.thymeleaf.standard.processor.StandardConditionalFixedValueTagProcessor
[THYMELEAF]             * [* {th:seamless,data-th-seamless}] [1000]: org.thymeleaf.standard.processor.StandardConditionalFixedValueTagProcessor
[THYMELEAF]             * [* {th:declare,data-th-declare}] [1000]: org.thymeleaf.standard.processor.StandardConditionalFixedValueTagProcessor
[THYMELEAF]             * [* {th:autofocus,data-th-autofocus}] [1000]: org.thymeleaf.standard.processor.StandardConditionalFixedValueTagProcessor
[THYMELEAF]             * [* {th:required,data-th-required}] [1000]: org.thymeleaf.standard.processor.StandardConditionalFixedValueTagProcessor
[THYMELEAF]             * [* {th:default,data-th-default}] [1000]: org.thymeleaf.standard.processor.StandardConditionalFixedValueTagProcessor
[THYMELEAF]             * [* {th:hidden,data-th-hidden}] [1000]: org.thymeleaf.standard.processor.StandardConditionalFixedValueTagProcessor
[THYMELEAF]             * [* {th:disabled,data-th-disabled}] [1000]: org.thymeleaf.standard.processor.StandardConditionalFixedValueTagProcessor
[THYMELEAF]             * [* {th:formnovalidate,data-th-formnovalidate}] [1000]: org.thymeleaf.standard.processor.StandardConditionalFixedValueTagProcessor
[THYMELEAF]             * [* {th:open,data-th-open}] [1000]: org.thymeleaf.standard.processor.StandardConditionalFixedValueTagProcessor
[THYMELEAF]             * [* {th:selected,data-th-selected}] [1000]: org.thymeleaf.standard.processor.StandardConditionalFixedValueTagProcessor
[THYMELEAF]             * [* {th:defer,data-th-defer}] [1000]: org.thymeleaf.standard.processor.StandardConditionalFixedValueTagProcessor
[THYMELEAF]             * [* {th:checked,data-th-checked}] [1000]: org.thymeleaf.standard.processor.StandardConditionalFixedValueTagProcessor
[THYMELEAF]             * [* {th:reversed,data-th-reversed}] [1000]: org.thymeleaf.standard.processor.StandardConditionalFixedValueTagProcessor
[THYMELEAF]             * [* {th:ismap,data-th-ismap}] [1000]: org.thymeleaf.standard.processor.StandardConditionalFixedValueTagProcessor
[THYMELEAF]             * [* {th:async,data-th-async}] [1000]: org.thymeleaf.standard.processor.StandardConditionalFixedValueTagProcessor
[THYMELEAF]             * [* {th:loop,data-th-loop}] [1000]: org.thymeleaf.standard.processor.StandardConditionalFixedValueTagProcessor
[THYMELEAF]             * [* {th:novalidate,data-th-novalidate}] [1000]: org.thymeleaf.standard.processor.StandardConditionalFixedValueTagProcessor
[THYMELEAF]             * [* {th:pubdate,data-th-pubdate}] [1000]: org.thymeleaf.standard.processor.StandardConditionalFixedValueTagProcessor
[THYMELEAF]             * [* {th:multiple,data-th-multiple}] [1000]: org.thymeleaf.standard.processor.StandardConditionalFixedValueTagProcessor
[THYMELEAF]             * [* {th:nowrap,data-th-nowrap}] [1000]: org.thymeleaf.standard.processor.StandardConditionalFixedValueTagProcessor
[THYMELEAF]             * [* {th:scoped,data-th-scoped}] [1000]: org.thymeleaf.standard.processor.StandardConditionalFixedValueTagProcessor
[THYMELEAF]             * [* {th:ondragover,data-th-ondragover}] [1000]: org.thymeleaf.standard.processor.StandardDOMEventAttributeTagProcessor
[THYMELEAF]             * [* {th:onshow,data-th-onshow}] [1000]: org.thymeleaf.standard.processor.StandardDOMEventAttributeTagProcessor
[THYMELEAF]             * [* {th:onloadeddata,data-th-onloadeddata}] [1000]: org.thymeleaf.standard.processor.StandardDOMEventAttributeTagProcessor
[THYMELEAF]             * [* {th:onplay,data-th-onplay}] [1000]: org.thymeleaf.standard.processor.StandardDOMEventAttributeTagProcessor
[THYMELEAF]             * [* {th:onfocus,data-th-onfocus}] [1000]: org.thymeleaf.standard.processor.StandardDOMEventAttributeTagProcessor
[THYMELEAF]             * [* {th:onsubmit,data-th-onsubmit}] [1000]: org.thymeleaf.standard.processor.StandardDOMEventAttributeTagProcessor
[THYMELEAF]             * [* {th:onratechange,data-th-onratechange}] [1000]: org.thymeleaf.standard.processor.StandardDOMEventAttributeTagProcessor
[THYMELEAF]             * [* {th:onpause,data-th-onpause}] [1000]: org.thymeleaf.standard.processor.StandardDOMEventAttributeTagProcessor
[THYMELEAF]             * [* {th:onkeyup,data-th-onkeyup}] [1000]: org.thymeleaf.standard.processor.StandardDOMEventAttributeTagProcessor
[THYMELEAF]             * [* {th:ondurationchange,data-th-ondurationchange}] [1000]: org.thymeleaf.standard.processor.StandardDOMEventAttributeTagProcessor
[THYMELEAF]             * [* {th:onprogress,data-th-onprogress}] [1000]: org.thymeleaf.standard.processor.StandardDOMEventAttributeTagProcessor
[THYMELEAF]             * [* {th:onbeforeunload,data-th-onbeforeunload}] [1000]: org.thymeleaf.standard.processor.StandardDOMEventAttributeTagProcessor
[THYMELEAF]             * [* {th:ondrop,data-th-ondrop}] [1000]: org.thymeleaf.standard.processor.StandardDOMEventAttributeTagProcessor
[THYMELEAF]             * [* {th:onmousedown,data-th-onmousedown}] [1000]: org.thymeleaf.standard.processor.StandardDOMEventAttributeTagProcessor
[THYMELEAF]             * [* {th:onblur,data-th-onblur}] [1000]: org.thymeleaf.standard.processor.StandardDOMEventAttributeTagProcessor
[THYMELEAF]             * [* {th:onmouseout,data-th-onmouseout}] [1000]: org.thymeleaf.standard.processor.StandardDOMEventAttributeTagProcessor
[THYMELEAF]             * [* {th:onredo,data-th-onredo}] [1000]: org.thymeleaf.standard.processor.StandardDOMEventAttributeTagProcessor
[THYMELEAF]             * [* {th:oninput,data-th-oninput}] [1000]: org.thymeleaf.standard.processor.StandardDOMEventAttributeTagProcessor
[THYMELEAF]             * [* {th:onforminput,data-th-onforminput}] [1000]: org.thymeleaf.standard.processor.StandardDOMEventAttributeTagProcessor
[THYMELEAF]             * [* {th:onmouseup,data-th-onmouseup}] [1000]: org.thymeleaf.standard.processor.StandardDOMEventAttributeTagProcessor
[THYMELEAF]             * [* {th:onwaiting,data-th-onwaiting}] [1000]: org.thymeleaf.standard.processor.StandardDOMEventAttributeTagProcessor
[THYMELEAF]             * [* {th:onoffline,data-th-onoffline}] [1000]: org.thymeleaf.standard.processor.StandardDOMEventAttributeTagProcessor
[THYMELEAF]             * [* {th:onloadedmetadata,data-th-onloadedmetadata}] [1000]: org.thymeleaf.standard.processor.StandardDOMEventAttributeTagProcessor
[THYMELEAF]             * [* {th:ondragleave,data-th-ondragleave}] [1000]: org.thymeleaf.standard.processor.StandardDOMEventAttributeTagProcessor
[THYMELEAF]             * [* {th:onplaying,data-th-onplaying}] [1000]: org.thymeleaf.standard.processor.StandardDOMEventAttributeTagProcessor
[THYMELEAF]             * [* {th:oncanplaythrough,data-th-oncanplaythrough}] [1000]: org.thymeleaf.standard.processor.StandardDOMEventAttributeTagProcessor
[THYMELEAF]             * [* {th:onabort,data-th-onabort}] [1000]: org.thymeleaf.standard.processor.StandardDOMEventAttributeTagProcessor
[THYMELEAF]             * [* {th:onmouseover,data-th-onmouseover}] [1000]: org.thymeleaf.standard.processor.StandardDOMEventAttributeTagProcessor
[THYMELEAF]             * [* {th:onvolumechange,data-th-onvolumechange}] [1000]: org.thymeleaf.standard.processor.StandardDOMEventAttributeTagProcessor
[THYMELEAF]             * [* {th:ondragend,data-th-ondragend}] [1000]: org.thymeleaf.standard.processor.StandardDOMEventAttributeTagProcessor
[THYMELEAF]             * [* {th:onchange,data-th-onchange}] [1000]: org.thymeleaf.standard.processor.StandardDOMEventAttributeTagProcessor
[THYMELEAF]             * [* {th:onmessage,data-th-onmessage}] [1000]: org.thymeleaf.standard.processor.StandardDOMEventAttributeTagProcessor
[THYMELEAF]             * [* {th:oncanplay,data-th-oncanplay}] [1000]: org.thymeleaf.standard.processor.StandardDOMEventAttributeTagProcessor
[THYMELEAF]             * [* {th:onselect,data-th-onselect}] [1000]: org.thymeleaf.standard.processor.StandardDOMEventAttributeTagProcessor
[THYMELEAF]             * [* {th:onreset,data-th-onreset}] [1000]: org.thymeleaf.standard.processor.StandardDOMEventAttributeTagProcessor
[THYMELEAF]             * [* {th:onemptied,data-th-onemptied}] [1000]: org.thymeleaf.standard.processor.StandardDOMEventAttributeTagProcessor
[THYMELEAF]             * [* {th:onunload,data-th-onunload}] [1000]: org.thymeleaf.standard.processor.StandardDOMEventAttributeTagProcessor
[THYMELEAF]             * [* {th:onhashchange,data-th-onhashchange}] [1000]: org.thymeleaf.standard.processor.StandardDOMEventAttributeTagProcessor
[THYMELEAF]             * [* {th:onerror,data-th-onerror}] [1000]: org.thymeleaf.standard.processor.StandardDOMEventAttributeTagProcessor
[THYMELEAF]             * [* {th:ondragenter,data-th-ondragenter}] [1000]: org.thymeleaf.standard.processor.StandardDOMEventAttributeTagProcessor
[THYMELEAF]             * [* {th:ondblclick,data-th-ondblclick}] [1000]: org.thymeleaf.standard.processor.StandardDOMEventAttributeTagProcessor
[THYMELEAF]             * [* {th:onseeking,data-th-onseeking}] [1000]: org.thymeleaf.standard.processor.StandardDOMEventAttributeTagProcessor
[THYMELEAF]             * [* {th:onscroll,data-th-onscroll}] [1000]: org.thymeleaf.standard.processor.StandardDOMEventAttributeTagProcessor
[THYMELEAF]             * [* {th:onended,data-th-onended}] [1000]: org.thymeleaf.standard.processor.StandardDOMEventAttributeTagProcessor
[THYMELEAF]             * [* {th:onformchange,data-th-onformchange}] [1000]: org.thymeleaf.standard.processor.StandardDOMEventAttributeTagProcessor
[THYMELEAF]             * [* {th:ononline,data-th-ononline}] [1000]: org.thymeleaf.standard.processor.StandardDOMEventAttributeTagProcessor
[THYMELEAF]             * [* {th:onreadystatechange,data-th-onreadystatechange}] [1000]: org.thymeleaf.standard.processor.StandardDOMEventAttributeTagProcessor
[THYMELEAF]             * [* {th:onkeydown,data-th-onkeydown}] [1000]: org.thymeleaf.standard.processor.StandardDOMEventAttributeTagProcessor
[THYMELEAF]             * [* {th:onresize,data-th-onresize}] [1000]: org.thymeleaf.standard.processor.StandardDOMEventAttributeTagProcessor
[THYMELEAF]             * [* {th:onstalled,data-th-onstalled}] [1000]: org.thymeleaf.standard.processor.StandardDOMEventAttributeTagProcessor
[THYMELEAF]             * [* {th:onbeforeprint,data-th-onbeforeprint}] [1000]: org.thymeleaf.standard.processor.StandardDOMEventAttributeTagProcessor
[THYMELEAF]             * [* {th:onsuspend,data-th-onsuspend}] [1000]: org.thymeleaf.standard.processor.StandardDOMEventAttributeTagProcessor
[THYMELEAF]             * [* {th:onpopstate,data-th-onpopstate}] [1000]: org.thymeleaf.standard.processor.StandardDOMEventAttributeTagProcessor
[THYMELEAF]             * [* {th:onloadstart,data-th-onloadstart}] [1000]: org.thymeleaf.standard.processor.StandardDOMEventAttributeTagProcessor
[THYMELEAF]             * [* {th:onundo,data-th-onundo}] [1000]: org.thymeleaf.standard.processor.StandardDOMEventAttributeTagProcessor
[THYMELEAF]             * [* {th:oninvalid,data-th-oninvalid}] [1000]: org.thymeleaf.standard.processor.StandardDOMEventAttributeTagProcessor
[THYMELEAF]             * [* {th:onclick,data-th-onclick}] [1000]: org.thymeleaf.standard.processor.StandardDOMEventAttributeTagProcessor
[THYMELEAF]             * [* {th:ondragstart,data-th-ondragstart}] [1000]: org.thymeleaf.standard.processor.StandardDOMEventAttributeTagProcessor
[THYMELEAF]             * [* {th:onmousewheel,data-th-onmousewheel}] [1000]: org.thymeleaf.standard.processor.StandardDOMEventAttributeTagProcessor
[THYMELEAF]             * [* {th:oncontextmenu,data-th-oncontextmenu}] [1000]: org.thymeleaf.standard.processor.StandardDOMEventAttributeTagProcessor
[THYMELEAF]             * [* {th:onmousemove,data-th-onmousemove}] [1000]: org.thymeleaf.standard.processor.StandardDOMEventAttributeTagProcessor
[THYMELEAF]             * [* {th:onseeked,data-th-onseeked}] [1000]: org.thymeleaf.standard.processor.StandardDOMEventAttributeTagProcessor
[THYMELEAF]             * [* {th:ontimeupdate,data-th-ontimeupdate}] [1000]: org.thymeleaf.standard.processor.StandardDOMEventAttributeTagProcessor
[THYMELEAF]             * [* {th:onload,data-th-onload}] [1000]: org.thymeleaf.standard.processor.StandardDOMEventAttributeTagProcessor
[THYMELEAF]             * [* {th:onkeypress,data-th-onkeypress}] [1000]: org.thymeleaf.standard.processor.StandardDOMEventAttributeTagProcessor
[THYMELEAF]             * [* {th:onstorage,data-th-onstorage}] [1000]: org.thymeleaf.standard.processor.StandardDOMEventAttributeTagProcessor
[THYMELEAF]             * [* {th:ondrag,data-th-ondrag}] [1000]: org.thymeleaf.standard.processor.StandardDOMEventAttributeTagProcessor
[THYMELEAF]             * [* {th:onafterprint,data-th-onafterprint}] [1000]: org.thymeleaf.standard.processor.StandardDOMEventAttributeTagProcessor
[THYMELEAF]             * [* {th:href,data-th-href}] [1000]: org.thymeleaf.standard.processor.StandardHrefTagProcessor
[THYMELEAF]             * [* {th:inline,data-th-inline}] [1000]: org.thymeleaf.standard.processor.StandardInlineHTMLTagProcessor
[THYMELEAF]             * [* {th:method,data-th-method}] [1000]: org.thymeleaf.standard.processor.StandardMethodTagProcessor
[THYMELEAF]             * [* {th:type,data-th-type}] [1000]: org.thymeleaf.standard.processor.StandardNonRemovableAttributeTagProcessor
[THYMELEAF]             * [* {th:name,data-th-name}] [1000]: org.thymeleaf.standard.processor.StandardNonRemovableAttributeTagProcessor
[THYMELEAF]             * [* {th:compact,data-th-compact}] [1000]: org.thymeleaf.standard.processor.StandardRemovableAttributeTagProcessor
[THYMELEAF]             * [* {th:lang,data-th-lang}] [1000]: org.thymeleaf.standard.processor.StandardRemovableAttributeTagProcessor
[THYMELEAF]             * [* {th:pattern,data-th-pattern}] [1000]: org.thymeleaf.standard.processor.StandardRemovableAttributeTagProcessor
[THYMELEAF]             * [* {th:data,data-th-data}] [1000]: org.thymeleaf.standard.processor.StandardRemovableAttributeTagProcessor
[THYMELEAF]             * [* {th:id,data-th-id}] [1000]: org.thymeleaf.standard.processor.StandardRemovableAttributeTagProcessor
[THYMELEAF]             * [* {th:frame,data-th-frame}] [1000]: org.thymeleaf.standard.processor.StandardRemovableAttributeTagProcessor
[THYMELEAF]             * [* {th:accept,data-th-accept}] [1000]: org.thymeleaf.standard.processor.StandardRemovableAttributeTagProcessor
[THYMELEAF]             * [* {th:dir,data-th-dir}] [1000]: org.thymeleaf.standard.processor.StandardRemovableAttributeTagProcessor
[THYMELEAF]             * [* {th:longdesc,data-th-longdesc}] [1000]: org.thymeleaf.standard.processor.StandardRemovableAttributeTagProcessor
[THYMELEAF]             * [* {th:title,data-th-title}] [1000]: org.thymeleaf.standard.processor.StandardRemovableAttributeTagProcessor
[THYMELEAF]             * [* {th:cite,data-th-cite}] [1000]: org.thymeleaf.standard.processor.StandardRemovableAttributeTagProcessor
[THYMELEAF]             * [* {th:codetype,data-th-codetype}] [1000]: org.thymeleaf.standard.processor.StandardRemovableAttributeTagProcessor
[THYMELEAF]             * [* {th:rules,data-th-rules}] [1000]: org.thymeleaf.standard.processor.StandardRemovableAttributeTagProcessor
[THYMELEAF]             * [* {th:border,data-th-border}] [1000]: org.thymeleaf.standard.processor.StandardRemovableAttributeTagProcessor
[THYMELEAF]             * [* {th:hreflang,data-th-hreflang}] [1000]: org.thymeleaf.standard.processor.StandardRemovableAttributeTagProcessor
[THYMELEAF]             * [* {th:standby,data-th-standby}] [1000]: org.thymeleaf.standard.processor.StandardRemovableAttributeTagProcessor
[THYMELEAF]             * [* {th:scrolling,data-th-scrolling}] [1000]: org.thymeleaf.standard.processor.StandardRemovableAttributeTagProcessor
[THYMELEAF]             * [* {th:background,data-th-background}] [1000]: org.thymeleaf.standard.processor.StandardRemovableAttributeTagProcessor
[THYMELEAF]             * [* {th:label,data-th-label}] [1000]: org.thymeleaf.standard.processor.StandardRemovableAttributeTagProcessor
[THYMELEAF]             * [* {th:placeholder,data-th-placeholder}] [1000]: org.thymeleaf.standard.processor.StandardRemovableAttributeTagProcessor
[THYMELEAF]             * [* {th:archive,data-th-archive}] [1000]: org.thymeleaf.standard.processor.StandardRemovableAttributeTagProcessor
[THYMELEAF]             * [* {th:rowspan,data-th-rowspan}] [1000]: org.thymeleaf.standard.processor.StandardRemovableAttributeTagProcessor
[THYMELEAF]             * [* {th:datetime,data-th-datetime}] [1000]: org.thymeleaf.standard.processor.StandardRemovableAttributeTagProcessor
[THYMELEAF]             * [* {th:spellcheck,data-th-spellcheck}] [1000]: org.thymeleaf.standard.processor.StandardRemovableAttributeTagProcessor
[THYMELEAF]             * [* {th:audio,data-th-audio}] [1000]: org.thymeleaf.standard.processor.StandardRemovableAttributeTagProcessor
[THYMELEAF]             * [* {th:hspace,data-th-hspace}] [1000]: org.thymeleaf.standard.processor.StandardRemovableAttributeTagProcessor
[THYMELEAF]             * [* {th:span,data-th-span}] [1000]: org.thymeleaf.standard.processor.StandardRemovableAttributeTagProcessor
[THYMELEAF]             * [* {th:cellspacing,data-th-cellspacing}] [1000]: org.thymeleaf.standard.processor.StandardRemovableAttributeTagProcessor
[THYMELEAF]             * [* {th:cols,data-th-cols}] [1000]: org.thymeleaf.standard.processor.StandardRemovableAttributeTagProcessor
[THYMELEAF]             * [* {th:frameborder,data-th-frameborder}] [1000]: org.thymeleaf.standard.processor.StandardRemovableAttributeTagProcessor
[THYMELEAF]             * [* {th:min,data-th-min}] [1000]: org.thymeleaf.standard.processor.StandardRemovableAttributeTagProcessor
[THYMELEAF]             * [* {th:enctype,data-th-enctype}] [1000]: org.thymeleaf.standard.processor.StandardRemovableAttributeTagProcessor
[THYMELEAF]             * [* {th:keytype,data-th-keytype}] [1000]: org.thymeleaf.standard.processor.StandardRemovableAttributeTagProcessor
[THYMELEAF]             * [* {th:cellpadding,data-th-cellpadding}] [1000]: org.thymeleaf.standard.processor.StandardRemovableAttributeTagProcessor
[THYMELEAF]             * [* {th:height,data-th-height}] [1000]: org.thymeleaf.standard.processor.StandardRemovableAttributeTagProcessor
[THYMELEAF]             * [* {th:style,data-th-style}] [1000]: org.thymeleaf.standard.processor.StandardRemovableAttributeTagProcessor
[THYMELEAF]             * [* {th:radiogroup,data-th-radiogroup}] [1000]: org.thymeleaf.standard.processor.StandardRemovableAttributeTagProcessor
[THYMELEAF]             * [* {th:low,data-th-low}] [1000]: org.thymeleaf.standard.processor.StandardRemovableAttributeTagProcessor
[THYMELEAF]             * [* {th:headers,data-th-headers}] [1000]: org.thymeleaf.standard.processor.StandardRemovableAttributeTagProcessor
[THYMELEAF]             * [* {th:contenteditable,data-th-contenteditable}] [1000]: org.thymeleaf.standard.processor.StandardRemovableAttributeTagProcessor
[THYMELEAF]             * [* {th:max,data-th-max}] [1000]: org.thymeleaf.standard.processor.StandardRemovableAttributeTagProcessor
[THYMELEAF]             * [* {th:tabindex,data-th-tabindex}] [1000]: org.thymeleaf.standard.processor.StandardRemovableAttributeTagProcessor
[THYMELEAF]             * [* {th:target,data-th-target}] [1000]: org.thymeleaf.standard.processor.StandardRemovableAttributeTagProcessor
[THYMELEAF]             * [* {th:sizes,data-th-sizes}] [1000]: org.thymeleaf.standard.processor.StandardRemovableAttributeTagProcessor
[THYMELEAF]             * [* {th:contextmenu,data-th-contextmenu}] [1000]: org.thymeleaf.standard.processor.StandardRemovableAttributeTagProcessor
[THYMELEAF]             * [* {th:colspan,data-th-colspan}] [1000]: org.thymeleaf.standard.processor.StandardRemovableAttributeTagProcessor
[THYMELEAF]             * [* {th:high,data-th-high}] [1000]: org.thymeleaf.standard.processor.StandardRemovableAttributeTagProcessor
[THYMELEAF]             * [* {th:rev,data-th-rev}] [1000]: org.thymeleaf.standard.processor.StandardRemovableAttributeTagProcessor
[THYMELEAF]             * [* {th:for,data-th-for}] [1000]: org.thymeleaf.standard.processor.StandardRemovableAttributeTagProcessor
[THYMELEAF]             * [* {th:charset,data-th-charset}] [1000]: org.thymeleaf.standard.processor.StandardRemovableAttributeTagProcessor
[THYMELEAF]             * [* {th:alt,data-th-alt}] [1000]: org.thymeleaf.standard.processor.StandardRemovableAttributeTagProcessor
[THYMELEAF]             * [* {th:valuetype,data-th-valuetype}] [1000]: org.thymeleaf.standard.processor.StandardRemovableAttributeTagProcessor
[THYMELEAF]             * [* {th:start,data-th-start}] [1000]: org.thymeleaf.standard.processor.StandardRemovableAttributeTagProcessor
[THYMELEAF]             * [* {th:formaction,data-th-formaction}] [1000]: org.thymeleaf.standard.processor.StandardRemovableAttributeTagProcessor
[THYMELEAF]             * [* {th:icon,data-th-icon}] [1000]: org.thymeleaf.standard.processor.StandardRemovableAttributeTagProcessor
[THYMELEAF]             * [* {th:manifest,data-th-manifest}] [1000]: org.thymeleaf.standard.processor.StandardRemovableAttributeTagProcessor
[THYMELEAF]             * [* {th:bgcolor,data-th-bgcolor}] [1000]: org.thymeleaf.standard.processor.StandardRemovableAttributeTagProcessor
[THYMELEAF]             * [* {th:formenctype,data-th-formenctype}] [1000]: org.thymeleaf.standard.processor.StandardRemovableAttributeTagProcessor
[THYMELEAF]             * [* {th:scope,data-th-scope}] [1000]: org.thymeleaf.standard.processor.StandardRemovableAttributeTagProcessor
[THYMELEAF]             * [* {th:abbr,data-th-abbr}] [1000]: org.thymeleaf.standard.processor.StandardRemovableAttributeTagProcessor
[THYMELEAF]             * [* {th:formtarget,data-th-formtarget}] [1000]: org.thymeleaf.standard.processor.StandardRemovableAttributeTagProcessor
[THYMELEAF]             * [* {th:formmethod,data-th-formmethod}] [1000]: org.thymeleaf.standard.processor.StandardRemovableAttributeTagProcessor
[THYMELEAF]             * [* {th:vspace,data-th-vspace}] [1000]: org.thymeleaf.standard.processor.StandardRemovableAttributeTagProcessor
[THYMELEAF]             * [* {th:rows,data-th-rows}] [1000]: org.thymeleaf.standard.processor.StandardRemovableAttributeTagProcessor
[THYMELEAF]             * [* {th:width,data-th-width}] [1000]: org.thymeleaf.standard.processor.StandardRemovableAttributeTagProcessor
[THYMELEAF]             * [* {th:marginwidth,data-th-marginwidth}] [1000]: org.thymeleaf.standard.processor.StandardRemovableAttributeTagProcessor
[THYMELEAF]             * [* {th:align,data-th-align}] [1000]: org.thymeleaf.standard.processor.StandardRemovableAttributeTagProcessor
[THYMELEAF]             * [* {th:classid,data-th-classid}] [1000]: org.thymeleaf.standard.processor.StandardRemovableAttributeTagProcessor
[THYMELEAF]             * [* {th:scheme,data-th-scheme}] [1000]: org.thymeleaf.standard.processor.StandardRemovableAttributeTagProcessor
[THYMELEAF]             * [* {th:sandbox,data-th-sandbox}] [1000]: org.thymeleaf.standard.processor.StandardRemovableAttributeTagProcessor
[THYMELEAF]             * [* {th:kind,data-th-kind}] [1000]: org.thymeleaf.standard.processor.StandardRemovableAttributeTagProcessor
[THYMELEAF]             * [* {th:autocomplete,data-th-autocomplete}] [1000]: org.thymeleaf.standard.processor.StandardRemovableAttributeTagProcessor
[THYMELEAF]             * [* {th:form,data-th-form}] [1000]: org.thymeleaf.standard.processor.StandardRemovableAttributeTagProcessor
[THYMELEAF]             * [* {th:challenge,data-th-challenge}] [1000]: org.thymeleaf.standard.processor.StandardRemovableAttributeTagProcessor
[THYMELEAF]             * [* {th:wrap,data-th-wrap}] [1000]: org.thymeleaf.standard.processor.StandardRemovableAttributeTagProcessor
[THYMELEAF]             * [* {th:usemap,data-th-usemap}] [1000]: org.thymeleaf.standard.processor.StandardRemovableAttributeTagProcessor
[THYMELEAF]             * [* {th:rel,data-th-rel}] [1000]: org.thymeleaf.standard.processor.StandardRemovableAttributeTagProcessor
[THYMELEAF]             * [* {th:list,data-th-list}] [1000]: org.thymeleaf.standard.processor.StandardRemovableAttributeTagProcessor
[THYMELEAF]             * [* {th:marginheight,data-th-marginheight}] [1000]: org.thymeleaf.standard.processor.StandardRemovableAttributeTagProcessor
[THYMELEAF]             * [* {th:axis,data-th-axis}] [1000]: org.thymeleaf.standard.processor.StandardRemovableAttributeTagProcessor
[THYMELEAF]             * [* {th:media,data-th-media}] [1000]: org.thymeleaf.standard.processor.StandardRemovableAttributeTagProcessor
[THYMELEAF]             * [* {th:size,data-th-size}] [1000]: org.thymeleaf.standard.processor.StandardRemovableAttributeTagProcessor
[THYMELEAF]             * [* {th:dropzone,data-th-dropzone}] [1000]: org.thymeleaf.standard.processor.StandardRemovableAttributeTagProcessor
[THYMELEAF]             * [* {th:draggable,data-th-draggable}] [1000]: org.thymeleaf.standard.processor.StandardRemovableAttributeTagProcessor
[THYMELEAF]             * [* {th:codebase,data-th-codebase}] [1000]: org.thymeleaf.standard.processor.StandardRemovableAttributeTagProcessor
[THYMELEAF]             * [* {th:summary,data-th-summary}] [1000]: org.thymeleaf.standard.processor.StandardRemovableAttributeTagProcessor
[THYMELEAF]             * [* {th:step,data-th-step}] [1000]: org.thymeleaf.standard.processor.StandardRemovableAttributeTagProcessor
[THYMELEAF]             * [* {th:class,data-th-class}] [1000]: org.thymeleaf.standard.processor.StandardRemovableAttributeTagProcessor
[THYMELEAF]             * [* {th:accesskey,data-th-accesskey}] [1000]: org.thymeleaf.standard.processor.StandardRemovableAttributeTagProcessor
[THYMELEAF]             * [* {th:http-equiv,data-th-http-equiv}] [1000]: org.thymeleaf.standard.processor.StandardRemovableAttributeTagProcessor
[THYMELEAF]             * [* {th:optimum,data-th-optimum}] [1000]: org.thymeleaf.standard.processor.StandardRemovableAttributeTagProcessor
[THYMELEAF]             * [* {th:accept-charset,data-th-accept-charset}] [1000]: org.thymeleaf.standard.processor.StandardRemovableAttributeTagProcessor
[THYMELEAF]             * [* {th:srclang,data-th-srclang}] [1000]: org.thymeleaf.standard.processor.StandardRemovableAttributeTagProcessor
[THYMELEAF]             * [* {th:poster,data-th-poster}] [1000]: org.thymeleaf.standard.processor.StandardRemovableAttributeTagProcessor
[THYMELEAF]             * [* {th:preload,data-th-preload}] [1000]: org.thymeleaf.standard.processor.StandardRemovableAttributeTagProcessor
[THYMELEAF]             * [* {th:maxlength,data-th-maxlength}] [1000]: org.thymeleaf.standard.processor.StandardRemovableAttributeTagProcessor
[THYMELEAF]             * [* {th:content,data-th-content}] [1000]: org.thymeleaf.standard.processor.StandardRemovableAttributeTagProcessor
[THYMELEAF]             * [* {th:src,data-th-src}] [1000]: org.thymeleaf.standard.processor.StandardSrcTagProcessor
[THYMELEAF]             * [* {th:value,data-th-value}] [1000]: org.thymeleaf.standard.processor.StandardValueTagProcessor
[THYMELEAF]             * [* {th:xmlbase,data-th-xmlbase}] [1000]: org.thymeleaf.standard.processor.StandardXmlBaseTagProcessor
[THYMELEAF]             * [* {th:xmllang,data-th-xmllang}] [1000]: org.thymeleaf.standard.processor.StandardXmlLangTagProcessor
[THYMELEAF]             * [* {xmlns:th}] [1000]: org.thymeleaf.standard.processor.StandardXmlNsTagProcessor
[THYMELEAF]             * [* {th:xmlspace,data-th-xmlspace}] [1000]: org.thymeleaf.standard.processor.StandardXmlSpaceTagProcessor
[THYMELEAF]             * [* {th:classappend,data-th-classappend}] [1100]: org.thymeleaf.standard.processor.StandardClassappendTagProcessor
[THYMELEAF]             * [* {th:styleappend,data-th-styleappend}] [1100]: org.thymeleaf.standard.processor.StandardStyleappendTagProcessor
[THYMELEAF]             * [* {th:text,data-th-text}] [1300]: org.thymeleaf.standard.processor.StandardTextTagProcessor
[THYMELEAF]             * [* {th:utext,data-th-utext}] [1400]: org.thymeleaf.standard.processor.StandardUtextTagProcessor
[THYMELEAF]             * [* {th:fragment,data-th-fragment}] [1500]: org.thymeleaf.standard.processor.StandardFragmentTagProcessor
[THYMELEAF]             * [* {th:assert,data-th-assert}] [1550]: org.thymeleaf.standard.processor.StandardAssertTagProcessor
[THYMELEAF]             * [* {th:remove,data-th-remove}] [1600]: org.thymeleaf.standard.processor.StandardRemoveTagProcessor
[THYMELEAF]             * [* {th:ref,data-th-ref}] [10000]: org.thymeleaf.standard.processor.StandardRefAttributeTagProcessor
[THYMELEAF]             * [{th:block,th-block} *] [100000]: org.thymeleaf.standard.processor.StandardBlockTagProcessor
[THYMELEAF]             * [* th:*] [2147483647]: org.thymeleaf.standard.processor.StandardDefaultAttributesTagProcessor
[THYMELEAF]         * Text Processors by [precedence]:
[THYMELEAF]             * [1000]: org.thymeleaf.standard.processor.StandardInliningTextProcessor
[THYMELEAF]         * DOCTYPE Processors by [precedence]:
[THYMELEAF]             * [1000]: org.thymeleaf.standard.processor.StandardTranslationDocTypeProcessor
[THYMELEAF]         * CDATA Section Processors by [precedence]:
[THYMELEAF]             * [1000]: org.thymeleaf.standard.processor.StandardInliningCDATASectionProcessor
[THYMELEAF]         * Comment Processors by [precedence]:
[THYMELEAF]             * [1000]: org.thymeleaf.standard.processor.StandardInliningCommentProcessor
[THYMELEAF]             * [1100]: org.thymeleaf.standard.processor.StandardConditionalCommentProcessor
[THYMELEAF]     * Processors for Template Mode: XML
[THYMELEAF]         * Element Tag Processors by [matching element and attribute name] [precedence]:
[THYMELEAF]             * [* {th:include}] [100]: org.thymeleaf.standard.processor.StandardIncludeTagProcessor
[THYMELEAF]             * [* {th:insert}] [100]: org.thymeleaf.standard.processor.StandardInsertTagProcessor
[THYMELEAF]             * [* {th:replace}] [100]: org.thymeleaf.standard.processor.StandardReplaceTagProcessor
[THYMELEAF]             * [* {th:substituteby}] [100]: org.thymeleaf.standard.processor.StandardSubstituteByTagProcessor
[THYMELEAF]             * [* {th:each}] [200]: com.intuit.karate.template.KarateEachTagProcessor
[THYMELEAF]             * [* {th:switch}] [250]: org.thymeleaf.standard.processor.StandardSwitchTagProcessor
[THYMELEAF]             * [* {th:case}] [275]: org.thymeleaf.standard.processor.StandardCaseTagProcessor
[THYMELEAF]             * [* {th:if}] [300]: org.thymeleaf.standard.processor.StandardIfTagProcessor
[THYMELEAF]             * [* {th:unless}] [400]: org.thymeleaf.standard.processor.StandardUnlessTagProcessor
[THYMELEAF]             * [* {th:object}] [500]: org.thymeleaf.standard.processor.StandardObjectTagProcessor
[THYMELEAF]             * [* {th:with}] [600]: com.intuit.karate.template.KarateWithTagProcessor
[THYMELEAF]             * [* {th:attr}] [700]: com.intuit.karate.template.KarateAttributeTagProcessor.KarateAttrTagProcessor
[THYMELEAF]             * [* {th:attrappend}] [900]: com.intuit.karate.template.KarateAttributeTagProcessor.KarateAttrappendTagProcessor
[THYMELEAF]             * [* {th:attrprepend}] [900]: com.intuit.karate.template.KarateAttributeTagProcessor.KarateAttrprependTagProcessor
[THYMELEAF]             * [* {th:inline}] [1000]: org.thymeleaf.standard.processor.StandardInlineXMLTagProcessor
[THYMELEAF]             * [* {xmlns:th}] [1000]: org.thymeleaf.standard.processor.StandardXmlNsTagProcessor
[THYMELEAF]             * [* {th:text}] [1300]: org.thymeleaf.standard.processor.StandardTextTagProcessor
[THYMELEAF]             * [* {th:utext}] [1400]: org.thymeleaf.standard.processor.StandardUtextTagProcessor
[THYMELEAF]             * [* {th:fragment}] [1500]: org.thymeleaf.standard.processor.StandardFragmentTagProcessor
[THYMELEAF]             * [* {th:assert}] [1550]: org.thymeleaf.standard.processor.StandardAssertTagProcessor
[THYMELEAF]             * [* {th:remove}] [1600]: org.thymeleaf.standard.processor.StandardRemoveTagProcessor
[THYMELEAF]             * [* {th:ref}] [10000]: org.thymeleaf.standard.processor.StandardRefAttributeTagProcessor
[THYMELEAF]             * [{th:block} *] [100000]: org.thymeleaf.standard.processor.StandardBlockTagProcessor
[THYMELEAF]             * [* th:*] [2147483647]: org.thymeleaf.standard.processor.StandardDefaultAttributesTagProcessor
[THYMELEAF]         * Text Processors by [precedence]:
[THYMELEAF]             * [1000]: org.thymeleaf.standard.processor.StandardInliningTextProcessor
[THYMELEAF]         * CDATA Section Processors by [precedence]:
[THYMELEAF]             * [1000]: org.thymeleaf.standard.processor.StandardInliningCDATASectionProcessor
[THYMELEAF]         * Comment Processors by [precedence]:
[THYMELEAF]             * [1000]: org.thymeleaf.standard.processor.StandardInliningCommentProcessor
[THYMELEAF]     * Processors for Template Mode: TEXT
[THYMELEAF]         * Element Tag Processors by [matching element and attribute name] [precedence]:
[THYMELEAF]             * [* {th:insert}] [100]: org.thymeleaf.standard.processor.StandardInsertTagProcessor
[THYMELEAF]             * [* {th:replace}] [100]: org.thymeleaf.standard.processor.StandardReplaceTagProcessor
[THYMELEAF]             * [* {th:each}] [200]: com.intuit.karate.template.KarateEachTagProcessor
[THYMELEAF]             * [* {th:switch}] [250]: org.thymeleaf.standard.processor.StandardSwitchTagProcessor
[THYMELEAF]             * [* {th:case}] [275]: org.thymeleaf.standard.processor.StandardCaseTagProcessor
[THYMELEAF]             * [* {th:if}] [300]: org.thymeleaf.standard.processor.StandardIfTagProcessor
[THYMELEAF]             * [* {th:unless}] [400]: org.thymeleaf.standard.processor.StandardUnlessTagProcessor
[THYMELEAF]             * [* {th:object}] [500]: org.thymeleaf.standard.processor.StandardObjectTagProcessor
[THYMELEAF]             * [* {th:with}] [600]: com.intuit.karate.template.KarateWithTagProcessor
[THYMELEAF]             * [* {th:inline}] [1000]: org.thymeleaf.standard.processor.StandardInlineTextualTagProcessor
[THYMELEAF]             * [* {th:text}] [1300]: org.thymeleaf.standard.processor.StandardTextTagProcessor
[THYMELEAF]             * [* {th:utext}] [1400]: org.thymeleaf.standard.processor.StandardUtextTagProcessor
[THYMELEAF]             * [* {th:assert}] [1550]: org.thymeleaf.standard.processor.StandardAssertTagProcessor
[THYMELEAF]             * [* {th:remove}] [1600]: org.thymeleaf.standard.processor.StandardRemoveTagProcessor
[THYMELEAF]             * [{th:block} *] [100000]: org.thymeleaf.standard.processor.StandardBlockTagProcessor
[THYMELEAF]             * [* 100000] [org.thymeleaf.standard.processor.StandardBlockTagProcessor]: {}
[THYMELEAF]         * Text Processors by [precedence]:
[THYMELEAF]             * [1000]: org.thymeleaf.standard.processor.StandardInliningTextProcessor
[THYMELEAF]     * Processors for Template Mode: JAVASCRIPT
[THYMELEAF]         * Element Tag Processors by [matching element and attribute name] [precedence]:
[THYMELEAF]             * [* {th:insert}] [100]: org.thymeleaf.standard.processor.StandardInsertTagProcessor
[THYMELEAF]             * [* {th:replace}] [100]: org.thymeleaf.standard.processor.StandardReplaceTagProcessor
[THYMELEAF]             * [* {th:each}] [200]: com.intuit.karate.template.KarateEachTagProcessor
[THYMELEAF]             * [* {th:switch}] [250]: org.thymeleaf.standard.processor.StandardSwitchTagProcessor
[THYMELEAF]             * [* {th:case}] [275]: org.thymeleaf.standard.processor.StandardCaseTagProcessor
[THYMELEAF]             * [* {th:if}] [300]: org.thymeleaf.standard.processor.StandardIfTagProcessor
[THYMELEAF]             * [* {th:unless}] [400]: org.thymeleaf.standard.processor.StandardUnlessTagProcessor
[THYMELEAF]             * [* {th:object}] [500]: org.thymeleaf.standard.processor.StandardObjectTagProcessor
[THYMELEAF]             * [* {th:with}] [600]: com.intuit.karate.template.KarateWithTagProcessor
[THYMELEAF]             * [* {th:inline}] [1000]: org.thymeleaf.standard.processor.StandardInlineTextualTagProcessor
[THYMELEAF]             * [* {th:text}] [1300]: org.thymeleaf.standard.processor.StandardTextTagProcessor
[THYMELEAF]             * [* {th:utext}] [1400]: org.thymeleaf.standard.processor.StandardUtextTagProcessor
[THYMELEAF]             * [* {th:assert}] [1550]: org.thymeleaf.standard.processor.StandardAssertTagProcessor
[THYMELEAF]             * [* {th:remove}] [1600]: org.thymeleaf.standard.processor.StandardRemoveTagProcessor
[THYMELEAF]             * [* 100000] [org.thymeleaf.standard.processor.StandardBlockTagProcessor]: {}
[THYMELEAF]             * [{th:block} *] [100000]: org.thymeleaf.standard.processor.StandardBlockTagProcessor
[THYMELEAF]         * Text Processors by [precedence]:
[THYMELEAF]             * [1000]: org.thymeleaf.standard.processor.StandardInliningTextProcessor
[THYMELEAF]     * Processors for Template Mode: CSS
[THYMELEAF]         * Element Tag Processors by [matching element and attribute name] [precedence]:
[THYMELEAF]             * [* {th:insert}] [100]: org.thymeleaf.standard.processor.StandardInsertTagProcessor
[THYMELEAF]             * [* {th:replace}] [100]: org.thymeleaf.standard.processor.StandardReplaceTagProcessor
[THYMELEAF]             * [* {th:each}] [200]: com.intuit.karate.template.KarateEachTagProcessor
[THYMELEAF]             * [* {th:switch}] [250]: org.thymeleaf.standard.processor.StandardSwitchTagProcessor
[THYMELEAF]             * [* {th:case}] [275]: org.thymeleaf.standard.processor.StandardCaseTagProcessor
[THYMELEAF]             * [* {th:if}] [300]: org.thymeleaf.standard.processor.StandardIfTagProcessor
[THYMELEAF]             * [* {th:unless}] [400]: org.thymeleaf.standard.processor.StandardUnlessTagProcessor
[THYMELEAF]             * [* {th:object}] [500]: org.thymeleaf.standard.processor.StandardObjectTagProcessor
[THYMELEAF]             * [* {th:with}] [600]: com.intuit.karate.template.KarateWithTagProcessor
[THYMELEAF]             * [* {th:inline}] [1000]: org.thymeleaf.standard.processor.StandardInlineTextualTagProcessor
[THYMELEAF]             * [* {th:text}] [1300]: org.thymeleaf.standard.processor.StandardTextTagProcessor
[THYMELEAF]             * [* {th:utext}] [1400]: org.thymeleaf.standard.processor.StandardUtextTagProcessor
[THYMELEAF]             * [* {th:assert}] [1550]: org.thymeleaf.standard.processor.StandardAssertTagProcessor
[THYMELEAF]             * [* {th:remove}] [1600]: org.thymeleaf.standard.processor.StandardRemoveTagProcessor
[THYMELEAF]             * [{th:block} *] [100000]: org.thymeleaf.standard.processor.StandardBlockTagProcessor
[THYMELEAF]             * [* 100000] [org.thymeleaf.standard.processor.StandardBlockTagProcessor]: {}
[THYMELEAF]         * Text Processors by [precedence]:
[THYMELEAF]             * [1000]: org.thymeleaf.standard.processor.StandardInliningTextProcessor
[THYMELEAF]     * Expression Objects:
[THYMELEAF]         * #ctx
[THYMELEAF]         * #root
[THYMELEAF]         * #vars
[THYMELEAF]         * #object
[THYMELEAF]         * #locale
[THYMELEAF]         * #request
[THYMELEAF]         * #response
[THYMELEAF]         * #session
[THYMELEAF]         * #servletContext
[THYMELEAF]         * #conversions
[THYMELEAF]         * #uris
[THYMELEAF]         * #calendars
[THYMELEAF]         * #dates
[THYMELEAF]         * #bools
[THYMELEAF]         * #numbers
[THYMELEAF]         * #objects
[THYMELEAF]         * #strings
[THYMELEAF]         * #arrays
[THYMELEAF]         * #lists
[THYMELEAF]         * #sets
[THYMELEAF]         * #maps
[THYMELEAF]         * #aggregates
[THYMELEAF]         * #messages
[THYMELEAF]         * #ids
[THYMELEAF]         * #execInfo
[THYMELEAF]         * #httpServletRequest
[THYMELEAF]         * #httpSession
[THYMELEAF]     * Execution Attributes:
[THYMELEAF]         * "StandardExpressionParser": com.intuit.karate.template.KarateStandardDialect@4b4969ea
[THYMELEAF]         * "StandardJavaScriptSerializer": org.thymeleaf.standard.serializer.StandardJavaScriptSerializer@24a04257
[THYMELEAF]         * "StandardCSSSerializer": org.thymeleaf.standard.serializer.StandardCSSSerializer@6615237
[THYMELEAF]         * "StandardVariableExpressionEvaluator": com.intuit.karate.template.KarateStandardDialect@4b4969ea
[THYMELEAF]         * "StandardConversionService": org.thymeleaf.standard.expression.StandardConversionService@eaf8427
[THYMELEAF] * Dialect [2 of 2]: karate (com.intuit.karate.template.KarateScriptDialect)
[THYMELEAF]     * Prefix: "ka"
[THYMELEAF]     * Processors for Template Mode: HTML
[THYMELEAF]         * Element Tag Processors by [matching element and attribute name] [precedence]:
[THYMELEAF]             * [* {src}] [1000]: com.intuit.karate.template.KaScriptAttrProcessor
[THYMELEAF]         * Element Model Processors by [matching element and attribute name] [precedence]:
[THYMELEAF]             * [{script} {ka:scope,data-ka-scope}] [1000]: com.intuit.karate.template.KaScriptElemProcessor
[THYMELEAF]             * [* {ka:set,data-ka-set}] [1000]: com.intuit.karate.template.KaSetElemProcessor
[THYMELEAF] TEMPLATE ENGINE CONFIGURED OK
15:19:40.507 [main] DEBUG org.thymeleaf.TemplateEngine - [THYMELEAF] TEMPLATE ENGINE INITIALIZED
15:19:40.740 [main] DEBUG org.thymeleaf.TemplateEngine - [THYMELEAF] INITIALIZING TEMPLATE ENGINE
15:19:40.808 [main] DEBUG org.thymeleaf.TemplateEngine.CONFIG - Initializing Thymeleaf Template engine configuration...
[THYMELEAF] TEMPLATE ENGINE CONFIGURATION:
[THYMELEAF] * Thymeleaf version: 3.0.14.RELEASE (built 2021-12-08T00:45:29+0000)
[THYMELEAF] * Cache Manager implementation: org.thymeleaf.cache.StandardCacheManager
[THYMELEAF] * Template resolvers:
[THYMELEAF]     * [1] com.intuit.karate.template.ResourceHtmlTemplateResolver
[THYMELEAF] * Message resolvers:
[THYMELEAF]     * org.thymeleaf.messageresolver.StandardMessageResolver
[THYMELEAF] * Link builders:
[THYMELEAF]     * org.thymeleaf.linkbuilder.StandardLinkBuilder
[THYMELEAF] * Dialect [1 of 2]: Standard (com.intuit.karate.template.KarateStandardDialect)
[THYMELEAF]     * Prefix: "th"
[THYMELEAF]     * Processors for Template Mode: HTML
[THYMELEAF]         * Element Tag Processors by [matching element and attribute name] [precedence]:
[THYMELEAF]             * [* {th:include,data-th-include}] [100]: org.thymeleaf.standard.processor.StandardIncludeTagProcessor
[THYMELEAF]             * [* {th:insert,data-th-insert}] [100]: org.thymeleaf.standard.processor.StandardInsertTagProcessor
[THYMELEAF]             * [* {th:replace,data-th-replace}] [100]: org.thymeleaf.standard.processor.StandardReplaceTagProcessor
[THYMELEAF]             * [* {th:substituteby,data-th-substituteby}] [100]: org.thymeleaf.standard.processor.StandardSubstituteByTagProcessor
[THYMELEAF]             * [* {th:each,data-th-each}] [200]: com.intuit.karate.template.KarateEachTagProcessor
[THYMELEAF]             * [* {th:switch,data-th-switch}] [250]: org.thymeleaf.standard.processor.StandardSwitchTagProcessor
[THYMELEAF]             * [* {th:case,data-th-case}] [275]: org.thymeleaf.standard.processor.StandardCaseTagProcessor
[THYMELEAF]             * [* {th:if,data-th-if}] [300]: org.thymeleaf.standard.processor.StandardIfTagProcessor
[THYMELEAF]             * [* {th:unless,data-th-unless}] [400]: org.thymeleaf.standard.processor.StandardUnlessTagProcessor
[THYMELEAF]             * [* {th:object,data-th-object}] [500]: org.thymeleaf.standard.processor.StandardObjectTagProcessor
[THYMELEAF]             * [* {th:with,data-th-with}] [600]: com.intuit.karate.template.KarateWithTagProcessor
[THYMELEAF]             * [* {th:attr,data-th-attr}] [700]: com.intuit.karate.template.KarateAttributeTagProcessor.KarateAttrTagProcessor
[THYMELEAF]             * [* {th:attrappend,data-th-attrappend}] [900]: com.intuit.karate.template.KarateAttributeTagProcessor.KarateAttrappendTagProcessor
[THYMELEAF]             * [* {th:attrprepend,data-th-attrprepend}] [900]: com.intuit.karate.template.KarateAttributeTagProcessor.KarateAttrprependTagProcessor
[THYMELEAF]             * [* {th:alt-title,data-th-alt-title}] [990]: org.thymeleaf.standard.processor.StandardAltTitleTagProcessor
[THYMELEAF]             * [* {th:lang-xmllang,data-th-lang-xmllang}] [990]: org.thymeleaf.standard.processor.StandardLangXmlLangTagProcessor
[THYMELEAF]             * [* {th:action,data-th-action}] [1000]: org.thymeleaf.standard.processor.StandardActionTagProcessor
[THYMELEAF]             * [* {th:loop,data-th-loop}] [1000]: org.thymeleaf.standard.processor.StandardConditionalFixedValueTagProcessor
[THYMELEAF]             * [* {th:disabled,data-th-disabled}] [1000]: org.thymeleaf.standard.processor.StandardConditionalFixedValueTagProcessor
[THYMELEAF]             * [* {th:default,data-th-default}] [1000]: org.thymeleaf.standard.processor.StandardConditionalFixedValueTagProcessor
[THYMELEAF]             * [* {th:readonly,data-th-readonly}] [1000]: org.thymeleaf.standard.processor.StandardConditionalFixedValueTagProcessor
[THYMELEAF]             * [* {th:pubdate,data-th-pubdate}] [1000]: org.thymeleaf.standard.processor.StandardConditionalFixedValueTagProcessor
[THYMELEAF]             * [* {th:multiple,data-th-multiple}] [1000]: org.thymeleaf.standard.processor.StandardConditionalFixedValueTagProcessor
[THYMELEAF]             * [* {th:open,data-th-open}] [1000]: org.thymeleaf.standard.processor.StandardConditionalFixedValueTagProcessor
[THYMELEAF]             * [* {th:seamless,data-th-seamless}] [1000]: org.thymeleaf.standard.processor.StandardConditionalFixedValueTagProcessor
[THYMELEAF]             * [* {th:autofocus,data-th-autofocus}] [1000]: org.thymeleaf.standard.processor.StandardConditionalFixedValueTagProcessor
[THYMELEAF]             * [* {th:autoplay,data-th-autoplay}] [1000]: org.thymeleaf.standard.processor.StandardConditionalFixedValueTagProcessor
[THYMELEAF]             * [* {th:required,data-th-required}] [1000]: org.thymeleaf.standard.processor.StandardConditionalFixedValueTagProcessor
[THYMELEAF]             * [* {th:scoped,data-th-scoped}] [1000]: org.thymeleaf.standard.processor.StandardConditionalFixedValueTagProcessor
[THYMELEAF]             * [* {th:formnovalidate,data-th-formnovalidate}] [1000]: org.thymeleaf.standard.processor.StandardConditionalFixedValueTagProcessor
[THYMELEAF]             * [* {th:checked,data-th-checked}] [1000]: org.thymeleaf.standard.processor.StandardConditionalFixedValueTagProcessor
[THYMELEAF]             * [* {th:defer,data-th-defer}] [1000]: org.thymeleaf.standard.processor.StandardConditionalFixedValueTagProcessor
[THYMELEAF]             * [* {th:async,data-th-async}] [1000]: org.thymeleaf.standard.processor.StandardConditionalFixedValueTagProcessor
[THYMELEAF]             * [* {th:selected,data-th-selected}] [1000]: org.thymeleaf.standard.processor.StandardConditionalFixedValueTagProcessor
[THYMELEAF]             * [* {th:declare,data-th-declare}] [1000]: org.thymeleaf.standard.processor.StandardConditionalFixedValueTagProcessor
[THYMELEAF]             * [* {th:nowrap,data-th-nowrap}] [1000]: org.thymeleaf.standard.processor.StandardConditionalFixedValueTagProcessor
[THYMELEAF]             * [* {th:hidden,data-th-hidden}] [1000]: org.thymeleaf.standard.processor.StandardConditionalFixedValueTagProcessor
[THYMELEAF]             * [* {th:controls,data-th-controls}] [1000]: org.thymeleaf.standard.processor.StandardConditionalFixedValueTagProcessor
[THYMELEAF]             * [* {th:ismap,data-th-ismap}] [1000]: org.thymeleaf.standard.processor.StandardConditionalFixedValueTagProcessor
[THYMELEAF]             * [* {th:novalidate,data-th-novalidate}] [1000]: org.thymeleaf.standard.processor.StandardConditionalFixedValueTagProcessor
[THYMELEAF]             * [* {th:reversed,data-th-reversed}] [1000]: org.thymeleaf.standard.processor.StandardConditionalFixedValueTagProcessor
[THYMELEAF]             * [* {th:onbeforeunload,data-th-onbeforeunload}] [1000]: org.thymeleaf.standard.processor.StandardDOMEventAttributeTagProcessor
[THYMELEAF]             * [* {th:ononline,data-th-ononline}] [1000]: org.thymeleaf.standard.processor.StandardDOMEventAttributeTagProcessor
[THYMELEAF]             * [* {th:onpause,data-th-onpause}] [1000]: org.thymeleaf.standard.processor.StandardDOMEventAttributeTagProcessor
[THYMELEAF]             * [* {th:onselect,data-th-onselect}] [1000]: org.thymeleaf.standard.processor.StandardDOMEventAttributeTagProcessor
[THYMELEAF]             * [* {th:onstorage,data-th-onstorage}] [1000]: org.thymeleaf.standard.processor.StandardDOMEventAttributeTagProcessor
[THYMELEAF]             * [* {th:onemptied,data-th-onemptied}] [1000]: org.thymeleaf.standard.processor.StandardDOMEventAttributeTagProcessor
[THYMELEAF]             * [* {th:ondrop,data-th-ondrop}] [1000]: org.thymeleaf.standard.processor.StandardDOMEventAttributeTagProcessor
[THYMELEAF]             * [* {th:ondragenter,data-th-ondragenter}] [1000]: org.thymeleaf.standard.processor.StandardDOMEventAttributeTagProcessor
[THYMELEAF]             * [* {th:ontimeupdate,data-th-ontimeupdate}] [1000]: org.thymeleaf.standard.processor.StandardDOMEventAttributeTagProcessor
[THYMELEAF]             * [* {th:onundo,data-th-onundo}] [1000]: org.thymeleaf.standard.processor.StandardDOMEventAttributeTagProcessor
[THYMELEAF]             * [* {th:ondblclick,data-th-ondblclick}] [1000]: org.thymeleaf.standard.processor.StandardDOMEventAttributeTagProcessor
[THYMELEAF]             * [* {th:onmouseover,data-th-onmouseover}] [1000]: org.thymeleaf.standard.processor.StandardDOMEventAttributeTagProcessor
[THYMELEAF]             * [* {th:onredo,data-th-onredo}] [1000]: org.thymeleaf.standard.processor.StandardDOMEventAttributeTagProcessor
[THYMELEAF]             * [* {th:onclick,data-th-onclick}] [1000]: org.thymeleaf.standard.processor.StandardDOMEventAttributeTagProcessor
[THYMELEAF]             * [* {th:ondragend,data-th-ondragend}] [1000]: org.thymeleaf.standard.processor.StandardDOMEventAttributeTagProcessor
[THYMELEAF]             * [* {th:onscroll,data-th-onscroll}] [1000]: org.thymeleaf.standard.processor.StandardDOMEventAttributeTagProcessor
[THYMELEAF]             * [* {th:onmousewheel,data-th-onmousewheel}] [1000]: org.thymeleaf.standard.processor.StandardDOMEventAttributeTagProcessor
[THYMELEAF]             * [* {th:onsubmit,data-th-onsubmit}] [1000]: org.thymeleaf.standard.processor.StandardDOMEventAttributeTagProcessor
[THYMELEAF]             * [* {th:onloadedmetadata,data-th-onloadedmetadata}] [1000]: org.thymeleaf.standard.processor.StandardDOMEventAttributeTagProcessor
[THYMELEAF]             * [* {th:ondragleave,data-th-ondragleave}] [1000]: org.thymeleaf.standard.processor.StandardDOMEventAttributeTagProcessor
[THYMELEAF]             * [* {th:oninvalid,data-th-oninvalid}] [1000]: org.thymeleaf.standard.processor.StandardDOMEventAttributeTagProcessor
[THYMELEAF]             * [* {th:onsuspend,data-th-onsuspend}] [1000]: org.thymeleaf.standard.processor.StandardDOMEventAttributeTagProcessor
[THYMELEAF]             * [* {th:onmouseup,data-th-onmouseup}] [1000]: org.thymeleaf.standard.processor.StandardDOMEventAttributeTagProcessor
[THYMELEAF]             * [* {th:onabort,data-th-onabort}] [1000]: org.thymeleaf.standard.processor.StandardDOMEventAttributeTagProcessor
[THYMELEAF]             * [* {th:onvolumechange,data-th-onvolumechange}] [1000]: org.thymeleaf.standard.processor.StandardDOMEventAttributeTagProcessor
[THYMELEAF]             * [* {th:onshow,data-th-onshow}] [1000]: org.thymeleaf.standard.processor.StandardDOMEventAttributeTagProcessor
[THYMELEAF]             * [* {th:oncanplaythrough,data-th-oncanplaythrough}] [1000]: org.thymeleaf.standard.processor.StandardDOMEventAttributeTagProcessor
[THYMELEAF]             * [* {th:onload,data-th-onload}] [1000]: org.thymeleaf.standard.processor.StandardDOMEventAttributeTagProcessor
[THYMELEAF]             * [* {th:onpopstate,data-th-onpopstate}] [1000]: org.thymeleaf.standard.processor.StandardDOMEventAttributeTagProcessor
[THYMELEAF]             * [* {th:onerror,data-th-onerror}] [1000]: org.thymeleaf.standard.processor.StandardDOMEventAttributeTagProcessor
[THYMELEAF]             * [* {th:ondragover,data-th-ondragover}] [1000]: org.thymeleaf.standard.processor.StandardDOMEventAttributeTagProcessor
[THYMELEAF]             * [* {th:ondurationchange,data-th-ondurationchange}] [1000]: org.thymeleaf.standard.processor.StandardDOMEventAttributeTagProcessor
[THYMELEAF]             * [* {th:onseeking,data-th-onseeking}] [1000]: org.thymeleaf.standard.processor.StandardDOMEventAttributeTagProcessor
[THYMELEAF]             * [* {th:oncontextmenu,data-th-oncontextmenu}] [1000]: org.thymeleaf.standard.processor.StandardDOMEventAttributeTagProcessor
[THYMELEAF]             * [* {th:onchange,data-th-onchange}] [1000]: org.thymeleaf.standard.processor.StandardDOMEventAttributeTagProcessor
[THYMELEAF]             * [* {th:ondragstart,data-th-ondragstart}] [1000]: org.thymeleaf.standard.processor.StandardDOMEventAttributeTagProcessor
[THYMELEAF]             * [* {th:onmousemove,data-th-onmousemove}] [1000]: org.thymeleaf.standard.processor.StandardDOMEventAttributeTagProcessor
[THYMELEAF]             * [* {th:onafterprint,data-th-onafterprint}] [1000]: org.thymeleaf.standard.processor.StandardDOMEventAttributeTagProcessor
[THYMELEAF]             * [* {th:onfocus,data-th-onfocus}] [1000]: org.thymeleaf.standard.processor.StandardDOMEventAttributeTagProcessor
[THYMELEAF]             * [* {th:onstalled,data-th-onstalled}] [1000]: org.thymeleaf.standard.processor.StandardDOMEventAttributeTagProcessor
[THYMELEAF]             * [* {th:onmessage,data-th-onmessage}] [1000]: org.thymeleaf.standard.processor.StandardDOMEventAttributeTagProcessor
[THYMELEAF]             * [* {th:onresize,data-th-onresize}] [1000]: org.thymeleaf.standard.processor.StandardDOMEventAttributeTagProcessor
[THYMELEAF]             * [* {th:onreadystatechange,data-th-onreadystatechange}] [1000]: org.thymeleaf.standard.processor.StandardDOMEventAttributeTagProcessor
[THYMELEAF]             * [* {th:onseeked,data-th-onseeked}] [1000]: org.thymeleaf.standard.processor.StandardDOMEventAttributeTagProcessor
[THYMELEAF]             * [* {th:ondrag,data-th-ondrag}] [1000]: org.thymeleaf.standard.processor.StandardDOMEventAttributeTagProcessor
[THYMELEAF]             * [* {th:onkeydown,data-th-onkeydown}] [1000]: org.thymeleaf.standard.processor.StandardDOMEventAttributeTagProcessor
[THYMELEAF]             * [* {th:onblur,data-th-onblur}] [1000]: org.thymeleaf.standard.processor.StandardDOMEventAttributeTagProcessor
[THYMELEAF]             * [* {th:onloadstart,data-th-onloadstart}] [1000]: org.thymeleaf.standard.processor.StandardDOMEventAttributeTagProcessor
[THYMELEAF]             * [* {th:oninput,data-th-oninput}] [1000]: org.thymeleaf.standard.processor.StandardDOMEventAttributeTagProcessor
[THYMELEAF]             * [* {th:onformchange,data-th-onformchange}] [1000]: org.thymeleaf.standard.processor.StandardDOMEventAttributeTagProcessor
[THYMELEAF]             * [* {th:onmousedown,data-th-onmousedown}] [1000]: org.thymeleaf.standard.processor.StandardDOMEventAttributeTagProcessor
[THYMELEAF]             * [* {th:onreset,data-th-onreset}] [1000]: org.thymeleaf.standard.processor.StandardDOMEventAttributeTagProcessor
[THYMELEAF]             * [* {th:onended,data-th-onended}] [1000]: org.thymeleaf.standard.processor.StandardDOMEventAttributeTagProcessor
[THYMELEAF]             * [* {th:onbeforeprint,data-th-onbeforeprint}] [1000]: org.thymeleaf.standard.processor.StandardDOMEventAttributeTagProcessor
[THYMELEAF]             * [* {th:onplaying,data-th-onplaying}] [1000]: org.thymeleaf.standard.processor.StandardDOMEventAttributeTagProcessor
[THYMELEAF]             * [* {th:onforminput,data-th-onforminput}] [1000]: org.thymeleaf.standard.processor.StandardDOMEventAttributeTagProcessor
[THYMELEAF]             * [* {th:onplay,data-th-onplay}] [1000]: org.thymeleaf.standard.processor.StandardDOMEventAttributeTagProcessor
[THYMELEAF]             * [* {th:onhashchange,data-th-onhashchange}] [1000]: org.thymeleaf.standard.processor.StandardDOMEventAttributeTagProcessor
[THYMELEAF]             * [* {th:onkeyup,data-th-onkeyup}] [1000]: org.thymeleaf.standard.processor.StandardDOMEventAttributeTagProcessor
[THYMELEAF]             * [* {th:onratechange,data-th-onratechange}] [1000]: org.thymeleaf.standard.processor.StandardDOMEventAttributeTagProcessor
[THYMELEAF]             * [* {th:onkeypress,data-th-onkeypress}] [1000]: org.thymeleaf.standard.processor.StandardDOMEventAttributeTagProcessor
[THYMELEAF]             * [* {th:onmouseout,data-th-onmouseout}] [1000]: org.thymeleaf.standard.processor.StandardDOMEventAttributeTagProcessor
[THYMELEAF]             * [* {th:onloadeddata,data-th-onloadeddata}] [1000]: org.thymeleaf.standard.processor.StandardDOMEventAttributeTagProcessor
[THYMELEAF]             * [* {th:oncanplay,data-th-oncanplay}] [1000]: org.thymeleaf.standard.processor.StandardDOMEventAttributeTagProcessor
[THYMELEAF]             * [* {th:onprogress,data-th-onprogress}] [1000]: org.thymeleaf.standard.processor.StandardDOMEventAttributeTagProcessor
[THYMELEAF]             * [* {th:onunload,data-th-onunload}] [1000]: org.thymeleaf.standard.processor.StandardDOMEventAttributeTagProcessor
[THYMELEAF]             * [* {th:onoffline,data-th-onoffline}] [1000]: org.thymeleaf.standard.processor.StandardDOMEventAttributeTagProcessor
[THYMELEAF]             * [* {th:onwaiting,data-th-onwaiting}] [1000]: org.thymeleaf.standard.processor.StandardDOMEventAttributeTagProcessor
[THYMELEAF]             * [* {th:href,data-th-href}] [1000]: org.thymeleaf.standard.processor.StandardHrefTagProcessor
[THYMELEAF]             * [* {th:inline,data-th-inline}] [1000]: org.thymeleaf.standard.processor.StandardInlineHTMLTagProcessor
[THYMELEAF]             * [* {th:method,data-th-method}] [1000]: org.thymeleaf.standard.processor.StandardMethodTagProcessor
[THYMELEAF]             * [* {th:name,data-th-name}] [1000]: org.thymeleaf.standard.processor.StandardNonRemovableAttributeTagProcessor
[THYMELEAF]             * [* {th:type,data-th-type}] [1000]: org.thymeleaf.standard.processor.StandardNonRemovableAttributeTagProcessor
[THYMELEAF]             * [* {th:max,data-th-max}] [1000]: org.thymeleaf.standard.processor.StandardRemovableAttributeTagProcessor
[THYMELEAF]             * [* {th:dropzone,data-th-dropzone}] [1000]: org.thymeleaf.standard.processor.StandardRemovableAttributeTagProcessor
[THYMELEAF]             * [* {th:label,data-th-label}] [1000]: org.thymeleaf.standard.processor.StandardRemovableAttributeTagProcessor
[THYMELEAF]             * [* {th:archive,data-th-archive}] [1000]: org.thymeleaf.standard.processor.StandardRemovableAttributeTagProcessor
[THYMELEAF]             * [* {th:low,data-th-low}] [1000]: org.thymeleaf.standard.processor.StandardRemovableAttributeTagProcessor
[THYMELEAF]             * [* {th:width,data-th-width}] [1000]: org.thymeleaf.standard.processor.StandardRemovableAttributeTagProcessor
[THYMELEAF]             * [* {th:usemap,data-th-usemap}] [1000]: org.thymeleaf.standard.processor.StandardRemovableAttributeTagProcessor
[THYMELEAF]             * [* {th:class,data-th-class}] [1000]: org.thymeleaf.standard.processor.StandardRemovableAttributeTagProcessor
[THYMELEAF]             * [* {th:headers,data-th-headers}] [1000]: org.thymeleaf.standard.processor.StandardRemovableAttributeTagProcessor
[THYMELEAF]             * [* {th:standby,data-th-standby}] [1000]: org.thymeleaf.standard.processor.StandardRemovableAttributeTagProcessor
[THYMELEAF]             * [* {th:optimum,data-th-optimum}] [1000]: org.thymeleaf.standard.processor.StandardRemovableAttributeTagProcessor
[THYMELEAF]             * [* {th:content,data-th-content}] [1000]: org.thymeleaf.standard.processor.StandardRemovableAttributeTagProcessor
[THYMELEAF]             * [* {th:maxlength,data-th-maxlength}] [1000]: org.thymeleaf.standard.processor.StandardRemovableAttributeTagProcessor
[THYMELEAF]             * [* {th:cols,data-th-cols}] [1000]: org.thymeleaf.standard.processor.StandardRemovableAttributeTagProcessor
[THYMELEAF]             * [* {th:hspace,data-th-hspace}] [1000]: org.thymeleaf.standard.processor.StandardRemovableAttributeTagProcessor
[THYMELEAF]             * [* {th:colspan,data-th-colspan}] [1000]: org.thymeleaf.standard.processor.StandardRemovableAttributeTagProcessor
[THYMELEAF]             * [* {th:form,data-th-form}] [1000]: org.thymeleaf.standard.processor.StandardRemovableAttributeTagProcessor
[THYMELEAF]             * [* {th:keytype,data-th-keytype}] [1000]: org.thymeleaf.standard.processor.StandardRemovableAttributeTagProcessor
[THYMELEAF]             * [* {th:hreflang,data-th-hreflang}] [1000]: org.thymeleaf.standard.processor.StandardRemovableAttributeTagProcessor
[THYMELEAF]             * [* {th:list,data-th-list}] [1000]: org.thymeleaf.standard.processor.StandardRemovableAttributeTagProcessor
[THYMELEAF]             * [* {th:frameborder,data-th-frameborder}] [1000]: org.thymeleaf.standard.processor.StandardRemovableAttributeTagProcessor
[THYMELEAF]             * [* {th:vspace,data-th-vspace}] [1000]: org.thymeleaf.standard.processor.StandardRemovableAttributeTagProcessor
[THYMELEAF]             * [* {th:manifest,data-th-manifest}] [1000]: org.thymeleaf.standard.processor.StandardRemovableAttributeTagProcessor
[THYMELEAF]             * [* {th:dir,data-th-dir}] [1000]: org.thymeleaf.standard.processor.StandardRemovableAttributeTagProcessor
[THYMELEAF]             * [* {th:valuetype,data-th-valuetype}] [1000]: org.thymeleaf.standard.processor.StandardRemovableAttributeTagProcessor
[THYMELEAF]             * [* {th:data,data-th-data}] [1000]: org.thymeleaf.standard.processor.StandardRemovableAttributeTagProcessor
[THYMELEAF]             * [* {th:autocomplete,data-th-autocomplete}] [1000]: org.thymeleaf.standard.processor.StandardRemovableAttributeTagProcessor
[THYMELEAF]             * [* {th:sizes,data-th-sizes}] [1000]: org.thymeleaf.standard.processor.StandardRemovableAttributeTagProcessor
[THYMELEAF]             * [* {th:start,data-th-start}] [1000]: org.thymeleaf.standard.processor.StandardRemovableAttributeTagProcessor
[THYMELEAF]             * [* {th:cite,data-th-cite}] [1000]: org.thymeleaf.standard.processor.StandardRemovableAttributeTagProcessor
[THYMELEAF]             * [* {th:title,data-th-title}] [1000]: org.thymeleaf.standard.processor.StandardRemovableAttributeTagProcessor
[THYMELEAF]             * [* {th:challenge,data-th-challenge}] [1000]: org.thymeleaf.standard.processor.StandardRemovableAttributeTagProcessor
[THYMELEAF]             * [* {th:bgcolor,data-th-bgcolor}] [1000]: org.thymeleaf.standard.processor.StandardRemovableAttributeTagProcessor
[THYMELEAF]             * [* {th:codetype,data-th-codetype}] [1000]: org.thymeleaf.standard.processor.StandardRemovableAttributeTagProcessor
[THYMELEAF]             * [* {th:contenteditable,data-th-contenteditable}] [1000]: org.thymeleaf.standard.processor.StandardRemovableAttributeTagProcessor
[THYMELEAF]             * [* {th:http-equiv,data-th-http-equiv}] [1000]: org.thymeleaf.standard.processor.StandardRemovableAttributeTagProcessor
[THYMELEAF]             * [* {th:accesskey,data-th-accesskey}] [1000]: org.thymeleaf.standard.processor.StandardRemovableAttributeTagProcessor
[THYMELEAF]             * [* {th:radiogroup,data-th-radiogroup}] [1000]: org.thymeleaf.standard.processor.StandardRemovableAttributeTagProcessor
[THYMELEAF]             * [* {th:datetime,data-th-datetime}] [1000]: org.thymeleaf.standard.processor.StandardRemovableAttributeTagProcessor
[THYMELEAF]             * [* {th:icon,data-th-icon}] [1000]: org.thymeleaf.standard.processor.StandardRemovableAttributeTagProcessor
[THYMELEAF]             * [* {th:rowspan,data-th-rowspan}] [1000]: org.thymeleaf.standard.processor.StandardRemovableAttributeTagProcessor
[THYMELEAF]             * [* {th:codebase,data-th-codebase}] [1000]: org.thymeleaf.standard.processor.StandardRemovableAttributeTagProcessor
[THYMELEAF]             * [* {th:pattern,data-th-pattern}] [1000]: org.thymeleaf.standard.processor.StandardRemovableAttributeTagProcessor
[THYMELEAF]             * [* {th:id,data-th-id}] [1000]: org.thymeleaf.standard.processor.StandardRemovableAttributeTagProcessor
[THYMELEAF]             * [* {th:poster,data-th-poster}] [1000]: org.thymeleaf.standard.processor.StandardRemovableAttributeTagProcessor
[THYMELEAF]             * [* {th:media,data-th-media}] [1000]: org.thymeleaf.standard.processor.StandardRemovableAttributeTagProcessor
[THYMELEAF]             * [* {th:target,data-th-target}] [1000]: org.thymeleaf.standard.processor.StandardRemovableAttributeTagProcessor
[THYMELEAF]             * [* {th:scrolling,data-th-scrolling}] [1000]: org.thymeleaf.standard.processor.StandardRemovableAttributeTagProcessor
[THYMELEAF]             * [* {th:classid,data-th-classid}] [1000]: org.thymeleaf.standard.processor.StandardRemovableAttributeTagProcessor
[THYMELEAF]             * [* {th:accept-charset,data-th-accept-charset}] [1000]: org.thymeleaf.standard.processor.StandardRemovableAttributeTagProcessor
[THYMELEAF]             * [* {th:lang,data-th-lang}] [1000]: org.thymeleaf.standard.processor.StandardRemovableAttributeTagProcessor
[THYMELEAF]             * [* {th:style,data-th-style}] [1000]: org.thymeleaf.standard.processor.StandardRemovableAttributeTagProcessor
[THYMELEAF]             * [* {th:height,data-th-height}] [1000]: org.thymeleaf.standard.processor.StandardRemovableAttributeTagProcessor
[THYMELEAF]             * [* {th:frame,data-th-frame}] [1000]: org.thymeleaf.standard.processor.StandardRemovableAttributeTagProcessor
[THYMELEAF]             * [* {th:marginheight,data-th-marginheight}] [1000]: org.thymeleaf.standard.processor.StandardRemovableAttributeTagProcessor
[THYMELEAF]             * [* {th:step,data-th-step}] [1000]: org.thymeleaf.standard.processor.StandardRemovableAttributeTagProcessor
[THYMELEAF]             * [* {th:audio,data-th-audio}] [1000]: org.thymeleaf.standard.processor.StandardRemovableAttributeTagProcessor
[THYMELEAF]             * [* {th:for,data-th-for}] [1000]: org.thymeleaf.standard.processor.StandardRemovableAttributeTagProcessor
[THYMELEAF]             * [* {th:rel,data-th-rel}] [1000]: org.thymeleaf.standard.processor.StandardRemovableAttributeTagProcessor
[THYMELEAF]             * [* {th:formaction,data-th-formaction}] [1000]: org.thymeleaf.standard.processor.StandardRemovableAttributeTagProcessor
[THYMELEAF]             * [* {th:enctype,data-th-enctype}] [1000]: org.thymeleaf.standard.processor.StandardRemovableAttributeTagProcessor
[THYMELEAF]             * [* {th:alt,data-th-alt}] [1000]: org.thymeleaf.standard.processor.StandardRemovableAttributeTagProcessor
[THYMELEAF]             * [* {th:tabindex,data-th-tabindex}] [1000]: org.thymeleaf.standard.processor.StandardRemovableAttributeTagProcessor
[THYMELEAF]             * [* {th:rules,data-th-rules}] [1000]: org.thymeleaf.standard.processor.StandardRemovableAttributeTagProcessor
[THYMELEAF]             * [* {th:sandbox,data-th-sandbox}] [1000]: org.thymeleaf.standard.processor.StandardRemovableAttributeTagProcessor
[THYMELEAF]             * [* {th:summary,data-th-summary}] [1000]: org.thymeleaf.standard.processor.StandardRemovableAttributeTagProcessor
[THYMELEAF]             * [* {th:formmethod,data-th-formmethod}] [1000]: org.thymeleaf.standard.processor.StandardRemovableAttributeTagProcessor
[THYMELEAF]             * [* {th:abbr,data-th-abbr}] [1000]: org.thymeleaf.standard.processor.StandardRemovableAttributeTagProcessor
[THYMELEAF]             * [* {th:min,data-th-min}] [1000]: org.thymeleaf.standard.processor.StandardRemovableAttributeTagProcessor
[THYMELEAF]             * [* {th:size,data-th-size}] [1000]: org.thymeleaf.standard.processor.StandardRemovableAttributeTagProcessor
[THYMELEAF]             * [* {th:preload,data-th-preload}] [1000]: org.thymeleaf.standard.processor.StandardRemovableAttributeTagProcessor
[THYMELEAF]             * [* {th:scheme,data-th-scheme}] [1000]: org.thymeleaf.standard.processor.StandardRemovableAttributeTagProcessor
[THYMELEAF]             * [* {th:draggable,data-th-draggable}] [1000]: org.thymeleaf.standard.processor.StandardRemovableAttributeTagProcessor
[THYMELEAF]             * [* {th:formtarget,data-th-formtarget}] [1000]: org.thymeleaf.standard.processor.StandardRemovableAttributeTagProcessor
[THYMELEAF]             * [* {th:border,data-th-border}] [1000]: org.thymeleaf.standard.processor.StandardRemovableAttributeTagProcessor
[THYMELEAF]             * [* {th:align,data-th-align}] [1000]: org.thymeleaf.standard.processor.StandardRemovableAttributeTagProcessor
[THYMELEAF]             * [* {th:background,data-th-background}] [1000]: org.thymeleaf.standard.processor.StandardRemovableAttributeTagProcessor
[THYMELEAF]             * [* {th:rows,data-th-rows}] [1000]: org.thymeleaf.standard.processor.StandardRemovableAttributeTagProcessor
[THYMELEAF]             * [* {th:rev,data-th-rev}] [1000]: org.thymeleaf.standard.processor.StandardRemovableAttributeTagProcessor
[THYMELEAF]             * [* {th:cellpadding,data-th-cellpadding}] [1000]: org.thymeleaf.standard.processor.StandardRemovableAttributeTagProcessor
[THYMELEAF]             * [* {th:span,data-th-span}] [1000]: org.thymeleaf.standard.processor.StandardRemovableAttributeTagProcessor
[THYMELEAF]             * [* {th:compact,data-th-compact}] [1000]: org.thymeleaf.standard.processor.StandardRemovableAttributeTagProcessor
[THYMELEAF]             * [* {th:marginwidth,data-th-marginwidth}] [1000]: org.thymeleaf.standard.processor.StandardRemovableAttributeTagProcessor
[THYMELEAF]             * [* {th:high,data-th-high}] [1000]: org.thymeleaf.standard.processor.StandardRemovableAttributeTagProcessor
[THYMELEAF]             * [* {th:spellcheck,data-th-spellcheck}] [1000]: org.thymeleaf.standard.processor.StandardRemovableAttributeTagProcessor
[THYMELEAF]             * [* {th:kind,data-th-kind}] [1000]: org.thymeleaf.standard.processor.StandardRemovableAttributeTagProcessor
[THYMELEAF]             * [* {th:longdesc,data-th-longdesc}] [1000]: org.thymeleaf.standard.processor.StandardRemovableAttributeTagProcessor
[THYMELEAF]             * [* {th:wrap,data-th-wrap}] [1000]: org.thymeleaf.standard.processor.StandardRemovableAttributeTagProcessor
[THYMELEAF]             * [* {th:axis,data-th-axis}] [1000]: org.thymeleaf.standard.processor.StandardRemovableAttributeTagProcessor
[THYMELEAF]             * [* {th:srclang,data-th-srclang}] [1000]: org.thymeleaf.standard.processor.StandardRemovableAttributeTagProcessor
[THYMELEAF]             * [* {th:formenctype,data-th-formenctype}] [1000]: org.thymeleaf.standard.processor.StandardRemovableAttributeTagProcessor
[THYMELEAF]             * [* {th:placeholder,data-th-placeholder}] [1000]: org.thymeleaf.standard.processor.StandardRemovableAttributeTagProcessor
[THYMELEAF]             * [* {th:contextmenu,data-th-contextmenu}] [1000]: org.thymeleaf.standard.processor.StandardRemovableAttributeTagProcessor
[THYMELEAF]             * [* {th:scope,data-th-scope}] [1000]: org.thymeleaf.standard.processor.StandardRemovableAttributeTagProcessor
[THYMELEAF]             * [* {th:cellspacing,data-th-cellspacing}] [1000]: org.thymeleaf.standard.processor.StandardRemovableAttributeTagProcessor
[THYMELEAF]             * [* {th:charset,data-th-charset}] [1000]: org.thymeleaf.standard.processor.StandardRemovableAttributeTagProcessor
[THYMELEAF]             * [* {th:accept,data-th-accept}] [1000]: org.thymeleaf.standard.processor.StandardRemovableAttributeTagProcessor
[THYMELEAF]             * [* {th:src,data-th-src}] [1000]: org.thymeleaf.standard.processor.StandardSrcTagProcessor
[THYMELEAF]             * [* {th:value,data-th-value}] [1000]: org.thymeleaf.standard.processor.StandardValueTagProcessor
[THYMELEAF]             * [* {th:xmlbase,data-th-xmlbase}] [1000]: org.thymeleaf.standard.processor.StandardXmlBaseTagProcessor
[THYMELEAF]             * [* {th:xmllang,data-th-xmllang}] [1000]: org.thymeleaf.standard.processor.StandardXmlLangTagProcessor
[THYMELEAF]             * [* {xmlns:th}] [1000]: org.thymeleaf.standard.processor.StandardXmlNsTagProcessor
[THYMELEAF]             * [* {th:xmlspace,data-th-xmlspace}] [1000]: org.thymeleaf.standard.processor.StandardXmlSpaceTagProcessor
[THYMELEAF]             * [* {th:classappend,data-th-classappend}] [1100]: org.thymeleaf.standard.processor.StandardClassappendTagProcessor
[THYMELEAF]             * [* {th:styleappend,data-th-styleappend}] [1100]: org.thymeleaf.standard.processor.StandardStyleappendTagProcessor
[THYMELEAF]             * [* {th:text,data-th-text}] [1300]: org.thymeleaf.standard.processor.StandardTextTagProcessor
[THYMELEAF]             * [* {th:utext,data-th-utext}] [1400]: org.thymeleaf.standard.processor.StandardUtextTagProcessor
[THYMELEAF]             * [* {th:fragment,data-th-fragment}] [1500]: org.thymeleaf.standard.processor.StandardFragmentTagProcessor
[THYMELEAF]             * [* {th:assert,data-th-assert}] [1550]: org.thymeleaf.standard.processor.StandardAssertTagProcessor
[THYMELEAF]             * [* {th:remove,data-th-remove}] [1600]: org.thymeleaf.standard.processor.StandardRemoveTagProcessor
[THYMELEAF]             * [* {th:ref,data-th-ref}] [10000]: org.thymeleaf.standard.processor.StandardRefAttributeTagProcessor
[THYMELEAF]             * [{th:block,th-block} *] [100000]: org.thymeleaf.standard.processor.StandardBlockTagProcessor
[THYMELEAF]             * [* th:*] [2147483647]: org.thymeleaf.standard.processor.StandardDefaultAttributesTagProcessor
[THYMELEAF]         * Text Processors by [precedence]:
[THYMELEAF]             * [1000]: org.thymeleaf.standard.processor.StandardInliningTextProcessor
[THYMELEAF]         * DOCTYPE Processors by [precedence]:
[THYMELEAF]             * [1000]: org.thymeleaf.standard.processor.StandardTranslationDocTypeProcessor
[THYMELEAF]         * CDATA Section Processors by [precedence]:
[THYMELEAF]             * [1000]: org.thymeleaf.standard.processor.StandardInliningCDATASectionProcessor
[THYMELEAF]         * Comment Processors by [precedence]:
[THYMELEAF]             * [1000]: org.thymeleaf.standard.processor.StandardInliningCommentProcessor
[THYMELEAF]             * [1100]: org.thymeleaf.standard.processor.StandardConditionalCommentProcessor
[THYMELEAF]     * Processors for Template Mode: XML
[THYMELEAF]         * Element Tag Processors by [matching element and attribute name] [precedence]:
[THYMELEAF]             * [* {th:include}] [100]: org.thymeleaf.standard.processor.StandardIncludeTagProcessor
[THYMELEAF]             * [* {th:insert}] [100]: org.thymeleaf.standard.processor.StandardInsertTagProcessor
[THYMELEAF]             * [* {th:replace}] [100]: org.thymeleaf.standard.processor.StandardReplaceTagProcessor
[THYMELEAF]             * [* {th:substituteby}] [100]: org.thymeleaf.standard.processor.StandardSubstituteByTagProcessor
[THYMELEAF]             * [* {th:each}] [200]: com.intuit.karate.template.KarateEachTagProcessor
[THYMELEAF]             * [* {th:switch}] [250]: org.thymeleaf.standard.processor.StandardSwitchTagProcessor
[THYMELEAF]             * [* {th:case}] [275]: org.thymeleaf.standard.processor.StandardCaseTagProcessor
[THYMELEAF]             * [* {th:if}] [300]: org.thymeleaf.standard.processor.StandardIfTagProcessor
[THYMELEAF]             * [* {th:unless}] [400]: org.thymeleaf.standard.processor.StandardUnlessTagProcessor
[THYMELEAF]             * [* {th:object}] [500]: org.thymeleaf.standard.processor.StandardObjectTagProcessor
[THYMELEAF]             * [* {th:with}] [600]: com.intuit.karate.template.KarateWithTagProcessor
[THYMELEAF]             * [* {th:attr}] [700]: com.intuit.karate.template.KarateAttributeTagProcessor.KarateAttrTagProcessor
[THYMELEAF]             * [* {th:attrappend}] [900]: com.intuit.karate.template.KarateAttributeTagProcessor.KarateAttrappendTagProcessor
[THYMELEAF]             * [* {th:attrprepend}] [900]: com.intuit.karate.template.KarateAttributeTagProcessor.KarateAttrprependTagProcessor
[THYMELEAF]             * [* {th:inline}] [1000]: org.thymeleaf.standard.processor.StandardInlineXMLTagProcessor
[THYMELEAF]             * [* {xmlns:th}] [1000]: org.thymeleaf.standard.processor.StandardXmlNsTagProcessor
[THYMELEAF]             * [* {th:text}] [1300]: org.thymeleaf.standard.processor.StandardTextTagProcessor
[THYMELEAF]             * [* {th:utext}] [1400]: org.thymeleaf.standard.processor.StandardUtextTagProcessor
[THYMELEAF]             * [* {th:fragment}] [1500]: org.thymeleaf.standard.processor.StandardFragmentTagProcessor
[THYMELEAF]             * [* {th:assert}] [1550]: org.thymeleaf.standard.processor.StandardAssertTagProcessor
[THYMELEAF]             * [* {th:remove}] [1600]: org.thymeleaf.standard.processor.StandardRemoveTagProcessor
[THYMELEAF]             * [* {th:ref}] [10000]: org.thymeleaf.standard.processor.StandardRefAttributeTagProcessor
[THYMELEAF]             * [{th:block} *] [100000]: org.thymeleaf.standard.processor.StandardBlockTagProcessor
[THYMELEAF]             * [* th:*] [2147483647]: org.thymeleaf.standard.processor.StandardDefaultAttributesTagProcessor
[THYMELEAF]         * Text Processors by [precedence]:
[THYMELEAF]             * [1000]: org.thymeleaf.standard.processor.StandardInliningTextProcessor
[THYMELEAF]         * CDATA Section Processors by [precedence]:
[THYMELEAF]             * [1000]: org.thymeleaf.standard.processor.StandardInliningCDATASectionProcessor
[THYMELEAF]         * Comment Processors by [precedence]:
[THYMELEAF]             * [1000]: org.thymeleaf.standard.processor.StandardInliningCommentProcessor
[THYMELEAF]     * Processors for Template Mode: TEXT
[THYMELEAF]         * Element Tag Processors by [matching element and attribute name] [precedence]:
[THYMELEAF]             * [* {th:insert}] [100]: org.thymeleaf.standard.processor.StandardInsertTagProcessor
[THYMELEAF]             * [* {th:replace}] [100]: org.thymeleaf.standard.processor.StandardReplaceTagProcessor
[THYMELEAF]             * [* {th:each}] [200]: com.intuit.karate.template.KarateEachTagProcessor
[THYMELEAF]             * [* {th:switch}] [250]: org.thymeleaf.standard.processor.StandardSwitchTagProcessor
[THYMELEAF]             * [* {th:case}] [275]: org.thymeleaf.standard.processor.StandardCaseTagProcessor
[THYMELEAF]             * [* {th:if}] [300]: org.thymeleaf.standard.processor.StandardIfTagProcessor
[THYMELEAF]             * [* {th:unless}] [400]: org.thymeleaf.standard.processor.StandardUnlessTagProcessor
[THYMELEAF]             * [* {th:object}] [500]: org.thymeleaf.standard.processor.StandardObjectTagProcessor
[THYMELEAF]             * [* {th:with}] [600]: com.intuit.karate.template.KarateWithTagProcessor
[THYMELEAF]             * [* {th:inline}] [1000]: org.thymeleaf.standard.processor.StandardInlineTextualTagProcessor
[THYMELEAF]             * [* {th:text}] [1300]: org.thymeleaf.standard.processor.StandardTextTagProcessor
[THYMELEAF]             * [* {th:utext}] [1400]: org.thymeleaf.standard.processor.StandardUtextTagProcessor
[THYMELEAF]             * [* {th:assert}] [1550]: org.thymeleaf.standard.processor.StandardAssertTagProcessor
[THYMELEAF]             * [* {th:remove}] [1600]: org.thymeleaf.standard.processor.StandardRemoveTagProcessor
[THYMELEAF]             * [* 100000] [org.thymeleaf.standard.processor.StandardBlockTagProcessor]: {}
[THYMELEAF]             * [{th:block} *] [100000]: org.thymeleaf.standard.processor.StandardBlockTagProcessor
[THYMELEAF]         * Text Processors by [precedence]:
[THYMELEAF]             * [1000]: org.thymeleaf.standard.processor.StandardInliningTextProcessor
[THYMELEAF]     * Processors for Template Mode: JAVASCRIPT
[THYMELEAF]         * Element Tag Processors by [matching element and attribute name] [precedence]:
[THYMELEAF]             * [* {th:insert}] [100]: org.thymeleaf.standard.processor.StandardInsertTagProcessor
[THYMELEAF]             * [* {th:replace}] [100]: org.thymeleaf.standard.processor.StandardReplaceTagProcessor
[THYMELEAF]             * [* {th:each}] [200]: com.intuit.karate.template.KarateEachTagProcessor
[THYMELEAF]             * [* {th:switch}] [250]: org.thymeleaf.standard.processor.StandardSwitchTagProcessor
[THYMELEAF]             * [* {th:case}] [275]: org.thymeleaf.standard.processor.StandardCaseTagProcessor
[THYMELEAF]             * [* {th:if}] [300]: org.thymeleaf.standard.processor.StandardIfTagProcessor
[THYMELEAF]             * [* {th:unless}] [400]: org.thymeleaf.standard.processor.StandardUnlessTagProcessor
[THYMELEAF]             * [* {th:object}] [500]: org.thymeleaf.standard.processor.StandardObjectTagProcessor
[THYMELEAF]             * [* {th:with}] [600]: com.intuit.karate.template.KarateWithTagProcessor
[THYMELEAF]             * [* {th:inline}] [1000]: org.thymeleaf.standard.processor.StandardInlineTextualTagProcessor
[THYMELEAF]             * [* {th:text}] [1300]: org.thymeleaf.standard.processor.StandardTextTagProcessor
[THYMELEAF]             * [* {th:utext}] [1400]: org.thymeleaf.standard.processor.StandardUtextTagProcessor
[THYMELEAF]             * [* {th:assert}] [1550]: org.thymeleaf.standard.processor.StandardAssertTagProcessor
[THYMELEAF]             * [* {th:remove}] [1600]: org.thymeleaf.standard.processor.StandardRemoveTagProcessor
[THYMELEAF]             * [* 100000] [org.thymeleaf.standard.processor.StandardBlockTagProcessor]: {}
[THYMELEAF]             * [{th:block} *] [100000]: org.thymeleaf.standard.processor.StandardBlockTagProcessor
[THYMELEAF]         * Text Processors by [precedence]:
[THYMELEAF]             * [1000]: org.thymeleaf.standard.processor.StandardInliningTextProcessor
[THYMELEAF]     * Processors for Template Mode: CSS
[THYMELEAF]         * Element Tag Processors by [matching element and attribute name] [precedence]:
[THYMELEAF]             * [* {th:insert}] [100]: org.thymeleaf.standard.processor.StandardInsertTagProcessor
[THYMELEAF]             * [* {th:replace}] [100]: org.thymeleaf.standard.processor.StandardReplaceTagProcessor
[THYMELEAF]             * [* {th:each}] [200]: com.intuit.karate.template.KarateEachTagProcessor
[THYMELEAF]             * [* {th:switch}] [250]: org.thymeleaf.standard.processor.StandardSwitchTagProcessor
[THYMELEAF]             * [* {th:case}] [275]: org.thymeleaf.standard.processor.StandardCaseTagProcessor
[THYMELEAF]             * [* {th:if}] [300]: org.thymeleaf.standard.processor.StandardIfTagProcessor
[THYMELEAF]             * [* {th:unless}] [400]: org.thymeleaf.standard.processor.StandardUnlessTagProcessor
[THYMELEAF]             * [* {th:object}] [500]: org.thymeleaf.standard.processor.StandardObjectTagProcessor
[THYMELEAF]             * [* {th:with}] [600]: com.intuit.karate.template.KarateWithTagProcessor
[THYMELEAF]             * [* {th:inline}] [1000]: org.thymeleaf.standard.processor.StandardInlineTextualTagProcessor
[THYMELEAF]             * [* {th:text}] [1300]: org.thymeleaf.standard.processor.StandardTextTagProcessor
[THYMELEAF]             * [* {th:utext}] [1400]: org.thymeleaf.standard.processor.StandardUtextTagProcessor
[THYMELEAF]             * [* {th:assert}] [1550]: org.thymeleaf.standard.processor.StandardAssertTagProcessor
[THYMELEAF]             * [* {th:remove}] [1600]: org.thymeleaf.standard.processor.StandardRemoveTagProcessor
[THYMELEAF]             * [* 100000] [org.thymeleaf.standard.processor.StandardBlockTagProcessor]: {}
[THYMELEAF]             * [{th:block} *] [100000]: org.thymeleaf.standard.processor.StandardBlockTagProcessor
[THYMELEAF]         * Text Processors by [precedence]:
[THYMELEAF]             * [1000]: org.thymeleaf.standard.processor.StandardInliningTextProcessor
[THYMELEAF]     * Expression Objects:
[THYMELEAF]         * #ctx
[THYMELEAF]         * #root
[THYMELEAF]         * #vars
[THYMELEAF]         * #object
[THYMELEAF]         * #locale
[THYMELEAF]         * #request
[THYMELEAF]         * #response
[THYMELEAF]         * #session
[THYMELEAF]         * #servletContext
[THYMELEAF]         * #conversions
[THYMELEAF]         * #uris
[THYMELEAF]         * #calendars
[THYMELEAF]         * #dates
[THYMELEAF]         * #bools
[THYMELEAF]         * #numbers
[THYMELEAF]         * #objects
[THYMELEAF]         * #strings
[THYMELEAF]         * #arrays
[THYMELEAF]         * #lists
[THYMELEAF]         * #sets
[THYMELEAF]         * #maps
[THYMELEAF]         * #aggregates
[THYMELEAF]         * #messages
[THYMELEAF]         * #ids
[THYMELEAF]         * #execInfo
[THYMELEAF]         * #httpServletRequest
[THYMELEAF]         * #httpSession
[THYMELEAF]     * Execution Attributes:
[THYMELEAF]         * "StandardExpressionParser": com.intuit.karate.template.KarateStandardDialect@3214bad
[THYMELEAF]         * "StandardJavaScriptSerializer": org.thymeleaf.standard.serializer.StandardJavaScriptSerializer@46ea78f0
[THYMELEAF]         * "StandardCSSSerializer": org.thymeleaf.standard.serializer.StandardCSSSerializer@5889fc44
[THYMELEAF]         * "StandardVariableExpressionEvaluator": com.intuit.karate.template.KarateStandardDialect@3214bad
[THYMELEAF]         * "StandardConversionService": org.thymeleaf.standard.expression.StandardConversionService@6598caab
[THYMELEAF] * Dialect [2 of 2]: karate (com.intuit.karate.template.KarateScriptDialect)
[THYMELEAF]     * Prefix: "ka"
[THYMELEAF]     * Processors for Template Mode: HTML
[THYMELEAF]         * Element Tag Processors by [matching element and attribute name] [precedence]:
[THYMELEAF]             * [* {src}] [1000]: com.intuit.karate.template.KaScriptAttrProcessor
[THYMELEAF]         * Element Model Processors by [matching element and attribute name] [precedence]:
[THYMELEAF]             * [{script} {ka:scope,data-ka-scope}] [1000]: com.intuit.karate.template.KaScriptElemProcessor
[THYMELEAF]             * [* {ka:set,data-ka-set}] [1000]: com.intuit.karate.template.KaSetElemProcessor
[THYMELEAF] TEMPLATE ENGINE CONFIGURED OK
15:19:40.814 [main] DEBUG org.thymeleaf.TemplateEngine - [THYMELEAF] TEMPLATE ENGINE INITIALIZED

HTML report: (paste into browser to view) | Karate version: 1.2.0
file:///Users/user/Desktop/Projects/Karate%20Project/JSONPlaceholderProject/target/karate-reports/karate-summary.html
===================================================================

]]></system-out>
  </testcase>
  <testcase name="[1:6] Create a new comment" classname="com/jsonplaceholdertest/app/COMMENTS/create-comments" time="4.169">
    <system-out><![CDATA[15:19:41.108 [main] DEBUG com.jayway.jsonpath.internal.path.CompiledPath - Evaluating path: $
15:19:43.555 [main] DEBUG io.netty.util.internal.logging.InternalLoggerFactory - Using SLF4J as the default logging framework
15:19:43.613 [main] DEBUG io.netty.util.internal.PlatformDependent0 - -Dio.netty.noUnsafe: false
15:19:43.613 [main] DEBUG io.netty.util.internal.PlatformDependent0 - Java version: 14
15:19:43.687 [main] DEBUG io.netty.util.internal.PlatformDependent0 - sun.misc.Unsafe.theUnsafe: available
15:19:43.688 [main] DEBUG io.netty.util.internal.PlatformDependent0 - sun.misc.Unsafe.copyMemory: available
15:19:43.712 [main] DEBUG io.netty.util.internal.PlatformDependent0 - java.nio.Buffer.address: available
15:19:43.712 [main] DEBUG io.netty.util.internal.PlatformDependent0 - direct buffer constructor: unavailable: Reflective setAccessible(true) disabled
15:19:43.725 [main] DEBUG io.netty.util.internal.PlatformDependent0 - java.nio.Bits.unaligned: available, true
15:19:43.728 [main] DEBUG io.netty.util.internal.PlatformDependent0 - jdk.internal.misc.Unsafe.allocateUninitializedArray(int): unavailable: class io.netty.util.internal.PlatformDependent0$6 cannot access class jdk.internal.misc.Unsafe (in module java.base) because module java.base does not export jdk.internal.misc to unnamed module @20cece0b
15:19:43.872 [main] DEBUG io.netty.util.internal.PlatformDependent0 - java.nio.DirectByteBuffer.<init>(long, int): unavailable
15:19:43.872 [main] DEBUG io.netty.util.internal.PlatformDependent - sun.misc.Unsafe: available
15:19:43.873 [main] DEBUG io.netty.util.internal.PlatformDependent - maxDirectMemory: 2147483648 bytes (maybe)
15:19:43.873 [main] DEBUG io.netty.util.internal.PlatformDependent - -Dio.netty.tmpdir: /var/folders/0d/plr00hz53bdbmv524xthfxb80000gn/T (java.io.tmpdir)
15:19:43.873 [main] DEBUG io.netty.util.internal.PlatformDependent - -Dio.netty.bitMode: 64 (sun.arch.data.model)
15:19:43.873 [main] DEBUG io.netty.util.internal.PlatformDependent - Platform: MacOS
15:19:43.928 [main] DEBUG io.netty.util.internal.PlatformDependent - -Dio.netty.maxDirectMemory: -1 bytes
15:19:43.929 [main] DEBUG io.netty.util.internal.PlatformDependent - -Dio.netty.uninitializedArrayAllocationThreshold: -1
15:19:44.011 [main] DEBUG io.netty.util.internal.CleanerJava9 - java.nio.ByteBuffer.cleaner(): available
15:19:44.011 [main] DEBUG io.netty.util.internal.PlatformDependent - -Dio.netty.noPreferDirect: false
15:19:44.129 [main] DEBUG org.apache.http.client.protocol.RequestAddCookies - CookieSpec selected: karate
15:19:44.130 [main] DEBUG org.apache.http.client.protocol.RequestAuthCache - Auth cache not set in the context
15:19:44.130 [main] DEBUG com.intuit.karate - request:
1 > POST https://jsonplaceholder.typicode.com/comments
1 > Content-Type: application/json; charset=UTF-8
1 > Content-Length: 92
1 > Host: jsonplaceholder.typicode.com
1 > Connection: Keep-Alive
1 > User-Agent: Apache-HttpClient/4.5.13 (Java/14.0.1)
1 > Accept-Encoding: gzip,deflate
{"postId":1,"name":"John Doe","email":"johndoe@example.com","body":"This is a test comment"}

15:19:44.168 [main] DEBUG org.apache.http.impl.conn.PoolingHttpClientConnectionManager - Connection request: [route: {s}->https://jsonplaceholder.typicode.com:443][total available: 0; route allocated: 0 of 5; total allocated: 0 of 10]
15:19:44.168 [main] DEBUG org.apache.http.impl.conn.PoolingHttpClientConnectionManager - Connection leased: [id: 2][route: {s}->https://jsonplaceholder.typicode.com:443][total available: 0; route allocated: 1 of 5; total allocated: 1 of 10]
15:19:44.168 [main] DEBUG org.apache.http.impl.execchain.MainClientExec - Opening connection {s}->https://jsonplaceholder.typicode.com:443
15:19:44.169 [main] DEBUG org.apache.http.impl.conn.DefaultHttpClientConnectionOperator - Connecting to jsonplaceholder.typicode.com/172.67.136.251:443
15:19:44.169 [main] DEBUG org.apache.http.conn.ssl.SSLConnectionSocketFactory - Connecting socket to jsonplaceholder.typicode.com/172.67.136.251:443 with timeout 30000
15:19:44.177 [main] DEBUG org.apache.http.conn.ssl.SSLConnectionSocketFactory - Enabled protocols: [TLSv1.3, TLSv1.2, TLSv1.1, TLSv1]
15:19:44.177 [main] DEBUG org.apache.http.conn.ssl.SSLConnectionSocketFactory - Enabled cipher suites:[TLS_AES_256_GCM_SHA384, TLS_AES_128_GCM_SHA256, TLS_CHACHA20_POLY1305_SHA256, TLS_ECDHE_ECDSA_WITH_AES_256_GCM_SHA384, TLS_ECDHE_ECDSA_WITH_AES_128_GCM_SHA256, TLS_ECDHE_ECDSA_WITH_CHACHA20_POLY1305_SHA256, TLS_ECDHE_RSA_WITH_AES_256_GCM_SHA384, TLS_ECDHE_RSA_WITH_CHACHA20_POLY1305_SHA256, TLS_ECDHE_RSA_WITH_AES_128_GCM_SHA256, TLS_DHE_RSA_WITH_AES_256_GCM_SHA384, TLS_DHE_RSA_WITH_CHACHA20_POLY1305_SHA256, TLS_DHE_DSS_WITH_AES_256_GCM_SHA384, TLS_DHE_RSA_WITH_AES_128_GCM_SHA256, TLS_DHE_DSS_WITH_AES_128_GCM_SHA256, TLS_ECDHE_ECDSA_WITH_AES_256_CBC_SHA384, TLS_ECDHE_RSA_WITH_AES_256_CBC_SHA384, TLS_ECDHE_ECDSA_WITH_AES_128_CBC_SHA256, TLS_ECDHE_RSA_WITH_AES_128_CBC_SHA256, TLS_DHE_RSA_WITH_AES_256_CBC_SHA256, TLS_DHE_DSS_WITH_AES_256_CBC_SHA256, TLS_DHE_RSA_WITH_AES_128_CBC_SHA256, TLS_DHE_DSS_WITH_AES_128_CBC_SHA256, TLS_ECDH_ECDSA_WITH_AES_256_GCM_SHA384, TLS_ECDH_RSA_WITH_AES_256_GCM_SHA384, TLS_ECDH_ECDSA_WITH_AES_128_GCM_SHA256, TLS_ECDH_RSA_WITH_AES_128_GCM_SHA256, TLS_ECDH_ECDSA_WITH_AES_256_CBC_SHA384, TLS_ECDH_RSA_WITH_AES_256_CBC_SHA384, TLS_ECDH_ECDSA_WITH_AES_128_CBC_SHA256, TLS_ECDH_RSA_WITH_AES_128_CBC_SHA256, TLS_ECDHE_ECDSA_WITH_AES_256_CBC_SHA, TLS_ECDHE_RSA_WITH_AES_256_CBC_SHA, TLS_ECDHE_ECDSA_WITH_AES_128_CBC_SHA, TLS_ECDHE_RSA_WITH_AES_128_CBC_SHA, TLS_DHE_RSA_WITH_AES_256_CBC_SHA, TLS_DHE_DSS_WITH_AES_256_CBC_SHA, TLS_DHE_RSA_WITH_AES_128_CBC_SHA, TLS_DHE_DSS_WITH_AES_128_CBC_SHA, TLS_ECDH_ECDSA_WITH_AES_256_CBC_SHA, TLS_ECDH_RSA_WITH_AES_256_CBC_SHA, TLS_ECDH_ECDSA_WITH_AES_128_CBC_SHA, TLS_ECDH_RSA_WITH_AES_128_CBC_SHA, TLS_RSA_WITH_AES_256_GCM_SHA384, TLS_RSA_WITH_AES_128_GCM_SHA256, TLS_RSA_WITH_AES_256_CBC_SHA256, TLS_RSA_WITH_AES_128_CBC_SHA256, TLS_RSA_WITH_AES_256_CBC_SHA, TLS_RSA_WITH_AES_128_CBC_SHA, TLS_EMPTY_RENEGOTIATION_INFO_SCSV]
15:19:44.177 [main] DEBUG org.apache.http.conn.ssl.SSLConnectionSocketFactory - Starting handshake
15:19:44.210 [main] DEBUG org.apache.http.conn.ssl.SSLConnectionSocketFactory - Secure session established
15:19:44.210 [main] DEBUG org.apache.http.conn.ssl.SSLConnectionSocketFactory -  negotiated protocol: TLSv1.3
15:19:44.210 [main] DEBUG org.apache.http.conn.ssl.SSLConnectionSocketFactory -  negotiated cipher suite: TLS_AES_256_GCM_SHA384
15:19:44.210 [main] DEBUG org.apache.http.conn.ssl.SSLConnectionSocketFactory -  peer principal: CN=typicode.com
15:19:44.210 [main] DEBUG org.apache.http.conn.ssl.SSLConnectionSocketFactory -  peer alternative names: [*.typicode.com, typicode.com]
15:19:44.210 [main] DEBUG org.apache.http.conn.ssl.SSLConnectionSocketFactory -  issuer principal: CN=E1, O=Let's Encrypt, C=US
15:19:44.210 [main] DEBUG org.apache.http.impl.conn.DefaultHttpClientConnectionOperator - Connection established 192.168.88.248:61237<->172.67.136.251:443
15:19:44.210 [main] DEBUG org.apache.http.impl.conn.DefaultManagedHttpClientConnection - http-outgoing-2: set socket timeout to 30000
15:19:44.211 [main] DEBUG org.apache.http.impl.execchain.MainClientExec - Executing request POST /comments HTTP/1.1
15:19:44.211 [main] DEBUG org.apache.http.impl.execchain.MainClientExec - Target auth state: UNCHALLENGED
15:19:44.211 [main] DEBUG org.apache.http.impl.execchain.MainClientExec - Proxy auth state: UNCHALLENGED
15:19:44.211 [main] DEBUG org.apache.http.headers - http-outgoing-2 >> POST /comments HTTP/1.1
15:19:44.211 [main] DEBUG org.apache.http.headers - http-outgoing-2 >> Content-Type: application/json; charset=UTF-8
15:19:44.211 [main] DEBUG org.apache.http.headers - http-outgoing-2 >> Content-Length: 92
15:19:44.211 [main] DEBUG org.apache.http.headers - http-outgoing-2 >> Host: jsonplaceholder.typicode.com
15:19:44.211 [main] DEBUG org.apache.http.headers - http-outgoing-2 >> Connection: Keep-Alive
15:19:44.211 [main] DEBUG org.apache.http.headers - http-outgoing-2 >> User-Agent: Apache-HttpClient/4.5.13 (Java/14.0.1)
15:19:44.211 [main] DEBUG org.apache.http.headers - http-outgoing-2 >> Accept-Encoding: gzip,deflate
15:19:44.212 [main] DEBUG org.apache.http.wire - http-outgoing-2 >> "POST /comments HTTP/1.1[\r][\n]"
15:19:44.212 [main] DEBUG org.apache.http.wire - http-outgoing-2 >> "Content-Type: application/json; charset=UTF-8[\r][\n]"
15:19:44.212 [main] DEBUG org.apache.http.wire - http-outgoing-2 >> "Content-Length: 92[\r][\n]"
15:19:44.212 [main] DEBUG org.apache.http.wire - http-outgoing-2 >> "Host: jsonplaceholder.typicode.com[\r][\n]"
15:19:44.212 [main] DEBUG org.apache.http.wire - http-outgoing-2 >> "Connection: Keep-Alive[\r][\n]"
15:19:44.212 [main] DEBUG org.apache.http.wire - http-outgoing-2 >> "User-Agent: Apache-HttpClient/4.5.13 (Java/14.0.1)[\r][\n]"
15:19:44.212 [main] DEBUG org.apache.http.wire - http-outgoing-2 >> "Accept-Encoding: gzip,deflate[\r][\n]"
15:19:44.212 [main] DEBUG org.apache.http.wire - http-outgoing-2 >> "[\r][\n]"
15:19:44.212 [main] DEBUG org.apache.http.wire - http-outgoing-2 >> "{"postId":1,"name":"John Doe","email":"johndoe@example.com","body":"This is a test comment"}"
15:19:44.730 [main] DEBUG org.apache.http.wire - http-outgoing-2 << "HTTP/1.1 201 Created[\r][\n]"
15:19:44.730 [main] DEBUG org.apache.http.wire - http-outgoing-2 << "Date: Thu, 11 May 2023 13:19:44 GMT[\r][\n]"
15:19:44.730 [main] DEBUG org.apache.http.wire - http-outgoing-2 << "Content-Type: application/json; charset=utf-8[\r][\n]"
15:19:44.730 [main] DEBUG org.apache.http.wire - http-outgoing-2 << "Content-Length: 122[\r][\n]"
15:19:44.730 [main] DEBUG org.apache.http.wire - http-outgoing-2 << "Connection: keep-alive[\r][\n]"
15:19:44.730 [main] DEBUG org.apache.http.wire - http-outgoing-2 << "X-Powered-By: Express[\r][\n]"
15:19:44.731 [main] DEBUG org.apache.http.wire - http-outgoing-2 << "X-Ratelimit-Limit: 1000[\r][\n]"
15:19:44.731 [main] DEBUG org.apache.http.wire - http-outgoing-2 << "X-Ratelimit-Remaining: 998[\r][\n]"
15:19:44.731 [main] DEBUG org.apache.http.wire - http-outgoing-2 << "X-Ratelimit-Reset: 1683811206[\r][\n]"
15:19:44.731 [main] DEBUG org.apache.http.wire - http-outgoing-2 << "Vary: Origin, X-HTTP-Method-Override, Accept-Encoding[\r][\n]"
15:19:44.731 [main] DEBUG org.apache.http.wire - http-outgoing-2 << "Access-Control-Allow-Credentials: true[\r][\n]"
15:19:44.731 [main] DEBUG org.apache.http.wire - http-outgoing-2 << "Cache-Control: no-cache[\r][\n]"
15:19:44.731 [main] DEBUG org.apache.http.wire - http-outgoing-2 << "Pragma: no-cache[\r][\n]"
15:19:44.731 [main] DEBUG org.apache.http.wire - http-outgoing-2 << "Expires: -1[\r][\n]"
15:19:44.731 [main] DEBUG org.apache.http.wire - http-outgoing-2 << "Access-Control-Expose-Headers: Location[\r][\n]"
15:19:44.731 [main] DEBUG org.apache.http.wire - http-outgoing-2 << "Location: http://jsonplaceholder.typicode.com/comments/501[\r][\n]"
15:19:44.731 [main] DEBUG org.apache.http.wire - http-outgoing-2 << "X-Content-Type-Options: nosniff[\r][\n]"
15:19:44.731 [main] DEBUG org.apache.http.wire - http-outgoing-2 << "Etag: W/"7a-SwzbapV+1J2QCF3UR3K8+J+wpHc"[\r][\n]"
15:19:44.731 [main] DEBUG org.apache.http.wire - http-outgoing-2 << "Via: 1.1 vegur[\r][\n]"
15:19:44.731 [main] DEBUG org.apache.http.wire - http-outgoing-2 << "CF-Cache-Status: DYNAMIC[\r][\n]"
15:19:44.731 [main] DEBUG org.apache.http.wire - http-outgoing-2 << "Report-To: {"endpoints":[{"url":"https:\/\/a.nel.cloudflare.com\/report\/v3?s=l0UTQrTnnBQRacc202Z2%2FzXR1t3YOtxajiSNt%2BRConKWeCXYQ0jVk1B1YX4jEcgovdmyGwLYVcBONem8DVT2DYU5BOqyp%2FdRsnBcGRrSkkxN7sZXwRxdzx6WuG5AAo8CVZxnsOndhApV2cfCWDSE"}],"group":"cf-nel","max_age":604800}[\r][\n]"
15:19:44.731 [main] DEBUG org.apache.http.wire - http-outgoing-2 << "NEL: {"success_fraction":0,"report_to":"cf-nel","max_age":604800}[\r][\n]"
15:19:44.731 [main] DEBUG org.apache.http.wire - http-outgoing-2 << "Server: cloudflare[\r][\n]"
15:19:44.731 [main] DEBUG org.apache.http.wire - http-outgoing-2 << "CF-RAY: 7c5ab71d5d8706cf-CPT[\r][\n]"
15:19:44.731 [main] DEBUG org.apache.http.wire - http-outgoing-2 << "alt-svc: h3=":443"; ma=86400, h3-29=":443"; ma=86400[\r][\n]"
15:19:44.731 [main] DEBUG org.apache.http.wire - http-outgoing-2 << "[\r][\n]"
15:19:44.731 [main] DEBUG org.apache.http.wire - http-outgoing-2 << "{[\n]"
15:19:44.731 [main] DEBUG org.apache.http.wire - http-outgoing-2 << "  "postId": 1,[\n]"
15:19:44.731 [main] DEBUG org.apache.http.wire - http-outgoing-2 << "  "name": "John Doe",[\n]"
15:19:44.731 [main] DEBUG org.apache.http.wire - http-outgoing-2 << "  "email": "johndoe@example.com",[\n]"
15:19:44.731 [main] DEBUG org.apache.http.wire - http-outgoing-2 << "  "body": "This is a test comment",[\n]"
15:19:44.731 [main] DEBUG org.apache.http.wire - http-outgoing-2 << "  "id": 501[\n]"
15:19:44.731 [main] DEBUG org.apache.http.wire - http-outgoing-2 << "}"
15:19:44.731 [main] DEBUG org.apache.http.headers - http-outgoing-2 << HTTP/1.1 201 Created
15:19:44.731 [main] DEBUG org.apache.http.headers - http-outgoing-2 << Date: Thu, 11 May 2023 13:19:44 GMT
15:19:44.731 [main] DEBUG org.apache.http.headers - http-outgoing-2 << Content-Type: application/json; charset=utf-8
15:19:44.731 [main] DEBUG org.apache.http.headers - http-outgoing-2 << Content-Length: 122
15:19:44.731 [main] DEBUG org.apache.http.headers - http-outgoing-2 << Connection: keep-alive
15:19:44.731 [main] DEBUG org.apache.http.headers - http-outgoing-2 << X-Powered-By: Express
15:19:44.731 [main] DEBUG org.apache.http.headers - http-outgoing-2 << X-Ratelimit-Limit: 1000
15:19:44.731 [main] DEBUG org.apache.http.headers - http-outgoing-2 << X-Ratelimit-Remaining: 998
15:19:44.731 [main] DEBUG org.apache.http.headers - http-outgoing-2 << X-Ratelimit-Reset: 1683811206
15:19:44.731 [main] DEBUG org.apache.http.headers - http-outgoing-2 << Vary: Origin, X-HTTP-Method-Override, Accept-Encoding
15:19:44.732 [main] DEBUG org.apache.http.headers - http-outgoing-2 << Access-Control-Allow-Credentials: true
15:19:44.732 [main] DEBUG org.apache.http.headers - http-outgoing-2 << Cache-Control: no-cache
15:19:44.732 [main] DEBUG org.apache.http.headers - http-outgoing-2 << Pragma: no-cache
15:19:44.732 [main] DEBUG org.apache.http.headers - http-outgoing-2 << Expires: -1
15:19:44.732 [main] DEBUG org.apache.http.headers - http-outgoing-2 << Access-Control-Expose-Headers: Location
15:19:44.732 [main] DEBUG org.apache.http.headers - http-outgoing-2 << Location: http://jsonplaceholder.typicode.com/comments/501
15:19:44.732 [main] DEBUG org.apache.http.headers - http-outgoing-2 << X-Content-Type-Options: nosniff
15:19:44.732 [main] DEBUG org.apache.http.headers - http-outgoing-2 << Etag: W/"7a-SwzbapV+1J2QCF3UR3K8+J+wpHc"
15:19:44.732 [main] DEBUG org.apache.http.headers - http-outgoing-2 << Via: 1.1 vegur
15:19:44.732 [main] DEBUG org.apache.http.headers - http-outgoing-2 << CF-Cache-Status: DYNAMIC
15:19:44.732 [main] DEBUG org.apache.http.headers - http-outgoing-2 << Report-To: {"endpoints":[{"url":"https:\/\/a.nel.cloudflare.com\/report\/v3?s=l0UTQrTnnBQRacc202Z2%2FzXR1t3YOtxajiSNt%2BRConKWeCXYQ0jVk1B1YX4jEcgovdmyGwLYVcBONem8DVT2DYU5BOqyp%2FdRsnBcGRrSkkxN7sZXwRxdzx6WuG5AAo8CVZxnsOndhApV2cfCWDSE"}],"group":"cf-nel","max_age":604800}
15:19:44.732 [main] DEBUG org.apache.http.headers - http-outgoing-2 << NEL: {"success_fraction":0,"report_to":"cf-nel","max_age":604800}
15:19:44.732 [main] DEBUG org.apache.http.headers - http-outgoing-2 << Server: cloudflare
15:19:44.732 [main] DEBUG org.apache.http.headers - http-outgoing-2 << CF-RAY: 7c5ab71d5d8706cf-CPT
15:19:44.732 [main] DEBUG org.apache.http.headers - http-outgoing-2 << alt-svc: h3=":443"; ma=86400, h3-29=":443"; ma=86400
15:19:44.732 [main] DEBUG org.apache.http.impl.execchain.MainClientExec - Connection can be kept alive indefinitely
15:19:44.732 [main] DEBUG org.apache.http.impl.conn.PoolingHttpClientConnectionManager - Connection [id: 2][route: {s}->https://jsonplaceholder.typicode.com:443] can be kept alive indefinitely
15:19:44.732 [main] DEBUG org.apache.http.impl.conn.DefaultManagedHttpClientConnection - http-outgoing-2: set socket timeout to 0
15:19:44.732 [main] DEBUG org.apache.http.impl.conn.PoolingHttpClientConnectionManager - Connection released: [id: 2][route: {s}->https://jsonplaceholder.typicode.com:443][total available: 1; route allocated: 1 of 5; total allocated: 1 of 10]
15:19:44.733 [main] DEBUG com.intuit.karate - response time in milliseconds: 603
1 < 201
1 < Date: Thu, 11 May 2023 13:19:44 GMT
1 < Content-Type: application/json; charset=utf-8
1 < Content-Length: 122
1 < Connection: keep-alive
1 < X-Powered-By: Express
1 < X-Ratelimit-Limit: 1000
1 < X-Ratelimit-Remaining: 998
1 < X-Ratelimit-Reset: 1683811206
1 < Vary: Origin, X-HTTP-Method-Override, Accept-Encoding
1 < Access-Control-Allow-Credentials: true
1 < Cache-Control: no-cache
1 < Pragma: no-cache
1 < Expires: -1
1 < Access-Control-Expose-Headers: Location
1 < Location: http://jsonplaceholder.typicode.com/comments/501
1 < X-Content-Type-Options: nosniff
1 < Etag: W/"7a-SwzbapV+1J2QCF3UR3K8+J+wpHc"
1 < Via: 1.1 vegur
1 < CF-Cache-Status: DYNAMIC
1 < Report-To: {"endpoints":[{"url":"https:\/\/a.nel.cloudflare.com\/report\/v3?s=l0UTQrTnnBQRacc202Z2%2FzXR1t3YOtxajiSNt%2BRConKWeCXYQ0jVk1B1YX4jEcgovdmyGwLYVcBONem8DVT2DYU5BOqyp%2FdRsnBcGRrSkkxN7sZXwRxdzx6WuG5AAo8CVZxnsOndhApV2cfCWDSE"}],"group":"cf-nel","max_age":604800}
1 < NEL: {"success_fraction":0,"report_to":"cf-nel","max_age":604800}
1 < Server: cloudflare
1 < CF-RAY: 7c5ab71d5d8706cf-CPT
1 < alt-svc: h3=":443"; ma=86400, h3-29=":443"; ma=86400
{
  "postId": 1,
  "name": "John Doe",
  "email": "johndoe@example.com",
  "body": "This is a test comment",
  "id": 501
}

15:19:44.737 [main] DEBUG com.jayway.jsonpath.internal.path.CompiledPath - Evaluating path: $
15:19:44.750 [main] DEBUG org.thymeleaf.TemplateEngine - [THYMELEAF] INITIALIZING TEMPLATE ENGINE
15:19:44.775 [main] DEBUG org.thymeleaf.TemplateEngine.CONFIG - Initializing Thymeleaf Template engine configuration...
[THYMELEAF] TEMPLATE ENGINE CONFIGURATION:
[THYMELEAF] * Thymeleaf version: 3.0.14.RELEASE (built 2021-12-08T00:45:29+0000)
[THYMELEAF] * Cache Manager implementation: org.thymeleaf.cache.StandardCacheManager
[THYMELEAF] * Template resolvers:
[THYMELEAF]     * [1] com.intuit.karate.template.ResourceHtmlTemplateResolver
[THYMELEAF] * Message resolvers:
[THYMELEAF]     * org.thymeleaf.messageresolver.StandardMessageResolver
[THYMELEAF] * Link builders:
[THYMELEAF]     * org.thymeleaf.linkbuilder.StandardLinkBuilder
[THYMELEAF] * Dialect [1 of 2]: Standard (com.intuit.karate.template.KarateStandardDialect)
[THYMELEAF]     * Prefix: "th"
[THYMELEAF]     * Processors for Template Mode: HTML
[THYMELEAF]         * Element Tag Processors by [matching element and attribute name] [precedence]:
[THYMELEAF]             * [* {th:include,data-th-include}] [100]: org.thymeleaf.standard.processor.StandardIncludeTagProcessor
[THYMELEAF]             * [* {th:insert,data-th-insert}] [100]: org.thymeleaf.standard.processor.StandardInsertTagProcessor
[THYMELEAF]             * [* {th:replace,data-th-replace}] [100]: org.thymeleaf.standard.processor.StandardReplaceTagProcessor
[THYMELEAF]             * [* {th:substituteby,data-th-substituteby}] [100]: org.thymeleaf.standard.processor.StandardSubstituteByTagProcessor
[THYMELEAF]             * [* {th:each,data-th-each}] [200]: com.intuit.karate.template.KarateEachTagProcessor
[THYMELEAF]             * [* {th:switch,data-th-switch}] [250]: org.thymeleaf.standard.processor.StandardSwitchTagProcessor
[THYMELEAF]             * [* {th:case,data-th-case}] [275]: org.thymeleaf.standard.processor.StandardCaseTagProcessor
[THYMELEAF]             * [* {th:if,data-th-if}] [300]: org.thymeleaf.standard.processor.StandardIfTagProcessor
[THYMELEAF]             * [* {th:unless,data-th-unless}] [400]: org.thymeleaf.standard.processor.StandardUnlessTagProcessor
[THYMELEAF]             * [* {th:object,data-th-object}] [500]: org.thymeleaf.standard.processor.StandardObjectTagProcessor
[THYMELEAF]             * [* {th:with,data-th-with}] [600]: com.intuit.karate.template.KarateWithTagProcessor
[THYMELEAF]             * [* {th:attr,data-th-attr}] [700]: com.intuit.karate.template.KarateAttributeTagProcessor.KarateAttrTagProcessor
[THYMELEAF]             * [* {th:attrappend,data-th-attrappend}] [900]: com.intuit.karate.template.KarateAttributeTagProcessor.KarateAttrappendTagProcessor
[THYMELEAF]             * [* {th:attrprepend,data-th-attrprepend}] [900]: com.intuit.karate.template.KarateAttributeTagProcessor.KarateAttrprependTagProcessor
[THYMELEAF]             * [* {th:alt-title,data-th-alt-title}] [990]: org.thymeleaf.standard.processor.StandardAltTitleTagProcessor
[THYMELEAF]             * [* {th:lang-xmllang,data-th-lang-xmllang}] [990]: org.thymeleaf.standard.processor.StandardLangXmlLangTagProcessor
[THYMELEAF]             * [* {th:action,data-th-action}] [1000]: org.thymeleaf.standard.processor.StandardActionTagProcessor
[THYMELEAF]             * [* {th:controls,data-th-controls}] [1000]: org.thymeleaf.standard.processor.StandardConditionalFixedValueTagProcessor
[THYMELEAF]             * [* {th:seamless,data-th-seamless}] [1000]: org.thymeleaf.standard.processor.StandardConditionalFixedValueTagProcessor
[THYMELEAF]             * [* {th:required,data-th-required}] [1000]: org.thymeleaf.standard.processor.StandardConditionalFixedValueTagProcessor
[THYMELEAF]             * [* {th:default,data-th-default}] [1000]: org.thymeleaf.standard.processor.StandardConditionalFixedValueTagProcessor
[THYMELEAF]             * [* {th:selected,data-th-selected}] [1000]: org.thymeleaf.standard.processor.StandardConditionalFixedValueTagProcessor
[THYMELEAF]             * [* {th:defer,data-th-defer}] [1000]: org.thymeleaf.standard.processor.StandardConditionalFixedValueTagProcessor
[THYMELEAF]             * [* {th:declare,data-th-declare}] [1000]: org.thymeleaf.standard.processor.StandardConditionalFixedValueTagProcessor
[THYMELEAF]             * [* {th:readonly,data-th-readonly}] [1000]: org.thymeleaf.standard.processor.StandardConditionalFixedValueTagProcessor
[THYMELEAF]             * [* {th:autofocus,data-th-autofocus}] [1000]: org.thymeleaf.standard.processor.StandardConditionalFixedValueTagProcessor
[THYMELEAF]             * [* {th:hidden,data-th-hidden}] [1000]: org.thymeleaf.standard.processor.StandardConditionalFixedValueTagProcessor
[THYMELEAF]             * [* {th:nowrap,data-th-nowrap}] [1000]: org.thymeleaf.standard.processor.StandardConditionalFixedValueTagProcessor
[THYMELEAF]             * [* {th:novalidate,data-th-novalidate}] [1000]: org.thymeleaf.standard.processor.StandardConditionalFixedValueTagProcessor
[THYMELEAF]             * [* {th:loop,data-th-loop}] [1000]: org.thymeleaf.standard.processor.StandardConditionalFixedValueTagProcessor
[THYMELEAF]             * [* {th:multiple,data-th-multiple}] [1000]: org.thymeleaf.standard.processor.StandardConditionalFixedValueTagProcessor
[THYMELEAF]             * [* {th:ismap,data-th-ismap}] [1000]: org.thymeleaf.standard.processor.StandardConditionalFixedValueTagProcessor
[THYMELEAF]             * [* {th:pubdate,data-th-pubdate}] [1000]: org.thymeleaf.standard.processor.StandardConditionalFixedValueTagProcessor
[THYMELEAF]             * [* {th:async,data-th-async}] [1000]: org.thymeleaf.standard.processor.StandardConditionalFixedValueTagProcessor
[THYMELEAF]             * [* {th:checked,data-th-checked}] [1000]: org.thymeleaf.standard.processor.StandardConditionalFixedValueTagProcessor
[THYMELEAF]             * [* {th:autoplay,data-th-autoplay}] [1000]: org.thymeleaf.standard.processor.StandardConditionalFixedValueTagProcessor
[THYMELEAF]             * [* {th:scoped,data-th-scoped}] [1000]: org.thymeleaf.standard.processor.StandardConditionalFixedValueTagProcessor
[THYMELEAF]             * [* {th:disabled,data-th-disabled}] [1000]: org.thymeleaf.standard.processor.StandardConditionalFixedValueTagProcessor
[THYMELEAF]             * [* {th:open,data-th-open}] [1000]: org.thymeleaf.standard.processor.StandardConditionalFixedValueTagProcessor
[THYMELEAF]             * [* {th:reversed,data-th-reversed}] [1000]: org.thymeleaf.standard.processor.StandardConditionalFixedValueTagProcessor
[THYMELEAF]             * [* {th:formnovalidate,data-th-formnovalidate}] [1000]: org.thymeleaf.standard.processor.StandardConditionalFixedValueTagProcessor
[THYMELEAF]             * [* {th:oncanplaythrough,data-th-oncanplaythrough}] [1000]: org.thymeleaf.standard.processor.StandardDOMEventAttributeTagProcessor
[THYMELEAF]             * [* {th:onload,data-th-onload}] [1000]: org.thymeleaf.standard.processor.StandardDOMEventAttributeTagProcessor
[THYMELEAF]             * [* {th:onloadedmetadata,data-th-onloadedmetadata}] [1000]: org.thymeleaf.standard.processor.StandardDOMEventAttributeTagProcessor
[THYMELEAF]             * [* {th:onstalled,data-th-onstalled}] [1000]: org.thymeleaf.standard.processor.StandardDOMEventAttributeTagProcessor
[THYMELEAF]             * [* {th:onbeforeprint,data-th-onbeforeprint}] [1000]: org.thymeleaf.standard.processor.StandardDOMEventAttributeTagProcessor
[THYMELEAF]             * [* {th:onmessage,data-th-onmessage}] [1000]: org.thymeleaf.standard.processor.StandardDOMEventAttributeTagProcessor
[THYMELEAF]             * [* {th:onmouseout,data-th-onmouseout}] [1000]: org.thymeleaf.standard.processor.StandardDOMEventAttributeTagProcessor
[THYMELEAF]             * [* {th:onstorage,data-th-onstorage}] [1000]: org.thymeleaf.standard.processor.StandardDOMEventAttributeTagProcessor
[THYMELEAF]             * [* {th:onsuspend,data-th-onsuspend}] [1000]: org.thymeleaf.standard.processor.StandardDOMEventAttributeTagProcessor
[THYMELEAF]             * [* {th:oninput,data-th-oninput}] [1000]: org.thymeleaf.standard.processor.StandardDOMEventAttributeTagProcessor
[THYMELEAF]             * [* {th:onkeypress,data-th-onkeypress}] [1000]: org.thymeleaf.standard.processor.StandardDOMEventAttributeTagProcessor
[THYMELEAF]             * [* {th:oncanplay,data-th-oncanplay}] [1000]: org.thymeleaf.standard.processor.StandardDOMEventAttributeTagProcessor
[THYMELEAF]             * [* {th:onresize,data-th-onresize}] [1000]: org.thymeleaf.standard.processor.StandardDOMEventAttributeTagProcessor
[THYMELEAF]             * [* {th:onundo,data-th-onundo}] [1000]: org.thymeleaf.standard.processor.StandardDOMEventAttributeTagProcessor
[THYMELEAF]             * [* {th:ondragstart,data-th-ondragstart}] [1000]: org.thymeleaf.standard.processor.StandardDOMEventAttributeTagProcessor
[THYMELEAF]             * [* {th:onpause,data-th-onpause}] [1000]: org.thymeleaf.standard.processor.StandardDOMEventAttributeTagProcessor
[THYMELEAF]             * [* {th:ondragleave,data-th-ondragleave}] [1000]: org.thymeleaf.standard.processor.StandardDOMEventAttributeTagProcessor
[THYMELEAF]             * [* {th:onerror,data-th-onerror}] [1000]: org.thymeleaf.standard.processor.StandardDOMEventAttributeTagProcessor
[THYMELEAF]             * [* {th:onended,data-th-onended}] [1000]: org.thymeleaf.standard.processor.StandardDOMEventAttributeTagProcessor
[THYMELEAF]             * [* {th:onseeking,data-th-onseeking}] [1000]: org.thymeleaf.standard.processor.StandardDOMEventAttributeTagProcessor
[THYMELEAF]             * [* {th:ononline,data-th-ononline}] [1000]: org.thymeleaf.standard.processor.StandardDOMEventAttributeTagProcessor
[THYMELEAF]             * [* {th:onafterprint,data-th-onafterprint}] [1000]: org.thymeleaf.standard.processor.StandardDOMEventAttributeTagProcessor
[THYMELEAF]             * [* {th:onkeydown,data-th-onkeydown}] [1000]: org.thymeleaf.standard.processor.StandardDOMEventAttributeTagProcessor
[THYMELEAF]             * [* {th:onwaiting,data-th-onwaiting}] [1000]: org.thymeleaf.standard.processor.StandardDOMEventAttributeTagProcessor
[THYMELEAF]             * [* {th:onemptied,data-th-onemptied}] [1000]: org.thymeleaf.standard.processor.StandardDOMEventAttributeTagProcessor
[THYMELEAF]             * [* {th:oncontextmenu,data-th-oncontextmenu}] [1000]: org.thymeleaf.standard.processor.StandardDOMEventAttributeTagProcessor
[THYMELEAF]             * [* {th:oninvalid,data-th-oninvalid}] [1000]: org.thymeleaf.standard.processor.StandardDOMEventAttributeTagProcessor
[THYMELEAF]             * [* {th:onformchange,data-th-onformchange}] [1000]: org.thymeleaf.standard.processor.StandardDOMEventAttributeTagProcessor
[THYMELEAF]             * [* {th:onloadeddata,data-th-onloadeddata}] [1000]: org.thymeleaf.standard.processor.StandardDOMEventAttributeTagProcessor
[THYMELEAF]             * [* {th:onscroll,data-th-onscroll}] [1000]: org.thymeleaf.standard.processor.StandardDOMEventAttributeTagProcessor
[THYMELEAF]             * [* {th:ondrop,data-th-ondrop}] [1000]: org.thymeleaf.standard.processor.StandardDOMEventAttributeTagProcessor
[THYMELEAF]             * [* {th:onloadstart,data-th-onloadstart}] [1000]: org.thymeleaf.standard.processor.StandardDOMEventAttributeTagProcessor
[THYMELEAF]             * [* {th:onmouseup,data-th-onmouseup}] [1000]: org.thymeleaf.standard.processor.StandardDOMEventAttributeTagProcessor
[THYMELEAF]             * [* {th:onratechange,data-th-onratechange}] [1000]: org.thymeleaf.standard.processor.StandardDOMEventAttributeTagProcessor
[THYMELEAF]             * [* {th:onforminput,data-th-onforminput}] [1000]: org.thymeleaf.standard.processor.StandardDOMEventAttributeTagProcessor
[THYMELEAF]             * [* {th:onreset,data-th-onreset}] [1000]: org.thymeleaf.standard.processor.StandardDOMEventAttributeTagProcessor
[THYMELEAF]             * [* {th:onblur,data-th-onblur}] [1000]: org.thymeleaf.standard.processor.StandardDOMEventAttributeTagProcessor
[THYMELEAF]             * [* {th:ondblclick,data-th-ondblclick}] [1000]: org.thymeleaf.standard.processor.StandardDOMEventAttributeTagProcessor
[THYMELEAF]             * [* {th:onsubmit,data-th-onsubmit}] [1000]: org.thymeleaf.standard.processor.StandardDOMEventAttributeTagProcessor
[THYMELEAF]             * [* {th:ondragend,data-th-ondragend}] [1000]: org.thymeleaf.standard.processor.StandardDOMEventAttributeTagProcessor
[THYMELEAF]             * [* {th:ondragover,data-th-ondragover}] [1000]: org.thymeleaf.standard.processor.StandardDOMEventAttributeTagProcessor
[THYMELEAF]             * [* {th:onmousewheel,data-th-onmousewheel}] [1000]: org.thymeleaf.standard.processor.StandardDOMEventAttributeTagProcessor
[THYMELEAF]             * [* {th:onmousedown,data-th-onmousedown}] [1000]: org.thymeleaf.standard.processor.StandardDOMEventAttributeTagProcessor
[THYMELEAF]             * [* {th:onplaying,data-th-onplaying}] [1000]: org.thymeleaf.standard.processor.StandardDOMEventAttributeTagProcessor
[THYMELEAF]             * [* {th:onpopstate,data-th-onpopstate}] [1000]: org.thymeleaf.standard.processor.StandardDOMEventAttributeTagProcessor
[THYMELEAF]             * [* {th:onmouseover,data-th-onmouseover}] [1000]: org.thymeleaf.standard.processor.StandardDOMEventAttributeTagProcessor
[THYMELEAF]             * [* {th:onbeforeunload,data-th-onbeforeunload}] [1000]: org.thymeleaf.standard.processor.StandardDOMEventAttributeTagProcessor
[THYMELEAF]             * [* {th:onselect,data-th-onselect}] [1000]: org.thymeleaf.standard.processor.StandardDOMEventAttributeTagProcessor
[THYMELEAF]             * [* {th:ondrag,data-th-ondrag}] [1000]: org.thymeleaf.standard.processor.StandardDOMEventAttributeTagProcessor
[THYMELEAF]             * [* {th:onseeked,data-th-onseeked}] [1000]: org.thymeleaf.standard.processor.StandardDOMEventAttributeTagProcessor
[THYMELEAF]             * [* {th:onhashchange,data-th-onhashchange}] [1000]: org.thymeleaf.standard.processor.StandardDOMEventAttributeTagProcessor
[THYMELEAF]             * [* {th:onvolumechange,data-th-onvolumechange}] [1000]: org.thymeleaf.standard.processor.StandardDOMEventAttributeTagProcessor
[THYMELEAF]             * [* {th:onclick,data-th-onclick}] [1000]: org.thymeleaf.standard.processor.StandardDOMEventAttributeTagProcessor
[THYMELEAF]             * [* {th:onkeyup,data-th-onkeyup}] [1000]: org.thymeleaf.standard.processor.StandardDOMEventAttributeTagProcessor
[THYMELEAF]             * [* {th:onoffline,data-th-onoffline}] [1000]: org.thymeleaf.standard.processor.StandardDOMEventAttributeTagProcessor
[THYMELEAF]             * [* {th:onchange,data-th-onchange}] [1000]: org.thymeleaf.standard.processor.StandardDOMEventAttributeTagProcessor
[THYMELEAF]             * [* {th:ondurationchange,data-th-ondurationchange}] [1000]: org.thymeleaf.standard.processor.StandardDOMEventAttributeTagProcessor
[THYMELEAF]             * [* {th:onfocus,data-th-onfocus}] [1000]: org.thymeleaf.standard.processor.StandardDOMEventAttributeTagProcessor
[THYMELEAF]             * [* {th:onshow,data-th-onshow}] [1000]: org.thymeleaf.standard.processor.StandardDOMEventAttributeTagProcessor
[THYMELEAF]             * [* {th:onreadystatechange,data-th-onreadystatechange}] [1000]: org.thymeleaf.standard.processor.StandardDOMEventAttributeTagProcessor
[THYMELEAF]             * [* {th:onunload,data-th-onunload}] [1000]: org.thymeleaf.standard.processor.StandardDOMEventAttributeTagProcessor
[THYMELEAF]             * [* {th:onplay,data-th-onplay}] [1000]: org.thymeleaf.standard.processor.StandardDOMEventAttributeTagProcessor
[THYMELEAF]             * [* {th:onprogress,data-th-onprogress}] [1000]: org.thymeleaf.standard.processor.StandardDOMEventAttributeTagProcessor
[THYMELEAF]             * [* {th:onmousemove,data-th-onmousemove}] [1000]: org.thymeleaf.standard.processor.StandardDOMEventAttributeTagProcessor
[THYMELEAF]             * [* {th:onredo,data-th-onredo}] [1000]: org.thymeleaf.standard.processor.StandardDOMEventAttributeTagProcessor
[THYMELEAF]             * [* {th:ondragenter,data-th-ondragenter}] [1000]: org.thymeleaf.standard.processor.StandardDOMEventAttributeTagProcessor
[THYMELEAF]             * [* {th:ontimeupdate,data-th-ontimeupdate}] [1000]: org.thymeleaf.standard.processor.StandardDOMEventAttributeTagProcessor
[THYMELEAF]             * [* {th:onabort,data-th-onabort}] [1000]: org.thymeleaf.standard.processor.StandardDOMEventAttributeTagProcessor
[THYMELEAF]             * [* {th:href,data-th-href}] [1000]: org.thymeleaf.standard.processor.StandardHrefTagProcessor
[THYMELEAF]             * [* {th:inline,data-th-inline}] [1000]: org.thymeleaf.standard.processor.StandardInlineHTMLTagProcessor
[THYMELEAF]             * [* {th:method,data-th-method}] [1000]: org.thymeleaf.standard.processor.StandardMethodTagProcessor
[THYMELEAF]             * [* {th:name,data-th-name}] [1000]: org.thymeleaf.standard.processor.StandardNonRemovableAttributeTagProcessor
[THYMELEAF]             * [* {th:type,data-th-type}] [1000]: org.thymeleaf.standard.processor.StandardNonRemovableAttributeTagProcessor
[THYMELEAF]             * [* {th:sizes,data-th-sizes}] [1000]: org.thymeleaf.standard.processor.StandardRemovableAttributeTagProcessor
[THYMELEAF]             * [* {th:codebase,data-th-codebase}] [1000]: org.thymeleaf.standard.processor.StandardRemovableAttributeTagProcessor
[THYMELEAF]             * [* {th:sandbox,data-th-sandbox}] [1000]: org.thymeleaf.standard.processor.StandardRemovableAttributeTagProcessor
[THYMELEAF]             * [* {th:height,data-th-height}] [1000]: org.thymeleaf.standard.processor.StandardRemovableAttributeTagProcessor
[THYMELEAF]             * [* {th:label,data-th-label}] [1000]: org.thymeleaf.standard.processor.StandardRemovableAttributeTagProcessor
[THYMELEAF]             * [* {th:valuetype,data-th-valuetype}] [1000]: org.thymeleaf.standard.processor.StandardRemovableAttributeTagProcessor
[THYMELEAF]             * [* {th:accept-charset,data-th-accept-charset}] [1000]: org.thymeleaf.standard.processor.StandardRemovableAttributeTagProcessor
[THYMELEAF]             * [* {th:contextmenu,data-th-contextmenu}] [1000]: org.thymeleaf.standard.processor.StandardRemovableAttributeTagProcessor
[THYMELEAF]             * [* {th:accept,data-th-accept}] [1000]: org.thymeleaf.standard.processor.StandardRemovableAttributeTagProcessor
[THYMELEAF]             * [* {th:wrap,data-th-wrap}] [1000]: org.thymeleaf.standard.processor.StandardRemovableAttributeTagProcessor
[THYMELEAF]             * [* {th:frameborder,data-th-frameborder}] [1000]: org.thymeleaf.standard.processor.StandardRemovableAttributeTagProcessor
[THYMELEAF]             * [* {th:high,data-th-high}] [1000]: org.thymeleaf.standard.processor.StandardRemovableAttributeTagProcessor
[THYMELEAF]             * [* {th:formtarget,data-th-formtarget}] [1000]: org.thymeleaf.standard.processor.StandardRemovableAttributeTagProcessor
[THYMELEAF]             * [* {th:start,data-th-start}] [1000]: org.thymeleaf.standard.processor.StandardRemovableAttributeTagProcessor
[THYMELEAF]             * [* {th:hspace,data-th-hspace}] [1000]: org.thymeleaf.standard.processor.StandardRemovableAttributeTagProcessor
[THYMELEAF]             * [* {th:marginheight,data-th-marginheight}] [1000]: org.thymeleaf.standard.processor.StandardRemovableAttributeTagProcessor
[THYMELEAF]             * [* {th:width,data-th-width}] [1000]: org.thymeleaf.standard.processor.StandardRemovableAttributeTagProcessor
[THYMELEAF]             * [* {th:form,data-th-form}] [1000]: org.thymeleaf.standard.processor.StandardRemovableAttributeTagProcessor
[THYMELEAF]             * [* {th:scope,data-th-scope}] [1000]: org.thymeleaf.standard.processor.StandardRemovableAttributeTagProcessor
[THYMELEAF]             * [* {th:scrolling,data-th-scrolling}] [1000]: org.thymeleaf.standard.processor.StandardRemovableAttributeTagProcessor
[THYMELEAF]             * [* {th:enctype,data-th-enctype}] [1000]: org.thymeleaf.standard.processor.StandardRemovableAttributeTagProcessor
[THYMELEAF]             * [* {th:draggable,data-th-draggable}] [1000]: org.thymeleaf.standard.processor.StandardRemovableAttributeTagProcessor
[THYMELEAF]             * [* {th:min,data-th-min}] [1000]: org.thymeleaf.standard.processor.StandardRemovableAttributeTagProcessor
[THYMELEAF]             * [* {th:rows,data-th-rows}] [1000]: org.thymeleaf.standard.processor.StandardRemovableAttributeTagProcessor
[THYMELEAF]             * [* {th:poster,data-th-poster}] [1000]: org.thymeleaf.standard.processor.StandardRemovableAttributeTagProcessor
[THYMELEAF]             * [* {th:media,data-th-media}] [1000]: org.thymeleaf.standard.processor.StandardRemovableAttributeTagProcessor
[THYMELEAF]             * [* {th:cols,data-th-cols}] [1000]: org.thymeleaf.standard.processor.StandardRemovableAttributeTagProcessor
[THYMELEAF]             * [* {th:autocomplete,data-th-autocomplete}] [1000]: org.thymeleaf.standard.processor.StandardRemovableAttributeTagProcessor
[THYMELEAF]             * [* {th:accesskey,data-th-accesskey}] [1000]: org.thymeleaf.standard.processor.StandardRemovableAttributeTagProcessor
[THYMELEAF]             * [* {th:abbr,data-th-abbr}] [1000]: org.thymeleaf.standard.processor.StandardRemovableAttributeTagProcessor
[THYMELEAF]             * [* {th:cite,data-th-cite}] [1000]: org.thymeleaf.standard.processor.StandardRemovableAttributeTagProcessor
[THYMELEAF]             * [* {th:classid,data-th-classid}] [1000]: org.thymeleaf.standard.processor.StandardRemovableAttributeTagProcessor
[THYMELEAF]             * [* {th:bgcolor,data-th-bgcolor}] [1000]: org.thymeleaf.standard.processor.StandardRemovableAttributeTagProcessor
[THYMELEAF]             * [* {th:cellspacing,data-th-cellspacing}] [1000]: org.thymeleaf.standard.processor.StandardRemovableAttributeTagProcessor
[THYMELEAF]             * [* {th:content,data-th-content}] [1000]: org.thymeleaf.standard.processor.StandardRemovableAttributeTagProcessor
[THYMELEAF]             * [* {th:for,data-th-for}] [1000]: org.thymeleaf.standard.processor.StandardRemovableAttributeTagProcessor
[THYMELEAF]             * [* {th:formmethod,data-th-formmethod}] [1000]: org.thymeleaf.standard.processor.StandardRemovableAttributeTagProcessor
[THYMELEAF]             * [* {th:icon,data-th-icon}] [1000]: org.thymeleaf.standard.processor.StandardRemovableAttributeTagProcessor
[THYMELEAF]             * [* {th:class,data-th-class}] [1000]: org.thymeleaf.standard.processor.StandardRemovableAttributeTagProcessor
[THYMELEAF]             * [* {th:axis,data-th-axis}] [1000]: org.thymeleaf.standard.processor.StandardRemovableAttributeTagProcessor
[THYMELEAF]             * [* {th:http-equiv,data-th-http-equiv}] [1000]: org.thymeleaf.standard.processor.StandardRemovableAttributeTagProcessor
[THYMELEAF]             * [* {th:size,data-th-size}] [1000]: org.thymeleaf.standard.processor.StandardRemovableAttributeTagProcessor
[THYMELEAF]             * [* {th:span,data-th-span}] [1000]: org.thymeleaf.standard.processor.StandardRemovableAttributeTagProcessor
[THYMELEAF]             * [* {th:datetime,data-th-datetime}] [1000]: org.thymeleaf.standard.processor.StandardRemovableAttributeTagProcessor
[THYMELEAF]             * [* {th:dir,data-th-dir}] [1000]: org.thymeleaf.standard.processor.StandardRemovableAttributeTagProcessor
[THYMELEAF]             * [* {th:hreflang,data-th-hreflang}] [1000]: org.thymeleaf.standard.processor.StandardRemovableAttributeTagProcessor
[THYMELEAF]             * [* {th:id,data-th-id}] [1000]: org.thymeleaf.standard.processor.StandardRemovableAttributeTagProcessor
[THYMELEAF]             * [* {th:cellpadding,data-th-cellpadding}] [1000]: org.thymeleaf.standard.processor.StandardRemovableAttributeTagProcessor
[THYMELEAF]             * [* {th:rules,data-th-rules}] [1000]: org.thymeleaf.standard.processor.StandardRemovableAttributeTagProcessor
[THYMELEAF]             * [* {th:rev,data-th-rev}] [1000]: org.thymeleaf.standard.processor.StandardRemovableAttributeTagProcessor
[THYMELEAF]             * [* {th:preload,data-th-preload}] [1000]: org.thymeleaf.standard.processor.StandardRemovableAttributeTagProcessor
[THYMELEAF]             * [* {th:style,data-th-style}] [1000]: org.thymeleaf.standard.processor.StandardRemovableAttributeTagProcessor
[THYMELEAF]             * [* {th:alt,data-th-alt}] [1000]: org.thymeleaf.standard.processor.StandardRemovableAttributeTagProcessor
[THYMELEAF]             * [* {th:placeholder,data-th-placeholder}] [1000]: org.thymeleaf.standard.processor.StandardRemovableAttributeTagProcessor
[THYMELEAF]             * [* {th:vspace,data-th-vspace}] [1000]: org.thymeleaf.standard.processor.StandardRemovableAttributeTagProcessor
[THYMELEAF]             * [* {th:spellcheck,data-th-spellcheck}] [1000]: org.thymeleaf.standard.processor.StandardRemovableAttributeTagProcessor
[THYMELEAF]             * [* {th:summary,data-th-summary}] [1000]: org.thymeleaf.standard.processor.StandardRemovableAttributeTagProcessor
[THYMELEAF]             * [* {th:codetype,data-th-codetype}] [1000]: org.thymeleaf.standard.processor.StandardRemovableAttributeTagProcessor
[THYMELEAF]             * [* {th:charset,data-th-charset}] [1000]: org.thymeleaf.standard.processor.StandardRemovableAttributeTagProcessor
[THYMELEAF]             * [* {th:manifest,data-th-manifest}] [1000]: org.thymeleaf.standard.processor.StandardRemovableAttributeTagProcessor
[THYMELEAF]             * [* {th:radiogroup,data-th-radiogroup}] [1000]: org.thymeleaf.standard.processor.StandardRemovableAttributeTagProcessor
[THYMELEAF]             * [* {th:optimum,data-th-optimum}] [1000]: org.thymeleaf.standard.processor.StandardRemovableAttributeTagProcessor
[THYMELEAF]             * [* {th:lang,data-th-lang}] [1000]: org.thymeleaf.standard.processor.StandardRemovableAttributeTagProcessor
[THYMELEAF]             * [* {th:frame,data-th-frame}] [1000]: org.thymeleaf.standard.processor.StandardRemovableAttributeTagProcessor
[THYMELEAF]             * [* {th:keytype,data-th-keytype}] [1000]: org.thymeleaf.standard.processor.StandardRemovableAttributeTagProcessor
[THYMELEAF]             * [* {th:standby,data-th-standby}] [1000]: org.thymeleaf.standard.processor.StandardRemovableAttributeTagProcessor
[THYMELEAF]             * [* {th:audio,data-th-audio}] [1000]: org.thymeleaf.standard.processor.StandardRemovableAttributeTagProcessor
[THYMELEAF]             * [* {th:rel,data-th-rel}] [1000]: org.thymeleaf.standard.processor.StandardRemovableAttributeTagProcessor
[THYMELEAF]             * [* {th:title,data-th-title}] [1000]: org.thymeleaf.standard.processor.StandardRemovableAttributeTagProcessor
[THYMELEAF]             * [* {th:border,data-th-border}] [1000]: org.thymeleaf.standard.processor.StandardRemovableAttributeTagProcessor
[THYMELEAF]             * [* {th:srclang,data-th-srclang}] [1000]: org.thymeleaf.standard.processor.StandardRemovableAttributeTagProcessor
[THYMELEAF]             * [* {th:maxlength,data-th-maxlength}] [1000]: org.thymeleaf.standard.processor.StandardRemovableAttributeTagProcessor
[THYMELEAF]             * [* {th:archive,data-th-archive}] [1000]: org.thymeleaf.standard.processor.StandardRemovableAttributeTagProcessor
[THYMELEAF]             * [* {th:align,data-th-align}] [1000]: org.thymeleaf.standard.processor.StandardRemovableAttributeTagProcessor
[THYMELEAF]             * [* {th:headers,data-th-headers}] [1000]: org.thymeleaf.standard.processor.StandardRemovableAttributeTagProcessor
[THYMELEAF]             * [* {th:low,data-th-low}] [1000]: org.thymeleaf.standard.processor.StandardRemovableAttributeTagProcessor
[THYMELEAF]             * [* {th:contenteditable,data-th-contenteditable}] [1000]: org.thymeleaf.standard.processor.StandardRemovableAttributeTagProcessor
[THYMELEAF]             * [* {th:background,data-th-background}] [1000]: org.thymeleaf.standard.processor.StandardRemovableAttributeTagProcessor
[THYMELEAF]             * [* {th:rowspan,data-th-rowspan}] [1000]: org.thymeleaf.standard.processor.StandardRemovableAttributeTagProcessor
[THYMELEAF]             * [* {th:scheme,data-th-scheme}] [1000]: org.thymeleaf.standard.processor.StandardRemovableAttributeTagProcessor
[THYMELEAF]             * [* {th:marginwidth,data-th-marginwidth}] [1000]: org.thymeleaf.standard.processor.StandardRemovableAttributeTagProcessor
[THYMELEAF]             * [* {th:usemap,data-th-usemap}] [1000]: org.thymeleaf.standard.processor.StandardRemovableAttributeTagProcessor
[THYMELEAF]             * [* {th:dropzone,data-th-dropzone}] [1000]: org.thymeleaf.standard.processor.StandardRemovableAttributeTagProcessor
[THYMELEAF]             * [* {th:max,data-th-max}] [1000]: org.thymeleaf.standard.processor.StandardRemovableAttributeTagProcessor
[THYMELEAF]             * [* {th:formenctype,data-th-formenctype}] [1000]: org.thymeleaf.standard.processor.StandardRemovableAttributeTagProcessor
[THYMELEAF]             * [* {th:list,data-th-list}] [1000]: org.thymeleaf.standard.processor.StandardRemovableAttributeTagProcessor
[THYMELEAF]             * [* {th:pattern,data-th-pattern}] [1000]: org.thymeleaf.standard.processor.StandardRemovableAttributeTagProcessor
[THYMELEAF]             * [* {th:data,data-th-data}] [1000]: org.thymeleaf.standard.processor.StandardRemovableAttributeTagProcessor
[THYMELEAF]             * [* {th:tabindex,data-th-tabindex}] [1000]: org.thymeleaf.standard.processor.StandardRemovableAttributeTagProcessor
[THYMELEAF]             * [* {th:target,data-th-target}] [1000]: org.thymeleaf.standard.processor.StandardRemovableAttributeTagProcessor
[THYMELEAF]             * [* {th:kind,data-th-kind}] [1000]: org.thymeleaf.standard.processor.StandardRemovableAttributeTagProcessor
[THYMELEAF]             * [* {th:formaction,data-th-formaction}] [1000]: org.thymeleaf.standard.processor.StandardRemovableAttributeTagProcessor
[THYMELEAF]             * [* {th:step,data-th-step}] [1000]: org.thymeleaf.standard.processor.StandardRemovableAttributeTagProcessor
[THYMELEAF]             * [* {th:longdesc,data-th-longdesc}] [1000]: org.thymeleaf.standard.processor.StandardRemovableAttributeTagProcessor
[THYMELEAF]             * [* {th:colspan,data-th-colspan}] [1000]: org.thymeleaf.standard.processor.StandardRemovableAttributeTagProcessor
[THYMELEAF]             * [* {th:compact,data-th-compact}] [1000]: org.thymeleaf.standard.processor.StandardRemovableAttributeTagProcessor
[THYMELEAF]             * [* {th:challenge,data-th-challenge}] [1000]: org.thymeleaf.standard.processor.StandardRemovableAttributeTagProcessor
[THYMELEAF]             * [* {th:src,data-th-src}] [1000]: org.thymeleaf.standard.processor.StandardSrcTagProcessor
[THYMELEAF]             * [* {th:value,data-th-value}] [1000]: org.thymeleaf.standard.processor.StandardValueTagProcessor
[THYMELEAF]             * [* {th:xmlbase,data-th-xmlbase}] [1000]: org.thymeleaf.standard.processor.StandardXmlBaseTagProcessor
[THYMELEAF]             * [* {th:xmllang,data-th-xmllang}] [1000]: org.thymeleaf.standard.processor.StandardXmlLangTagProcessor
[THYMELEAF]             * [* {xmlns:th}] [1000]: org.thymeleaf.standard.processor.StandardXmlNsTagProcessor
[THYMELEAF]             * [* {th:xmlspace,data-th-xmlspace}] [1000]: org.thymeleaf.standard.processor.StandardXmlSpaceTagProcessor
[THYMELEAF]             * [* {th:classappend,data-th-classappend}] [1100]: org.thymeleaf.standard.processor.StandardClassappendTagProcessor
[THYMELEAF]             * [* {th:styleappend,data-th-styleappend}] [1100]: org.thymeleaf.standard.processor.StandardStyleappendTagProcessor
[THYMELEAF]             * [* {th:text,data-th-text}] [1300]: org.thymeleaf.standard.processor.StandardTextTagProcessor
[THYMELEAF]             * [* {th:utext,data-th-utext}] [1400]: org.thymeleaf.standard.processor.StandardUtextTagProcessor
[THYMELEAF]             * [* {th:fragment,data-th-fragment}] [1500]: org.thymeleaf.standard.processor.StandardFragmentTagProcessor
[THYMELEAF]             * [* {th:assert,data-th-assert}] [1550]: org.thymeleaf.standard.processor.StandardAssertTagProcessor
[THYMELEAF]             * [* {th:remove,data-th-remove}] [1600]: org.thymeleaf.standard.processor.StandardRemoveTagProcessor
[THYMELEAF]             * [* {th:ref,data-th-ref}] [10000]: org.thymeleaf.standard.processor.StandardRefAttributeTagProcessor
[THYMELEAF]             * [{th:block,th-block} *] [100000]: org.thymeleaf.standard.processor.StandardBlockTagProcessor
[THYMELEAF]             * [* th:*] [2147483647]: org.thymeleaf.standard.processor.StandardDefaultAttributesTagProcessor
[THYMELEAF]         * Text Processors by [precedence]:
[THYMELEAF]             * [1000]: org.thymeleaf.standard.processor.StandardInliningTextProcessor
[THYMELEAF]         * DOCTYPE Processors by [precedence]:
[THYMELEAF]             * [1000]: org.thymeleaf.standard.processor.StandardTranslationDocTypeProcessor
[THYMELEAF]         * CDATA Section Processors by [precedence]:
[THYMELEAF]             * [1000]: org.thymeleaf.standard.processor.StandardInliningCDATASectionProcessor
[THYMELEAF]         * Comment Processors by [precedence]:
[THYMELEAF]             * [1000]: org.thymeleaf.standard.processor.StandardInliningCommentProcessor
[THYMELEAF]             * [1100]: org.thymeleaf.standard.processor.StandardConditionalCommentProcessor
[THYMELEAF]     * Processors for Template Mode: XML
[THYMELEAF]         * Element Tag Processors by [matching element and attribute name] [precedence]:
[THYMELEAF]             * [* {th:include}] [100]: org.thymeleaf.standard.processor.StandardIncludeTagProcessor
[THYMELEAF]             * [* {th:insert}] [100]: org.thymeleaf.standard.processor.StandardInsertTagProcessor
[THYMELEAF]             * [* {th:replace}] [100]: org.thymeleaf.standard.processor.StandardReplaceTagProcessor
[THYMELEAF]             * [* {th:substituteby}] [100]: org.thymeleaf.standard.processor.StandardSubstituteByTagProcessor
[THYMELEAF]             * [* {th:each}] [200]: com.intuit.karate.template.KarateEachTagProcessor
[THYMELEAF]             * [* {th:switch}] [250]: org.thymeleaf.standard.processor.StandardSwitchTagProcessor
[THYMELEAF]             * [* {th:case}] [275]: org.thymeleaf.standard.processor.StandardCaseTagProcessor
[THYMELEAF]             * [* {th:if}] [300]: org.thymeleaf.standard.processor.StandardIfTagProcessor
[THYMELEAF]             * [* {th:unless}] [400]: org.thymeleaf.standard.processor.StandardUnlessTagProcessor
[THYMELEAF]             * [* {th:object}] [500]: org.thymeleaf.standard.processor.StandardObjectTagProcessor
[THYMELEAF]             * [* {th:with}] [600]: com.intuit.karate.template.KarateWithTagProcessor
[THYMELEAF]             * [* {th:attr}] [700]: com.intuit.karate.template.KarateAttributeTagProcessor.KarateAttrTagProcessor
[THYMELEAF]             * [* {th:attrappend}] [900]: com.intuit.karate.template.KarateAttributeTagProcessor.KarateAttrappendTagProcessor
[THYMELEAF]             * [* {th:attrprepend}] [900]: com.intuit.karate.template.KarateAttributeTagProcessor.KarateAttrprependTagProcessor
[THYMELEAF]             * [* {th:inline}] [1000]: org.thymeleaf.standard.processor.StandardInlineXMLTagProcessor
[THYMELEAF]             * [* {xmlns:th}] [1000]: org.thymeleaf.standard.processor.StandardXmlNsTagProcessor
[THYMELEAF]             * [* {th:text}] [1300]: org.thymeleaf.standard.processor.StandardTextTagProcessor
[THYMELEAF]             * [* {th:utext}] [1400]: org.thymeleaf.standard.processor.StandardUtextTagProcessor
[THYMELEAF]             * [* {th:fragment}] [1500]: org.thymeleaf.standard.processor.StandardFragmentTagProcessor
[THYMELEAF]             * [* {th:assert}] [1550]: org.thymeleaf.standard.processor.StandardAssertTagProcessor
[THYMELEAF]             * [* {th:remove}] [1600]: org.thymeleaf.standard.processor.StandardRemoveTagProcessor
[THYMELEAF]             * [* {th:ref}] [10000]: org.thymeleaf.standard.processor.StandardRefAttributeTagProcessor
[THYMELEAF]             * [{th:block} *] [100000]: org.thymeleaf.standard.processor.StandardBlockTagProcessor
[THYMELEAF]             * [* th:*] [2147483647]: org.thymeleaf.standard.processor.StandardDefaultAttributesTagProcessor
[THYMELEAF]         * Text Processors by [precedence]:
[THYMELEAF]             * [1000]: org.thymeleaf.standard.processor.StandardInliningTextProcessor
[THYMELEAF]         * CDATA Section Processors by [precedence]:
[THYMELEAF]             * [1000]: org.thymeleaf.standard.processor.StandardInliningCDATASectionProcessor
[THYMELEAF]         * Comment Processors by [precedence]:
[THYMELEAF]             * [1000]: org.thymeleaf.standard.processor.StandardInliningCommentProcessor
[THYMELEAF]     * Processors for Template Mode: TEXT
[THYMELEAF]         * Element Tag Processors by [matching element and attribute name] [precedence]:
[THYMELEAF]             * [* {th:insert}] [100]: org.thymeleaf.standard.processor.StandardInsertTagProcessor
[THYMELEAF]             * [* {th:replace}] [100]: org.thymeleaf.standard.processor.StandardReplaceTagProcessor
[THYMELEAF]             * [* {th:each}] [200]: com.intuit.karate.template.KarateEachTagProcessor
[THYMELEAF]             * [* {th:switch}] [250]: org.thymeleaf.standard.processor.StandardSwitchTagProcessor
[THYMELEAF]             * [* {th:case}] [275]: org.thymeleaf.standard.processor.StandardCaseTagProcessor
[THYMELEAF]             * [* {th:if}] [300]: org.thymeleaf.standard.processor.StandardIfTagProcessor
[THYMELEAF]             * [* {th:unless}] [400]: org.thymeleaf.standard.processor.StandardUnlessTagProcessor
[THYMELEAF]             * [* {th:object}] [500]: org.thymeleaf.standard.processor.StandardObjectTagProcessor
[THYMELEAF]             * [* {th:with}] [600]: com.intuit.karate.template.KarateWithTagProcessor
[THYMELEAF]             * [* {th:inline}] [1000]: org.thymeleaf.standard.processor.StandardInlineTextualTagProcessor
[THYMELEAF]             * [* {th:text}] [1300]: org.thymeleaf.standard.processor.StandardTextTagProcessor
[THYMELEAF]             * [* {th:utext}] [1400]: org.thymeleaf.standard.processor.StandardUtextTagProcessor
[THYMELEAF]             * [* {th:assert}] [1550]: org.thymeleaf.standard.processor.StandardAssertTagProcessor
[THYMELEAF]             * [* {th:remove}] [1600]: org.thymeleaf.standard.processor.StandardRemoveTagProcessor
[THYMELEAF]             * [{th:block} *] [100000]: org.thymeleaf.standard.processor.StandardBlockTagProcessor
[THYMELEAF]             * [* 100000] [org.thymeleaf.standard.processor.StandardBlockTagProcessor]: {}
[THYMELEAF]         * Text Processors by [precedence]:
[THYMELEAF]             * [1000]: org.thymeleaf.standard.processor.StandardInliningTextProcessor
[THYMELEAF]     * Processors for Template Mode: JAVASCRIPT
[THYMELEAF]         * Element Tag Processors by [matching element and attribute name] [precedence]:
[THYMELEAF]             * [* {th:insert}] [100]: org.thymeleaf.standard.processor.StandardInsertTagProcessor
[THYMELEAF]             * [* {th:replace}] [100]: org.thymeleaf.standard.processor.StandardReplaceTagProcessor
[THYMELEAF]             * [* {th:each}] [200]: com.intuit.karate.template.KarateEachTagProcessor
[THYMELEAF]             * [* {th:switch}] [250]: org.thymeleaf.standard.processor.StandardSwitchTagProcessor
[THYMELEAF]             * [* {th:case}] [275]: org.thymeleaf.standard.processor.StandardCaseTagProcessor
[THYMELEAF]             * [* {th:if}] [300]: org.thymeleaf.standard.processor.StandardIfTagProcessor
[THYMELEAF]             * [* {th:unless}] [400]: org.thymeleaf.standard.processor.StandardUnlessTagProcessor
[THYMELEAF]             * [* {th:object}] [500]: org.thymeleaf.standard.processor.StandardObjectTagProcessor
[THYMELEAF]             * [* {th:with}] [600]: com.intuit.karate.template.KarateWithTagProcessor
[THYMELEAF]             * [* {th:inline}] [1000]: org.thymeleaf.standard.processor.StandardInlineTextualTagProcessor
[THYMELEAF]             * [* {th:text}] [1300]: org.thymeleaf.standard.processor.StandardTextTagProcessor
[THYMELEAF]             * [* {th:utext}] [1400]: org.thymeleaf.standard.processor.StandardUtextTagProcessor
[THYMELEAF]             * [* {th:assert}] [1550]: org.thymeleaf.standard.processor.StandardAssertTagProcessor
[THYMELEAF]             * [* {th:remove}] [1600]: org.thymeleaf.standard.processor.StandardRemoveTagProcessor
[THYMELEAF]             * [* 100000] [org.thymeleaf.standard.processor.StandardBlockTagProcessor]: {}
[THYMELEAF]             * [{th:block} *] [100000]: org.thymeleaf.standard.processor.StandardBlockTagProcessor
[THYMELEAF]         * Text Processors by [precedence]:
[THYMELEAF]             * [1000]: org.thymeleaf.standard.processor.StandardInliningTextProcessor
[THYMELEAF]     * Processors for Template Mode: CSS
[THYMELEAF]         * Element Tag Processors by [matching element and attribute name] [precedence]:
[THYMELEAF]             * [* {th:insert}] [100]: org.thymeleaf.standard.processor.StandardInsertTagProcessor
[THYMELEAF]             * [* {th:replace}] [100]: org.thymeleaf.standard.processor.StandardReplaceTagProcessor
[THYMELEAF]             * [* {th:each}] [200]: com.intuit.karate.template.KarateEachTagProcessor
[THYMELEAF]             * [* {th:switch}] [250]: org.thymeleaf.standard.processor.StandardSwitchTagProcessor
[THYMELEAF]             * [* {th:case}] [275]: org.thymeleaf.standard.processor.StandardCaseTagProcessor
[THYMELEAF]             * [* {th:if}] [300]: org.thymeleaf.standard.processor.StandardIfTagProcessor
[THYMELEAF]             * [* {th:unless}] [400]: org.thymeleaf.standard.processor.StandardUnlessTagProcessor
[THYMELEAF]             * [* {th:object}] [500]: org.thymeleaf.standard.processor.StandardObjectTagProcessor
[THYMELEAF]             * [* {th:with}] [600]: com.intuit.karate.template.KarateWithTagProcessor
[THYMELEAF]             * [* {th:inline}] [1000]: org.thymeleaf.standard.processor.StandardInlineTextualTagProcessor
[THYMELEAF]             * [* {th:text}] [1300]: org.thymeleaf.standard.processor.StandardTextTagProcessor
[THYMELEAF]             * [* {th:utext}] [1400]: org.thymeleaf.standard.processor.StandardUtextTagProcessor
[THYMELEAF]             * [* {th:assert}] [1550]: org.thymeleaf.standard.processor.StandardAssertTagProcessor
[THYMELEAF]             * [* {th:remove}] [1600]: org.thymeleaf.standard.processor.StandardRemoveTagProcessor
[THYMELEAF]             * [* 100000] [org.thymeleaf.standard.processor.StandardBlockTagProcessor]: {}
[THYMELEAF]             * [{th:block} *] [100000]: org.thymeleaf.standard.processor.StandardBlockTagProcessor
[THYMELEAF]         * Text Processors by [precedence]:
[THYMELEAF]             * [1000]: org.thymeleaf.standard.processor.StandardInliningTextProcessor
[THYMELEAF]     * Expression Objects:
[THYMELEAF]         * #ctx
[THYMELEAF]         * #root
[THYMELEAF]         * #vars
[THYMELEAF]         * #object
[THYMELEAF]         * #locale
[THYMELEAF]         * #request
[THYMELEAF]         * #response
[THYMELEAF]         * #session
[THYMELEAF]         * #servletContext
[THYMELEAF]         * #conversions
[THYMELEAF]         * #uris
[THYMELEAF]         * #calendars
[THYMELEAF]         * #dates
[THYMELEAF]         * #bools
[THYMELEAF]         * #numbers
[THYMELEAF]         * #objects
[THYMELEAF]         * #strings
[THYMELEAF]         * #arrays
[THYMELEAF]         * #lists
[THYMELEAF]         * #sets
[THYMELEAF]         * #maps
[THYMELEAF]         * #aggregates
[THYMELEAF]         * #messages
[THYMELEAF]         * #ids
[THYMELEAF]         * #execInfo
[THYMELEAF]         * #httpServletRequest
[THYMELEAF]         * #httpSession
[THYMELEAF]     * Execution Attributes:
[THYMELEAF]         * "StandardExpressionParser": com.intuit.karate.template.KarateStandardDialect@78545d40
[THYMELEAF]         * "StandardJavaScriptSerializer": org.thymeleaf.standard.serializer.StandardJavaScriptSerializer@4813d0
[THYMELEAF]         * "StandardCSSSerializer": org.thymeleaf.standard.serializer.StandardCSSSerializer@702096ef
[THYMELEAF]         * "StandardVariableExpressionEvaluator": com.intuit.karate.template.KarateStandardDialect@78545d40
[THYMELEAF]         * "StandardConversionService": org.thymeleaf.standard.expression.StandardConversionService@5f0d8937
[THYMELEAF] * Dialect [2 of 2]: karate (com.intuit.karate.template.KarateScriptDialect)
[THYMELEAF]     * Prefix: "ka"
[THYMELEAF]     * Processors for Template Mode: HTML
[THYMELEAF]         * Element Tag Processors by [matching element and attribute name] [precedence]:
[THYMELEAF]             * [* {src}] [1000]: com.intuit.karate.template.KaScriptAttrProcessor
[THYMELEAF]         * Element Model Processors by [matching element and attribute name] [precedence]:
[THYMELEAF]             * [{script} {ka:scope,data-ka-scope}] [1000]: com.intuit.karate.template.KaScriptElemProcessor
[THYMELEAF]             * [* {ka:set,data-ka-set}] [1000]: com.intuit.karate.template.KaSetElemProcessor
[THYMELEAF] TEMPLATE ENGINE CONFIGURED OK
15:19:44.783 [Finalizer] DEBUG org.apache.http.impl.conn.PoolingHttpClientConnectionManager - Connection manager is shutting down
15:19:44.784 [main] DEBUG org.thymeleaf.TemplateEngine - [THYMELEAF] TEMPLATE ENGINE INITIALIZED
15:19:44.785 [Finalizer] DEBUG org.apache.http.impl.conn.DefaultManagedHttpClientConnection - http-outgoing-2: Close connection
15:19:44.815 [Finalizer] DEBUG org.apache.http.impl.conn.PoolingHttpClientConnectionManager - Connection manager shut down
---------------------------------------------------------
feature: classpath:com/jsonplaceholdertest/app/COMMENTS/create-comments.feature
scenarios:  1 | passed:  1 | failed:  0 | time: 3,6320
---------------------------------------------------------

15:19:44.972 [main] DEBUG com.jayway.jsonpath.internal.path.CompiledPath - Evaluating path: $
Karate version: 1.2.0
======================================================
elapsed:   3,97 | threads:    1 | thread time: 3,63 
features:     1 | skipped:    0 | efficiency: 0,92
scenarios:    1 | passed:     1 | failed: 0
======================================================
15:19:44.984 [main] DEBUG org.thymeleaf.TemplateEngine - [THYMELEAF] INITIALIZING TEMPLATE ENGINE
15:19:45.003 [main] DEBUG org.thymeleaf.TemplateEngine.CONFIG - Initializing Thymeleaf Template engine configuration...
[THYMELEAF] TEMPLATE ENGINE CONFIGURATION:
[THYMELEAF] * Thymeleaf version: 3.0.14.RELEASE (built 2021-12-08T00:45:29+0000)
[THYMELEAF] * Cache Manager implementation: org.thymeleaf.cache.StandardCacheManager
[THYMELEAF] * Template resolvers:
[THYMELEAF]     * [1] com.intuit.karate.template.ResourceHtmlTemplateResolver
[THYMELEAF] * Message resolvers:
[THYMELEAF]     * org.thymeleaf.messageresolver.StandardMessageResolver
[THYMELEAF] * Link builders:
[THYMELEAF]     * org.thymeleaf.linkbuilder.StandardLinkBuilder
[THYMELEAF] * Dialect [1 of 2]: Standard (com.intuit.karate.template.KarateStandardDialect)
[THYMELEAF]     * Prefix: "th"
[THYMELEAF]     * Processors for Template Mode: HTML
[THYMELEAF]         * Element Tag Processors by [matching element and attribute name] [precedence]:
[THYMELEAF]             * [* {th:include,data-th-include}] [100]: org.thymeleaf.standard.processor.StandardIncludeTagProcessor
[THYMELEAF]             * [* {th:insert,data-th-insert}] [100]: org.thymeleaf.standard.processor.StandardInsertTagProcessor
[THYMELEAF]             * [* {th:replace,data-th-replace}] [100]: org.thymeleaf.standard.processor.StandardReplaceTagProcessor
[THYMELEAF]             * [* {th:substituteby,data-th-substituteby}] [100]: org.thymeleaf.standard.processor.StandardSubstituteByTagProcessor
[THYMELEAF]             * [* {th:each,data-th-each}] [200]: com.intuit.karate.template.KarateEachTagProcessor
[THYMELEAF]             * [* {th:switch,data-th-switch}] [250]: org.thymeleaf.standard.processor.StandardSwitchTagProcessor
[THYMELEAF]             * [* {th:case,data-th-case}] [275]: org.thymeleaf.standard.processor.StandardCaseTagProcessor
[THYMELEAF]             * [* {th:if,data-th-if}] [300]: org.thymeleaf.standard.processor.StandardIfTagProcessor
[THYMELEAF]             * [* {th:unless,data-th-unless}] [400]: org.thymeleaf.standard.processor.StandardUnlessTagProcessor
[THYMELEAF]             * [* {th:object,data-th-object}] [500]: org.thymeleaf.standard.processor.StandardObjectTagProcessor
[THYMELEAF]             * [* {th:with,data-th-with}] [600]: com.intuit.karate.template.KarateWithTagProcessor
[THYMELEAF]             * [* {th:attr,data-th-attr}] [700]: com.intuit.karate.template.KarateAttributeTagProcessor.KarateAttrTagProcessor
[THYMELEAF]             * [* {th:attrappend,data-th-attrappend}] [900]: com.intuit.karate.template.KarateAttributeTagProcessor.KarateAttrappendTagProcessor
[THYMELEAF]             * [* {th:attrprepend,data-th-attrprepend}] [900]: com.intuit.karate.template.KarateAttributeTagProcessor.KarateAttrprependTagProcessor
[THYMELEAF]             * [* {th:alt-title,data-th-alt-title}] [990]: org.thymeleaf.standard.processor.StandardAltTitleTagProcessor
[THYMELEAF]             * [* {th:lang-xmllang,data-th-lang-xmllang}] [990]: org.thymeleaf.standard.processor.StandardLangXmlLangTagProcessor
[THYMELEAF]             * [* {th:action,data-th-action}] [1000]: org.thymeleaf.standard.processor.StandardActionTagProcessor
[THYMELEAF]             * [* {th:required,data-th-required}] [1000]: org.thymeleaf.standard.processor.StandardConditionalFixedValueTagProcessor
[THYMELEAF]             * [* {th:nowrap,data-th-nowrap}] [1000]: org.thymeleaf.standard.processor.StandardConditionalFixedValueTagProcessor
[THYMELEAF]             * [* {th:open,data-th-open}] [1000]: org.thymeleaf.standard.processor.StandardConditionalFixedValueTagProcessor
[THYMELEAF]             * [* {th:multiple,data-th-multiple}] [1000]: org.thymeleaf.standard.processor.StandardConditionalFixedValueTagProcessor
[THYMELEAF]             * [* {th:pubdate,data-th-pubdate}] [1000]: org.thymeleaf.standard.processor.StandardConditionalFixedValueTagProcessor
[THYMELEAF]             * [* {th:defer,data-th-defer}] [1000]: org.thymeleaf.standard.processor.StandardConditionalFixedValueTagProcessor
[THYMELEAF]             * [* {th:declare,data-th-declare}] [1000]: org.thymeleaf.standard.processor.StandardConditionalFixedValueTagProcessor
[THYMELEAF]             * [* {th:autoplay,data-th-autoplay}] [1000]: org.thymeleaf.standard.processor.StandardConditionalFixedValueTagProcessor
[THYMELEAF]             * [* {th:loop,data-th-loop}] [1000]: org.thymeleaf.standard.processor.StandardConditionalFixedValueTagProcessor
[THYMELEAF]             * [* {th:default,data-th-default}] [1000]: org.thymeleaf.standard.processor.StandardConditionalFixedValueTagProcessor
[THYMELEAF]             * [* {th:autofocus,data-th-autofocus}] [1000]: org.thymeleaf.standard.processor.StandardConditionalFixedValueTagProcessor
[THYMELEAF]             * [* {th:scoped,data-th-scoped}] [1000]: org.thymeleaf.standard.processor.StandardConditionalFixedValueTagProcessor
[THYMELEAF]             * [* {th:reversed,data-th-reversed}] [1000]: org.thymeleaf.standard.processor.StandardConditionalFixedValueTagProcessor
[THYMELEAF]             * [* {th:async,data-th-async}] [1000]: org.thymeleaf.standard.processor.StandardConditionalFixedValueTagProcessor
[THYMELEAF]             * [* {th:disabled,data-th-disabled}] [1000]: org.thymeleaf.standard.processor.StandardConditionalFixedValueTagProcessor
[THYMELEAF]             * [* {th:ismap,data-th-ismap}] [1000]: org.thymeleaf.standard.processor.StandardConditionalFixedValueTagProcessor
[THYMELEAF]             * [* {th:formnovalidate,data-th-formnovalidate}] [1000]: org.thymeleaf.standard.processor.StandardConditionalFixedValueTagProcessor
[THYMELEAF]             * [* {th:hidden,data-th-hidden}] [1000]: org.thymeleaf.standard.processor.StandardConditionalFixedValueTagProcessor
[THYMELEAF]             * [* {th:controls,data-th-controls}] [1000]: org.thymeleaf.standard.processor.StandardConditionalFixedValueTagProcessor
[THYMELEAF]             * [* {th:selected,data-th-selected}] [1000]: org.thymeleaf.standard.processor.StandardConditionalFixedValueTagProcessor
[THYMELEAF]             * [* {th:seamless,data-th-seamless}] [1000]: org.thymeleaf.standard.processor.StandardConditionalFixedValueTagProcessor
[THYMELEAF]             * [* {th:novalidate,data-th-novalidate}] [1000]: org.thymeleaf.standard.processor.StandardConditionalFixedValueTagProcessor
[THYMELEAF]             * [* {th:readonly,data-th-readonly}] [1000]: org.thymeleaf.standard.processor.StandardConditionalFixedValueTagProcessor
[THYMELEAF]             * [* {th:checked,data-th-checked}] [1000]: org.thymeleaf.standard.processor.StandardConditionalFixedValueTagProcessor
[THYMELEAF]             * [* {th:onscroll,data-th-onscroll}] [1000]: org.thymeleaf.standard.processor.StandardDOMEventAttributeTagProcessor
[THYMELEAF]             * [* {th:onbeforeunload,data-th-onbeforeunload}] [1000]: org.thymeleaf.standard.processor.StandardDOMEventAttributeTagProcessor
[THYMELEAF]             * [* {th:onreadystatechange,data-th-onreadystatechange}] [1000]: org.thymeleaf.standard.processor.StandardDOMEventAttributeTagProcessor
[THYMELEAF]             * [* {th:onunload,data-th-onunload}] [1000]: org.thymeleaf.standard.processor.StandardDOMEventAttributeTagProcessor
[THYMELEAF]             * [* {th:onblur,data-th-onblur}] [1000]: org.thymeleaf.standard.processor.StandardDOMEventAttributeTagProcessor
[THYMELEAF]             * [* {th:ondblclick,data-th-ondblclick}] [1000]: org.thymeleaf.standard.processor.StandardDOMEventAttributeTagProcessor
[THYMELEAF]             * [* {th:onhashchange,data-th-onhashchange}] [1000]: org.thymeleaf.standard.processor.StandardDOMEventAttributeTagProcessor
[THYMELEAF]             * [* {th:onratechange,data-th-onratechange}] [1000]: org.thymeleaf.standard.processor.StandardDOMEventAttributeTagProcessor
[THYMELEAF]             * [* {th:onmousedown,data-th-onmousedown}] [1000]: org.thymeleaf.standard.processor.StandardDOMEventAttributeTagProcessor
[THYMELEAF]             * [* {th:ondurationchange,data-th-ondurationchange}] [1000]: org.thymeleaf.standard.processor.StandardDOMEventAttributeTagProcessor
[THYMELEAF]             * [* {th:ondragenter,data-th-ondragenter}] [1000]: org.thymeleaf.standard.processor.StandardDOMEventAttributeTagProcessor
[THYMELEAF]             * [* {th:onabort,data-th-onabort}] [1000]: org.thymeleaf.standard.processor.StandardDOMEventAttributeTagProcessor
[THYMELEAF]             * [* {th:onchange,data-th-onchange}] [1000]: org.thymeleaf.standard.processor.StandardDOMEventAttributeTagProcessor
[THYMELEAF]             * [* {th:onbeforeprint,data-th-onbeforeprint}] [1000]: org.thymeleaf.standard.processor.StandardDOMEventAttributeTagProcessor
[THYMELEAF]             * [* {th:onoffline,data-th-onoffline}] [1000]: org.thymeleaf.standard.processor.StandardDOMEventAttributeTagProcessor
[THYMELEAF]             * [* {th:onsubmit,data-th-onsubmit}] [1000]: org.thymeleaf.standard.processor.StandardDOMEventAttributeTagProcessor
[THYMELEAF]             * [* {th:onkeyup,data-th-onkeyup}] [1000]: org.thymeleaf.standard.processor.StandardDOMEventAttributeTagProcessor
[THYMELEAF]             * [* {th:onpopstate,data-th-onpopstate}] [1000]: org.thymeleaf.standard.processor.StandardDOMEventAttributeTagProcessor
[THYMELEAF]             * [* {th:onredo,data-th-onredo}] [1000]: org.thymeleaf.standard.processor.StandardDOMEventAttributeTagProcessor
[THYMELEAF]             * [* {th:onforminput,data-th-onforminput}] [1000]: org.thymeleaf.standard.processor.StandardDOMEventAttributeTagProcessor
[THYMELEAF]             * [* {th:onkeypress,data-th-onkeypress}] [1000]: org.thymeleaf.standard.processor.StandardDOMEventAttributeTagProcessor
[THYMELEAF]             * [* {th:onended,data-th-onended}] [1000]: org.thymeleaf.standard.processor.StandardDOMEventAttributeTagProcessor
[THYMELEAF]             * [* {th:ondragleave,data-th-ondragleave}] [1000]: org.thymeleaf.standard.processor.StandardDOMEventAttributeTagProcessor
[THYMELEAF]             * [* {th:onundo,data-th-onundo}] [1000]: org.thymeleaf.standard.processor.StandardDOMEventAttributeTagProcessor
[THYMELEAF]             * [* {th:onloadedmetadata,data-th-onloadedmetadata}] [1000]: org.thymeleaf.standard.processor.StandardDOMEventAttributeTagProcessor
[THYMELEAF]             * [* {th:oninput,data-th-oninput}] [1000]: org.thymeleaf.standard.processor.StandardDOMEventAttributeTagProcessor
[THYMELEAF]             * [* {th:ondragover,data-th-ondragover}] [1000]: org.thymeleaf.standard.processor.StandardDOMEventAttributeTagProcessor
[THYMELEAF]             * [* {th:onsuspend,data-th-onsuspend}] [1000]: org.thymeleaf.standard.processor.StandardDOMEventAttributeTagProcessor
[THYMELEAF]             * [* {th:onloadstart,data-th-onloadstart}] [1000]: org.thymeleaf.standard.processor.StandardDOMEventAttributeTagProcessor
[THYMELEAF]             * [* {th:onplay,data-th-onplay}] [1000]: org.thymeleaf.standard.processor.StandardDOMEventAttributeTagProcessor
[THYMELEAF]             * [* {th:onmouseup,data-th-onmouseup}] [1000]: org.thymeleaf.standard.processor.StandardDOMEventAttributeTagProcessor
[THYMELEAF]             * [* {th:onprogress,data-th-onprogress}] [1000]: org.thymeleaf.standard.processor.StandardDOMEventAttributeTagProcessor
[THYMELEAF]             * [* {th:onreset,data-th-onreset}] [1000]: org.thymeleaf.standard.processor.StandardDOMEventAttributeTagProcessor
[THYMELEAF]             * [* {th:onseeked,data-th-onseeked}] [1000]: org.thymeleaf.standard.processor.StandardDOMEventAttributeTagProcessor
[THYMELEAF]             * [* {th:onmouseout,data-th-onmouseout}] [1000]: org.thymeleaf.standard.processor.StandardDOMEventAttributeTagProcessor
[THYMELEAF]             * [* {th:oninvalid,data-th-oninvalid}] [1000]: org.thymeleaf.standard.processor.StandardDOMEventAttributeTagProcessor
[THYMELEAF]             * [* {th:onfocus,data-th-onfocus}] [1000]: org.thymeleaf.standard.processor.StandardDOMEventAttributeTagProcessor
[THYMELEAF]             * [* {th:oncanplaythrough,data-th-oncanplaythrough}] [1000]: org.thymeleaf.standard.processor.StandardDOMEventAttributeTagProcessor
[THYMELEAF]             * [* {th:onclick,data-th-onclick}] [1000]: org.thymeleaf.standard.processor.StandardDOMEventAttributeTagProcessor
[THYMELEAF]             * [* {th:ondrop,data-th-ondrop}] [1000]: org.thymeleaf.standard.processor.StandardDOMEventAttributeTagProcessor
[THYMELEAF]             * [* {th:oncanplay,data-th-oncanplay}] [1000]: org.thymeleaf.standard.processor.StandardDOMEventAttributeTagProcessor
[THYMELEAF]             * [* {th:onstalled,data-th-onstalled}] [1000]: org.thymeleaf.standard.processor.StandardDOMEventAttributeTagProcessor
[THYMELEAF]             * [* {th:onpause,data-th-onpause}] [1000]: org.thymeleaf.standard.processor.StandardDOMEventAttributeTagProcessor
[THYMELEAF]             * [* {th:onafterprint,data-th-onafterprint}] [1000]: org.thymeleaf.standard.processor.StandardDOMEventAttributeTagProcessor
[THYMELEAF]             * [* {th:onloadeddata,data-th-onloadeddata}] [1000]: org.thymeleaf.standard.processor.StandardDOMEventAttributeTagProcessor
[THYMELEAF]             * [* {th:onvolumechange,data-th-onvolumechange}] [1000]: org.thymeleaf.standard.processor.StandardDOMEventAttributeTagProcessor
[THYMELEAF]             * [* {th:onmousemove,data-th-onmousemove}] [1000]: org.thymeleaf.standard.processor.StandardDOMEventAttributeTagProcessor
[THYMELEAF]             * [* {th:onmessage,data-th-onmessage}] [1000]: org.thymeleaf.standard.processor.StandardDOMEventAttributeTagProcessor
[THYMELEAF]             * [* {th:ondrag,data-th-ondrag}] [1000]: org.thymeleaf.standard.processor.StandardDOMEventAttributeTagProcessor
[THYMELEAF]             * [* {th:onselect,data-th-onselect}] [1000]: org.thymeleaf.standard.processor.StandardDOMEventAttributeTagProcessor
[THYMELEAF]             * [* {th:onmouseover,data-th-onmouseover}] [1000]: org.thymeleaf.standard.processor.StandardDOMEventAttributeTagProcessor
[THYMELEAF]             * [* {th:onstorage,data-th-onstorage}] [1000]: org.thymeleaf.standard.processor.StandardDOMEventAttributeTagProcessor
[THYMELEAF]             * [* {th:onmousewheel,data-th-onmousewheel}] [1000]: org.thymeleaf.standard.processor.StandardDOMEventAttributeTagProcessor
[THYMELEAF]             * [* {th:onformchange,data-th-onformchange}] [1000]: org.thymeleaf.standard.processor.StandardDOMEventAttributeTagProcessor
[THYMELEAF]             * [* {th:onerror,data-th-onerror}] [1000]: org.thymeleaf.standard.processor.StandardDOMEventAttributeTagProcessor
[THYMELEAF]             * [* {th:onseeking,data-th-onseeking}] [1000]: org.thymeleaf.standard.processor.StandardDOMEventAttributeTagProcessor
[THYMELEAF]             * [* {th:onload,data-th-onload}] [1000]: org.thymeleaf.standard.processor.StandardDOMEventAttributeTagProcessor
[THYMELEAF]             * [* {th:onemptied,data-th-onemptied}] [1000]: org.thymeleaf.standard.processor.StandardDOMEventAttributeTagProcessor
[THYMELEAF]             * [* {th:onkeydown,data-th-onkeydown}] [1000]: org.thymeleaf.standard.processor.StandardDOMEventAttributeTagProcessor
[THYMELEAF]             * [* {th:onwaiting,data-th-onwaiting}] [1000]: org.thymeleaf.standard.processor.StandardDOMEventAttributeTagProcessor
[THYMELEAF]             * [* {th:oncontextmenu,data-th-oncontextmenu}] [1000]: org.thymeleaf.standard.processor.StandardDOMEventAttributeTagProcessor
[THYMELEAF]             * [* {th:onresize,data-th-onresize}] [1000]: org.thymeleaf.standard.processor.StandardDOMEventAttributeTagProcessor
[THYMELEAF]             * [* {th:ontimeupdate,data-th-ontimeupdate}] [1000]: org.thymeleaf.standard.processor.StandardDOMEventAttributeTagProcessor
[THYMELEAF]             * [* {th:ondragstart,data-th-ondragstart}] [1000]: org.thymeleaf.standard.processor.StandardDOMEventAttributeTagProcessor
[THYMELEAF]             * [* {th:ononline,data-th-ononline}] [1000]: org.thymeleaf.standard.processor.StandardDOMEventAttributeTagProcessor
[THYMELEAF]             * [* {th:onplaying,data-th-onplaying}] [1000]: org.thymeleaf.standard.processor.StandardDOMEventAttributeTagProcessor
[THYMELEAF]             * [* {th:ondragend,data-th-ondragend}] [1000]: org.thymeleaf.standard.processor.StandardDOMEventAttributeTagProcessor
[THYMELEAF]             * [* {th:onshow,data-th-onshow}] [1000]: org.thymeleaf.standard.processor.StandardDOMEventAttributeTagProcessor
[THYMELEAF]             * [* {th:href,data-th-href}] [1000]: org.thymeleaf.standard.processor.StandardHrefTagProcessor
[THYMELEAF]             * [* {th:inline,data-th-inline}] [1000]: org.thymeleaf.standard.processor.StandardInlineHTMLTagProcessor
[THYMELEAF]             * [* {th:method,data-th-method}] [1000]: org.thymeleaf.standard.processor.StandardMethodTagProcessor
[THYMELEAF]             * [* {th:type,data-th-type}] [1000]: org.thymeleaf.standard.processor.StandardNonRemovableAttributeTagProcessor
[THYMELEAF]             * [* {th:name,data-th-name}] [1000]: org.thymeleaf.standard.processor.StandardNonRemovableAttributeTagProcessor
[THYMELEAF]             * [* {th:tabindex,data-th-tabindex}] [1000]: org.thymeleaf.standard.processor.StandardRemovableAttributeTagProcessor
[THYMELEAF]             * [* {th:cols,data-th-cols}] [1000]: org.thymeleaf.standard.processor.StandardRemovableAttributeTagProcessor
[THYMELEAF]             * [* {th:style,data-th-style}] [1000]: org.thymeleaf.standard.processor.StandardRemovableAttributeTagProcessor
[THYMELEAF]             * [* {th:colspan,data-th-colspan}] [1000]: org.thymeleaf.standard.processor.StandardRemovableAttributeTagProcessor
[THYMELEAF]             * [* {th:formmethod,data-th-formmethod}] [1000]: org.thymeleaf.standard.processor.StandardRemovableAttributeTagProcessor
[THYMELEAF]             * [* {th:manifest,data-th-manifest}] [1000]: org.thymeleaf.standard.processor.StandardRemovableAttributeTagProcessor
[THYMELEAF]             * [* {th:wrap,data-th-wrap}] [1000]: org.thymeleaf.standard.processor.StandardRemovableAttributeTagProcessor
[THYMELEAF]             * [* {th:scheme,data-th-scheme}] [1000]: org.thymeleaf.standard.processor.StandardRemovableAttributeTagProcessor
[THYMELEAF]             * [* {th:axis,data-th-axis}] [1000]: org.thymeleaf.standard.processor.StandardRemovableAttributeTagProcessor
[THYMELEAF]             * [* {th:abbr,data-th-abbr}] [1000]: org.thymeleaf.standard.processor.StandardRemovableAttributeTagProcessor
[THYMELEAF]             * [* {th:spellcheck,data-th-spellcheck}] [1000]: org.thymeleaf.standard.processor.StandardRemovableAttributeTagProcessor
[THYMELEAF]             * [* {th:scrolling,data-th-scrolling}] [1000]: org.thymeleaf.standard.processor.StandardRemovableAttributeTagProcessor
[THYMELEAF]             * [* {th:id,data-th-id}] [1000]: org.thymeleaf.standard.processor.StandardRemovableAttributeTagProcessor
[THYMELEAF]             * [* {th:summary,data-th-summary}] [1000]: org.thymeleaf.standard.processor.StandardRemovableAttributeTagProcessor
[THYMELEAF]             * [* {th:marginheight,data-th-marginheight}] [1000]: org.thymeleaf.standard.processor.StandardRemovableAttributeTagProcessor
[THYMELEAF]             * [* {th:draggable,data-th-draggable}] [1000]: org.thymeleaf.standard.processor.StandardRemovableAttributeTagProcessor
[THYMELEAF]             * [* {th:srclang,data-th-srclang}] [1000]: org.thymeleaf.standard.processor.StandardRemovableAttributeTagProcessor
[THYMELEAF]             * [* {th:label,data-th-label}] [1000]: org.thymeleaf.standard.processor.StandardRemovableAttributeTagProcessor
[THYMELEAF]             * [* {th:hreflang,data-th-hreflang}] [1000]: org.thymeleaf.standard.processor.StandardRemovableAttributeTagProcessor
[THYMELEAF]             * [* {th:kind,data-th-kind}] [1000]: org.thymeleaf.standard.processor.StandardRemovableAttributeTagProcessor
[THYMELEAF]             * [* {th:rev,data-th-rev}] [1000]: org.thymeleaf.standard.processor.StandardRemovableAttributeTagProcessor
[THYMELEAF]             * [* {th:compact,data-th-compact}] [1000]: org.thymeleaf.standard.processor.StandardRemovableAttributeTagProcessor
[THYMELEAF]             * [* {th:accept,data-th-accept}] [1000]: org.thymeleaf.standard.processor.StandardRemovableAttributeTagProcessor
[THYMELEAF]             * [* {th:codebase,data-th-codebase}] [1000]: org.thymeleaf.standard.processor.StandardRemovableAttributeTagProcessor
[THYMELEAF]             * [* {th:target,data-th-target}] [1000]: org.thymeleaf.standard.processor.StandardRemovableAttributeTagProcessor
[THYMELEAF]             * [* {th:formtarget,data-th-formtarget}] [1000]: org.thymeleaf.standard.processor.StandardRemovableAttributeTagProcessor
[THYMELEAF]             * [* {th:http-equiv,data-th-http-equiv}] [1000]: org.thymeleaf.standard.processor.StandardRemovableAttributeTagProcessor
[THYMELEAF]             * [* {th:title,data-th-title}] [1000]: org.thymeleaf.standard.processor.StandardRemovableAttributeTagProcessor
[THYMELEAF]             * [* {th:size,data-th-size}] [1000]: org.thymeleaf.standard.processor.StandardRemovableAttributeTagProcessor
[THYMELEAF]             * [* {th:width,data-th-width}] [1000]: org.thymeleaf.standard.processor.StandardRemovableAttributeTagProcessor
[THYMELEAF]             * [* {th:marginwidth,data-th-marginwidth}] [1000]: org.thymeleaf.standard.processor.StandardRemovableAttributeTagProcessor
[THYMELEAF]             * [* {th:align,data-th-align}] [1000]: org.thymeleaf.standard.processor.StandardRemovableAttributeTagProcessor
[THYMELEAF]             * [* {th:headers,data-th-headers}] [1000]: org.thymeleaf.standard.processor.StandardRemovableAttributeTagProcessor
[THYMELEAF]             * [* {th:content,data-th-content}] [1000]: org.thymeleaf.standard.processor.StandardRemovableAttributeTagProcessor
[THYMELEAF]             * [* {th:autocomplete,data-th-autocomplete}] [1000]: org.thymeleaf.standard.processor.StandardRemovableAttributeTagProcessor
[THYMELEAF]             * [* {th:form,data-th-form}] [1000]: org.thymeleaf.standard.processor.StandardRemovableAttributeTagProcessor
[THYMELEAF]             * [* {th:placeholder,data-th-placeholder}] [1000]: org.thymeleaf.standard.processor.StandardRemovableAttributeTagProcessor
[THYMELEAF]             * [* {th:scope,data-th-scope}] [1000]: org.thymeleaf.standard.processor.StandardRemovableAttributeTagProcessor
[THYMELEAF]             * [* {th:frame,data-th-frame}] [1000]: org.thymeleaf.standard.processor.StandardRemovableAttributeTagProcessor
[THYMELEAF]             * [* {th:low,data-th-low}] [1000]: org.thymeleaf.standard.processor.StandardRemovableAttributeTagProcessor
[THYMELEAF]             * [* {th:cellpadding,data-th-cellpadding}] [1000]: org.thymeleaf.standard.processor.StandardRemovableAttributeTagProcessor
[THYMELEAF]             * [* {th:span,data-th-span}] [1000]: org.thymeleaf.standard.processor.StandardRemovableAttributeTagProcessor
[THYMELEAF]             * [* {th:high,data-th-high}] [1000]: org.thymeleaf.standard.processor.StandardRemovableAttributeTagProcessor
[THYMELEAF]             * [* {th:archive,data-th-archive}] [1000]: org.thymeleaf.standard.processor.StandardRemovableAttributeTagProcessor
[THYMELEAF]             * [* {th:contextmenu,data-th-contextmenu}] [1000]: org.thymeleaf.standard.processor.StandardRemovableAttributeTagProcessor
[THYMELEAF]             * [* {th:cellspacing,data-th-cellspacing}] [1000]: org.thymeleaf.standard.processor.StandardRemovableAttributeTagProcessor
[THYMELEAF]             * [* {th:datetime,data-th-datetime}] [1000]: org.thymeleaf.standard.processor.StandardRemovableAttributeTagProcessor
[THYMELEAF]             * [* {th:accesskey,data-th-accesskey}] [1000]: org.thymeleaf.standard.processor.StandardRemovableAttributeTagProcessor
[THYMELEAF]             * [* {th:min,data-th-min}] [1000]: org.thymeleaf.standard.processor.StandardRemovableAttributeTagProcessor
[THYMELEAF]             * [* {th:start,data-th-start}] [1000]: org.thymeleaf.standard.processor.StandardRemovableAttributeTagProcessor
[THYMELEAF]             * [* {th:for,data-th-for}] [1000]: org.thymeleaf.standard.processor.StandardRemovableAttributeTagProcessor
[THYMELEAF]             * [* {th:radiogroup,data-th-radiogroup}] [1000]: org.thymeleaf.standard.processor.StandardRemovableAttributeTagProcessor
[THYMELEAF]             * [* {th:cite,data-th-cite}] [1000]: org.thymeleaf.standard.processor.StandardRemovableAttributeTagProcessor
[THYMELEAF]             * [* {th:standby,data-th-standby}] [1000]: org.thymeleaf.standard.processor.StandardRemovableAttributeTagProcessor
[THYMELEAF]             * [* {th:formenctype,data-th-formenctype}] [1000]: org.thymeleaf.standard.processor.StandardRemovableAttributeTagProcessor
[THYMELEAF]             * [* {th:vspace,data-th-vspace}] [1000]: org.thymeleaf.standard.processor.StandardRemovableAttributeTagProcessor
[THYMELEAF]             * [* {th:optimum,data-th-optimum}] [1000]: org.thymeleaf.standard.processor.StandardRemovableAttributeTagProcessor
[THYMELEAF]             * [* {th:media,data-th-media}] [1000]: org.thymeleaf.standard.processor.StandardRemovableAttributeTagProcessor
[THYMELEAF]             * [* {th:rel,data-th-rel}] [1000]: org.thymeleaf.standard.processor.StandardRemovableAttributeTagProcessor
[THYMELEAF]             * [* {th:formaction,data-th-formaction}] [1000]: org.thymeleaf.standard.processor.StandardRemovableAttributeTagProcessor
[THYMELEAF]             * [* {th:accept-charset,data-th-accept-charset}] [1000]: org.thymeleaf.standard.processor.StandardRemovableAttributeTagProcessor
[THYMELEAF]             * [* {th:classid,data-th-classid}] [1000]: org.thymeleaf.standard.processor.StandardRemovableAttributeTagProcessor
[THYMELEAF]             * [* {th:icon,data-th-icon}] [1000]: org.thymeleaf.standard.processor.StandardRemovableAttributeTagProcessor
[THYMELEAF]             * [* {th:sizes,data-th-sizes}] [1000]: org.thymeleaf.standard.processor.StandardRemovableAttributeTagProcessor
[THYMELEAF]             * [* {th:usemap,data-th-usemap}] [1000]: org.thymeleaf.standard.processor.StandardRemovableAttributeTagProcessor
[THYMELEAF]             * [* {th:maxlength,data-th-maxlength}] [1000]: org.thymeleaf.standard.processor.StandardRemovableAttributeTagProcessor
[THYMELEAF]             * [* {th:charset,data-th-charset}] [1000]: org.thymeleaf.standard.processor.StandardRemovableAttributeTagProcessor
[THYMELEAF]             * [* {th:challenge,data-th-challenge}] [1000]: org.thymeleaf.standard.processor.StandardRemovableAttributeTagProcessor
[THYMELEAF]             * [* {th:lang,data-th-lang}] [1000]: org.thymeleaf.standard.processor.StandardRemovableAttributeTagProcessor
[THYMELEAF]             * [* {th:audio,data-th-audio}] [1000]: org.thymeleaf.standard.processor.StandardRemovableAttributeTagProcessor
[THYMELEAF]             * [* {th:pattern,data-th-pattern}] [1000]: org.thymeleaf.standard.processor.StandardRemovableAttributeTagProcessor
[THYMELEAF]             * [* {th:border,data-th-border}] [1000]: org.thymeleaf.standard.processor.StandardRemovableAttributeTagProcessor
[THYMELEAF]             * [* {th:codetype,data-th-codetype}] [1000]: org.thymeleaf.standard.processor.StandardRemovableAttributeTagProcessor
[THYMELEAF]             * [* {th:sandbox,data-th-sandbox}] [1000]: org.thymeleaf.standard.processor.StandardRemovableAttributeTagProcessor
[THYMELEAF]             * [* {th:max,data-th-max}] [1000]: org.thymeleaf.standard.processor.StandardRemovableAttributeTagProcessor
[THYMELEAF]             * [* {th:keytype,data-th-keytype}] [1000]: org.thymeleaf.standard.processor.StandardRemovableAttributeTagProcessor
[THYMELEAF]             * [* {th:preload,data-th-preload}] [1000]: org.thymeleaf.standard.processor.StandardRemovableAttributeTagProcessor
[THYMELEAF]             * [* {th:list,data-th-list}] [1000]: org.thymeleaf.standard.processor.StandardRemovableAttributeTagProcessor
[THYMELEAF]             * [* {th:height,data-th-height}] [1000]: org.thymeleaf.standard.processor.StandardRemovableAttributeTagProcessor
[THYMELEAF]             * [* {th:alt,data-th-alt}] [1000]: org.thymeleaf.standard.processor.StandardRemovableAttributeTagProcessor
[THYMELEAF]             * [* {th:poster,data-th-poster}] [1000]: org.thymeleaf.standard.processor.StandardRemovableAttributeTagProcessor
[THYMELEAF]             * [* {th:rules,data-th-rules}] [1000]: org.thymeleaf.standard.processor.StandardRemovableAttributeTagProcessor
[THYMELEAF]             * [* {th:rowspan,data-th-rowspan}] [1000]: org.thymeleaf.standard.processor.StandardRemovableAttributeTagProcessor
[THYMELEAF]             * [* {th:class,data-th-class}] [1000]: org.thymeleaf.standard.processor.StandardRemovableAttributeTagProcessor
[THYMELEAF]             * [* {th:rows,data-th-rows}] [1000]: org.thymeleaf.standard.processor.StandardRemovableAttributeTagProcessor
[THYMELEAF]             * [* {th:frameborder,data-th-frameborder}] [1000]: org.thymeleaf.standard.processor.StandardRemovableAttributeTagProcessor
[THYMELEAF]             * [* {th:data,data-th-data}] [1000]: org.thymeleaf.standard.processor.StandardRemovableAttributeTagProcessor
[THYMELEAF]             * [* {th:enctype,data-th-enctype}] [1000]: org.thymeleaf.standard.processor.StandardRemovableAttributeTagProcessor
[THYMELEAF]             * [* {th:longdesc,data-th-longdesc}] [1000]: org.thymeleaf.standard.processor.StandardRemovableAttributeTagProcessor
[THYMELEAF]             * [* {th:valuetype,data-th-valuetype}] [1000]: org.thymeleaf.standard.processor.StandardRemovableAttributeTagProcessor
[THYMELEAF]             * [* {th:hspace,data-th-hspace}] [1000]: org.thymeleaf.standard.processor.StandardRemovableAttributeTagProcessor
[THYMELEAF]             * [* {th:dropzone,data-th-dropzone}] [1000]: org.thymeleaf.standard.processor.StandardRemovableAttributeTagProcessor
[THYMELEAF]             * [* {th:step,data-th-step}] [1000]: org.thymeleaf.standard.processor.StandardRemovableAttributeTagProcessor
[THYMELEAF]             * [* {th:contenteditable,data-th-contenteditable}] [1000]: org.thymeleaf.standard.processor.StandardRemovableAttributeTagProcessor
[THYMELEAF]             * [* {th:dir,data-th-dir}] [1000]: org.thymeleaf.standard.processor.StandardRemovableAttributeTagProcessor
[THYMELEAF]             * [* {th:bgcolor,data-th-bgcolor}] [1000]: org.thymeleaf.standard.processor.StandardRemovableAttributeTagProcessor
[THYMELEAF]             * [* {th:background,data-th-background}] [1000]: org.thymeleaf.standard.processor.StandardRemovableAttributeTagProcessor
[THYMELEAF]             * [* {th:src,data-th-src}] [1000]: org.thymeleaf.standard.processor.StandardSrcTagProcessor
[THYMELEAF]             * [* {th:value,data-th-value}] [1000]: org.thymeleaf.standard.processor.StandardValueTagProcessor
[THYMELEAF]             * [* {th:xmlbase,data-th-xmlbase}] [1000]: org.thymeleaf.standard.processor.StandardXmlBaseTagProcessor
[THYMELEAF]             * [* {th:xmllang,data-th-xmllang}] [1000]: org.thymeleaf.standard.processor.StandardXmlLangTagProcessor
[THYMELEAF]             * [* {xmlns:th}] [1000]: org.thymeleaf.standard.processor.StandardXmlNsTagProcessor
[THYMELEAF]             * [* {th:xmlspace,data-th-xmlspace}] [1000]: org.thymeleaf.standard.processor.StandardXmlSpaceTagProcessor
[THYMELEAF]             * [* {th:classappend,data-th-classappend}] [1100]: org.thymeleaf.standard.processor.StandardClassappendTagProcessor
[THYMELEAF]             * [* {th:styleappend,data-th-styleappend}] [1100]: org.thymeleaf.standard.processor.StandardStyleappendTagProcessor
[THYMELEAF]             * [* {th:text,data-th-text}] [1300]: org.thymeleaf.standard.processor.StandardTextTagProcessor
[THYMELEAF]             * [* {th:utext,data-th-utext}] [1400]: org.thymeleaf.standard.processor.StandardUtextTagProcessor
[THYMELEAF]             * [* {th:fragment,data-th-fragment}] [1500]: org.thymeleaf.standard.processor.StandardFragmentTagProcessor
[THYMELEAF]             * [* {th:assert,data-th-assert}] [1550]: org.thymeleaf.standard.processor.StandardAssertTagProcessor
[THYMELEAF]             * [* {th:remove,data-th-remove}] [1600]: org.thymeleaf.standard.processor.StandardRemoveTagProcessor
[THYMELEAF]             * [* {th:ref,data-th-ref}] [10000]: org.thymeleaf.standard.processor.StandardRefAttributeTagProcessor
[THYMELEAF]             * [{th:block,th-block} *] [100000]: org.thymeleaf.standard.processor.StandardBlockTagProcessor
[THYMELEAF]             * [* th:*] [2147483647]: org.thymeleaf.standard.processor.StandardDefaultAttributesTagProcessor
[THYMELEAF]         * Text Processors by [precedence]:
[THYMELEAF]             * [1000]: org.thymeleaf.standard.processor.StandardInliningTextProcessor
[THYMELEAF]         * DOCTYPE Processors by [precedence]:
[THYMELEAF]             * [1000]: org.thymeleaf.standard.processor.StandardTranslationDocTypeProcessor
[THYMELEAF]         * CDATA Section Processors by [precedence]:
[THYMELEAF]             * [1000]: org.thymeleaf.standard.processor.StandardInliningCDATASectionProcessor
[THYMELEAF]         * Comment Processors by [precedence]:
[THYMELEAF]             * [1000]: org.thymeleaf.standard.processor.StandardInliningCommentProcessor
[THYMELEAF]             * [1100]: org.thymeleaf.standard.processor.StandardConditionalCommentProcessor
[THYMELEAF]     * Processors for Template Mode: XML
[THYMELEAF]         * Element Tag Processors by [matching element and attribute name] [precedence]:
[THYMELEAF]             * [* {th:include}] [100]: org.thymeleaf.standard.processor.StandardIncludeTagProcessor
[THYMELEAF]             * [* {th:insert}] [100]: org.thymeleaf.standard.processor.StandardInsertTagProcessor
[THYMELEAF]             * [* {th:replace}] [100]: org.thymeleaf.standard.processor.StandardReplaceTagProcessor
[THYMELEAF]             * [* {th:substituteby}] [100]: org.thymeleaf.standard.processor.StandardSubstituteByTagProcessor
[THYMELEAF]             * [* {th:each}] [200]: com.intuit.karate.template.KarateEachTagProcessor
[THYMELEAF]             * [* {th:switch}] [250]: org.thymeleaf.standard.processor.StandardSwitchTagProcessor
[THYMELEAF]             * [* {th:case}] [275]: org.thymeleaf.standard.processor.StandardCaseTagProcessor
[THYMELEAF]             * [* {th:if}] [300]: org.thymeleaf.standard.processor.StandardIfTagProcessor
[THYMELEAF]             * [* {th:unless}] [400]: org.thymeleaf.standard.processor.StandardUnlessTagProcessor
[THYMELEAF]             * [* {th:object}] [500]: org.thymeleaf.standard.processor.StandardObjectTagProcessor
[THYMELEAF]             * [* {th:with}] [600]: com.intuit.karate.template.KarateWithTagProcessor
[THYMELEAF]             * [* {th:attr}] [700]: com.intuit.karate.template.KarateAttributeTagProcessor.KarateAttrTagProcessor
[THYMELEAF]             * [* {th:attrappend}] [900]: com.intuit.karate.template.KarateAttributeTagProcessor.KarateAttrappendTagProcessor
[THYMELEAF]             * [* {th:attrprepend}] [900]: com.intuit.karate.template.KarateAttributeTagProcessor.KarateAttrprependTagProcessor
[THYMELEAF]             * [* {th:inline}] [1000]: org.thymeleaf.standard.processor.StandardInlineXMLTagProcessor
[THYMELEAF]             * [* {xmlns:th}] [1000]: org.thymeleaf.standard.processor.StandardXmlNsTagProcessor
[THYMELEAF]             * [* {th:text}] [1300]: org.thymeleaf.standard.processor.StandardTextTagProcessor
[THYMELEAF]             * [* {th:utext}] [1400]: org.thymeleaf.standard.processor.StandardUtextTagProcessor
[THYMELEAF]             * [* {th:fragment}] [1500]: org.thymeleaf.standard.processor.StandardFragmentTagProcessor
[THYMELEAF]             * [* {th:assert}] [1550]: org.thymeleaf.standard.processor.StandardAssertTagProcessor
[THYMELEAF]             * [* {th:remove}] [1600]: org.thymeleaf.standard.processor.StandardRemoveTagProcessor
[THYMELEAF]             * [* {th:ref}] [10000]: org.thymeleaf.standard.processor.StandardRefAttributeTagProcessor
[THYMELEAF]             * [{th:block} *] [100000]: org.thymeleaf.standard.processor.StandardBlockTagProcessor
[THYMELEAF]             * [* th:*] [2147483647]: org.thymeleaf.standard.processor.StandardDefaultAttributesTagProcessor
[THYMELEAF]         * Text Processors by [precedence]:
[THYMELEAF]             * [1000]: org.thymeleaf.standard.processor.StandardInliningTextProcessor
[THYMELEAF]         * CDATA Section Processors by [precedence]:
[THYMELEAF]             * [1000]: org.thymeleaf.standard.processor.StandardInliningCDATASectionProcessor
[THYMELEAF]         * Comment Processors by [precedence]:
[THYMELEAF]             * [1000]: org.thymeleaf.standard.processor.StandardInliningCommentProcessor
[THYMELEAF]     * Processors for Template Mode: TEXT
[THYMELEAF]         * Element Tag Processors by [matching element and attribute name] [precedence]:
[THYMELEAF]             * [* {th:insert}] [100]: org.thymeleaf.standard.processor.StandardInsertTagProcessor
[THYMELEAF]             * [* {th:replace}] [100]: org.thymeleaf.standard.processor.StandardReplaceTagProcessor
[THYMELEAF]             * [* {th:each}] [200]: com.intuit.karate.template.KarateEachTagProcessor
[THYMELEAF]             * [* {th:switch}] [250]: org.thymeleaf.standard.processor.StandardSwitchTagProcessor
[THYMELEAF]             * [* {th:case}] [275]: org.thymeleaf.standard.processor.StandardCaseTagProcessor
[THYMELEAF]             * [* {th:if}] [300]: org.thymeleaf.standard.processor.StandardIfTagProcessor
[THYMELEAF]             * [* {th:unless}] [400]: org.thymeleaf.standard.processor.StandardUnlessTagProcessor
[THYMELEAF]             * [* {th:object}] [500]: org.thymeleaf.standard.processor.StandardObjectTagProcessor
[THYMELEAF]             * [* {th:with}] [600]: com.intuit.karate.template.KarateWithTagProcessor
[THYMELEAF]             * [* {th:inline}] [1000]: org.thymeleaf.standard.processor.StandardInlineTextualTagProcessor
[THYMELEAF]             * [* {th:text}] [1300]: org.thymeleaf.standard.processor.StandardTextTagProcessor
[THYMELEAF]             * [* {th:utext}] [1400]: org.thymeleaf.standard.processor.StandardUtextTagProcessor
[THYMELEAF]             * [* {th:assert}] [1550]: org.thymeleaf.standard.processor.StandardAssertTagProcessor
[THYMELEAF]             * [* {th:remove}] [1600]: org.thymeleaf.standard.processor.StandardRemoveTagProcessor
[THYMELEAF]             * [{th:block} *] [100000]: org.thymeleaf.standard.processor.StandardBlockTagProcessor
[THYMELEAF]             * [* 100000] [org.thymeleaf.standard.processor.StandardBlockTagProcessor]: {}
[THYMELEAF]         * Text Processors by [precedence]:
[THYMELEAF]             * [1000]: org.thymeleaf.standard.processor.StandardInliningTextProcessor
[THYMELEAF]     * Processors for Template Mode: JAVASCRIPT
[THYMELEAF]         * Element Tag Processors by [matching element and attribute name] [precedence]:
[THYMELEAF]             * [* {th:insert}] [100]: org.thymeleaf.standard.processor.StandardInsertTagProcessor
[THYMELEAF]             * [* {th:replace}] [100]: org.thymeleaf.standard.processor.StandardReplaceTagProcessor
[THYMELEAF]             * [* {th:each}] [200]: com.intuit.karate.template.KarateEachTagProcessor
[THYMELEAF]             * [* {th:switch}] [250]: org.thymeleaf.standard.processor.StandardSwitchTagProcessor
[THYMELEAF]             * [* {th:case}] [275]: org.thymeleaf.standard.processor.StandardCaseTagProcessor
[THYMELEAF]             * [* {th:if}] [300]: org.thymeleaf.standard.processor.StandardIfTagProcessor
[THYMELEAF]             * [* {th:unless}] [400]: org.thymeleaf.standard.processor.StandardUnlessTagProcessor
[THYMELEAF]             * [* {th:object}] [500]: org.thymeleaf.standard.processor.StandardObjectTagProcessor
[THYMELEAF]             * [* {th:with}] [600]: com.intuit.karate.template.KarateWithTagProcessor
[THYMELEAF]             * [* {th:inline}] [1000]: org.thymeleaf.standard.processor.StandardInlineTextualTagProcessor
[THYMELEAF]             * [* {th:text}] [1300]: org.thymeleaf.standard.processor.StandardTextTagProcessor
[THYMELEAF]             * [* {th:utext}] [1400]: org.thymeleaf.standard.processor.StandardUtextTagProcessor
[THYMELEAF]             * [* {th:assert}] [1550]: org.thymeleaf.standard.processor.StandardAssertTagProcessor
[THYMELEAF]             * [* {th:remove}] [1600]: org.thymeleaf.standard.processor.StandardRemoveTagProcessor
[THYMELEAF]             * [* 100000] [org.thymeleaf.standard.processor.StandardBlockTagProcessor]: {}
[THYMELEAF]             * [{th:block} *] [100000]: org.thymeleaf.standard.processor.StandardBlockTagProcessor
[THYMELEAF]         * Text Processors by [precedence]:
[THYMELEAF]             * [1000]: org.thymeleaf.standard.processor.StandardInliningTextProcessor
[THYMELEAF]     * Processors for Template Mode: CSS
[THYMELEAF]         * Element Tag Processors by [matching element and attribute name] [precedence]:
[THYMELEAF]             * [* {th:insert}] [100]: org.thymeleaf.standard.processor.StandardInsertTagProcessor
[THYMELEAF]             * [* {th:replace}] [100]: org.thymeleaf.standard.processor.StandardReplaceTagProcessor
[THYMELEAF]             * [* {th:each}] [200]: com.intuit.karate.template.KarateEachTagProcessor
[THYMELEAF]             * [* {th:switch}] [250]: org.thymeleaf.standard.processor.StandardSwitchTagProcessor
[THYMELEAF]             * [* {th:case}] [275]: org.thymeleaf.standard.processor.StandardCaseTagProcessor
[THYMELEAF]             * [* {th:if}] [300]: org.thymeleaf.standard.processor.StandardIfTagProcessor
[THYMELEAF]             * [* {th:unless}] [400]: org.thymeleaf.standard.processor.StandardUnlessTagProcessor
[THYMELEAF]             * [* {th:object}] [500]: org.thymeleaf.standard.processor.StandardObjectTagProcessor
[THYMELEAF]             * [* {th:with}] [600]: com.intuit.karate.template.KarateWithTagProcessor
[THYMELEAF]             * [* {th:inline}] [1000]: org.thymeleaf.standard.processor.StandardInlineTextualTagProcessor
[THYMELEAF]             * [* {th:text}] [1300]: org.thymeleaf.standard.processor.StandardTextTagProcessor
[THYMELEAF]             * [* {th:utext}] [1400]: org.thymeleaf.standard.processor.StandardUtextTagProcessor
[THYMELEAF]             * [* {th:assert}] [1550]: org.thymeleaf.standard.processor.StandardAssertTagProcessor
[THYMELEAF]             * [* {th:remove}] [1600]: org.thymeleaf.standard.processor.StandardRemoveTagProcessor
[THYMELEAF]             * [* 100000] [org.thymeleaf.standard.processor.StandardBlockTagProcessor]: {}
[THYMELEAF]             * [{th:block} *] [100000]: org.thymeleaf.standard.processor.StandardBlockTagProcessor
[THYMELEAF]         * Text Processors by [precedence]:
[THYMELEAF]             * [1000]: org.thymeleaf.standard.processor.StandardInliningTextProcessor
[THYMELEAF]     * Expression Objects:
[THYMELEAF]         * #ctx
[THYMELEAF]         * #root
[THYMELEAF]         * #vars
[THYMELEAF]         * #object
[THYMELEAF]         * #locale
[THYMELEAF]         * #request
[THYMELEAF]         * #response
[THYMELEAF]         * #session
[THYMELEAF]         * #servletContext
[THYMELEAF]         * #conversions
[THYMELEAF]         * #uris
[THYMELEAF]         * #calendars
[THYMELEAF]         * #dates
[THYMELEAF]         * #bools
[THYMELEAF]         * #numbers
[THYMELEAF]         * #objects
[THYMELEAF]         * #strings
[THYMELEAF]         * #arrays
[THYMELEAF]         * #lists
[THYMELEAF]         * #sets
[THYMELEAF]         * #maps
[THYMELEAF]         * #aggregates
[THYMELEAF]         * #messages
[THYMELEAF]         * #ids
[THYMELEAF]         * #execInfo
[THYMELEAF]         * #httpServletRequest
[THYMELEAF]         * #httpSession
[THYMELEAF]     * Execution Attributes:
[THYMELEAF]         * "StandardExpressionParser": com.intuit.karate.template.KarateStandardDialect@7e1d8d41
[THYMELEAF]         * "StandardJavaScriptSerializer": org.thymeleaf.standard.serializer.StandardJavaScriptSerializer@5996d6f2
[THYMELEAF]         * "StandardCSSSerializer": org.thymeleaf.standard.serializer.StandardCSSSerializer@43423d40
[THYMELEAF]         * "StandardVariableExpressionEvaluator": com.intuit.karate.template.KarateStandardDialect@7e1d8d41
[THYMELEAF]         * "StandardConversionService": org.thymeleaf.standard.expression.StandardConversionService@5f3f57ff
[THYMELEAF] * Dialect [2 of 2]: karate (com.intuit.karate.template.KarateScriptDialect)
[THYMELEAF]     * Prefix: "ka"
[THYMELEAF]     * Processors for Template Mode: HTML
[THYMELEAF]         * Element Tag Processors by [matching element and attribute name] [precedence]:
[THYMELEAF]             * [* {src}] [1000]: com.intuit.karate.template.KaScriptAttrProcessor
[THYMELEAF]         * Element Model Processors by [matching element and attribute name] [precedence]:
[THYMELEAF]             * [{script} {ka:scope,data-ka-scope}] [1000]: com.intuit.karate.template.KaScriptElemProcessor
[THYMELEAF]             * [* {ka:set,data-ka-set}] [1000]: com.intuit.karate.template.KaSetElemProcessor
[THYMELEAF] TEMPLATE ENGINE CONFIGURED OK
15:19:45.004 [main] DEBUG org.thymeleaf.TemplateEngine - [THYMELEAF] TEMPLATE ENGINE INITIALIZED
15:19:45.043 [main] DEBUG org.thymeleaf.TemplateEngine - [THYMELEAF] INITIALIZING TEMPLATE ENGINE
15:19:45.061 [main] DEBUG org.thymeleaf.TemplateEngine.CONFIG - Initializing Thymeleaf Template engine configuration...
[THYMELEAF] TEMPLATE ENGINE CONFIGURATION:
[THYMELEAF] * Thymeleaf version: 3.0.14.RELEASE (built 2021-12-08T00:45:29+0000)
[THYMELEAF] * Cache Manager implementation: org.thymeleaf.cache.StandardCacheManager
[THYMELEAF] * Template resolvers:
[THYMELEAF]     * [1] com.intuit.karate.template.ResourceHtmlTemplateResolver
[THYMELEAF] * Message resolvers:
[THYMELEAF]     * org.thymeleaf.messageresolver.StandardMessageResolver
[THYMELEAF] * Link builders:
[THYMELEAF]     * org.thymeleaf.linkbuilder.StandardLinkBuilder
[THYMELEAF] * Dialect [1 of 2]: Standard (com.intuit.karate.template.KarateStandardDialect)
[THYMELEAF]     * Prefix: "th"
[THYMELEAF]     * Processors for Template Mode: HTML
[THYMELEAF]         * Element Tag Processors by [matching element and attribute name] [precedence]:
[THYMELEAF]             * [* {th:include,data-th-include}] [100]: org.thymeleaf.standard.processor.StandardIncludeTagProcessor
[THYMELEAF]             * [* {th:insert,data-th-insert}] [100]: org.thymeleaf.standard.processor.StandardInsertTagProcessor
[THYMELEAF]             * [* {th:replace,data-th-replace}] [100]: org.thymeleaf.standard.processor.StandardReplaceTagProcessor
[THYMELEAF]             * [* {th:substituteby,data-th-substituteby}] [100]: org.thymeleaf.standard.processor.StandardSubstituteByTagProcessor
[THYMELEAF]             * [* {th:each,data-th-each}] [200]: com.intuit.karate.template.KarateEachTagProcessor
[THYMELEAF]             * [* {th:switch,data-th-switch}] [250]: org.thymeleaf.standard.processor.StandardSwitchTagProcessor
[THYMELEAF]             * [* {th:case,data-th-case}] [275]: org.thymeleaf.standard.processor.StandardCaseTagProcessor
[THYMELEAF]             * [* {th:if,data-th-if}] [300]: org.thymeleaf.standard.processor.StandardIfTagProcessor
[THYMELEAF]             * [* {th:unless,data-th-unless}] [400]: org.thymeleaf.standard.processor.StandardUnlessTagProcessor
[THYMELEAF]             * [* {th:object,data-th-object}] [500]: org.thymeleaf.standard.processor.StandardObjectTagProcessor
[THYMELEAF]             * [* {th:with,data-th-with}] [600]: com.intuit.karate.template.KarateWithTagProcessor
[THYMELEAF]             * [* {th:attr,data-th-attr}] [700]: com.intuit.karate.template.KarateAttributeTagProcessor.KarateAttrTagProcessor
[THYMELEAF]             * [* {th:attrappend,data-th-attrappend}] [900]: com.intuit.karate.template.KarateAttributeTagProcessor.KarateAttrappendTagProcessor
[THYMELEAF]             * [* {th:attrprepend,data-th-attrprepend}] [900]: com.intuit.karate.template.KarateAttributeTagProcessor.KarateAttrprependTagProcessor
[THYMELEAF]             * [* {th:alt-title,data-th-alt-title}] [990]: org.thymeleaf.standard.processor.StandardAltTitleTagProcessor
[THYMELEAF]             * [* {th:lang-xmllang,data-th-lang-xmllang}] [990]: org.thymeleaf.standard.processor.StandardLangXmlLangTagProcessor
[THYMELEAF]             * [* {th:action,data-th-action}] [1000]: org.thymeleaf.standard.processor.StandardActionTagProcessor
[THYMELEAF]             * [* {th:scoped,data-th-scoped}] [1000]: org.thymeleaf.standard.processor.StandardConditionalFixedValueTagProcessor
[THYMELEAF]             * [* {th:novalidate,data-th-novalidate}] [1000]: org.thymeleaf.standard.processor.StandardConditionalFixedValueTagProcessor
[THYMELEAF]             * [* {th:declare,data-th-declare}] [1000]: org.thymeleaf.standard.processor.StandardConditionalFixedValueTagProcessor
[THYMELEAF]             * [* {th:multiple,data-th-multiple}] [1000]: org.thymeleaf.standard.processor.StandardConditionalFixedValueTagProcessor
[THYMELEAF]             * [* {th:disabled,data-th-disabled}] [1000]: org.thymeleaf.standard.processor.StandardConditionalFixedValueTagProcessor
[THYMELEAF]             * [* {th:formnovalidate,data-th-formnovalidate}] [1000]: org.thymeleaf.standard.processor.StandardConditionalFixedValueTagProcessor
[THYMELEAF]             * [* {th:autofocus,data-th-autofocus}] [1000]: org.thymeleaf.standard.processor.StandardConditionalFixedValueTagProcessor
[THYMELEAF]             * [* {th:pubdate,data-th-pubdate}] [1000]: org.thymeleaf.standard.processor.StandardConditionalFixedValueTagProcessor
[THYMELEAF]             * [* {th:default,data-th-default}] [1000]: org.thymeleaf.standard.processor.StandardConditionalFixedValueTagProcessor
[THYMELEAF]             * [* {th:open,data-th-open}] [1000]: org.thymeleaf.standard.processor.StandardConditionalFixedValueTagProcessor
[THYMELEAF]             * [* {th:seamless,data-th-seamless}] [1000]: org.thymeleaf.standard.processor.StandardConditionalFixedValueTagProcessor
[THYMELEAF]             * [* {th:required,data-th-required}] [1000]: org.thymeleaf.standard.processor.StandardConditionalFixedValueTagProcessor
[THYMELEAF]             * [* {th:defer,data-th-defer}] [1000]: org.thymeleaf.standard.processor.StandardConditionalFixedValueTagProcessor
[THYMELEAF]             * [* {th:readonly,data-th-readonly}] [1000]: org.thymeleaf.standard.processor.StandardConditionalFixedValueTagProcessor
[THYMELEAF]             * [* {th:autoplay,data-th-autoplay}] [1000]: org.thymeleaf.standard.processor.StandardConditionalFixedValueTagProcessor
[THYMELEAF]             * [* {th:loop,data-th-loop}] [1000]: org.thymeleaf.standard.processor.StandardConditionalFixedValueTagProcessor
[THYMELEAF]             * [* {th:async,data-th-async}] [1000]: org.thymeleaf.standard.processor.StandardConditionalFixedValueTagProcessor
[THYMELEAF]             * [* {th:checked,data-th-checked}] [1000]: org.thymeleaf.standard.processor.StandardConditionalFixedValueTagProcessor
[THYMELEAF]             * [* {th:controls,data-th-controls}] [1000]: org.thymeleaf.standard.processor.StandardConditionalFixedValueTagProcessor
[THYMELEAF]             * [* {th:selected,data-th-selected}] [1000]: org.thymeleaf.standard.processor.StandardConditionalFixedValueTagProcessor
[THYMELEAF]             * [* {th:ismap,data-th-ismap}] [1000]: org.thymeleaf.standard.processor.StandardConditionalFixedValueTagProcessor
[THYMELEAF]             * [* {th:reversed,data-th-reversed}] [1000]: org.thymeleaf.standard.processor.StandardConditionalFixedValueTagProcessor
[THYMELEAF]             * [* {th:nowrap,data-th-nowrap}] [1000]: org.thymeleaf.standard.processor.StandardConditionalFixedValueTagProcessor
[THYMELEAF]             * [* {th:hidden,data-th-hidden}] [1000]: org.thymeleaf.standard.processor.StandardConditionalFixedValueTagProcessor
[THYMELEAF]             * [* {th:onseeking,data-th-onseeking}] [1000]: org.thymeleaf.standard.processor.StandardDOMEventAttributeTagProcessor
[THYMELEAF]             * [* {th:onclick,data-th-onclick}] [1000]: org.thymeleaf.standard.processor.StandardDOMEventAttributeTagProcessor
[THYMELEAF]             * [* {th:ondragstart,data-th-ondragstart}] [1000]: org.thymeleaf.standard.processor.StandardDOMEventAttributeTagProcessor
[THYMELEAF]             * [* {th:onshow,data-th-onshow}] [1000]: org.thymeleaf.standard.processor.StandardDOMEventAttributeTagProcessor
[THYMELEAF]             * [* {th:ondragenter,data-th-ondragenter}] [1000]: org.thymeleaf.standard.processor.StandardDOMEventAttributeTagProcessor
[THYMELEAF]             * [* {th:onblur,data-th-onblur}] [1000]: org.thymeleaf.standard.processor.StandardDOMEventAttributeTagProcessor
[THYMELEAF]             * [* {th:onhashchange,data-th-onhashchange}] [1000]: org.thymeleaf.standard.processor.StandardDOMEventAttributeTagProcessor
[THYMELEAF]             * [* {th:onpopstate,data-th-onpopstate}] [1000]: org.thymeleaf.standard.processor.StandardDOMEventAttributeTagProcessor
[THYMELEAF]             * [* {th:ononline,data-th-ononline}] [1000]: org.thymeleaf.standard.processor.StandardDOMEventAttributeTagProcessor
[THYMELEAF]             * [* {th:onkeyup,data-th-onkeyup}] [1000]: org.thymeleaf.standard.processor.StandardDOMEventAttributeTagProcessor
[THYMELEAF]             * [* {th:onplay,data-th-onplay}] [1000]: org.thymeleaf.standard.processor.StandardDOMEventAttributeTagProcessor
[THYMELEAF]             * [* {th:onselect,data-th-onselect}] [1000]: org.thymeleaf.standard.processor.StandardDOMEventAttributeTagProcessor
[THYMELEAF]             * [* {th:onundo,data-th-onundo}] [1000]: org.thymeleaf.standard.processor.StandardDOMEventAttributeTagProcessor
[THYMELEAF]             * [* {th:ondragleave,data-th-ondragleave}] [1000]: org.thymeleaf.standard.processor.StandardDOMEventAttributeTagProcessor
[THYMELEAF]             * [* {th:oncanplay,data-th-oncanplay}] [1000]: org.thymeleaf.standard.processor.StandardDOMEventAttributeTagProcessor
[THYMELEAF]             * [* {th:ondragover,data-th-ondragover}] [1000]: org.thymeleaf.standard.processor.StandardDOMEventAttributeTagProcessor
[THYMELEAF]             * [* {th:ondrop,data-th-ondrop}] [1000]: org.thymeleaf.standard.processor.StandardDOMEventAttributeTagProcessor
[THYMELEAF]             * [* {th:onchange,data-th-onchange}] [1000]: org.thymeleaf.standard.processor.StandardDOMEventAttributeTagProcessor
[THYMELEAF]             * [* {th:onprogress,data-th-onprogress}] [1000]: org.thymeleaf.standard.processor.StandardDOMEventAttributeTagProcessor
[THYMELEAF]             * [* {th:onoffline,data-th-onoffline}] [1000]: org.thymeleaf.standard.processor.StandardDOMEventAttributeTagProcessor
[THYMELEAF]             * [* {th:ontimeupdate,data-th-ontimeupdate}] [1000]: org.thymeleaf.standard.processor.StandardDOMEventAttributeTagProcessor
[THYMELEAF]             * [* {th:onsuspend,data-th-onsuspend}] [1000]: org.thymeleaf.standard.processor.StandardDOMEventAttributeTagProcessor
[THYMELEAF]             * [* {th:onmousedown,data-th-onmousedown}] [1000]: org.thymeleaf.standard.processor.StandardDOMEventAttributeTagProcessor
[THYMELEAF]             * [* {th:onvolumechange,data-th-onvolumechange}] [1000]: org.thymeleaf.standard.processor.StandardDOMEventAttributeTagProcessor
[THYMELEAF]             * [* {th:onfocus,data-th-onfocus}] [1000]: org.thymeleaf.standard.processor.StandardDOMEventAttributeTagProcessor
[THYMELEAF]             * [* {th:onstalled,data-th-onstalled}] [1000]: org.thymeleaf.standard.processor.StandardDOMEventAttributeTagProcessor
[THYMELEAF]             * [* {th:ondurationchange,data-th-ondurationchange}] [1000]: org.thymeleaf.standard.processor.StandardDOMEventAttributeTagProcessor
[THYMELEAF]             * [* {th:oninput,data-th-oninput}] [1000]: org.thymeleaf.standard.processor.StandardDOMEventAttributeTagProcessor
[THYMELEAF]             * [* {th:onscroll,data-th-onscroll}] [1000]: org.thymeleaf.standard.processor.StandardDOMEventAttributeTagProcessor
[THYMELEAF]             * [* {th:ondblclick,data-th-ondblclick}] [1000]: org.thymeleaf.standard.processor.StandardDOMEventAttributeTagProcessor
[THYMELEAF]             * [* {th:onwaiting,data-th-onwaiting}] [1000]: org.thymeleaf.standard.processor.StandardDOMEventAttributeTagProcessor
[THYMELEAF]             * [* {th:onloadstart,data-th-onloadstart}] [1000]: org.thymeleaf.standard.processor.StandardDOMEventAttributeTagProcessor
[THYMELEAF]             * [* {th:onload,data-th-onload}] [1000]: org.thymeleaf.standard.processor.StandardDOMEventAttributeTagProcessor
[THYMELEAF]             * [* {th:onbeforeunload,data-th-onbeforeunload}] [1000]: org.thymeleaf.standard.processor.StandardDOMEventAttributeTagProcessor
[THYMELEAF]             * [* {th:onmousemove,data-th-onmousemove}] [1000]: org.thymeleaf.standard.processor.StandardDOMEventAttributeTagProcessor
[THYMELEAF]             * [* {th:onseeked,data-th-onseeked}] [1000]: org.thymeleaf.standard.processor.StandardDOMEventAttributeTagProcessor
[THYMELEAF]             * [* {th:onafterprint,data-th-onafterprint}] [1000]: org.thymeleaf.standard.processor.StandardDOMEventAttributeTagProcessor
[THYMELEAF]             * [* {th:onmouseup,data-th-onmouseup}] [1000]: org.thymeleaf.standard.processor.StandardDOMEventAttributeTagProcessor
[THYMELEAF]             * [* {th:onemptied,data-th-onemptied}] [1000]: org.thymeleaf.standard.processor.StandardDOMEventAttributeTagProcessor
[THYMELEAF]             * [* {th:onmouseover,data-th-onmouseover}] [1000]: org.thymeleaf.standard.processor.StandardDOMEventAttributeTagProcessor
[THYMELEAF]             * [* {th:oncontextmenu,data-th-oncontextmenu}] [1000]: org.thymeleaf.standard.processor.StandardDOMEventAttributeTagProcessor
[THYMELEAF]             * [* {th:onloadeddata,data-th-onloadeddata}] [1000]: org.thymeleaf.standard.processor.StandardDOMEventAttributeTagProcessor
[THYMELEAF]             * [* {th:ondrag,data-th-ondrag}] [1000]: org.thymeleaf.standard.processor.StandardDOMEventAttributeTagProcessor
[THYMELEAF]             * [* {th:ondragend,data-th-ondragend}] [1000]: org.thymeleaf.standard.processor.StandardDOMEventAttributeTagProcessor
[THYMELEAF]             * [* {th:onsubmit,data-th-onsubmit}] [1000]: org.thymeleaf.standard.processor.StandardDOMEventAttributeTagProcessor
[THYMELEAF]             * [* {th:onreadystatechange,data-th-onreadystatechange}] [1000]: org.thymeleaf.standard.processor.StandardDOMEventAttributeTagProcessor
[THYMELEAF]             * [* {th:onredo,data-th-onredo}] [1000]: org.thymeleaf.standard.processor.StandardDOMEventAttributeTagProcessor
[THYMELEAF]             * [* {th:onratechange,data-th-onratechange}] [1000]: org.thymeleaf.standard.processor.StandardDOMEventAttributeTagProcessor
[THYMELEAF]             * [* {th:onabort,data-th-onabort}] [1000]: org.thymeleaf.standard.processor.StandardDOMEventAttributeTagProcessor
[THYMELEAF]             * [* {th:onerror,data-th-onerror}] [1000]: org.thymeleaf.standard.processor.StandardDOMEventAttributeTagProcessor
[THYMELEAF]             * [* {th:onformchange,data-th-onformchange}] [1000]: org.thymeleaf.standard.processor.StandardDOMEventAttributeTagProcessor
[THYMELEAF]             * [* {th:onended,data-th-onended}] [1000]: org.thymeleaf.standard.processor.StandardDOMEventAttributeTagProcessor
[THYMELEAF]             * [* {th:onmessage,data-th-onmessage}] [1000]: org.thymeleaf.standard.processor.StandardDOMEventAttributeTagProcessor
[THYMELEAF]             * [* {th:onkeydown,data-th-onkeydown}] [1000]: org.thymeleaf.standard.processor.StandardDOMEventAttributeTagProcessor
[THYMELEAF]             * [* {th:onstorage,data-th-onstorage}] [1000]: org.thymeleaf.standard.processor.StandardDOMEventAttributeTagProcessor
[THYMELEAF]             * [* {th:onunload,data-th-onunload}] [1000]: org.thymeleaf.standard.processor.StandardDOMEventAttributeTagProcessor
[THYMELEAF]             * [* {th:onbeforeprint,data-th-onbeforeprint}] [1000]: org.thymeleaf.standard.processor.StandardDOMEventAttributeTagProcessor
[THYMELEAF]             * [* {th:onreset,data-th-onreset}] [1000]: org.thymeleaf.standard.processor.StandardDOMEventAttributeTagProcessor
[THYMELEAF]             * [* {th:oncanplaythrough,data-th-oncanplaythrough}] [1000]: org.thymeleaf.standard.processor.StandardDOMEventAttributeTagProcessor
[THYMELEAF]             * [* {th:onpause,data-th-onpause}] [1000]: org.thymeleaf.standard.processor.StandardDOMEventAttributeTagProcessor
[THYMELEAF]             * [* {th:onloadedmetadata,data-th-onloadedmetadata}] [1000]: org.thymeleaf.standard.processor.StandardDOMEventAttributeTagProcessor
[THYMELEAF]             * [* {th:onresize,data-th-onresize}] [1000]: org.thymeleaf.standard.processor.StandardDOMEventAttributeTagProcessor
[THYMELEAF]             * [* {th:onmouseout,data-th-onmouseout}] [1000]: org.thymeleaf.standard.processor.StandardDOMEventAttributeTagProcessor
[THYMELEAF]             * [* {th:onforminput,data-th-onforminput}] [1000]: org.thymeleaf.standard.processor.StandardDOMEventAttributeTagProcessor
[THYMELEAF]             * [* {th:onplaying,data-th-onplaying}] [1000]: org.thymeleaf.standard.processor.StandardDOMEventAttributeTagProcessor
[THYMELEAF]             * [* {th:onmousewheel,data-th-onmousewheel}] [1000]: org.thymeleaf.standard.processor.StandardDOMEventAttributeTagProcessor
[THYMELEAF]             * [* {th:onkeypress,data-th-onkeypress}] [1000]: org.thymeleaf.standard.processor.StandardDOMEventAttributeTagProcessor
[THYMELEAF]             * [* {th:oninvalid,data-th-oninvalid}] [1000]: org.thymeleaf.standard.processor.StandardDOMEventAttributeTagProcessor
[THYMELEAF]             * [* {th:href,data-th-href}] [1000]: org.thymeleaf.standard.processor.StandardHrefTagProcessor
[THYMELEAF]             * [* {th:inline,data-th-inline}] [1000]: org.thymeleaf.standard.processor.StandardInlineHTMLTagProcessor
[THYMELEAF]             * [* {th:method,data-th-method}] [1000]: org.thymeleaf.standard.processor.StandardMethodTagProcessor
[THYMELEAF]             * [* {th:type,data-th-type}] [1000]: org.thymeleaf.standard.processor.StandardNonRemovableAttributeTagProcessor
[THYMELEAF]             * [* {th:name,data-th-name}] [1000]: org.thymeleaf.standard.processor.StandardNonRemovableAttributeTagProcessor
[THYMELEAF]             * [* {th:codetype,data-th-codetype}] [1000]: org.thymeleaf.standard.processor.StandardRemovableAttributeTagProcessor
[THYMELEAF]             * [* {th:dropzone,data-th-dropzone}] [1000]: org.thymeleaf.standard.processor.StandardRemovableAttributeTagProcessor
[THYMELEAF]             * [* {th:high,data-th-high}] [1000]: org.thymeleaf.standard.processor.StandardRemovableAttributeTagProcessor
[THYMELEAF]             * [* {th:scope,data-th-scope}] [1000]: org.thymeleaf.standard.processor.StandardRemovableAttributeTagProcessor
[THYMELEAF]             * [* {th:usemap,data-th-usemap}] [1000]: org.thymeleaf.standard.processor.StandardRemovableAttributeTagProcessor
[THYMELEAF]             * [* {th:cite,data-th-cite}] [1000]: org.thymeleaf.standard.processor.StandardRemovableAttributeTagProcessor
[THYMELEAF]             * [* {th:start,data-th-start}] [1000]: org.thymeleaf.standard.processor.StandardRemovableAttributeTagProcessor
[THYMELEAF]             * [* {th:spellcheck,data-th-spellcheck}] [1000]: org.thymeleaf.standard.processor.StandardRemovableAttributeTagProcessor
[THYMELEAF]             * [* {th:cellspacing,data-th-cellspacing}] [1000]: org.thymeleaf.standard.processor.StandardRemovableAttributeTagProcessor
[THYMELEAF]             * [* {th:vspace,data-th-vspace}] [1000]: org.thymeleaf.standard.processor.StandardRemovableAttributeTagProcessor
[THYMELEAF]             * [* {th:radiogroup,data-th-radiogroup}] [1000]: org.thymeleaf.standard.processor.StandardRemovableAttributeTagProcessor
[THYMELEAF]             * [* {th:formtarget,data-th-formtarget}] [1000]: org.thymeleaf.standard.processor.StandardRemovableAttributeTagProcessor
[THYMELEAF]             * [* {th:label,data-th-label}] [1000]: org.thymeleaf.standard.processor.StandardRemovableAttributeTagProcessor
[THYMELEAF]             * [* {th:low,data-th-low}] [1000]: org.thymeleaf.standard.processor.StandardRemovableAttributeTagProcessor
[THYMELEAF]             * [* {th:marginheight,data-th-marginheight}] [1000]: org.thymeleaf.standard.processor.StandardRemovableAttributeTagProcessor
[THYMELEAF]             * [* {th:height,data-th-height}] [1000]: org.thymeleaf.standard.processor.StandardRemovableAttributeTagProcessor
[THYMELEAF]             * [* {th:lang,data-th-lang}] [1000]: org.thymeleaf.standard.processor.StandardRemovableAttributeTagProcessor
[THYMELEAF]             * [* {th:cols,data-th-cols}] [1000]: org.thymeleaf.standard.processor.StandardRemovableAttributeTagProcessor
[THYMELEAF]             * [* {th:size,data-th-size}] [1000]: org.thymeleaf.standard.processor.StandardRemovableAttributeTagProcessor
[THYMELEAF]             * [* {th:accept-charset,data-th-accept-charset}] [1000]: org.thymeleaf.standard.processor.StandardRemovableAttributeTagProcessor
[THYMELEAF]             * [* {th:summary,data-th-summary}] [1000]: org.thymeleaf.standard.processor.StandardRemovableAttributeTagProcessor
[THYMELEAF]             * [* {th:charset,data-th-charset}] [1000]: org.thymeleaf.standard.processor.StandardRemovableAttributeTagProcessor
[THYMELEAF]             * [* {th:background,data-th-background}] [1000]: org.thymeleaf.standard.processor.StandardRemovableAttributeTagProcessor
[THYMELEAF]             * [* {th:list,data-th-list}] [1000]: org.thymeleaf.standard.processor.StandardRemovableAttributeTagProcessor
[THYMELEAF]             * [* {th:dir,data-th-dir}] [1000]: org.thymeleaf.standard.processor.StandardRemovableAttributeTagProcessor
[THYMELEAF]             * [* {th:rows,data-th-rows}] [1000]: org.thymeleaf.standard.processor.StandardRemovableAttributeTagProcessor
[THYMELEAF]             * [* {th:media,data-th-media}] [1000]: org.thymeleaf.standard.processor.StandardRemovableAttributeTagProcessor
[THYMELEAF]             * [* {th:rowspan,data-th-rowspan}] [1000]: org.thymeleaf.standard.processor.StandardRemovableAttributeTagProcessor
[THYMELEAF]             * [* {th:preload,data-th-preload}] [1000]: org.thymeleaf.standard.processor.StandardRemovableAttributeTagProcessor
[THYMELEAF]             * [* {th:border,data-th-border}] [1000]: org.thymeleaf.standard.processor.StandardRemovableAttributeTagProcessor
[THYMELEAF]             * [* {th:placeholder,data-th-placeholder}] [1000]: org.thymeleaf.standard.processor.StandardRemovableAttributeTagProcessor
[THYMELEAF]             * [* {th:id,data-th-id}] [1000]: org.thymeleaf.standard.processor.StandardRemovableAttributeTagProcessor
[THYMELEAF]             * [* {th:axis,data-th-axis}] [1000]: org.thymeleaf.standard.processor.StandardRemovableAttributeTagProcessor
[THYMELEAF]             * [* {th:bgcolor,data-th-bgcolor}] [1000]: org.thymeleaf.standard.processor.StandardRemovableAttributeTagProcessor
[THYMELEAF]             * [* {th:tabindex,data-th-tabindex}] [1000]: org.thymeleaf.standard.processor.StandardRemovableAttributeTagProcessor
[THYMELEAF]             * [* {th:hspace,data-th-hspace}] [1000]: org.thymeleaf.standard.processor.StandardRemovableAttributeTagProcessor
[THYMELEAF]             * [* {th:sandbox,data-th-sandbox}] [1000]: org.thymeleaf.standard.processor.StandardRemovableAttributeTagProcessor
[THYMELEAF]             * [* {th:challenge,data-th-challenge}] [1000]: org.thymeleaf.standard.processor.StandardRemovableAttributeTagProcessor
[THYMELEAF]             * [* {th:class,data-th-class}] [1000]: org.thymeleaf.standard.processor.StandardRemovableAttributeTagProcessor
[THYMELEAF]             * [* {th:autocomplete,data-th-autocomplete}] [1000]: org.thymeleaf.standard.processor.StandardRemovableAttributeTagProcessor
[THYMELEAF]             * [* {th:http-equiv,data-th-http-equiv}] [1000]: org.thymeleaf.standard.processor.StandardRemovableAttributeTagProcessor
[THYMELEAF]             * [* {th:title,data-th-title}] [1000]: org.thymeleaf.standard.processor.StandardRemovableAttributeTagProcessor
[THYMELEAF]             * [* {th:poster,data-th-poster}] [1000]: org.thymeleaf.standard.processor.StandardRemovableAttributeTagProcessor
[THYMELEAF]             * [* {th:accesskey,data-th-accesskey}] [1000]: org.thymeleaf.standard.processor.StandardRemovableAttributeTagProcessor
[THYMELEAF]             * [* {th:accept,data-th-accept}] [1000]: org.thymeleaf.standard.processor.StandardRemovableAttributeTagProcessor
[THYMELEAF]             * [* {th:scheme,data-th-scheme}] [1000]: org.thymeleaf.standard.processor.StandardRemovableAttributeTagProcessor
[THYMELEAF]             * [* {th:abbr,data-th-abbr}] [1000]: org.thymeleaf.standard.processor.StandardRemovableAttributeTagProcessor
[THYMELEAF]             * [* {th:step,data-th-step}] [1000]: org.thymeleaf.standard.processor.StandardRemovableAttributeTagProcessor
[THYMELEAF]             * [* {th:contextmenu,data-th-contextmenu}] [1000]: org.thymeleaf.standard.processor.StandardRemovableAttributeTagProcessor
[THYMELEAF]             * [* {th:compact,data-th-compact}] [1000]: org.thymeleaf.standard.processor.StandardRemovableAttributeTagProcessor
[THYMELEAF]             * [* {th:manifest,data-th-manifest}] [1000]: org.thymeleaf.standard.processor.StandardRemovableAttributeTagProcessor
[THYMELEAF]             * [* {th:keytype,data-th-keytype}] [1000]: org.thymeleaf.standard.processor.StandardRemovableAttributeTagProcessor
[THYMELEAF]             * [* {th:frame,data-th-frame}] [1000]: org.thymeleaf.standard.processor.StandardRemovableAttributeTagProcessor
[THYMELEAF]             * [* {th:formaction,data-th-formaction}] [1000]: org.thymeleaf.standard.processor.StandardRemovableAttributeTagProcessor
[THYMELEAF]             * [* {th:target,data-th-target}] [1000]: org.thymeleaf.standard.processor.StandardRemovableAttributeTagProcessor
[THYMELEAF]             * [* {th:headers,data-th-headers}] [1000]: org.thymeleaf.standard.processor.StandardRemovableAttributeTagProcessor
[THYMELEAF]             * [* {th:rev,data-th-rev}] [1000]: org.thymeleaf.standard.processor.StandardRemovableAttributeTagProcessor
[THYMELEAF]             * [* {th:rules,data-th-rules}] [1000]: org.thymeleaf.standard.processor.StandardRemovableAttributeTagProcessor
[THYMELEAF]             * [* {th:formenctype,data-th-formenctype}] [1000]: org.thymeleaf.standard.processor.StandardRemovableAttributeTagProcessor
[THYMELEAF]             * [* {th:archive,data-th-archive}] [1000]: org.thymeleaf.standard.processor.StandardRemovableAttributeTagProcessor
[THYMELEAF]             * [* {th:for,data-th-for}] [1000]: org.thymeleaf.standard.processor.StandardRemovableAttributeTagProcessor
[THYMELEAF]             * [* {th:sizes,data-th-sizes}] [1000]: org.thymeleaf.standard.processor.StandardRemovableAttributeTagProcessor
[THYMELEAF]             * [* {th:cellpadding,data-th-cellpadding}] [1000]: org.thymeleaf.standard.processor.StandardRemovableAttributeTagProcessor
[THYMELEAF]             * [* {th:contenteditable,data-th-contenteditable}] [1000]: org.thymeleaf.standard.processor.StandardRemovableAttributeTagProcessor
[THYMELEAF]             * [* {th:scrolling,data-th-scrolling}] [1000]: org.thymeleaf.standard.processor.StandardRemovableAttributeTagProcessor
[THYMELEAF]             * [* {th:optimum,data-th-optimum}] [1000]: org.thymeleaf.standard.processor.StandardRemovableAttributeTagProcessor
[THYMELEAF]             * [* {th:min,data-th-min}] [1000]: org.thymeleaf.standard.processor.StandardRemovableAttributeTagProcessor
[THYMELEAF]             * [* {th:codebase,data-th-codebase}] [1000]: org.thymeleaf.standard.processor.StandardRemovableAttributeTagProcessor
[THYMELEAF]             * [* {th:formmethod,data-th-formmethod}] [1000]: org.thymeleaf.standard.processor.StandardRemovableAttributeTagProcessor
[THYMELEAF]             * [* {th:draggable,data-th-draggable}] [1000]: org.thymeleaf.standard.processor.StandardRemovableAttributeTagProcessor
[THYMELEAF]             * [* {th:kind,data-th-kind}] [1000]: org.thymeleaf.standard.processor.StandardRemovableAttributeTagProcessor
[THYMELEAF]             * [* {th:align,data-th-align}] [1000]: org.thymeleaf.standard.processor.StandardRemovableAttributeTagProcessor
[THYMELEAF]             * [* {th:marginwidth,data-th-marginwidth}] [1000]: org.thymeleaf.standard.processor.StandardRemovableAttributeTagProcessor
[THYMELEAF]             * [* {th:rel,data-th-rel}] [1000]: org.thymeleaf.standard.processor.StandardRemovableAttributeTagProcessor
[THYMELEAF]             * [* {th:valuetype,data-th-valuetype}] [1000]: org.thymeleaf.standard.processor.StandardRemovableAttributeTagProcessor
[THYMELEAF]             * [* {th:data,data-th-data}] [1000]: org.thymeleaf.standard.processor.StandardRemovableAttributeTagProcessor
[THYMELEAF]             * [* {th:srclang,data-th-srclang}] [1000]: org.thymeleaf.standard.processor.StandardRemovableAttributeTagProcessor
[THYMELEAF]             * [* {th:datetime,data-th-datetime}] [1000]: org.thymeleaf.standard.processor.StandardRemovableAttributeTagProcessor
[THYMELEAF]             * [* {th:max,data-th-max}] [1000]: org.thymeleaf.standard.processor.StandardRemovableAttributeTagProcessor
[THYMELEAF]             * [* {th:standby,data-th-standby}] [1000]: org.thymeleaf.standard.processor.StandardRemovableAttributeTagProcessor
[THYMELEAF]             * [* {th:width,data-th-width}] [1000]: org.thymeleaf.standard.processor.StandardRemovableAttributeTagProcessor
[THYMELEAF]             * [* {th:span,data-th-span}] [1000]: org.thymeleaf.standard.processor.StandardRemovableAttributeTagProcessor
[THYMELEAF]             * [* {th:colspan,data-th-colspan}] [1000]: org.thymeleaf.standard.processor.StandardRemovableAttributeTagProcessor
[THYMELEAF]             * [* {th:classid,data-th-classid}] [1000]: org.thymeleaf.standard.processor.StandardRemovableAttributeTagProcessor
[THYMELEAF]             * [* {th:form,data-th-form}] [1000]: org.thymeleaf.standard.processor.StandardRemovableAttributeTagProcessor
[THYMELEAF]             * [* {th:maxlength,data-th-maxlength}] [1000]: org.thymeleaf.standard.processor.StandardRemovableAttributeTagProcessor
[THYMELEAF]             * [* {th:wrap,data-th-wrap}] [1000]: org.thymeleaf.standard.processor.StandardRemovableAttributeTagProcessor
[THYMELEAF]             * [* {th:icon,data-th-icon}] [1000]: org.thymeleaf.standard.processor.StandardRemovableAttributeTagProcessor
[THYMELEAF]             * [* {th:enctype,data-th-enctype}] [1000]: org.thymeleaf.standard.processor.StandardRemovableAttributeTagProcessor
[THYMELEAF]             * [* {th:frameborder,data-th-frameborder}] [1000]: org.thymeleaf.standard.processor.StandardRemovableAttributeTagProcessor
[THYMELEAF]             * [* {th:alt,data-th-alt}] [1000]: org.thymeleaf.standard.processor.StandardRemovableAttributeTagProcessor
[THYMELEAF]             * [* {th:style,data-th-style}] [1000]: org.thymeleaf.standard.processor.StandardRemovableAttributeTagProcessor
[THYMELEAF]             * [* {th:audio,data-th-audio}] [1000]: org.thymeleaf.standard.processor.StandardRemovableAttributeTagProcessor
[THYMELEAF]             * [* {th:pattern,data-th-pattern}] [1000]: org.thymeleaf.standard.processor.StandardRemovableAttributeTagProcessor
[THYMELEAF]             * [* {th:content,data-th-content}] [1000]: org.thymeleaf.standard.processor.StandardRemovableAttributeTagProcessor
[THYMELEAF]             * [* {th:hreflang,data-th-hreflang}] [1000]: org.thymeleaf.standard.processor.StandardRemovableAttributeTagProcessor
[THYMELEAF]             * [* {th:longdesc,data-th-longdesc}] [1000]: org.thymeleaf.standard.processor.StandardRemovableAttributeTagProcessor
[THYMELEAF]             * [* {th:src,data-th-src}] [1000]: org.thymeleaf.standard.processor.StandardSrcTagProcessor
[THYMELEAF]             * [* {th:value,data-th-value}] [1000]: org.thymeleaf.standard.processor.StandardValueTagProcessor
[THYMELEAF]             * [* {th:xmlbase,data-th-xmlbase}] [1000]: org.thymeleaf.standard.processor.StandardXmlBaseTagProcessor
[THYMELEAF]             * [* {th:xmllang,data-th-xmllang}] [1000]: org.thymeleaf.standard.processor.StandardXmlLangTagProcessor
[THYMELEAF]             * [* {xmlns:th}] [1000]: org.thymeleaf.standard.processor.StandardXmlNsTagProcessor
[THYMELEAF]             * [* {th:xmlspace,data-th-xmlspace}] [1000]: org.thymeleaf.standard.processor.StandardXmlSpaceTagProcessor
[THYMELEAF]             * [* {th:classappend,data-th-classappend}] [1100]: org.thymeleaf.standard.processor.StandardClassappendTagProcessor
[THYMELEAF]             * [* {th:styleappend,data-th-styleappend}] [1100]: org.thymeleaf.standard.processor.StandardStyleappendTagProcessor
[THYMELEAF]             * [* {th:text,data-th-text}] [1300]: org.thymeleaf.standard.processor.StandardTextTagProcessor
[THYMELEAF]             * [* {th:utext,data-th-utext}] [1400]: org.thymeleaf.standard.processor.StandardUtextTagProcessor
[THYMELEAF]             * [* {th:fragment,data-th-fragment}] [1500]: org.thymeleaf.standard.processor.StandardFragmentTagProcessor
[THYMELEAF]             * [* {th:assert,data-th-assert}] [1550]: org.thymeleaf.standard.processor.StandardAssertTagProcessor
[THYMELEAF]             * [* {th:remove,data-th-remove}] [1600]: org.thymeleaf.standard.processor.StandardRemoveTagProcessor
[THYMELEAF]             * [* {th:ref,data-th-ref}] [10000]: org.thymeleaf.standard.processor.StandardRefAttributeTagProcessor
[THYMELEAF]             * [{th:block,th-block} *] [100000]: org.thymeleaf.standard.processor.StandardBlockTagProcessor
[THYMELEAF]             * [* th:*] [2147483647]: org.thymeleaf.standard.processor.StandardDefaultAttributesTagProcessor
[THYMELEAF]         * Text Processors by [precedence]:
[THYMELEAF]             * [1000]: org.thymeleaf.standard.processor.StandardInliningTextProcessor
[THYMELEAF]         * DOCTYPE Processors by [precedence]:
[THYMELEAF]             * [1000]: org.thymeleaf.standard.processor.StandardTranslationDocTypeProcessor
[THYMELEAF]         * CDATA Section Processors by [precedence]:
[THYMELEAF]             * [1000]: org.thymeleaf.standard.processor.StandardInliningCDATASectionProcessor
[THYMELEAF]         * Comment Processors by [precedence]:
[THYMELEAF]             * [1000]: org.thymeleaf.standard.processor.StandardInliningCommentProcessor
[THYMELEAF]             * [1100]: org.thymeleaf.standard.processor.StandardConditionalCommentProcessor
[THYMELEAF]     * Processors for Template Mode: XML
[THYMELEAF]         * Element Tag Processors by [matching element and attribute name] [precedence]:
[THYMELEAF]             * [* {th:include}] [100]: org.thymeleaf.standard.processor.StandardIncludeTagProcessor
[THYMELEAF]             * [* {th:insert}] [100]: org.thymeleaf.standard.processor.StandardInsertTagProcessor
[THYMELEAF]             * [* {th:replace}] [100]: org.thymeleaf.standard.processor.StandardReplaceTagProcessor
[THYMELEAF]             * [* {th:substituteby}] [100]: org.thymeleaf.standard.processor.StandardSubstituteByTagProcessor
[THYMELEAF]             * [* {th:each}] [200]: com.intuit.karate.template.KarateEachTagProcessor
[THYMELEAF]             * [* {th:switch}] [250]: org.thymeleaf.standard.processor.StandardSwitchTagProcessor
[THYMELEAF]             * [* {th:case}] [275]: org.thymeleaf.standard.processor.StandardCaseTagProcessor
[THYMELEAF]             * [* {th:if}] [300]: org.thymeleaf.standard.processor.StandardIfTagProcessor
[THYMELEAF]             * [* {th:unless}] [400]: org.thymeleaf.standard.processor.StandardUnlessTagProcessor
[THYMELEAF]             * [* {th:object}] [500]: org.thymeleaf.standard.processor.StandardObjectTagProcessor
[THYMELEAF]             * [* {th:with}] [600]: com.intuit.karate.template.KarateWithTagProcessor
[THYMELEAF]             * [* {th:attr}] [700]: com.intuit.karate.template.KarateAttributeTagProcessor.KarateAttrTagProcessor
[THYMELEAF]             * [* {th:attrappend}] [900]: com.intuit.karate.template.KarateAttributeTagProcessor.KarateAttrappendTagProcessor
[THYMELEAF]             * [* {th:attrprepend}] [900]: com.intuit.karate.template.KarateAttributeTagProcessor.KarateAttrprependTagProcessor
[THYMELEAF]             * [* {th:inline}] [1000]: org.thymeleaf.standard.processor.StandardInlineXMLTagProcessor
[THYMELEAF]             * [* {xmlns:th}] [1000]: org.thymeleaf.standard.processor.StandardXmlNsTagProcessor
[THYMELEAF]             * [* {th:text}] [1300]: org.thymeleaf.standard.processor.StandardTextTagProcessor
[THYMELEAF]             * [* {th:utext}] [1400]: org.thymeleaf.standard.processor.StandardUtextTagProcessor
[THYMELEAF]             * [* {th:fragment}] [1500]: org.thymeleaf.standard.processor.StandardFragmentTagProcessor
[THYMELEAF]             * [* {th:assert}] [1550]: org.thymeleaf.standard.processor.StandardAssertTagProcessor
[THYMELEAF]             * [* {th:remove}] [1600]: org.thymeleaf.standard.processor.StandardRemoveTagProcessor
[THYMELEAF]             * [* {th:ref}] [10000]: org.thymeleaf.standard.processor.StandardRefAttributeTagProcessor
[THYMELEAF]             * [{th:block} *] [100000]: org.thymeleaf.standard.processor.StandardBlockTagProcessor
[THYMELEAF]             * [* th:*] [2147483647]: org.thymeleaf.standard.processor.StandardDefaultAttributesTagProcessor
[THYMELEAF]         * Text Processors by [precedence]:
[THYMELEAF]             * [1000]: org.thymeleaf.standard.processor.StandardInliningTextProcessor
[THYMELEAF]         * CDATA Section Processors by [precedence]:
[THYMELEAF]             * [1000]: org.thymeleaf.standard.processor.StandardInliningCDATASectionProcessor
[THYMELEAF]         * Comment Processors by [precedence]:
[THYMELEAF]             * [1000]: org.thymeleaf.standard.processor.StandardInliningCommentProcessor
[THYMELEAF]     * Processors for Template Mode: TEXT
[THYMELEAF]         * Element Tag Processors by [matching element and attribute name] [precedence]:
[THYMELEAF]             * [* {th:insert}] [100]: org.thymeleaf.standard.processor.StandardInsertTagProcessor
[THYMELEAF]             * [* {th:replace}] [100]: org.thymeleaf.standard.processor.StandardReplaceTagProcessor
[THYMELEAF]             * [* {th:each}] [200]: com.intuit.karate.template.KarateEachTagProcessor
[THYMELEAF]             * [* {th:switch}] [250]: org.thymeleaf.standard.processor.StandardSwitchTagProcessor
[THYMELEAF]             * [* {th:case}] [275]: org.thymeleaf.standard.processor.StandardCaseTagProcessor
[THYMELEAF]             * [* {th:if}] [300]: org.thymeleaf.standard.processor.StandardIfTagProcessor
[THYMELEAF]             * [* {th:unless}] [400]: org.thymeleaf.standard.processor.StandardUnlessTagProcessor
[THYMELEAF]             * [* {th:object}] [500]: org.thymeleaf.standard.processor.StandardObjectTagProcessor
[THYMELEAF]             * [* {th:with}] [600]: com.intuit.karate.template.KarateWithTagProcessor
[THYMELEAF]             * [* {th:inline}] [1000]: org.thymeleaf.standard.processor.StandardInlineTextualTagProcessor
[THYMELEAF]             * [* {th:text}] [1300]: org.thymeleaf.standard.processor.StandardTextTagProcessor
[THYMELEAF]             * [* {th:utext}] [1400]: org.thymeleaf.standard.processor.StandardUtextTagProcessor
[THYMELEAF]             * [* {th:assert}] [1550]: org.thymeleaf.standard.processor.StandardAssertTagProcessor
[THYMELEAF]             * [* {th:remove}] [1600]: org.thymeleaf.standard.processor.StandardRemoveTagProcessor
[THYMELEAF]             * [{th:block} *] [100000]: org.thymeleaf.standard.processor.StandardBlockTagProcessor
[THYMELEAF]             * [* 100000] [org.thymeleaf.standard.processor.StandardBlockTagProcessor]: {}
[THYMELEAF]         * Text Processors by [precedence]:
[THYMELEAF]             * [1000]: org.thymeleaf.standard.processor.StandardInliningTextProcessor
[THYMELEAF]     * Processors for Template Mode: JAVASCRIPT
[THYMELEAF]         * Element Tag Processors by [matching element and attribute name] [precedence]:
[THYMELEAF]             * [* {th:insert}] [100]: org.thymeleaf.standard.processor.StandardInsertTagProcessor
[THYMELEAF]             * [* {th:replace}] [100]: org.thymeleaf.standard.processor.StandardReplaceTagProcessor
[THYMELEAF]             * [* {th:each}] [200]: com.intuit.karate.template.KarateEachTagProcessor
[THYMELEAF]             * [* {th:switch}] [250]: org.thymeleaf.standard.processor.StandardSwitchTagProcessor
[THYMELEAF]             * [* {th:case}] [275]: org.thymeleaf.standard.processor.StandardCaseTagProcessor
[THYMELEAF]             * [* {th:if}] [300]: org.thymeleaf.standard.processor.StandardIfTagProcessor
[THYMELEAF]             * [* {th:unless}] [400]: org.thymeleaf.standard.processor.StandardUnlessTagProcessor
[THYMELEAF]             * [* {th:object}] [500]: org.thymeleaf.standard.processor.StandardObjectTagProcessor
[THYMELEAF]             * [* {th:with}] [600]: com.intuit.karate.template.KarateWithTagProcessor
[THYMELEAF]             * [* {th:inline}] [1000]: org.thymeleaf.standard.processor.StandardInlineTextualTagProcessor
[THYMELEAF]             * [* {th:text}] [1300]: org.thymeleaf.standard.processor.StandardTextTagProcessor
[THYMELEAF]             * [* {th:utext}] [1400]: org.thymeleaf.standard.processor.StandardUtextTagProcessor
[THYMELEAF]             * [* {th:assert}] [1550]: org.thymeleaf.standard.processor.StandardAssertTagProcessor
[THYMELEAF]             * [* {th:remove}] [1600]: org.thymeleaf.standard.processor.StandardRemoveTagProcessor
[THYMELEAF]             * [{th:block} *] [100000]: org.thymeleaf.standard.processor.StandardBlockTagProcessor
[THYMELEAF]             * [* 100000] [org.thymeleaf.standard.processor.StandardBlockTagProcessor]: {}
[THYMELEAF]         * Text Processors by [precedence]:
[THYMELEAF]             * [1000]: org.thymeleaf.standard.processor.StandardInliningTextProcessor
[THYMELEAF]     * Processors for Template Mode: CSS
[THYMELEAF]         * Element Tag Processors by [matching element and attribute name] [precedence]:
[THYMELEAF]             * [* {th:insert}] [100]: org.thymeleaf.standard.processor.StandardInsertTagProcessor
[THYMELEAF]             * [* {th:replace}] [100]: org.thymeleaf.standard.processor.StandardReplaceTagProcessor
[THYMELEAF]             * [* {th:each}] [200]: com.intuit.karate.template.KarateEachTagProcessor
[THYMELEAF]             * [* {th:switch}] [250]: org.thymeleaf.standard.processor.StandardSwitchTagProcessor
[THYMELEAF]             * [* {th:case}] [275]: org.thymeleaf.standard.processor.StandardCaseTagProcessor
[THYMELEAF]             * [* {th:if}] [300]: org.thymeleaf.standard.processor.StandardIfTagProcessor
[THYMELEAF]             * [* {th:unless}] [400]: org.thymeleaf.standard.processor.StandardUnlessTagProcessor
[THYMELEAF]             * [* {th:object}] [500]: org.thymeleaf.standard.processor.StandardObjectTagProcessor
[THYMELEAF]             * [* {th:with}] [600]: com.intuit.karate.template.KarateWithTagProcessor
[THYMELEAF]             * [* {th:inline}] [1000]: org.thymeleaf.standard.processor.StandardInlineTextualTagProcessor
[THYMELEAF]             * [* {th:text}] [1300]: org.thymeleaf.standard.processor.StandardTextTagProcessor
[THYMELEAF]             * [* {th:utext}] [1400]: org.thymeleaf.standard.processor.StandardUtextTagProcessor
[THYMELEAF]             * [* {th:assert}] [1550]: org.thymeleaf.standard.processor.StandardAssertTagProcessor
[THYMELEAF]             * [* {th:remove}] [1600]: org.thymeleaf.standard.processor.StandardRemoveTagProcessor
[THYMELEAF]             * [{th:block} *] [100000]: org.thymeleaf.standard.processor.StandardBlockTagProcessor
[THYMELEAF]             * [* 100000] [org.thymeleaf.standard.processor.StandardBlockTagProcessor]: {}
[THYMELEAF]         * Text Processors by [precedence]:
[THYMELEAF]             * [1000]: org.thymeleaf.standard.processor.StandardInliningTextProcessor
[THYMELEAF]     * Expression Objects:
[THYMELEAF]         * #ctx
[THYMELEAF]         * #root
[THYMELEAF]         * #vars
[THYMELEAF]         * #object
[THYMELEAF]         * #locale
[THYMELEAF]         * #request
[THYMELEAF]         * #response
[THYMELEAF]         * #session
[THYMELEAF]         * #servletContext
[THYMELEAF]         * #conversions
[THYMELEAF]         * #uris
[THYMELEAF]         * #calendars
[THYMELEAF]         * #dates
[THYMELEAF]         * #bools
[THYMELEAF]         * #numbers
[THYMELEAF]         * #objects
[THYMELEAF]         * #strings
[THYMELEAF]         * #arrays
[THYMELEAF]         * #lists
[THYMELEAF]         * #sets
[THYMELEAF]         * #maps
[THYMELEAF]         * #aggregates
[THYMELEAF]         * #messages
[THYMELEAF]         * #ids
[THYMELEAF]         * #execInfo
[THYMELEAF]         * #httpServletRequest
[THYMELEAF]         * #httpSession
[THYMELEAF]     * Execution Attributes:
[THYMELEAF]         * "StandardExpressionParser": com.intuit.karate.template.KarateStandardDialect@498e41a4
[THYMELEAF]         * "StandardJavaScriptSerializer": org.thymeleaf.standard.serializer.StandardJavaScriptSerializer@48692405
[THYMELEAF]         * "StandardCSSSerializer": org.thymeleaf.standard.serializer.StandardCSSSerializer@151659dd
[THYMELEAF]         * "StandardVariableExpressionEvaluator": com.intuit.karate.template.KarateStandardDialect@498e41a4
[THYMELEAF]         * "StandardConversionService": org.thymeleaf.standard.expression.StandardConversionService@4a58e0e9
[THYMELEAF] * Dialect [2 of 2]: karate (com.intuit.karate.template.KarateScriptDialect)
[THYMELEAF]     * Prefix: "ka"
[THYMELEAF]     * Processors for Template Mode: HTML
[THYMELEAF]         * Element Tag Processors by [matching element and attribute name] [precedence]:
[THYMELEAF]             * [* {src}] [1000]: com.intuit.karate.template.KaScriptAttrProcessor
[THYMELEAF]         * Element Model Processors by [matching element and attribute name] [precedence]:
[THYMELEAF]             * [{script} {ka:scope,data-ka-scope}] [1000]: com.intuit.karate.template.KaScriptElemProcessor
[THYMELEAF]             * [* {ka:set,data-ka-set}] [1000]: com.intuit.karate.template.KaSetElemProcessor
[THYMELEAF] TEMPLATE ENGINE CONFIGURED OK
15:19:45.062 [main] DEBUG org.thymeleaf.TemplateEngine - [THYMELEAF] TEMPLATE ENGINE INITIALIZED
15:19:45.116 [main] DEBUG org.thymeleaf.TemplateEngine - [THYMELEAF] INITIALIZING TEMPLATE ENGINE
15:19:45.139 [main] DEBUG org.thymeleaf.TemplateEngine.CONFIG - Initializing Thymeleaf Template engine configuration...
[THYMELEAF] TEMPLATE ENGINE CONFIGURATION:
[THYMELEAF] * Thymeleaf version: 3.0.14.RELEASE (built 2021-12-08T00:45:29+0000)
[THYMELEAF] * Cache Manager implementation: org.thymeleaf.cache.StandardCacheManager
[THYMELEAF] * Template resolvers:
[THYMELEAF]     * [1] com.intuit.karate.template.ResourceHtmlTemplateResolver
[THYMELEAF] * Message resolvers:
[THYMELEAF]     * org.thymeleaf.messageresolver.StandardMessageResolver
[THYMELEAF] * Link builders:
[THYMELEAF]     * org.thymeleaf.linkbuilder.StandardLinkBuilder
[THYMELEAF] * Dialect [1 of 2]: Standard (com.intuit.karate.template.KarateStandardDialect)
[THYMELEAF]     * Prefix: "th"
[THYMELEAF]     * Processors for Template Mode: HTML
[THYMELEAF]         * Element Tag Processors by [matching element and attribute name] [precedence]:
[THYMELEAF]             * [* {th:include,data-th-include}] [100]: org.thymeleaf.standard.processor.StandardIncludeTagProcessor
[THYMELEAF]             * [* {th:insert,data-th-insert}] [100]: org.thymeleaf.standard.processor.StandardInsertTagProcessor
[THYMELEAF]             * [* {th:replace,data-th-replace}] [100]: org.thymeleaf.standard.processor.StandardReplaceTagProcessor
[THYMELEAF]             * [* {th:substituteby,data-th-substituteby}] [100]: org.thymeleaf.standard.processor.StandardSubstituteByTagProcessor
[THYMELEAF]             * [* {th:each,data-th-each}] [200]: com.intuit.karate.template.KarateEachTagProcessor
[THYMELEAF]             * [* {th:switch,data-th-switch}] [250]: org.thymeleaf.standard.processor.StandardSwitchTagProcessor
[THYMELEAF]             * [* {th:case,data-th-case}] [275]: org.thymeleaf.standard.processor.StandardCaseTagProcessor
[THYMELEAF]             * [* {th:if,data-th-if}] [300]: org.thymeleaf.standard.processor.StandardIfTagProcessor
[THYMELEAF]             * [* {th:unless,data-th-unless}] [400]: org.thymeleaf.standard.processor.StandardUnlessTagProcessor
[THYMELEAF]             * [* {th:object,data-th-object}] [500]: org.thymeleaf.standard.processor.StandardObjectTagProcessor
[THYMELEAF]             * [* {th:with,data-th-with}] [600]: com.intuit.karate.template.KarateWithTagProcessor
[THYMELEAF]             * [* {th:attr,data-th-attr}] [700]: com.intuit.karate.template.KarateAttributeTagProcessor.KarateAttrTagProcessor
[THYMELEAF]             * [* {th:attrappend,data-th-attrappend}] [900]: com.intuit.karate.template.KarateAttributeTagProcessor.KarateAttrappendTagProcessor
[THYMELEAF]             * [* {th:attrprepend,data-th-attrprepend}] [900]: com.intuit.karate.template.KarateAttributeTagProcessor.KarateAttrprependTagProcessor
[THYMELEAF]             * [* {th:alt-title,data-th-alt-title}] [990]: org.thymeleaf.standard.processor.StandardAltTitleTagProcessor
[THYMELEAF]             * [* {th:lang-xmllang,data-th-lang-xmllang}] [990]: org.thymeleaf.standard.processor.StandardLangXmlLangTagProcessor
[THYMELEAF]             * [* {th:action,data-th-action}] [1000]: org.thymeleaf.standard.processor.StandardActionTagProcessor
[THYMELEAF]             * [* {th:nowrap,data-th-nowrap}] [1000]: org.thymeleaf.standard.processor.StandardConditionalFixedValueTagProcessor
[THYMELEAF]             * [* {th:disabled,data-th-disabled}] [1000]: org.thymeleaf.standard.processor.StandardConditionalFixedValueTagProcessor
[THYMELEAF]             * [* {th:default,data-th-default}] [1000]: org.thymeleaf.standard.processor.StandardConditionalFixedValueTagProcessor
[THYMELEAF]             * [* {th:declare,data-th-declare}] [1000]: org.thymeleaf.standard.processor.StandardConditionalFixedValueTagProcessor
[THYMELEAF]             * [* {th:reversed,data-th-reversed}] [1000]: org.thymeleaf.standard.processor.StandardConditionalFixedValueTagProcessor
[THYMELEAF]             * [* {th:controls,data-th-controls}] [1000]: org.thymeleaf.standard.processor.StandardConditionalFixedValueTagProcessor
[THYMELEAF]             * [* {th:open,data-th-open}] [1000]: org.thymeleaf.standard.processor.StandardConditionalFixedValueTagProcessor
[THYMELEAF]             * [* {th:formnovalidate,data-th-formnovalidate}] [1000]: org.thymeleaf.standard.processor.StandardConditionalFixedValueTagProcessor
[THYMELEAF]             * [* {th:hidden,data-th-hidden}] [1000]: org.thymeleaf.standard.processor.StandardConditionalFixedValueTagProcessor
[THYMELEAF]             * [* {th:readonly,data-th-readonly}] [1000]: org.thymeleaf.standard.processor.StandardConditionalFixedValueTagProcessor
[THYMELEAF]             * [* {th:async,data-th-async}] [1000]: org.thymeleaf.standard.processor.StandardConditionalFixedValueTagProcessor
[THYMELEAF]             * [* {th:loop,data-th-loop}] [1000]: org.thymeleaf.standard.processor.StandardConditionalFixedValueTagProcessor
[THYMELEAF]             * [* {th:ismap,data-th-ismap}] [1000]: org.thymeleaf.standard.processor.StandardConditionalFixedValueTagProcessor
[THYMELEAF]             * [* {th:scoped,data-th-scoped}] [1000]: org.thymeleaf.standard.processor.StandardConditionalFixedValueTagProcessor
[THYMELEAF]             * [* {th:required,data-th-required}] [1000]: org.thymeleaf.standard.processor.StandardConditionalFixedValueTagProcessor
[THYMELEAF]             * [* {th:seamless,data-th-seamless}] [1000]: org.thymeleaf.standard.processor.StandardConditionalFixedValueTagProcessor
[THYMELEAF]             * [* {th:selected,data-th-selected}] [1000]: org.thymeleaf.standard.processor.StandardConditionalFixedValueTagProcessor
[THYMELEAF]             * [* {th:defer,data-th-defer}] [1000]: org.thymeleaf.standard.processor.StandardConditionalFixedValueTagProcessor
[THYMELEAF]             * [* {th:pubdate,data-th-pubdate}] [1000]: org.thymeleaf.standard.processor.StandardConditionalFixedValueTagProcessor
[THYMELEAF]             * [* {th:checked,data-th-checked}] [1000]: org.thymeleaf.standard.processor.StandardConditionalFixedValueTagProcessor
[THYMELEAF]             * [* {th:novalidate,data-th-novalidate}] [1000]: org.thymeleaf.standard.processor.StandardConditionalFixedValueTagProcessor
[THYMELEAF]             * [* {th:autofocus,data-th-autofocus}] [1000]: org.thymeleaf.standard.processor.StandardConditionalFixedValueTagProcessor
[THYMELEAF]             * [* {th:autoplay,data-th-autoplay}] [1000]: org.thymeleaf.standard.processor.StandardConditionalFixedValueTagProcessor
[THYMELEAF]             * [* {th:multiple,data-th-multiple}] [1000]: org.thymeleaf.standard.processor.StandardConditionalFixedValueTagProcessor
[THYMELEAF]             * [* {th:onloadeddata,data-th-onloadeddata}] [1000]: org.thymeleaf.standard.processor.StandardDOMEventAttributeTagProcessor
[THYMELEAF]             * [* {th:onresize,data-th-onresize}] [1000]: org.thymeleaf.standard.processor.StandardDOMEventAttributeTagProcessor
[THYMELEAF]             * [* {th:onscroll,data-th-onscroll}] [1000]: org.thymeleaf.standard.processor.StandardDOMEventAttributeTagProcessor
[THYMELEAF]             * [* {th:ondrag,data-th-ondrag}] [1000]: org.thymeleaf.standard.processor.StandardDOMEventAttributeTagProcessor
[THYMELEAF]             * [* {th:onmessage,data-th-onmessage}] [1000]: org.thymeleaf.standard.processor.StandardDOMEventAttributeTagProcessor
[THYMELEAF]             * [* {th:onblur,data-th-onblur}] [1000]: org.thymeleaf.standard.processor.StandardDOMEventAttributeTagProcessor
[THYMELEAF]             * [* {th:ondragover,data-th-ondragover}] [1000]: org.thymeleaf.standard.processor.StandardDOMEventAttributeTagProcessor
[THYMELEAF]             * [* {th:onhashchange,data-th-onhashchange}] [1000]: org.thymeleaf.standard.processor.StandardDOMEventAttributeTagProcessor
[THYMELEAF]             * [* {th:onratechange,data-th-onratechange}] [1000]: org.thymeleaf.standard.processor.StandardDOMEventAttributeTagProcessor
[THYMELEAF]             * [* {th:onpopstate,data-th-onpopstate}] [1000]: org.thymeleaf.standard.processor.StandardDOMEventAttributeTagProcessor
[THYMELEAF]             * [* {th:onclick,data-th-onclick}] [1000]: org.thymeleaf.standard.processor.StandardDOMEventAttributeTagProcessor
[THYMELEAF]             * [* {th:onstalled,data-th-onstalled}] [1000]: org.thymeleaf.standard.processor.StandardDOMEventAttributeTagProcessor
[THYMELEAF]             * [* {th:ondurationchange,data-th-ondurationchange}] [1000]: org.thymeleaf.standard.processor.StandardDOMEventAttributeTagProcessor
[THYMELEAF]             * [* {th:onbeforeprint,data-th-onbeforeprint}] [1000]: org.thymeleaf.standard.processor.StandardDOMEventAttributeTagProcessor
[THYMELEAF]             * [* {th:onplaying,data-th-onplaying}] [1000]: org.thymeleaf.standard.processor.StandardDOMEventAttributeTagProcessor
[THYMELEAF]             * [* {th:onloadstart,data-th-onloadstart}] [1000]: org.thymeleaf.standard.processor.StandardDOMEventAttributeTagProcessor
[THYMELEAF]             * [* {th:oninvalid,data-th-oninvalid}] [1000]: org.thymeleaf.standard.processor.StandardDOMEventAttributeTagProcessor
[THYMELEAF]             * [* {th:ontimeupdate,data-th-ontimeupdate}] [1000]: org.thymeleaf.standard.processor.StandardDOMEventAttributeTagProcessor
[THYMELEAF]             * [* {th:onload,data-th-onload}] [1000]: org.thymeleaf.standard.processor.StandardDOMEventAttributeTagProcessor
[THYMELEAF]             * [* {th:onchange,data-th-onchange}] [1000]: org.thymeleaf.standard.processor.StandardDOMEventAttributeTagProcessor
[THYMELEAF]             * [* {th:ondragleave,data-th-ondragleave}] [1000]: org.thymeleaf.standard.processor.StandardDOMEventAttributeTagProcessor
[THYMELEAF]             * [* {th:onbeforeunload,data-th-onbeforeunload}] [1000]: org.thymeleaf.standard.processor.StandardDOMEventAttributeTagProcessor
[THYMELEAF]             * [* {th:oncanplay,data-th-oncanplay}] [1000]: org.thymeleaf.standard.processor.StandardDOMEventAttributeTagProcessor
[THYMELEAF]             * [* {th:ononline,data-th-ononline}] [1000]: org.thymeleaf.standard.processor.StandardDOMEventAttributeTagProcessor
[THYMELEAF]             * [* {th:onemptied,data-th-onemptied}] [1000]: org.thymeleaf.standard.processor.StandardDOMEventAttributeTagProcessor
[THYMELEAF]             * [* {th:onmouseover,data-th-onmouseover}] [1000]: org.thymeleaf.standard.processor.StandardDOMEventAttributeTagProcessor
[THYMELEAF]             * [* {th:onended,data-th-onended}] [1000]: org.thymeleaf.standard.processor.StandardDOMEventAttributeTagProcessor
[THYMELEAF]             * [* {th:ondragenter,data-th-ondragenter}] [1000]: org.thymeleaf.standard.processor.StandardDOMEventAttributeTagProcessor
[THYMELEAF]             * [* {th:onundo,data-th-onundo}] [1000]: org.thymeleaf.standard.processor.StandardDOMEventAttributeTagProcessor
[THYMELEAF]             * [* {th:onseeking,data-th-onseeking}] [1000]: org.thymeleaf.standard.processor.StandardDOMEventAttributeTagProcessor
[THYMELEAF]             * [* {th:onsuspend,data-th-onsuspend}] [1000]: org.thymeleaf.standard.processor.StandardDOMEventAttributeTagProcessor
[THYMELEAF]             * [* {th:onredo,data-th-onredo}] [1000]: org.thymeleaf.standard.processor.StandardDOMEventAttributeTagProcessor
[THYMELEAF]             * [* {th:onprogress,data-th-onprogress}] [1000]: org.thymeleaf.standard.processor.StandardDOMEventAttributeTagProcessor
[THYMELEAF]             * [* {th:onmouseup,data-th-onmouseup}] [1000]: org.thymeleaf.standard.processor.StandardDOMEventAttributeTagProcessor
[THYMELEAF]             * [* {th:ondragstart,data-th-ondragstart}] [1000]: org.thymeleaf.standard.processor.StandardDOMEventAttributeTagProcessor
[THYMELEAF]             * [* {th:onwaiting,data-th-onwaiting}] [1000]: org.thymeleaf.standard.processor.StandardDOMEventAttributeTagProcessor
[THYMELEAF]             * [* {th:onoffline,data-th-onoffline}] [1000]: org.thymeleaf.standard.processor.StandardDOMEventAttributeTagProcessor
[THYMELEAF]             * [* {th:onabort,data-th-onabort}] [1000]: org.thymeleaf.standard.processor.StandardDOMEventAttributeTagProcessor
[THYMELEAF]             * [* {th:onforminput,data-th-onforminput}] [1000]: org.thymeleaf.standard.processor.StandardDOMEventAttributeTagProcessor
[THYMELEAF]             * [* {th:oninput,data-th-oninput}] [1000]: org.thymeleaf.standard.processor.StandardDOMEventAttributeTagProcessor
[THYMELEAF]             * [* {th:onstorage,data-th-onstorage}] [1000]: org.thymeleaf.standard.processor.StandardDOMEventAttributeTagProcessor
[THYMELEAF]             * [* {th:onshow,data-th-onshow}] [1000]: org.thymeleaf.standard.processor.StandardDOMEventAttributeTagProcessor
[THYMELEAF]             * [* {th:onfocus,data-th-onfocus}] [1000]: org.thymeleaf.standard.processor.StandardDOMEventAttributeTagProcessor
[THYMELEAF]             * [* {th:oncanplaythrough,data-th-oncanplaythrough}] [1000]: org.thymeleaf.standard.processor.StandardDOMEventAttributeTagProcessor
[THYMELEAF]             * [* {th:onselect,data-th-onselect}] [1000]: org.thymeleaf.standard.processor.StandardDOMEventAttributeTagProcessor
[THYMELEAF]             * [* {th:onloadedmetadata,data-th-onloadedmetadata}] [1000]: org.thymeleaf.standard.processor.StandardDOMEventAttributeTagProcessor
[THYMELEAF]             * [* {th:onkeypress,data-th-onkeypress}] [1000]: org.thymeleaf.standard.processor.StandardDOMEventAttributeTagProcessor
[THYMELEAF]             * [* {th:onpause,data-th-onpause}] [1000]: org.thymeleaf.standard.processor.StandardDOMEventAttributeTagProcessor
[THYMELEAF]             * [* {th:onreset,data-th-onreset}] [1000]: org.thymeleaf.standard.processor.StandardDOMEventAttributeTagProcessor
[THYMELEAF]             * [* {th:onreadystatechange,data-th-onreadystatechange}] [1000]: org.thymeleaf.standard.processor.StandardDOMEventAttributeTagProcessor
[THYMELEAF]             * [* {th:onkeyup,data-th-onkeyup}] [1000]: org.thymeleaf.standard.processor.StandardDOMEventAttributeTagProcessor
[THYMELEAF]             * [* {th:ondrop,data-th-ondrop}] [1000]: org.thymeleaf.standard.processor.StandardDOMEventAttributeTagProcessor
[THYMELEAF]             * [* {th:onplay,data-th-onplay}] [1000]: org.thymeleaf.standard.processor.StandardDOMEventAttributeTagProcessor
[THYMELEAF]             * [* {th:onsubmit,data-th-onsubmit}] [1000]: org.thymeleaf.standard.processor.StandardDOMEventAttributeTagProcessor
[THYMELEAF]             * [* {th:onunload,data-th-onunload}] [1000]: org.thymeleaf.standard.processor.StandardDOMEventAttributeTagProcessor
[THYMELEAF]             * [* {th:onmousewheel,data-th-onmousewheel}] [1000]: org.thymeleaf.standard.processor.StandardDOMEventAttributeTagProcessor
[THYMELEAF]             * [* {th:onformchange,data-th-onformchange}] [1000]: org.thymeleaf.standard.processor.StandardDOMEventAttributeTagProcessor
[THYMELEAF]             * [* {th:onmousedown,data-th-onmousedown}] [1000]: org.thymeleaf.standard.processor.StandardDOMEventAttributeTagProcessor
[THYMELEAF]             * [* {th:onerror,data-th-onerror}] [1000]: org.thymeleaf.standard.processor.StandardDOMEventAttributeTagProcessor
[THYMELEAF]             * [* {th:onafterprint,data-th-onafterprint}] [1000]: org.thymeleaf.standard.processor.StandardDOMEventAttributeTagProcessor
[THYMELEAF]             * [* {th:ondblclick,data-th-ondblclick}] [1000]: org.thymeleaf.standard.processor.StandardDOMEventAttributeTagProcessor
[THYMELEAF]             * [* {th:ondragend,data-th-ondragend}] [1000]: org.thymeleaf.standard.processor.StandardDOMEventAttributeTagProcessor
[THYMELEAF]             * [* {th:onvolumechange,data-th-onvolumechange}] [1000]: org.thymeleaf.standard.processor.StandardDOMEventAttributeTagProcessor
[THYMELEAF]             * [* {th:onmouseout,data-th-onmouseout}] [1000]: org.thymeleaf.standard.processor.StandardDOMEventAttributeTagProcessor
[THYMELEAF]             * [* {th:onmousemove,data-th-onmousemove}] [1000]: org.thymeleaf.standard.processor.StandardDOMEventAttributeTagProcessor
[THYMELEAF]             * [* {th:oncontextmenu,data-th-oncontextmenu}] [1000]: org.thymeleaf.standard.processor.StandardDOMEventAttributeTagProcessor
[THYMELEAF]             * [* {th:onseeked,data-th-onseeked}] [1000]: org.thymeleaf.standard.processor.StandardDOMEventAttributeTagProcessor
[THYMELEAF]             * [* {th:onkeydown,data-th-onkeydown}] [1000]: org.thymeleaf.standard.processor.StandardDOMEventAttributeTagProcessor
[THYMELEAF]             * [* {th:href,data-th-href}] [1000]: org.thymeleaf.standard.processor.StandardHrefTagProcessor
[THYMELEAF]             * [* {th:inline,data-th-inline}] [1000]: org.thymeleaf.standard.processor.StandardInlineHTMLTagProcessor
[THYMELEAF]             * [* {th:method,data-th-method}] [1000]: org.thymeleaf.standard.processor.StandardMethodTagProcessor
[THYMELEAF]             * [* {th:type,data-th-type}] [1000]: org.thymeleaf.standard.processor.StandardNonRemovableAttributeTagProcessor
[THYMELEAF]             * [* {th:name,data-th-name}] [1000]: org.thymeleaf.standard.processor.StandardNonRemovableAttributeTagProcessor
[THYMELEAF]             * [* {th:dir,data-th-dir}] [1000]: org.thymeleaf.standard.processor.StandardRemovableAttributeTagProcessor
[THYMELEAF]             * [* {th:height,data-th-height}] [1000]: org.thymeleaf.standard.processor.StandardRemovableAttributeTagProcessor
[THYMELEAF]             * [* {th:rows,data-th-rows}] [1000]: org.thymeleaf.standard.processor.StandardRemovableAttributeTagProcessor
[THYMELEAF]             * [* {th:valuetype,data-th-valuetype}] [1000]: org.thymeleaf.standard.processor.StandardRemovableAttributeTagProcessor
[THYMELEAF]             * [* {th:wrap,data-th-wrap}] [1000]: org.thymeleaf.standard.processor.StandardRemovableAttributeTagProcessor
[THYMELEAF]             * [* {th:http-equiv,data-th-http-equiv}] [1000]: org.thymeleaf.standard.processor.StandardRemovableAttributeTagProcessor
[THYMELEAF]             * [* {th:contextmenu,data-th-contextmenu}] [1000]: org.thymeleaf.standard.processor.StandardRemovableAttributeTagProcessor
[THYMELEAF]             * [* {th:accesskey,data-th-accesskey}] [1000]: org.thymeleaf.standard.processor.StandardRemovableAttributeTagProcessor
[THYMELEAF]             * [* {th:form,data-th-form}] [1000]: org.thymeleaf.standard.processor.StandardRemovableAttributeTagProcessor
[THYMELEAF]             * [* {th:rowspan,data-th-rowspan}] [1000]: org.thymeleaf.standard.processor.StandardRemovableAttributeTagProcessor
[THYMELEAF]             * [* {th:radiogroup,data-th-radiogroup}] [1000]: org.thymeleaf.standard.processor.StandardRemovableAttributeTagProcessor
[THYMELEAF]             * [* {th:low,data-th-low}] [1000]: org.thymeleaf.standard.processor.StandardRemovableAttributeTagProcessor
[THYMELEAF]             * [* {th:accept,data-th-accept}] [1000]: org.thymeleaf.standard.processor.StandardRemovableAttributeTagProcessor
[THYMELEAF]             * [* {th:for,data-th-for}] [1000]: org.thymeleaf.standard.processor.StandardRemovableAttributeTagProcessor
[THYMELEAF]             * [* {th:rev,data-th-rev}] [1000]: org.thymeleaf.standard.processor.StandardRemovableAttributeTagProcessor
[THYMELEAF]             * [* {th:alt,data-th-alt}] [1000]: org.thymeleaf.standard.processor.StandardRemovableAttributeTagProcessor
[THYMELEAF]             * [* {th:tabindex,data-th-tabindex}] [1000]: org.thymeleaf.standard.processor.StandardRemovableAttributeTagProcessor
[THYMELEAF]             * [* {th:usemap,data-th-usemap}] [1000]: org.thymeleaf.standard.processor.StandardRemovableAttributeTagProcessor
[THYMELEAF]             * [* {th:enctype,data-th-enctype}] [1000]: org.thymeleaf.standard.processor.StandardRemovableAttributeTagProcessor
[THYMELEAF]             * [* {th:sandbox,data-th-sandbox}] [1000]: org.thymeleaf.standard.processor.StandardRemovableAttributeTagProcessor
[THYMELEAF]             * [* {th:title,data-th-title}] [1000]: org.thymeleaf.standard.processor.StandardRemovableAttributeTagProcessor
[THYMELEAF]             * [* {th:style,data-th-style}] [1000]: org.thymeleaf.standard.processor.StandardRemovableAttributeTagProcessor
[THYMELEAF]             * [* {th:placeholder,data-th-placeholder}] [1000]: org.thymeleaf.standard.processor.StandardRemovableAttributeTagProcessor
[THYMELEAF]             * [* {th:icon,data-th-icon}] [1000]: org.thymeleaf.standard.processor.StandardRemovableAttributeTagProcessor
[THYMELEAF]             * [* {th:compact,data-th-compact}] [1000]: org.thymeleaf.standard.processor.StandardRemovableAttributeTagProcessor
[THYMELEAF]             * [* {th:colspan,data-th-colspan}] [1000]: org.thymeleaf.standard.processor.StandardRemovableAttributeTagProcessor
[THYMELEAF]             * [* {th:class,data-th-class}] [1000]: org.thymeleaf.standard.processor.StandardRemovableAttributeTagProcessor
[THYMELEAF]             * [* {th:srclang,data-th-srclang}] [1000]: org.thymeleaf.standard.processor.StandardRemovableAttributeTagProcessor
[THYMELEAF]             * [* {th:classid,data-th-classid}] [1000]: org.thymeleaf.standard.processor.StandardRemovableAttributeTagProcessor
[THYMELEAF]             * [* {th:step,data-th-step}] [1000]: org.thymeleaf.standard.processor.StandardRemovableAttributeTagProcessor
[THYMELEAF]             * [* {th:data,data-th-data}] [1000]: org.thymeleaf.standard.processor.StandardRemovableAttributeTagProcessor
[THYMELEAF]             * [* {th:high,data-th-high}] [1000]: org.thymeleaf.standard.processor.StandardRemovableAttributeTagProcessor
[THYMELEAF]             * [* {th:axis,data-th-axis}] [1000]: org.thymeleaf.standard.processor.StandardRemovableAttributeTagProcessor
[THYMELEAF]             * [* {th:target,data-th-target}] [1000]: org.thymeleaf.standard.processor.StandardRemovableAttributeTagProcessor
[THYMELEAF]             * [* {th:cellspacing,data-th-cellspacing}] [1000]: org.thymeleaf.standard.processor.StandardRemovableAttributeTagProcessor
[THYMELEAF]             * [* {th:charset,data-th-charset}] [1000]: org.thymeleaf.standard.processor.StandardRemovableAttributeTagProcessor
[THYMELEAF]             * [* {th:autocomplete,data-th-autocomplete}] [1000]: org.thymeleaf.standard.processor.StandardRemovableAttributeTagProcessor
[THYMELEAF]             * [* {th:scrolling,data-th-scrolling}] [1000]: org.thymeleaf.standard.processor.StandardRemovableAttributeTagProcessor
[THYMELEAF]             * [* {th:formmethod,data-th-formmethod}] [1000]: org.thymeleaf.standard.processor.StandardRemovableAttributeTagProcessor
[THYMELEAF]             * [* {th:formenctype,data-th-formenctype}] [1000]: org.thymeleaf.standard.processor.StandardRemovableAttributeTagProcessor
[THYMELEAF]             * [* {th:draggable,data-th-draggable}] [1000]: org.thymeleaf.standard.processor.StandardRemovableAttributeTagProcessor
[THYMELEAF]             * [* {th:challenge,data-th-challenge}] [1000]: org.thymeleaf.standard.processor.StandardRemovableAttributeTagProcessor
[THYMELEAF]             * [* {th:width,data-th-width}] [1000]: org.thymeleaf.standard.processor.StandardRemovableAttributeTagProcessor
[THYMELEAF]             * [* {th:marginwidth,data-th-marginwidth}] [1000]: org.thymeleaf.standard.processor.StandardRemovableAttributeTagProcessor
[THYMELEAF]             * [* {th:cols,data-th-cols}] [1000]: org.thymeleaf.standard.processor.StandardRemovableAttributeTagProcessor
[THYMELEAF]             * [* {th:hspace,data-th-hspace}] [1000]: org.thymeleaf.standard.processor.StandardRemovableAttributeTagProcessor
[THYMELEAF]             * [* {th:rel,data-th-rel}] [1000]: org.thymeleaf.standard.processor.StandardRemovableAttributeTagProcessor
[THYMELEAF]             * [* {th:longdesc,data-th-longdesc}] [1000]: org.thymeleaf.standard.processor.StandardRemovableAttributeTagProcessor
[THYMELEAF]             * [* {th:marginheight,data-th-marginheight}] [1000]: org.thymeleaf.standard.processor.StandardRemovableAttributeTagProcessor
[THYMELEAF]             * [* {th:sizes,data-th-sizes}] [1000]: org.thymeleaf.standard.processor.StandardRemovableAttributeTagProcessor
[THYMELEAF]             * [* {th:start,data-th-start}] [1000]: org.thymeleaf.standard.processor.StandardRemovableAttributeTagProcessor
[THYMELEAF]             * [* {th:codetype,data-th-codetype}] [1000]: org.thymeleaf.standard.processor.StandardRemovableAttributeTagProcessor
[THYMELEAF]             * [* {th:scheme,data-th-scheme}] [1000]: org.thymeleaf.standard.processor.StandardRemovableAttributeTagProcessor
[THYMELEAF]             * [* {th:keytype,data-th-keytype}] [1000]: org.thymeleaf.standard.processor.StandardRemovableAttributeTagProcessor
[THYMELEAF]             * [* {th:formtarget,data-th-formtarget}] [1000]: org.thymeleaf.standard.processor.StandardRemovableAttributeTagProcessor
[THYMELEAF]             * [* {th:frame,data-th-frame}] [1000]: org.thymeleaf.standard.processor.StandardRemovableAttributeTagProcessor
[THYMELEAF]             * [* {th:dropzone,data-th-dropzone}] [1000]: org.thymeleaf.standard.processor.StandardRemovableAttributeTagProcessor
[THYMELEAF]             * [* {th:size,data-th-size}] [1000]: org.thymeleaf.standard.processor.StandardRemovableAttributeTagProcessor
[THYMELEAF]             * [* {th:accept-charset,data-th-accept-charset}] [1000]: org.thymeleaf.standard.processor.StandardRemovableAttributeTagProcessor
[THYMELEAF]             * [* {th:media,data-th-media}] [1000]: org.thymeleaf.standard.processor.StandardRemovableAttributeTagProcessor
[THYMELEAF]             * [* {th:manifest,data-th-manifest}] [1000]: org.thymeleaf.standard.processor.StandardRemovableAttributeTagProcessor
[THYMELEAF]             * [* {th:standby,data-th-standby}] [1000]: org.thymeleaf.standard.processor.StandardRemovableAttributeTagProcessor
[THYMELEAF]             * [* {th:spellcheck,data-th-spellcheck}] [1000]: org.thymeleaf.standard.processor.StandardRemovableAttributeTagProcessor
[THYMELEAF]             * [* {th:headers,data-th-headers}] [1000]: org.thymeleaf.standard.processor.StandardRemovableAttributeTagProcessor
[THYMELEAF]             * [* {th:maxlength,data-th-maxlength}] [1000]: org.thymeleaf.standard.processor.StandardRemovableAttributeTagProcessor
[THYMELEAF]             * [* {th:poster,data-th-poster}] [1000]: org.thymeleaf.standard.processor.StandardRemovableAttributeTagProcessor
[THYMELEAF]             * [* {th:archive,data-th-archive}] [1000]: org.thymeleaf.standard.processor.StandardRemovableAttributeTagProcessor
[THYMELEAF]             * [* {th:summary,data-th-summary}] [1000]: org.thymeleaf.standard.processor.StandardRemovableAttributeTagProcessor
[THYMELEAF]             * [* {th:codebase,data-th-codebase}] [1000]: org.thymeleaf.standard.processor.StandardRemovableAttributeTagProcessor
[THYMELEAF]             * [* {th:id,data-th-id}] [1000]: org.thymeleaf.standard.processor.StandardRemovableAttributeTagProcessor
[THYMELEAF]             * [* {th:rules,data-th-rules}] [1000]: org.thymeleaf.standard.processor.StandardRemovableAttributeTagProcessor
[THYMELEAF]             * [* {th:scope,data-th-scope}] [1000]: org.thymeleaf.standard.processor.StandardRemovableAttributeTagProcessor
[THYMELEAF]             * [* {th:formaction,data-th-formaction}] [1000]: org.thymeleaf.standard.processor.StandardRemovableAttributeTagProcessor
[THYMELEAF]             * [* {th:datetime,data-th-datetime}] [1000]: org.thymeleaf.standard.processor.StandardRemovableAttributeTagProcessor
[THYMELEAF]             * [* {th:max,data-th-max}] [1000]: org.thymeleaf.standard.processor.StandardRemovableAttributeTagProcessor
[THYMELEAF]             * [* {th:list,data-th-list}] [1000]: org.thymeleaf.standard.processor.StandardRemovableAttributeTagProcessor
[THYMELEAF]             * [* {th:span,data-th-span}] [1000]: org.thymeleaf.standard.processor.StandardRemovableAttributeTagProcessor
[THYMELEAF]             * [* {th:preload,data-th-preload}] [1000]: org.thymeleaf.standard.processor.StandardRemovableAttributeTagProcessor
[THYMELEAF]             * [* {th:cellpadding,data-th-cellpadding}] [1000]: org.thymeleaf.standard.processor.StandardRemovableAttributeTagProcessor
[THYMELEAF]             * [* {th:abbr,data-th-abbr}] [1000]: org.thymeleaf.standard.processor.StandardRemovableAttributeTagProcessor
[THYMELEAF]             * [* {th:kind,data-th-kind}] [1000]: org.thymeleaf.standard.processor.StandardRemovableAttributeTagProcessor
[THYMELEAF]             * [* {th:contenteditable,data-th-contenteditable}] [1000]: org.thymeleaf.standard.processor.StandardRemovableAttributeTagProcessor
[THYMELEAF]             * [* {th:min,data-th-min}] [1000]: org.thymeleaf.standard.processor.StandardRemovableAttributeTagProcessor
[THYMELEAF]             * [* {th:vspace,data-th-vspace}] [1000]: org.thymeleaf.standard.processor.StandardRemovableAttributeTagProcessor
[THYMELEAF]             * [* {th:align,data-th-align}] [1000]: org.thymeleaf.standard.processor.StandardRemovableAttributeTagProcessor
[THYMELEAF]             * [* {th:border,data-th-border}] [1000]: org.thymeleaf.standard.processor.StandardRemovableAttributeTagProcessor
[THYMELEAF]             * [* {th:pattern,data-th-pattern}] [1000]: org.thymeleaf.standard.processor.StandardRemovableAttributeTagProcessor
[THYMELEAF]             * [* {th:bgcolor,data-th-bgcolor}] [1000]: org.thymeleaf.standard.processor.StandardRemovableAttributeTagProcessor
[THYMELEAF]             * [* {th:cite,data-th-cite}] [1000]: org.thymeleaf.standard.processor.StandardRemovableAttributeTagProcessor
[THYMELEAF]             * [* {th:optimum,data-th-optimum}] [1000]: org.thymeleaf.standard.processor.StandardRemovableAttributeTagProcessor
[THYMELEAF]             * [* {th:background,data-th-background}] [1000]: org.thymeleaf.standard.processor.StandardRemovableAttributeTagProcessor
[THYMELEAF]             * [* {th:audio,data-th-audio}] [1000]: org.thymeleaf.standard.processor.StandardRemovableAttributeTagProcessor
[THYMELEAF]             * [* {th:frameborder,data-th-frameborder}] [1000]: org.thymeleaf.standard.processor.StandardRemovableAttributeTagProcessor
[THYMELEAF]             * [* {th:lang,data-th-lang}] [1000]: org.thymeleaf.standard.processor.StandardRemovableAttributeTagProcessor
[THYMELEAF]             * [* {th:label,data-th-label}] [1000]: org.thymeleaf.standard.processor.StandardRemovableAttributeTagProcessor
[THYMELEAF]             * [* {th:hreflang,data-th-hreflang}] [1000]: org.thymeleaf.standard.processor.StandardRemovableAttributeTagProcessor
[THYMELEAF]             * [* {th:content,data-th-content}] [1000]: org.thymeleaf.standard.processor.StandardRemovableAttributeTagProcessor
[THYMELEAF]             * [* {th:src,data-th-src}] [1000]: org.thymeleaf.standard.processor.StandardSrcTagProcessor
[THYMELEAF]             * [* {th:value,data-th-value}] [1000]: org.thymeleaf.standard.processor.StandardValueTagProcessor
[THYMELEAF]             * [* {th:xmlbase,data-th-xmlbase}] [1000]: org.thymeleaf.standard.processor.StandardXmlBaseTagProcessor
[THYMELEAF]             * [* {th:xmllang,data-th-xmllang}] [1000]: org.thymeleaf.standard.processor.StandardXmlLangTagProcessor
[THYMELEAF]             * [* {xmlns:th}] [1000]: org.thymeleaf.standard.processor.StandardXmlNsTagProcessor
[THYMELEAF]             * [* {th:xmlspace,data-th-xmlspace}] [1000]: org.thymeleaf.standard.processor.StandardXmlSpaceTagProcessor
[THYMELEAF]             * [* {th:classappend,data-th-classappend}] [1100]: org.thymeleaf.standard.processor.StandardClassappendTagProcessor
[THYMELEAF]             * [* {th:styleappend,data-th-styleappend}] [1100]: org.thymeleaf.standard.processor.StandardStyleappendTagProcessor
[THYMELEAF]             * [* {th:text,data-th-text}] [1300]: org.thymeleaf.standard.processor.StandardTextTagProcessor
[THYMELEAF]             * [* {th:utext,data-th-utext}] [1400]: org.thymeleaf.standard.processor.StandardUtextTagProcessor
[THYMELEAF]             * [* {th:fragment,data-th-fragment}] [1500]: org.thymeleaf.standard.processor.StandardFragmentTagProcessor
[THYMELEAF]             * [* {th:assert,data-th-assert}] [1550]: org.thymeleaf.standard.processor.StandardAssertTagProcessor
[THYMELEAF]             * [* {th:remove,data-th-remove}] [1600]: org.thymeleaf.standard.processor.StandardRemoveTagProcessor
[THYMELEAF]             * [* {th:ref,data-th-ref}] [10000]: org.thymeleaf.standard.processor.StandardRefAttributeTagProcessor
[THYMELEAF]             * [{th:block,th-block} *] [100000]: org.thymeleaf.standard.processor.StandardBlockTagProcessor
[THYMELEAF]             * [* th:*] [2147483647]: org.thymeleaf.standard.processor.StandardDefaultAttributesTagProcessor
[THYMELEAF]         * Text Processors by [precedence]:
[THYMELEAF]             * [1000]: org.thymeleaf.standard.processor.StandardInliningTextProcessor
[THYMELEAF]         * DOCTYPE Processors by [precedence]:
[THYMELEAF]             * [1000]: org.thymeleaf.standard.processor.StandardTranslationDocTypeProcessor
[THYMELEAF]         * CDATA Section Processors by [precedence]:
[THYMELEAF]             * [1000]: org.thymeleaf.standard.processor.StandardInliningCDATASectionProcessor
[THYMELEAF]         * Comment Processors by [precedence]:
[THYMELEAF]             * [1000]: org.thymeleaf.standard.processor.StandardInliningCommentProcessor
[THYMELEAF]             * [1100]: org.thymeleaf.standard.processor.StandardConditionalCommentProcessor
[THYMELEAF]     * Processors for Template Mode: XML
[THYMELEAF]         * Element Tag Processors by [matching element and attribute name] [precedence]:
[THYMELEAF]             * [* {th:include}] [100]: org.thymeleaf.standard.processor.StandardIncludeTagProcessor
[THYMELEAF]             * [* {th:insert}] [100]: org.thymeleaf.standard.processor.StandardInsertTagProcessor
[THYMELEAF]             * [* {th:replace}] [100]: org.thymeleaf.standard.processor.StandardReplaceTagProcessor
[THYMELEAF]             * [* {th:substituteby}] [100]: org.thymeleaf.standard.processor.StandardSubstituteByTagProcessor
[THYMELEAF]             * [* {th:each}] [200]: com.intuit.karate.template.KarateEachTagProcessor
[THYMELEAF]             * [* {th:switch}] [250]: org.thymeleaf.standard.processor.StandardSwitchTagProcessor
[THYMELEAF]             * [* {th:case}] [275]: org.thymeleaf.standard.processor.StandardCaseTagProcessor
[THYMELEAF]             * [* {th:if}] [300]: org.thymeleaf.standard.processor.StandardIfTagProcessor
[THYMELEAF]             * [* {th:unless}] [400]: org.thymeleaf.standard.processor.StandardUnlessTagProcessor
[THYMELEAF]             * [* {th:object}] [500]: org.thymeleaf.standard.processor.StandardObjectTagProcessor
[THYMELEAF]             * [* {th:with}] [600]: com.intuit.karate.template.KarateWithTagProcessor
[THYMELEAF]             * [* {th:attr}] [700]: com.intuit.karate.template.KarateAttributeTagProcessor.KarateAttrTagProcessor
[THYMELEAF]             * [* {th:attrappend}] [900]: com.intuit.karate.template.KarateAttributeTagProcessor.KarateAttrappendTagProcessor
[THYMELEAF]             * [* {th:attrprepend}] [900]: com.intuit.karate.template.KarateAttributeTagProcessor.KarateAttrprependTagProcessor
[THYMELEAF]             * [* {th:inline}] [1000]: org.thymeleaf.standard.processor.StandardInlineXMLTagProcessor
[THYMELEAF]             * [* {xmlns:th}] [1000]: org.thymeleaf.standard.processor.StandardXmlNsTagProcessor
[THYMELEAF]             * [* {th:text}] [1300]: org.thymeleaf.standard.processor.StandardTextTagProcessor
[THYMELEAF]             * [* {th:utext}] [1400]: org.thymeleaf.standard.processor.StandardUtextTagProcessor
[THYMELEAF]             * [* {th:fragment}] [1500]: org.thymeleaf.standard.processor.StandardFragmentTagProcessor
[THYMELEAF]             * [* {th:assert}] [1550]: org.thymeleaf.standard.processor.StandardAssertTagProcessor
[THYMELEAF]             * [* {th:remove}] [1600]: org.thymeleaf.standard.processor.StandardRemoveTagProcessor
[THYMELEAF]             * [* {th:ref}] [10000]: org.thymeleaf.standard.processor.StandardRefAttributeTagProcessor
[THYMELEAF]             * [{th:block} *] [100000]: org.thymeleaf.standard.processor.StandardBlockTagProcessor
[THYMELEAF]             * [* th:*] [2147483647]: org.thymeleaf.standard.processor.StandardDefaultAttributesTagProcessor
[THYMELEAF]         * Text Processors by [precedence]:
[THYMELEAF]             * [1000]: org.thymeleaf.standard.processor.StandardInliningTextProcessor
[THYMELEAF]         * CDATA Section Processors by [precedence]:
[THYMELEAF]             * [1000]: org.thymeleaf.standard.processor.StandardInliningCDATASectionProcessor
[THYMELEAF]         * Comment Processors by [precedence]:
[THYMELEAF]             * [1000]: org.thymeleaf.standard.processor.StandardInliningCommentProcessor
[THYMELEAF]     * Processors for Template Mode: TEXT
[THYMELEAF]         * Element Tag Processors by [matching element and attribute name] [precedence]:
[THYMELEAF]             * [* {th:insert}] [100]: org.thymeleaf.standard.processor.StandardInsertTagProcessor
[THYMELEAF]             * [* {th:replace}] [100]: org.thymeleaf.standard.processor.StandardReplaceTagProcessor
[THYMELEAF]             * [* {th:each}] [200]: com.intuit.karate.template.KarateEachTagProcessor
[THYMELEAF]             * [* {th:switch}] [250]: org.thymeleaf.standard.processor.StandardSwitchTagProcessor
[THYMELEAF]             * [* {th:case}] [275]: org.thymeleaf.standard.processor.StandardCaseTagProcessor
[THYMELEAF]             * [* {th:if}] [300]: org.thymeleaf.standard.processor.StandardIfTagProcessor
[THYMELEAF]             * [* {th:unless}] [400]: org.thymeleaf.standard.processor.StandardUnlessTagProcessor
[THYMELEAF]             * [* {th:object}] [500]: org.thymeleaf.standard.processor.StandardObjectTagProcessor
[THYMELEAF]             * [* {th:with}] [600]: com.intuit.karate.template.KarateWithTagProcessor
[THYMELEAF]             * [* {th:inline}] [1000]: org.thymeleaf.standard.processor.StandardInlineTextualTagProcessor
[THYMELEAF]             * [* {th:text}] [1300]: org.thymeleaf.standard.processor.StandardTextTagProcessor
[THYMELEAF]             * [* {th:utext}] [1400]: org.thymeleaf.standard.processor.StandardUtextTagProcessor
[THYMELEAF]             * [* {th:assert}] [1550]: org.thymeleaf.standard.processor.StandardAssertTagProcessor
[THYMELEAF]             * [* {th:remove}] [1600]: org.thymeleaf.standard.processor.StandardRemoveTagProcessor
[THYMELEAF]             * [{th:block} *] [100000]: org.thymeleaf.standard.processor.StandardBlockTagProcessor
[THYMELEAF]             * [* 100000] [org.thymeleaf.standard.processor.StandardBlockTagProcessor]: {}
[THYMELEAF]         * Text Processors by [precedence]:
[THYMELEAF]             * [1000]: org.thymeleaf.standard.processor.StandardInliningTextProcessor
[THYMELEAF]     * Processors for Template Mode: JAVASCRIPT
[THYMELEAF]         * Element Tag Processors by [matching element and attribute name] [precedence]:
[THYMELEAF]             * [* {th:insert}] [100]: org.thymeleaf.standard.processor.StandardInsertTagProcessor
[THYMELEAF]             * [* {th:replace}] [100]: org.thymeleaf.standard.processor.StandardReplaceTagProcessor
[THYMELEAF]             * [* {th:each}] [200]: com.intuit.karate.template.KarateEachTagProcessor
[THYMELEAF]             * [* {th:switch}] [250]: org.thymeleaf.standard.processor.StandardSwitchTagProcessor
[THYMELEAF]             * [* {th:case}] [275]: org.thymeleaf.standard.processor.StandardCaseTagProcessor
[THYMELEAF]             * [* {th:if}] [300]: org.thymeleaf.standard.processor.StandardIfTagProcessor
[THYMELEAF]             * [* {th:unless}] [400]: org.thymeleaf.standard.processor.StandardUnlessTagProcessor
[THYMELEAF]             * [* {th:object}] [500]: org.thymeleaf.standard.processor.StandardObjectTagProcessor
[THYMELEAF]             * [* {th:with}] [600]: com.intuit.karate.template.KarateWithTagProcessor
[THYMELEAF]             * [* {th:inline}] [1000]: org.thymeleaf.standard.processor.StandardInlineTextualTagProcessor
[THYMELEAF]             * [* {th:text}] [1300]: org.thymeleaf.standard.processor.StandardTextTagProcessor
[THYMELEAF]             * [* {th:utext}] [1400]: org.thymeleaf.standard.processor.StandardUtextTagProcessor
[THYMELEAF]             * [* {th:assert}] [1550]: org.thymeleaf.standard.processor.StandardAssertTagProcessor
[THYMELEAF]             * [* {th:remove}] [1600]: org.thymeleaf.standard.processor.StandardRemoveTagProcessor
[THYMELEAF]             * [{th:block} *] [100000]: org.thymeleaf.standard.processor.StandardBlockTagProcessor
[THYMELEAF]             * [* 100000] [org.thymeleaf.standard.processor.StandardBlockTagProcessor]: {}
[THYMELEAF]         * Text Processors by [precedence]:
[THYMELEAF]             * [1000]: org.thymeleaf.standard.processor.StandardInliningTextProcessor
[THYMELEAF]     * Processors for Template Mode: CSS
[THYMELEAF]         * Element Tag Processors by [matching element and attribute name] [precedence]:
[THYMELEAF]             * [* {th:insert}] [100]: org.thymeleaf.standard.processor.StandardInsertTagProcessor
[THYMELEAF]             * [* {th:replace}] [100]: org.thymeleaf.standard.processor.StandardReplaceTagProcessor
[THYMELEAF]             * [* {th:each}] [200]: com.intuit.karate.template.KarateEachTagProcessor
[THYMELEAF]             * [* {th:switch}] [250]: org.thymeleaf.standard.processor.StandardSwitchTagProcessor
[THYMELEAF]             * [* {th:case}] [275]: org.thymeleaf.standard.processor.StandardCaseTagProcessor
[THYMELEAF]             * [* {th:if}] [300]: org.thymeleaf.standard.processor.StandardIfTagProcessor
[THYMELEAF]             * [* {th:unless}] [400]: org.thymeleaf.standard.processor.StandardUnlessTagProcessor
[THYMELEAF]             * [* {th:object}] [500]: org.thymeleaf.standard.processor.StandardObjectTagProcessor
[THYMELEAF]             * [* {th:with}] [600]: com.intuit.karate.template.KarateWithTagProcessor
[THYMELEAF]             * [* {th:inline}] [1000]: org.thymeleaf.standard.processor.StandardInlineTextualTagProcessor
[THYMELEAF]             * [* {th:text}] [1300]: org.thymeleaf.standard.processor.StandardTextTagProcessor
[THYMELEAF]             * [* {th:utext}] [1400]: org.thymeleaf.standard.processor.StandardUtextTagProcessor
[THYMELEAF]             * [* {th:assert}] [1550]: org.thymeleaf.standard.processor.StandardAssertTagProcessor
[THYMELEAF]             * [* {th:remove}] [1600]: org.thymeleaf.standard.processor.StandardRemoveTagProcessor
[THYMELEAF]             * [* 100000] [org.thymeleaf.standard.processor.StandardBlockTagProcessor]: {}
[THYMELEAF]             * [{th:block} *] [100000]: org.thymeleaf.standard.processor.StandardBlockTagProcessor
[THYMELEAF]         * Text Processors by [precedence]:
[THYMELEAF]             * [1000]: org.thymeleaf.standard.processor.StandardInliningTextProcessor
[THYMELEAF]     * Expression Objects:
[THYMELEAF]         * #ctx
[THYMELEAF]         * #root
[THYMELEAF]         * #vars
[THYMELEAF]         * #object
[THYMELEAF]         * #locale
[THYMELEAF]         * #request
[THYMELEAF]         * #response
[THYMELEAF]         * #session
[THYMELEAF]         * #servletContext
[THYMELEAF]         * #conversions
[THYMELEAF]         * #uris
[THYMELEAF]         * #calendars
[THYMELEAF]         * #dates
[THYMELEAF]         * #bools
[THYMELEAF]         * #numbers
[THYMELEAF]         * #objects
[THYMELEAF]         * #strings
[THYMELEAF]         * #arrays
[THYMELEAF]         * #lists
[THYMELEAF]         * #sets
[THYMELEAF]         * #maps
[THYMELEAF]         * #aggregates
[THYMELEAF]         * #messages
[THYMELEAF]         * #ids
[THYMELEAF]         * #execInfo
[THYMELEAF]         * #httpServletRequest
[THYMELEAF]         * #httpSession
[THYMELEAF]     * Execution Attributes:
[THYMELEAF]         * "StandardExpressionParser": com.intuit.karate.template.KarateStandardDialect@7482309c
[THYMELEAF]         * "StandardJavaScriptSerializer": org.thymeleaf.standard.serializer.StandardJavaScriptSerializer@5c9b5e62
[THYMELEAF]         * "StandardCSSSerializer": org.thymeleaf.standard.serializer.StandardCSSSerializer@3c826498
[THYMELEAF]         * "StandardVariableExpressionEvaluator": com.intuit.karate.template.KarateStandardDialect@7482309c
[THYMELEAF]         * "StandardConversionService": org.thymeleaf.standard.expression.StandardConversionService@2633d09c
[THYMELEAF] * Dialect [2 of 2]: karate (com.intuit.karate.template.KarateScriptDialect)
[THYMELEAF]     * Prefix: "ka"
[THYMELEAF]     * Processors for Template Mode: HTML
[THYMELEAF]         * Element Tag Processors by [matching element and attribute name] [precedence]:
[THYMELEAF]             * [* {src}] [1000]: com.intuit.karate.template.KaScriptAttrProcessor
[THYMELEAF]         * Element Model Processors by [matching element and attribute name] [precedence]:
[THYMELEAF]             * [{script} {ka:scope,data-ka-scope}] [1000]: com.intuit.karate.template.KaScriptElemProcessor
[THYMELEAF]             * [* {ka:set,data-ka-set}] [1000]: com.intuit.karate.template.KaSetElemProcessor
[THYMELEAF] TEMPLATE ENGINE CONFIGURED OK
15:19:45.147 [main] DEBUG org.thymeleaf.TemplateEngine - [THYMELEAF] TEMPLATE ENGINE INITIALIZED

HTML report: (paste into browser to view) | Karate version: 1.2.0
file:///Users/user/Desktop/Projects/Karate%20Project/JSONPlaceholderProject/target/karate-reports/karate-summary.html
===================================================================

]]></system-out>
  </testcase>
</testsuite>